running egg_info
writing ../../build/kiosk/kiosk.egg-info/PKG-INFO
writing dependency_links to ../../build/kiosk/kiosk.egg-info/dependency_links.txt
writing entry points to ../../build/kiosk/kiosk.egg-info/entry_points.txt
writing requirements to ../../build/kiosk/kiosk.egg-info/requires.txt
writing top-level names to ../../build/kiosk/kiosk.egg-info/top_level.txt
reading manifest file '../../build/kiosk/kiosk.egg-info/SOURCES.txt'
writing manifest file '../../build/kiosk/kiosk.egg-info/SOURCES.txt'
running build
running build_py
copying kiosk/test.py -> /home/harry/aaa/build/kiosk/build/lib/kiosk
running install
running install_lib
copying /home/harry/aaa/build/kiosk/build/lib/kiosk/test.py -> /home/harry/aaa/install/kiosk/lib/python3.10/site-packages/kiosk
byte-compiling /home/harry/aaa/install/kiosk/lib/python3.10/site-packages/kiosk/test.py to test.cpython-310.pyc
running install_data
running install_egg_info
removing '/home/harry/aaa/install/kiosk/lib/python3.10/site-packages/kiosk-0.0.0-py3.10.egg-info' (and everything under it)
Copying ../../build/kiosk/kiosk.egg-info to /home/harry/aaa/install/kiosk/lib/python3.10/site-packages/kiosk-0.0.0-py3.10.egg-info
running install_scripts
Installing kiosk_gui script to /home/harry/aaa/install/kiosk/lib/kiosk
Installing test script to /home/harry/aaa/install/kiosk/lib/kiosk
Installing test2 script to /home/harry/aaa/install/kiosk/lib/kiosk
writing list of installed files to '/home/harry/aaa/build/kiosk/install.log'
