[0mCMake Deprecation Warning at CMakeLists.txt:1 (cmake_minimum_required):
  Compatibility with CMake < 3.10 will be removed from a future version of
  CMake.

  Update the VERSION argument <min> value or use a ...<max> suffix to tell
  CMake that the project does not need compatibility with older versions.

[0m
-- The C compiler identification is GNU 11.4.0
-- The CXX compiler identification is GNU 11.4.0
-- Detecting C compiler ABI info
-- Detecting C compiler ABI info - done
-- Check for working C compiler: /usr/bin/cc - skipped
-- Detecting C compile features
-- Detecting C compile features - done
-- Detecting CXX compiler ABI info
-- Detecting CXX compiler ABI info - done
-- Check for working CXX compiler: /usr/bin/c++ - skipped
-- Detecting CXX compile features
-- Detecting CXX compile features - done
-- Found ament_cmake: 1.3.10 (/opt/ros/humble/share/ament_cmake/cmake)
-- Found Python3: /usr/bin/python3 (found version "3.10.12") found components: Interpreter
-- Found rosidl_default_generators: 1.2.0 (/opt/ros/humble/share/rosidl_default_generators/cmake)
-- Using all available rosidl_typesupport_c: rosidl_typesupport_fastrtps_c;rosidl_typesupport_introspection_c
-- Found rosidl_adapter: 3.1.5 (/opt/ros/humble/share/rosidl_adapter/cmake)
-- Using all available rosidl_typesupport_cpp: rosidl_typesupport_fastrtps_cpp;rosidl_typesupport_introspection_cpp
-- Found std_msgs: 4.2.4 (/opt/ros/humble/share/std_msgs/cmake)
-- Found sensor_msgs: 4.2.4 (/opt/ros/humble/share/sensor_msgs/cmake)
-- Found ament_cmake_ros: 0.10.0 (/opt/ros/humble/share/ament_cmake_ros/cmake)
-- Using all available rosidl_typesupport_c: rosidl_typesupport_fastrtps_c;rosidl_typesupport_introspection_c
-- Using all available rosidl_typesupport_cpp: rosidl_typesupport_fastrtps_cpp;rosidl_typesupport_introspection_cpp
[33mCMake Warning (dev) at /opt/ros/humble/share/rosidl_generator_py/cmake/rosidl_generator_py_generate_interfaces.cmake:20 (find_package):
  Policy CMP0148 is not set: The FindPythonInterp and FindPythonLibs modules
  are removed.  Run "cmake --help-policy CMP0148" for policy details.  Use
  the cmake_policy command to set the policy and suppress this warning.

Call Stack (most recent call first):
  /opt/ros/humble/share/ament_cmake_core/cmake/core/ament_execute_extensions.cmake:48 (include)
  /opt/ros/humble/share/rosidl_cmake/cmake/rosidl_generate_interfaces.cmake:286 (ament_execute_extensions)
  CMakeLists.txt:34 (rosidl_generate_interfaces)
This warning is for project developers.  Use -Wno-dev to suppress it.
[0m
-- Found PythonInterp: /usr/bin/python3 (found suitable version "3.10.12", minimum required is "3.6")
-- Found python_cmake_module: 0.10.0 (/opt/ros/humble/share/python_cmake_module/cmake)
[33mCMake Warning (dev) at /opt/ros/humble/share/python_cmake_module/cmake/Modules/FindPythonExtra.cmake:52 (find_package):
  Policy CMP0148 is not set: The FindPythonInterp and FindPythonLibs modules
  are removed.  Run "cmake --help-policy CMP0148" for policy details.  Use
  the cmake_policy command to set the policy and suppress this warning.

Call Stack (most recent call first):
  /opt/ros/humble/share/rosidl_generator_py/cmake/rosidl_generator_py_generate_interfaces.cmake:23 (find_package)
  /opt/ros/humble/share/ament_cmake_core/cmake/core/ament_execute_extensions.cmake:48 (include)
  /opt/ros/humble/share/rosidl_cmake/cmake/rosidl_generate_interfaces.cmake:286 (ament_execute_extensions)
  CMakeLists.txt:34 (rosidl_generate_interfaces)
This warning is for project developers.  Use -Wno-dev to suppress it.
[0m
[33mCMake Warning (dev) at /opt/ros/humble/share/python_cmake_module/cmake/Modules/FindPythonExtra.cmake:140 (find_package):
  Policy CMP0148 is not set: The FindPythonInterp and FindPythonLibs modules
  are removed.  Run "cmake --help-policy CMP0148" for policy details.  Use
  the cmake_policy command to set the policy and suppress this warning.

Call Stack (most recent call first):
  /opt/ros/humble/share/rosidl_generator_py/cmake/rosidl_generator_py_generate_interfaces.cmake:23 (find_package)
  /opt/ros/humble/share/ament_cmake_core/cmake/core/ament_execute_extensions.cmake:48 (include)
  /opt/ros/humble/share/rosidl_cmake/cmake/rosidl_generate_interfaces.cmake:286 (ament_execute_extensions)
  CMakeLists.txt:34 (rosidl_generate_interfaces)
This warning is for project developers.  Use -Wno-dev to suppress it.
[0m
-- Found PythonLibs: /usr/lib/x86_64-linux-gnu/libpython3.10.so (found suitable version "3.10.12", minimum required is "3.5")
-- Using PYTHON_EXECUTABLE: /usr/bin/python3
-- Using PYTHON_INCLUDE_DIRS: /usr/include/python3.10
-- Using PYTHON_LIBRARIES: /usr/lib/x86_64-linux-gnu/libpython3.10.so
-- Found PythonExtra: .so
-- Configuring done (2.9s)
-- Generating done (0.1s)
-- Build files have been written to: /home/harry/aaa/build/my_custom_interface
[  1%] [34m[1mGenerating C code for ROS interfaces[0m
[  1%] [34m[1mGenerating C++ code for ROS interfaces[0m
[  1%] Built target ament_cmake_python_copy_my_custom_interface
running egg_info
creating my_custom_interface.egg-info
writing my_custom_interface.egg-info/PKG-INFO
writing dependency_links to my_custom_interface.egg-info/dependency_links.txt
writing top-level names to my_custom_interface.egg-info/top_level.txt
writing manifest file 'my_custom_interface.egg-info/SOURCES.txt'
reading manifest file 'my_custom_interface.egg-info/SOURCES.txt'
writing manifest file 'my_custom_interface.egg-info/SOURCES.txt'
[  1%] Built target ament_cmake_python_build_my_custom_interface_egg
[  1%] Built target my_custom_interface__cpp
[  2%] [34m[1mGenerating C++ type support dispatch for ROS interfaces[0m
[  3%] [34m[1mGenerating C++ type support for eProsima Fast-RTPS[0m
[  4%] [34m[1mGenerating C++ introspection for ROS interfaces[0m
[  6%] [32mBuilding C object CMakeFiles/my_custom_interface__rosidl_generator_c.dir/rosidl_generator_c/my_custom_interface/srv/detail/abc__functions.c.o[0m
[  6%] [32mBuilding C object CMakeFiles/my_custom_interface__rosidl_generator_c.dir/rosidl_generator_c/my_custom_interface/srv/detail/rotatehome__functions.c.o[0m
[  7%] [32mBuilding C object CMakeFiles/my_custom_interface__rosidl_generator_c.dir/rosidl_generator_c/my_custom_interface/srv/detail/two_string_service__functions.c.o[0m
[  9%] [32mBuilding C object CMakeFiles/my_custom_interface__rosidl_generator_c.dir/rosidl_generator_c/my_custom_interface/srv/detail/drive__functions.c.o[0m
[ 10%] [32mBuilding C object CMakeFiles/my_custom_interface__rosidl_generator_c.dir/rosidl_generator_c/my_custom_interface/srv/detail/order__functions.c.o[0m
[ 11%] [32mBuilding C object CMakeFiles/my_custom_interface__rosidl_generator_c.dir/rosidl_generator_c/my_custom_interface/srv/detail/orderr__functions.c.o[0m
[  8%] [32mBuilding C object CMakeFiles/my_custom_interface__rosidl_generator_c.dir/rosidl_generator_c/my_custom_interface/srv/detail/complete__functions.c.o[0m
[ 12%] [32mBuilding C object CMakeFiles/my_custom_interface__rosidl_generator_c.dir/rosidl_generator_c/my_custom_interface/action/detail/calculator__functions.c.o[0m
[ 13%] [32mBuilding C object CMakeFiles/my_custom_interface__rosidl_generator_c.dir/rosidl_generator_c/my_custom_interface/action/detail/cal__functions.c.o[0m
[ 14%] [32mBuilding C object CMakeFiles/my_custom_interface__rosidl_generator_c.dir/rosidl_generator_c/my_custom_interface/action/detail/come__functions.c.o[0m
[ 15%] [32m[1mLinking C shared library libmy_custom_interface__rosidl_generator_c.so[0m
[ 15%] Built target my_custom_interface__rosidl_generator_c
[ 16%] [34m[1mGenerating C type support for eProsima Fast-RTPS[0m
[ 17%] [34m[1mGenerating C type support dispatch for ROS interfaces[0m
[ 18%] [34m[1mGenerating C introspection for ROS interfaces[0m
[ 19%] [32mBuilding CXX object CMakeFiles/my_custom_interface__rosidl_typesupport_cpp.dir/rosidl_typesupport_cpp/my_custom_interface/srv/abc__type_support.cpp.o[0m
[ 20%] [32mBuilding CXX object CMakeFiles/my_custom_interface__rosidl_typesupport_cpp.dir/rosidl_typesupport_cpp/my_custom_interface/srv/rotatehome__type_support.cpp.o[0m
[ 21%] [32mBuilding CXX object CMakeFiles/my_custom_interface__rosidl_typesupport_cpp.dir/rosidl_typesupport_cpp/my_custom_interface/srv/two_string_service__type_support.cpp.o[0m
[ 22%] [32mBuilding CXX object CMakeFiles/my_custom_interface__rosidl_typesupport_cpp.dir/rosidl_typesupport_cpp/my_custom_interface/srv/complete__type_support.cpp.o[0m
[ 23%] [32mBuilding CXX object CMakeFiles/my_custom_interface__rosidl_typesupport_cpp.dir/rosidl_typesupport_cpp/my_custom_interface/srv/drive__type_support.cpp.o[0m
[ 24%] [32mBuilding CXX object CMakeFiles/my_custom_interface__rosidl_typesupport_cpp.dir/rosidl_typesupport_cpp/my_custom_interface/srv/order__type_support.cpp.o[0m
[ 25%] [32mBuilding CXX object CMakeFiles/my_custom_interface__rosidl_typesupport_cpp.dir/rosidl_typesupport_cpp/my_custom_interface/srv/orderr__type_support.cpp.o[0m
[ 26%] [32mBuilding CXX object CMakeFiles/my_custom_interface__rosidl_typesupport_cpp.dir/rosidl_typesupport_cpp/my_custom_interface/action/calculator__type_support.cpp.o[0m
[ 27%] [32mBuilding CXX object CMakeFiles/my_custom_interface__rosidl_typesupport_cpp.dir/rosidl_typesupport_cpp/my_custom_interface/action/cal__type_support.cpp.o[0m
[ 28%] [32mBuilding CXX object CMakeFiles/my_custom_interface__rosidl_typesupport_cpp.dir/rosidl_typesupport_cpp/my_custom_interface/action/come__type_support.cpp.o[0m
[ 30%] [32mBuilding CXX object CMakeFiles/my_custom_interface__rosidl_typesupport_introspection_cpp.dir/rosidl_typesupport_introspection_cpp/my_custom_interface/srv/detail/abc__type_support.cpp.o[0m
[ 30%] [32mBuilding CXX object CMakeFiles/my_custom_interface__rosidl_typesupport_introspection_cpp.dir/rosidl_typesupport_introspection_cpp/my_custom_interface/srv/detail/rotatehome__type_support.cpp.o[0m
[ 31%] [32mBuilding CXX object CMakeFiles/my_custom_interface__rosidl_typesupport_introspection_cpp.dir/rosidl_typesupport_introspection_cpp/my_custom_interface/srv/detail/two_string_service__type_support.cpp.o[0m
[ 32%] [32mBuilding CXX object CMakeFiles/my_custom_interface__rosidl_typesupport_introspection_cpp.dir/rosidl_typesupport_introspection_cpp/my_custom_interface/srv/detail/complete__type_support.cpp.o[0m
[ 33%] [32mBuilding CXX object CMakeFiles/my_custom_interface__rosidl_typesupport_introspection_cpp.dir/rosidl_typesupport_introspection_cpp/my_custom_interface/srv/detail/drive__type_support.cpp.o[0m
[ 34%] [32mBuilding CXX object CMakeFiles/my_custom_interface__rosidl_typesupport_c.dir/rosidl_typesupport_c/my_custom_interface/srv/abc__type_support.cpp.o[0m
[ 35%] [32mBuilding CXX object CMakeFiles/my_custom_interface__rosidl_typesupport_c.dir/rosidl_typesupport_c/my_custom_interface/srv/rotatehome__type_support.cpp.o[0m
[ 36%] [32mBuilding CXX object CMakeFiles/my_custom_interface__rosidl_typesupport_c.dir/rosidl_typesupport_c/my_custom_interface/srv/two_string_service__type_support.cpp.o[0m
[ 37%] [32mBuilding CXX object CMakeFiles/my_custom_interface__rosidl_typesupport_c.dir/rosidl_typesupport_c/my_custom_interface/srv/complete__type_support.cpp.o[0m
[ 38%] [32mBuilding CXX object CMakeFiles/my_custom_interface__rosidl_typesupport_c.dir/rosidl_typesupport_c/my_custom_interface/srv/drive__type_support.cpp.o[0m
[ 39%] [32mBuilding CXX object CMakeFiles/my_custom_interface__rosidl_typesupport_c.dir/rosidl_typesupport_c/my_custom_interface/srv/order__type_support.cpp.o[0m
[ 40%] [32mBuilding CXX object CMakeFiles/my_custom_interface__rosidl_typesupport_c.dir/rosidl_typesupport_c/my_custom_interface/srv/orderr__type_support.cpp.o[0m
[ 41%] [32mBuilding CXX object CMakeFiles/my_custom_interface__rosidl_typesupport_c.dir/rosidl_typesupport_c/my_custom_interface/action/calculator__type_support.cpp.o[0m
[ 42%] [32mBuilding CXX object CMakeFiles/my_custom_interface__rosidl_typesupport_introspection_cpp.dir/rosidl_typesupport_introspection_cpp/my_custom_interface/srv/detail/order__type_support.cpp.o[0m
[ 43%] [32mBuilding CXX object CMakeFiles/my_custom_interface__rosidl_typesupport_introspection_cpp.dir/rosidl_typesupport_introspection_cpp/my_custom_interface/srv/detail/orderr__type_support.cpp.o[0m
[ 44%] [32mBuilding CXX object CMakeFiles/my_custom_interface__rosidl_typesupport_introspection_cpp.dir/rosidl_typesupport_introspection_cpp/my_custom_interface/action/detail/calculator__type_support.cpp.o[0m
[ 45%] [32mBuilding CXX object CMakeFiles/my_custom_interface__rosidl_typesupport_introspection_cpp.dir/rosidl_typesupport_introspection_cpp/my_custom_interface/action/detail/cal__type_support.cpp.o[0m
[ 45%] [32mBuilding CXX object CMakeFiles/my_custom_interface__rosidl_typesupport_c.dir/rosidl_typesupport_c/my_custom_interface/action/cal__type_support.cpp.o[0m
[ 46%] [32mBuilding CXX object CMakeFiles/my_custom_interface__rosidl_typesupport_introspection_cpp.dir/rosidl_typesupport_introspection_cpp/my_custom_interface/action/detail/come__type_support.cpp.o[0m
[ 47%] [32m[1mLinking CXX shared library libmy_custom_interface__rosidl_typesupport_cpp.so[0m
[ 48%] [32mBuilding CXX object CMakeFiles/my_custom_interface__rosidl_typesupport_c.dir/rosidl_typesupport_c/my_custom_interface/action/come__type_support.cpp.o[0m
[ 49%] [32mBuilding CXX object CMakeFiles/my_custom_interface__rosidl_typesupport_fastrtps_cpp.dir/rosidl_typesupport_fastrtps_cpp/my_custom_interface/srv/detail/dds_fastrtps/abc__type_support.cpp.o[0m
[ 50%] [32mBuilding CXX object CMakeFiles/my_custom_interface__rosidl_typesupport_fastrtps_cpp.dir/rosidl_typesupport_fastrtps_cpp/my_custom_interface/srv/detail/dds_fastrtps/rotatehome__type_support.cpp.o[0m
[ 50%] [32mBuilding CXX object CMakeFiles/my_custom_interface__rosidl_typesupport_fastrtps_cpp.dir/rosidl_typesupport_fastrtps_cpp/my_custom_interface/srv/detail/dds_fastrtps/two_string_service__type_support.cpp.o[0m
[ 51%] [32m[1mLinking CXX shared library libmy_custom_interface__rosidl_typesupport_c.so[0m
[ 51%] Built target my_custom_interface__rosidl_typesupport_cpp
[ 52%] [32mBuilding CXX object CMakeFiles/my_custom_interface__rosidl_typesupport_fastrtps_cpp.dir/rosidl_typesupport_fastrtps_cpp/my_custom_interface/srv/detail/dds_fastrtps/complete__type_support.cpp.o[0m
[ 52%] Built target my_custom_interface__rosidl_typesupport_c
[ 53%] [32mBuilding CXX object CMakeFiles/my_custom_interface__rosidl_typesupport_fastrtps_cpp.dir/rosidl_typesupport_fastrtps_cpp/my_custom_interface/srv/detail/dds_fastrtps/drive__type_support.cpp.o[0m
[ 54%] [32mBuilding C object CMakeFiles/my_custom_interface__rosidl_typesupport_introspection_c.dir/rosidl_typesupport_introspection_c/my_custom_interface/srv/detail/abc__type_support.c.o[0m
[ 55%] [32mBuilding C object CMakeFiles/my_custom_interface__rosidl_typesupport_introspection_c.dir/rosidl_typesupport_introspection_c/my_custom_interface/srv/detail/rotatehome__type_support.c.o[0m
[ 56%] [32mBuilding CXX object CMakeFiles/my_custom_interface__rosidl_typesupport_fastrtps_c.dir/rosidl_typesupport_fastrtps_c/my_custom_interface/srv/detail/abc__type_support_c.cpp.o[0m
[ 57%] [32mBuilding C object CMakeFiles/my_custom_interface__rosidl_typesupport_introspection_c.dir/rosidl_typesupport_introspection_c/my_custom_interface/srv/detail/two_string_service__type_support.c.o[0m
[ 58%] [32mBuilding C object CMakeFiles/my_custom_interface__rosidl_typesupport_introspection_c.dir/rosidl_typesupport_introspection_c/my_custom_interface/srv/detail/complete__type_support.c.o[0m
[ 59%] [32mBuilding C object CMakeFiles/my_custom_interface__rosidl_typesupport_introspection_c.dir/rosidl_typesupport_introspection_c/my_custom_interface/srv/detail/drive__type_support.c.o[0m
[ 60%] [32mBuilding C object CMakeFiles/my_custom_interface__rosidl_typesupport_introspection_c.dir/rosidl_typesupport_introspection_c/my_custom_interface/srv/detail/order__type_support.c.o[0m
[ 61%] [32mBuilding CXX object CMakeFiles/my_custom_interface__rosidl_typesupport_fastrtps_c.dir/rosidl_typesupport_fastrtps_c/my_custom_interface/srv/detail/rotatehome__type_support_c.cpp.o[0m
[ 62%] [32mBuilding CXX object CMakeFiles/my_custom_interface__rosidl_typesupport_fastrtps_cpp.dir/rosidl_typesupport_fastrtps_cpp/my_custom_interface/srv/detail/dds_fastrtps/order__type_support.cpp.o[0m
[ 63%] [32mBuilding C object CMakeFiles/my_custom_interface__rosidl_typesupport_introspection_c.dir/rosidl_typesupport_introspection_c/my_custom_interface/srv/detail/orderr__type_support.c.o[0m
[ 66%] [32mBuilding CXX object CMakeFiles/my_custom_interface__rosidl_typesupport_fastrtps_cpp.dir/rosidl_typesupport_fastrtps_cpp/my_custom_interface/action/detail/dds_fastrtps/calculator__type_support.cpp.o[0m
[ 66%] [32mBuilding CXX object CMakeFiles/my_custom_interface__rosidl_typesupport_fastrtps_cpp.dir/rosidl_typesupport_fastrtps_cpp/my_custom_interface/srv/detail/dds_fastrtps/orderr__type_support.cpp.o[0m
[ 66%] [32mBuilding C object CMakeFiles/my_custom_interface__rosidl_typesupport_introspection_c.dir/rosidl_typesupport_introspection_c/my_custom_interface/action/detail/calculator__type_support.c.o[0m
[ 67%] [32mBuilding CXX object CMakeFiles/my_custom_interface__rosidl_typesupport_fastrtps_cpp.dir/rosidl_typesupport_fastrtps_cpp/my_custom_interface/action/detail/dds_fastrtps/cal__type_support.cpp.o[0m
[ 68%] [32mBuilding C object CMakeFiles/my_custom_interface__rosidl_typesupport_introspection_c.dir/rosidl_typesupport_introspection_c/my_custom_interface/action/detail/cal__type_support.c.o[0m
[ 69%] [32mBuilding CXX object CMakeFiles/my_custom_interface__rosidl_typesupport_fastrtps_c.dir/rosidl_typesupport_fastrtps_c/my_custom_interface/srv/detail/two_string_service__type_support_c.cpp.o[0m
[ 70%] [32mBuilding CXX object CMakeFiles/my_custom_interface__rosidl_typesupport_fastrtps_c.dir/rosidl_typesupport_fastrtps_c/my_custom_interface/srv/detail/complete__type_support_c.cpp.o[0m
[ 71%] [32mBuilding CXX object CMakeFiles/my_custom_interface__rosidl_typesupport_fastrtps_cpp.dir/rosidl_typesupport_fastrtps_cpp/my_custom_interface/action/detail/dds_fastrtps/come__type_support.cpp.o[0m
[ 72%] [32mBuilding C object CMakeFiles/my_custom_interface__rosidl_typesupport_introspection_c.dir/rosidl_typesupport_introspection_c/my_custom_interface/action/detail/come__type_support.c.o[0m
[ 73%] [32mBuilding CXX object CMakeFiles/my_custom_interface__rosidl_typesupport_fastrtps_c.dir/rosidl_typesupport_fastrtps_c/my_custom_interface/srv/detail/drive__type_support_c.cpp.o[0m
[ 74%] [32mBuilding CXX object CMakeFiles/my_custom_interface__rosidl_typesupport_fastrtps_c.dir/rosidl_typesupport_fastrtps_c/my_custom_interface/srv/detail/order__type_support_c.cpp.o[0m
[ 75%] [32m[1mLinking CXX shared library libmy_custom_interface__rosidl_typesupport_introspection_cpp.so[0m
[ 76%] [32m[1mLinking C shared library libmy_custom_interface__rosidl_typesupport_introspection_c.so[0m
[ 76%] Built target my_custom_interface__rosidl_typesupport_introspection_c
[ 77%] [32mBuilding CXX object CMakeFiles/my_custom_interface__rosidl_typesupport_fastrtps_c.dir/rosidl_typesupport_fastrtps_c/my_custom_interface/srv/detail/orderr__type_support_c.cpp.o[0m
[ 77%] Built target my_custom_interface__rosidl_typesupport_introspection_cpp
[ 78%] [32mBuilding CXX object CMakeFiles/my_custom_interface__rosidl_typesupport_fastrtps_c.dir/rosidl_typesupport_fastrtps_c/my_custom_interface/action/detail/calculator__type_support_c.cpp.o[0m
[ 79%] [32mBuilding CXX object CMakeFiles/my_custom_interface__rosidl_typesupport_fastrtps_c.dir/rosidl_typesupport_fastrtps_c/my_custom_interface/action/detail/cal__type_support_c.cpp.o[0m
[ 80%] [32mBuilding CXX object CMakeFiles/my_custom_interface__rosidl_typesupport_fastrtps_c.dir/rosidl_typesupport_fastrtps_c/my_custom_interface/action/detail/come__type_support_c.cpp.o[0m
[ 81%] [32m[1mLinking CXX shared library libmy_custom_interface__rosidl_typesupport_fastrtps_cpp.so[0m
[ 81%] Built target my_custom_interface__rosidl_typesupport_fastrtps_cpp
[ 82%] [32m[1mLinking CXX shared library libmy_custom_interface__rosidl_typesupport_fastrtps_c.so[0m
[ 82%] Built target my_custom_interface__rosidl_typesupport_fastrtps_c
[ 82%] Built target my_custom_interface
[ 83%] [34m[1mGenerating Python code for ROS interfaces[0m
[ 83%] Built target my_custom_interface__py
[ 84%] [32mBuilding C object CMakeFiles/my_custom_interface__rosidl_generator_py.dir/rosidl_generator_py/my_custom_interface/srv/_abc_s.c.o[0m
[ 86%] [32mBuilding C object CMakeFiles/my_custom_interface__rosidl_generator_py.dir/rosidl_generator_py/my_custom_interface/srv/_two_string_service_s.c.o[0m
[ 86%] [32mBuilding C object CMakeFiles/my_custom_interface__rosidl_generator_py.dir/rosidl_generator_py/my_custom_interface/srv/_rotatehome_s.c.o[0m
[ 87%] [32mBuilding C object CMakeFiles/my_custom_interface__rosidl_generator_py.dir/rosidl_generator_py/my_custom_interface/srv/_complete_s.c.o[0m
[ 88%] [32mBuilding C object CMakeFiles/my_custom_interface__rosidl_generator_py.dir/rosidl_generator_py/my_custom_interface/srv/_drive_s.c.o[0m
[ 89%] [32mBuilding C object CMakeFiles/my_custom_interface__rosidl_generator_py.dir/rosidl_generator_py/my_custom_interface/srv/_order_s.c.o[0m
[ 90%] [32mBuilding C object CMakeFiles/my_custom_interface__rosidl_generator_py.dir/rosidl_generator_py/my_custom_interface/srv/_orderr_s.c.o[0m
[ 91%] [32mBuilding C object CMakeFiles/my_custom_interface__rosidl_generator_py.dir/rosidl_generator_py/my_custom_interface/action/_calculator_s.c.o[0m
[ 92%] [32mBuilding C object CMakeFiles/my_custom_interface__rosidl_generator_py.dir/rosidl_generator_py/my_custom_interface/action/_cal_s.c.o[0m
[ 93%] [32mBuilding C object CMakeFiles/my_custom_interface__rosidl_generator_py.dir/rosidl_generator_py/my_custom_interface/action/_come_s.c.o[0m
[ 94%] [32m[1mLinking C shared library rosidl_generator_py/my_custom_interface/libmy_custom_interface__rosidl_generator_py.so[0m
[ 94%] Built target my_custom_interface__rosidl_generator_py
[ 95%] [32mBuilding C object CMakeFiles/my_custom_interface__rosidl_typesupport_fastrtps_c__pyext.dir/rosidl_generator_py/my_custom_interface/_my_custom_interface_s.ep.rosidl_typesupport_fastrtps_c.c.o[0m
[ 96%] [32mBuilding C object CMakeFiles/my_custom_interface__rosidl_typesupport_introspection_c__pyext.dir/rosidl_generator_py/my_custom_interface/_my_custom_interface_s.ep.rosidl_typesupport_introspection_c.c.o[0m
[ 97%] [32mBuilding C object CMakeFiles/my_custom_interface__rosidl_typesupport_c__pyext.dir/rosidl_generator_py/my_custom_interface/_my_custom_interface_s.ep.rosidl_typesupport_c.c.o[0m
[100%] [32m[1mLinking C shared library rosidl_generator_py/my_custom_interface/my_custom_interface_s__rosidl_typesupport_introspection_c.cpython-310-x86_64-linux-gnu.so[0m
[100%] [32m[1mLinking C shared library rosidl_generator_py/my_custom_interface/my_custom_interface_s__rosidl_typesupport_fastrtps_c.cpython-310-x86_64-linux-gnu.so[0m
[100%] [32m[1mLinking C shared library rosidl_generator_py/my_custom_interface/my_custom_interface_s__rosidl_typesupport_c.cpython-310-x86_64-linux-gnu.so[0m
[100%] Built target my_custom_interface__rosidl_typesupport_c__pyext
[100%] Built target my_custom_interface__rosidl_typesupport_fastrtps_c__pyext
[100%] Built target my_custom_interface__rosidl_typesupport_introspection_c__pyext
-- Install configuration: ""
-- Installing: /home/harry/aaa/install/my_custom_interface/share/ament_index/resource_index/rosidl_interfaces/my_custom_interface
-- Installing: /home/harry/aaa/install/my_custom_interface/include/my_custom_interface/my_custom_interface
-- Installing: /home/harry/aaa/install/my_custom_interface/include/my_custom_interface/my_custom_interface/action
-- Installing: /home/harry/aaa/install/my_custom_interface/include/my_custom_interface/my_custom_interface/action/cal.h
-- Installing: /home/harry/aaa/install/my_custom_interface/include/my_custom_interface/my_custom_interface/action/calculator.h
-- Installing: /home/harry/aaa/install/my_custom_interface/include/my_custom_interface/my_custom_interface/action/detail
-- Installing: /home/harry/aaa/install/my_custom_interface/include/my_custom_interface/my_custom_interface/action/detail/come__functions.c
-- Installing: /home/harry/aaa/install/my_custom_interface/include/my_custom_interface/my_custom_interface/action/detail/calculator__functions.c
-- Installing: /home/harry/aaa/install/my_custom_interface/include/my_custom_interface/my_custom_interface/action/detail/calculator__struct.h
-- Installing: /home/harry/aaa/install/my_custom_interface/include/my_custom_interface/my_custom_interface/action/detail/cal__functions.h
-- Installing: /home/harry/aaa/install/my_custom_interface/include/my_custom_interface/my_custom_interface/action/detail/come__type_support.h
-- Installing: /home/harry/aaa/install/my_custom_interface/include/my_custom_interface/my_custom_interface/action/detail/calculator__functions.h
-- Installing: /home/harry/aaa/install/my_custom_interface/include/my_custom_interface/my_custom_interface/action/detail/calculator__type_support.h
-- Installing: /home/harry/aaa/install/my_custom_interface/include/my_custom_interface/my_custom_interface/action/detail/cal__struct.h
-- Installing: /home/harry/aaa/install/my_custom_interface/include/my_custom_interface/my_custom_interface/action/detail/come__struct.h
-- Installing: /home/harry/aaa/install/my_custom_interface/include/my_custom_interface/my_custom_interface/action/detail/cal__type_support.h
-- Installing: /home/harry/aaa/install/my_custom_interface/include/my_custom_interface/my_custom_interface/action/detail/come__functions.h
-- Installing: /home/harry/aaa/install/my_custom_interface/include/my_custom_interface/my_custom_interface/action/detail/cal__functions.c
-- Installing: /home/harry/aaa/install/my_custom_interface/include/my_custom_interface/my_custom_interface/action/come.h
-- Installing: /home/harry/aaa/install/my_custom_interface/include/my_custom_interface/my_custom_interface/srv
-- Installing: /home/harry/aaa/install/my_custom_interface/include/my_custom_interface/my_custom_interface/srv/order.h
-- Installing: /home/harry/aaa/install/my_custom_interface/include/my_custom_interface/my_custom_interface/srv/abc.h
-- Installing: /home/harry/aaa/install/my_custom_interface/include/my_custom_interface/my_custom_interface/srv/complete.h
-- Installing: /home/harry/aaa/install/my_custom_interface/include/my_custom_interface/my_custom_interface/srv/orderr.h
-- Installing: /home/harry/aaa/install/my_custom_interface/include/my_custom_interface/my_custom_interface/srv/detail
-- Installing: /home/harry/aaa/install/my_custom_interface/include/my_custom_interface/my_custom_interface/srv/detail/order__struct.h
-- Installing: /home/harry/aaa/install/my_custom_interface/include/my_custom_interface/my_custom_interface/srv/detail/orderr__functions.c
-- Installing: /home/harry/aaa/install/my_custom_interface/include/my_custom_interface/my_custom_interface/srv/detail/abc__type_support.h
-- Installing: /home/harry/aaa/install/my_custom_interface/include/my_custom_interface/my_custom_interface/srv/detail/abc__functions.c
-- Installing: /home/harry/aaa/install/my_custom_interface/include/my_custom_interface/my_custom_interface/srv/detail/orderr__functions.h
-- Installing: /home/harry/aaa/install/my_custom_interface/include/my_custom_interface/my_custom_interface/srv/detail/complete__functions.c
-- Installing: /home/harry/aaa/install/my_custom_interface/include/my_custom_interface/my_custom_interface/srv/detail/abc__functions.h
-- Installing: /home/harry/aaa/install/my_custom_interface/include/my_custom_interface/my_custom_interface/srv/detail/complete__functions.h
-- Installing: /home/harry/aaa/install/my_custom_interface/include/my_custom_interface/my_custom_interface/srv/detail/drive__type_support.h
-- Installing: /home/harry/aaa/install/my_custom_interface/include/my_custom_interface/my_custom_interface/srv/detail/order__functions.h
-- Installing: /home/harry/aaa/install/my_custom_interface/include/my_custom_interface/my_custom_interface/srv/detail/order__type_support.h
-- Installing: /home/harry/aaa/install/my_custom_interface/include/my_custom_interface/my_custom_interface/srv/detail/orderr__type_support.h
-- Installing: /home/harry/aaa/install/my_custom_interface/include/my_custom_interface/my_custom_interface/srv/detail/drive__functions.c
-- Installing: /home/harry/aaa/install/my_custom_interface/include/my_custom_interface/my_custom_interface/srv/detail/rotatehome__functions.c
-- Installing: /home/harry/aaa/install/my_custom_interface/include/my_custom_interface/my_custom_interface/srv/detail/rotatehome__type_support.h
-- Installing: /home/harry/aaa/install/my_custom_interface/include/my_custom_interface/my_custom_interface/srv/detail/complete__type_support.h
-- Installing: /home/harry/aaa/install/my_custom_interface/include/my_custom_interface/my_custom_interface/srv/detail/rotatehome__functions.h
-- Installing: /home/harry/aaa/install/my_custom_interface/include/my_custom_interface/my_custom_interface/srv/detail/order__functions.c
-- Installing: /home/harry/aaa/install/my_custom_interface/include/my_custom_interface/my_custom_interface/srv/detail/two_string_service__functions.h
-- Installing: /home/harry/aaa/install/my_custom_interface/include/my_custom_interface/my_custom_interface/srv/detail/two_string_service__struct.h
-- Installing: /home/harry/aaa/install/my_custom_interface/include/my_custom_interface/my_custom_interface/srv/detail/orderr__struct.h
-- Installing: /home/harry/aaa/install/my_custom_interface/include/my_custom_interface/my_custom_interface/srv/detail/drive__functions.h
-- Installing: /home/harry/aaa/install/my_custom_interface/include/my_custom_interface/my_custom_interface/srv/detail/abc__struct.h
-- Installing: /home/harry/aaa/install/my_custom_interface/include/my_custom_interface/my_custom_interface/srv/detail/two_string_service__type_support.h
-- Installing: /home/harry/aaa/install/my_custom_interface/include/my_custom_interface/my_custom_interface/srv/detail/complete__struct.h
-- Installing: /home/harry/aaa/install/my_custom_interface/include/my_custom_interface/my_custom_interface/srv/detail/drive__struct.h
-- Installing: /home/harry/aaa/install/my_custom_interface/include/my_custom_interface/my_custom_interface/srv/detail/two_string_service__functions.c
-- Installing: /home/harry/aaa/install/my_custom_interface/include/my_custom_interface/my_custom_interface/srv/detail/rotatehome__struct.h
-- Installing: /home/harry/aaa/install/my_custom_interface/include/my_custom_interface/my_custom_interface/srv/two_string_service.h
-- Installing: /home/harry/aaa/install/my_custom_interface/include/my_custom_interface/my_custom_interface/srv/drive.h
-- Installing: /home/harry/aaa/install/my_custom_interface/include/my_custom_interface/my_custom_interface/srv/rotatehome.h
-- Installing: /home/harry/aaa/install/my_custom_interface/include/my_custom_interface/my_custom_interface/msg
-- Installing: /home/harry/aaa/install/my_custom_interface/include/my_custom_interface/my_custom_interface/msg/rosidl_generator_c__visibility_control.h
-- Installing: /home/harry/aaa/install/my_custom_interface/share/my_custom_interface/environment/library_path.sh
-- Installing: /home/harry/aaa/install/my_custom_interface/share/my_custom_interface/environment/library_path.dsv
-- Installing: /home/harry/aaa/install/my_custom_interface/lib/libmy_custom_interface__rosidl_generator_c.so
-- Set non-toolchain portion of runtime path of "/home/harry/aaa/install/my_custom_interface/lib/libmy_custom_interface__rosidl_generator_c.so" to ""
-- Up-to-date: /home/harry/aaa/install/my_custom_interface/include/my_custom_interface/my_custom_interface
-- Up-to-date: /home/harry/aaa/install/my_custom_interface/include/my_custom_interface/my_custom_interface/action
-- Up-to-date: /home/harry/aaa/install/my_custom_interface/include/my_custom_interface/my_custom_interface/action/detail
-- Installing: /home/harry/aaa/install/my_custom_interface/include/my_custom_interface/my_custom_interface/action/detail/come__rosidl_typesupport_fastrtps_c.h
-- Installing: /home/harry/aaa/install/my_custom_interface/include/my_custom_interface/my_custom_interface/action/detail/calculator__rosidl_typesupport_fastrtps_c.h
-- Installing: /home/harry/aaa/install/my_custom_interface/include/my_custom_interface/my_custom_interface/action/detail/cal__rosidl_typesupport_fastrtps_c.h
-- Up-to-date: /home/harry/aaa/install/my_custom_interface/include/my_custom_interface/my_custom_interface/srv
-- Up-to-date: /home/harry/aaa/install/my_custom_interface/include/my_custom_interface/my_custom_interface/srv/detail
-- Installing: /home/harry/aaa/install/my_custom_interface/include/my_custom_interface/my_custom_interface/srv/detail/order__rosidl_typesupport_fastrtps_c.h
-- Installing: /home/harry/aaa/install/my_custom_interface/include/my_custom_interface/my_custom_interface/srv/detail/rotatehome__rosidl_typesupport_fastrtps_c.h
-- Installing: /home/harry/aaa/install/my_custom_interface/include/my_custom_interface/my_custom_interface/srv/detail/two_string_service__rosidl_typesupport_fastrtps_c.h
-- Installing: /home/harry/aaa/install/my_custom_interface/include/my_custom_interface/my_custom_interface/srv/detail/drive__rosidl_typesupport_fastrtps_c.h
-- Installing: /home/harry/aaa/install/my_custom_interface/include/my_custom_interface/my_custom_interface/srv/detail/orderr__rosidl_typesupport_fastrtps_c.h
-- Installing: /home/harry/aaa/install/my_custom_interface/include/my_custom_interface/my_custom_interface/srv/detail/complete__rosidl_typesupport_fastrtps_c.h
-- Installing: /home/harry/aaa/install/my_custom_interface/include/my_custom_interface/my_custom_interface/srv/detail/abc__rosidl_typesupport_fastrtps_c.h
-- Up-to-date: /home/harry/aaa/install/my_custom_interface/include/my_custom_interface/my_custom_interface/msg
-- Installing: /home/harry/aaa/install/my_custom_interface/include/my_custom_interface/my_custom_interface/msg/rosidl_typesupport_fastrtps_c__visibility_control.h
-- Installing: /home/harry/aaa/install/my_custom_interface/lib/libmy_custom_interface__rosidl_typesupport_fastrtps_c.so
-- Set non-toolchain portion of runtime path of "/home/harry/aaa/install/my_custom_interface/lib/libmy_custom_interface__rosidl_typesupport_fastrtps_c.so" to ""
-- Up-to-date: /home/harry/aaa/install/my_custom_interface/include/my_custom_interface/my_custom_interface
-- Up-to-date: /home/harry/aaa/install/my_custom_interface/include/my_custom_interface/my_custom_interface/action
-- Up-to-date: /home/harry/aaa/install/my_custom_interface/include/my_custom_interface/my_custom_interface/action/detail
-- Installing: /home/harry/aaa/install/my_custom_interface/include/my_custom_interface/my_custom_interface/action/detail/calculator__type_support.c
-- Installing: /home/harry/aaa/install/my_custom_interface/include/my_custom_interface/my_custom_interface/action/detail/calculator__rosidl_typesupport_introspection_c.h
-- Installing: /home/harry/aaa/install/my_custom_interface/include/my_custom_interface/my_custom_interface/action/detail/come__rosidl_typesupport_introspection_c.h
-- Installing: /home/harry/aaa/install/my_custom_interface/include/my_custom_interface/my_custom_interface/action/detail/come__type_support.c
-- Installing: /home/harry/aaa/install/my_custom_interface/include/my_custom_interface/my_custom_interface/action/detail/cal__rosidl_typesupport_introspection_c.h
-- Installing: /home/harry/aaa/install/my_custom_interface/include/my_custom_interface/my_custom_interface/action/detail/cal__type_support.c
-- Up-to-date: /home/harry/aaa/install/my_custom_interface/include/my_custom_interface/my_custom_interface/srv
-- Up-to-date: /home/harry/aaa/install/my_custom_interface/include/my_custom_interface/my_custom_interface/srv/detail
-- Installing: /home/harry/aaa/install/my_custom_interface/include/my_custom_interface/my_custom_interface/srv/detail/two_string_service__type_support.c
-- Installing: /home/harry/aaa/install/my_custom_interface/include/my_custom_interface/my_custom_interface/srv/detail/complete__rosidl_typesupport_introspection_c.h
-- Installing: /home/harry/aaa/install/my_custom_interface/include/my_custom_interface/my_custom_interface/srv/detail/orderr__type_support.c
-- Installing: /home/harry/aaa/install/my_custom_interface/include/my_custom_interface/my_custom_interface/srv/detail/drive__type_support.c
-- Installing: /home/harry/aaa/install/my_custom_interface/include/my_custom_interface/my_custom_interface/srv/detail/complete__type_support.c
-- Installing: /home/harry/aaa/install/my_custom_interface/include/my_custom_interface/my_custom_interface/srv/detail/order__rosidl_typesupport_introspection_c.h
-- Installing: /home/harry/aaa/install/my_custom_interface/include/my_custom_interface/my_custom_interface/srv/detail/abc__type_support.c
-- Installing: /home/harry/aaa/install/my_custom_interface/include/my_custom_interface/my_custom_interface/srv/detail/two_string_service__rosidl_typesupport_introspection_c.h
-- Installing: /home/harry/aaa/install/my_custom_interface/include/my_custom_interface/my_custom_interface/srv/detail/drive__rosidl_typesupport_introspection_c.h
-- Installing: /home/harry/aaa/install/my_custom_interface/include/my_custom_interface/my_custom_interface/srv/detail/rotatehome__rosidl_typesupport_introspection_c.h
-- Installing: /home/harry/aaa/install/my_custom_interface/include/my_custom_interface/my_custom_interface/srv/detail/abc__rosidl_typesupport_introspection_c.h
-- Installing: /home/harry/aaa/install/my_custom_interface/include/my_custom_interface/my_custom_interface/srv/detail/order__type_support.c
-- Installing: /home/harry/aaa/install/my_custom_interface/include/my_custom_interface/my_custom_interface/srv/detail/rotatehome__type_support.c
-- Installing: /home/harry/aaa/install/my_custom_interface/include/my_custom_interface/my_custom_interface/srv/detail/orderr__rosidl_typesupport_introspection_c.h
-- Up-to-date: /home/harry/aaa/install/my_custom_interface/include/my_custom_interface/my_custom_interface/msg
-- Installing: /home/harry/aaa/install/my_custom_interface/include/my_custom_interface/my_custom_interface/msg/rosidl_typesupport_introspection_c__visibility_control.h
-- Installing: /home/harry/aaa/install/my_custom_interface/lib/libmy_custom_interface__rosidl_typesupport_introspection_c.so
-- Set non-toolchain portion of runtime path of "/home/harry/aaa/install/my_custom_interface/lib/libmy_custom_interface__rosidl_typesupport_introspection_c.so" to ""
-- Installing: /home/harry/aaa/install/my_custom_interface/lib/libmy_custom_interface__rosidl_typesupport_c.so
-- Set non-toolchain portion of runtime path of "/home/harry/aaa/install/my_custom_interface/lib/libmy_custom_interface__rosidl_typesupport_c.so" to ""
-- Up-to-date: /home/harry/aaa/install/my_custom_interface/include/my_custom_interface/my_custom_interface
-- Up-to-date: /home/harry/aaa/install/my_custom_interface/include/my_custom_interface/my_custom_interface/action
-- Installing: /home/harry/aaa/install/my_custom_interface/include/my_custom_interface/my_custom_interface/action/come.hpp
-- Up-to-date: /home/harry/aaa/install/my_custom_interface/include/my_custom_interface/my_custom_interface/action/detail
-- Installing: /home/harry/aaa/install/my_custom_interface/include/my_custom_interface/my_custom_interface/action/detail/come__struct.hpp
-- Installing: /home/harry/aaa/install/my_custom_interface/include/my_custom_interface/my_custom_interface/action/detail/come__builder.hpp
-- Installing: /home/harry/aaa/install/my_custom_interface/include/my_custom_interface/my_custom_interface/action/detail/cal__struct.hpp
-- Installing: /home/harry/aaa/install/my_custom_interface/include/my_custom_interface/my_custom_interface/action/detail/come__traits.hpp
-- Installing: /home/harry/aaa/install/my_custom_interface/include/my_custom_interface/my_custom_interface/action/detail/cal__builder.hpp
-- Installing: /home/harry/aaa/install/my_custom_interface/include/my_custom_interface/my_custom_interface/action/detail/calculator__traits.hpp
-- Installing: /home/harry/aaa/install/my_custom_interface/include/my_custom_interface/my_custom_interface/action/detail/cal__traits.hpp
-- Installing: /home/harry/aaa/install/my_custom_interface/include/my_custom_interface/my_custom_interface/action/detail/calculator__builder.hpp
-- Installing: /home/harry/aaa/install/my_custom_interface/include/my_custom_interface/my_custom_interface/action/detail/calculator__struct.hpp
-- Installing: /home/harry/aaa/install/my_custom_interface/include/my_custom_interface/my_custom_interface/action/cal.hpp
-- Installing: /home/harry/aaa/install/my_custom_interface/include/my_custom_interface/my_custom_interface/action/calculator.hpp
-- Up-to-date: /home/harry/aaa/install/my_custom_interface/include/my_custom_interface/my_custom_interface/srv
-- Installing: /home/harry/aaa/install/my_custom_interface/include/my_custom_interface/my_custom_interface/srv/two_string_service.hpp
-- Installing: /home/harry/aaa/install/my_custom_interface/include/my_custom_interface/my_custom_interface/srv/drive.hpp
-- Installing: /home/harry/aaa/install/my_custom_interface/include/my_custom_interface/my_custom_interface/srv/orderr.hpp
-- Installing: /home/harry/aaa/install/my_custom_interface/include/my_custom_interface/my_custom_interface/srv/complete.hpp
-- Installing: /home/harry/aaa/install/my_custom_interface/include/my_custom_interface/my_custom_interface/srv/abc.hpp
-- Up-to-date: /home/harry/aaa/install/my_custom_interface/include/my_custom_interface/my_custom_interface/srv/detail
-- Installing: /home/harry/aaa/install/my_custom_interface/include/my_custom_interface/my_custom_interface/srv/detail/rotatehome__builder.hpp
-- Installing: /home/harry/aaa/install/my_custom_interface/include/my_custom_interface/my_custom_interface/srv/detail/order__struct.hpp
-- Installing: /home/harry/aaa/install/my_custom_interface/include/my_custom_interface/my_custom_interface/srv/detail/rotatehome__traits.hpp
-- Installing: /home/harry/aaa/install/my_custom_interface/include/my_custom_interface/my_custom_interface/srv/detail/complete__struct.hpp
-- Installing: /home/harry/aaa/install/my_custom_interface/include/my_custom_interface/my_custom_interface/srv/detail/abc__struct.hpp
-- Installing: /home/harry/aaa/install/my_custom_interface/include/my_custom_interface/my_custom_interface/srv/detail/two_string_service__builder.hpp
-- Installing: /home/harry/aaa/install/my_custom_interface/include/my_custom_interface/my_custom_interface/srv/detail/order__builder.hpp
-- Installing: /home/harry/aaa/install/my_custom_interface/include/my_custom_interface/my_custom_interface/srv/detail/complete__traits.hpp
-- Installing: /home/harry/aaa/install/my_custom_interface/include/my_custom_interface/my_custom_interface/srv/detail/abc__builder.hpp
-- Installing: /home/harry/aaa/install/my_custom_interface/include/my_custom_interface/my_custom_interface/srv/detail/rotatehome__struct.hpp
-- Installing: /home/harry/aaa/install/my_custom_interface/include/my_custom_interface/my_custom_interface/srv/detail/two_string_service__traits.hpp
-- Installing: /home/harry/aaa/install/my_custom_interface/include/my_custom_interface/my_custom_interface/srv/detail/drive__struct.hpp
-- Installing: /home/harry/aaa/install/my_custom_interface/include/my_custom_interface/my_custom_interface/srv/detail/orderr__struct.hpp
-- Installing: /home/harry/aaa/install/my_custom_interface/include/my_custom_interface/my_custom_interface/srv/detail/drive__traits.hpp
-- Installing: /home/harry/aaa/install/my_custom_interface/include/my_custom_interface/my_custom_interface/srv/detail/two_string_service__struct.hpp
-- Installing: /home/harry/aaa/install/my_custom_interface/include/my_custom_interface/my_custom_interface/srv/detail/drive__builder.hpp
-- Installing: /home/harry/aaa/install/my_custom_interface/include/my_custom_interface/my_custom_interface/srv/detail/orderr__traits.hpp
-- Installing: /home/harry/aaa/install/my_custom_interface/include/my_custom_interface/my_custom_interface/srv/detail/order__traits.hpp
-- Installing: /home/harry/aaa/install/my_custom_interface/include/my_custom_interface/my_custom_interface/srv/detail/orderr__builder.hpp
-- Installing: /home/harry/aaa/install/my_custom_interface/include/my_custom_interface/my_custom_interface/srv/detail/abc__traits.hpp
-- Installing: /home/harry/aaa/install/my_custom_interface/include/my_custom_interface/my_custom_interface/srv/detail/complete__builder.hpp
-- Installing: /home/harry/aaa/install/my_custom_interface/include/my_custom_interface/my_custom_interface/srv/rotatehome.hpp
-- Installing: /home/harry/aaa/install/my_custom_interface/include/my_custom_interface/my_custom_interface/srv/order.hpp
-- Up-to-date: /home/harry/aaa/install/my_custom_interface/include/my_custom_interface/my_custom_interface
-- Up-to-date: /home/harry/aaa/install/my_custom_interface/include/my_custom_interface/my_custom_interface/action
-- Up-to-date: /home/harry/aaa/install/my_custom_interface/include/my_custom_interface/my_custom_interface/action/detail
-- Installing: /home/harry/aaa/install/my_custom_interface/include/my_custom_interface/my_custom_interface/action/detail/come__rosidl_typesupport_fastrtps_cpp.hpp
-- Installing: /home/harry/aaa/install/my_custom_interface/include/my_custom_interface/my_custom_interface/action/detail/calculator__rosidl_typesupport_fastrtps_cpp.hpp
-- Installing: /home/harry/aaa/install/my_custom_interface/include/my_custom_interface/my_custom_interface/action/detail/cal__rosidl_typesupport_fastrtps_cpp.hpp
-- Installing: /home/harry/aaa/install/my_custom_interface/include/my_custom_interface/my_custom_interface/action/detail/dds_fastrtps
-- Up-to-date: /home/harry/aaa/install/my_custom_interface/include/my_custom_interface/my_custom_interface/srv
-- Up-to-date: /home/harry/aaa/install/my_custom_interface/include/my_custom_interface/my_custom_interface/srv/detail
-- Installing: /home/harry/aaa/install/my_custom_interface/include/my_custom_interface/my_custom_interface/srv/detail/orderr__rosidl_typesupport_fastrtps_cpp.hpp
-- Installing: /home/harry/aaa/install/my_custom_interface/include/my_custom_interface/my_custom_interface/srv/detail/rotatehome__rosidl_typesupport_fastrtps_cpp.hpp
-- Installing: /home/harry/aaa/install/my_custom_interface/include/my_custom_interface/my_custom_interface/srv/detail/order__rosidl_typesupport_fastrtps_cpp.hpp
-- Installing: /home/harry/aaa/install/my_custom_interface/include/my_custom_interface/my_custom_interface/srv/detail/abc__rosidl_typesupport_fastrtps_cpp.hpp
-- Installing: /home/harry/aaa/install/my_custom_interface/include/my_custom_interface/my_custom_interface/srv/detail/two_string_service__rosidl_typesupport_fastrtps_cpp.hpp
-- Installing: /home/harry/aaa/install/my_custom_interface/include/my_custom_interface/my_custom_interface/srv/detail/dds_fastrtps
-- Installing: /home/harry/aaa/install/my_custom_interface/include/my_custom_interface/my_custom_interface/srv/detail/drive__rosidl_typesupport_fastrtps_cpp.hpp
-- Installing: /home/harry/aaa/install/my_custom_interface/include/my_custom_interface/my_custom_interface/srv/detail/complete__rosidl_typesupport_fastrtps_cpp.hpp
-- Up-to-date: /home/harry/aaa/install/my_custom_interface/include/my_custom_interface/my_custom_interface/msg
-- Installing: /home/harry/aaa/install/my_custom_interface/include/my_custom_interface/my_custom_interface/msg/rosidl_typesupport_fastrtps_cpp__visibility_control.h
-- Installing: /home/harry/aaa/install/my_custom_interface/lib/libmy_custom_interface__rosidl_typesupport_fastrtps_cpp.so
-- Set non-toolchain portion of runtime path of "/home/harry/aaa/install/my_custom_interface/lib/libmy_custom_interface__rosidl_typesupport_fastrtps_cpp.so" to ""
-- Up-to-date: /home/harry/aaa/install/my_custom_interface/include/my_custom_interface/my_custom_interface
-- Up-to-date: /home/harry/aaa/install/my_custom_interface/include/my_custom_interface/my_custom_interface/action
-- Up-to-date: /home/harry/aaa/install/my_custom_interface/include/my_custom_interface/my_custom_interface/action/detail
-- Installing: /home/harry/aaa/install/my_custom_interface/include/my_custom_interface/my_custom_interface/action/detail/come__rosidl_typesupport_introspection_cpp.hpp
-- Installing: /home/harry/aaa/install/my_custom_interface/include/my_custom_interface/my_custom_interface/action/detail/calculator__type_support.cpp
-- Installing: /home/harry/aaa/install/my_custom_interface/include/my_custom_interface/my_custom_interface/action/detail/cal__rosidl_typesupport_introspection_cpp.hpp
-- Installing: /home/harry/aaa/install/my_custom_interface/include/my_custom_interface/my_custom_interface/action/detail/come__type_support.cpp
-- Installing: /home/harry/aaa/install/my_custom_interface/include/my_custom_interface/my_custom_interface/action/detail/cal__type_support.cpp
-- Installing: /home/harry/aaa/install/my_custom_interface/include/my_custom_interface/my_custom_interface/action/detail/calculator__rosidl_typesupport_introspection_cpp.hpp
-- Up-to-date: /home/harry/aaa/install/my_custom_interface/include/my_custom_interface/my_custom_interface/srv
-- Up-to-date: /home/harry/aaa/install/my_custom_interface/include/my_custom_interface/my_custom_interface/srv/detail
-- Installing: /home/harry/aaa/install/my_custom_interface/include/my_custom_interface/my_custom_interface/srv/detail/drive__type_support.cpp
-- Installing: /home/harry/aaa/install/my_custom_interface/include/my_custom_interface/my_custom_interface/srv/detail/order__rosidl_typesupport_introspection_cpp.hpp
-- Installing: /home/harry/aaa/install/my_custom_interface/include/my_custom_interface/my_custom_interface/srv/detail/complete__type_support.cpp
-- Installing: /home/harry/aaa/install/my_custom_interface/include/my_custom_interface/my_custom_interface/srv/detail/two_string_service__type_support.cpp
-- Installing: /home/harry/aaa/install/my_custom_interface/include/my_custom_interface/my_custom_interface/srv/detail/complete__rosidl_typesupport_introspection_cpp.hpp
-- Installing: /home/harry/aaa/install/my_custom_interface/include/my_custom_interface/my_custom_interface/srv/detail/orderr__type_support.cpp
-- Installing: /home/harry/aaa/install/my_custom_interface/include/my_custom_interface/my_custom_interface/srv/detail/rotatehome__rosidl_typesupport_introspection_cpp.hpp
-- Installing: /home/harry/aaa/install/my_custom_interface/include/my_custom_interface/my_custom_interface/srv/detail/orderr__rosidl_typesupport_introspection_cpp.hpp
-- Installing: /home/harry/aaa/install/my_custom_interface/include/my_custom_interface/my_custom_interface/srv/detail/two_string_service__rosidl_typesupport_introspection_cpp.hpp
-- Installing: /home/harry/aaa/install/my_custom_interface/include/my_custom_interface/my_custom_interface/srv/detail/order__type_support.cpp
-- Installing: /home/harry/aaa/install/my_custom_interface/include/my_custom_interface/my_custom_interface/srv/detail/abc__type_support.cpp
-- Installing: /home/harry/aaa/install/my_custom_interface/include/my_custom_interface/my_custom_interface/srv/detail/drive__rosidl_typesupport_introspection_cpp.hpp
-- Installing: /home/harry/aaa/install/my_custom_interface/include/my_custom_interface/my_custom_interface/srv/detail/abc__rosidl_typesupport_introspection_cpp.hpp
-- Installing: /home/harry/aaa/install/my_custom_interface/include/my_custom_interface/my_custom_interface/srv/detail/rotatehome__type_support.cpp
-- Installing: /home/harry/aaa/install/my_custom_interface/lib/libmy_custom_interface__rosidl_typesupport_introspection_cpp.so
-- Set non-toolchain portion of runtime path of "/home/harry/aaa/install/my_custom_interface/lib/libmy_custom_interface__rosidl_typesupport_introspection_cpp.so" to ""
-- Installing: /home/harry/aaa/install/my_custom_interface/lib/libmy_custom_interface__rosidl_typesupport_cpp.so
-- Set non-toolchain portion of runtime path of "/home/harry/aaa/install/my_custom_interface/lib/libmy_custom_interface__rosidl_typesupport_cpp.so" to ""
-- Installing: /home/harry/aaa/install/my_custom_interface/share/my_custom_interface/environment/pythonpath.sh
-- Installing: /home/harry/aaa/install/my_custom_interface/share/my_custom_interface/environment/pythonpath.dsv
-- Installing: /home/harry/aaa/install/my_custom_interface/local/lib/python3.10/dist-packages/my_custom_interface-0.0.0-py3.10.egg-info
-- Installing: /home/harry/aaa/install/my_custom_interface/local/lib/python3.10/dist-packages/my_custom_interface-0.0.0-py3.10.egg-info/top_level.txt
-- Installing: /home/harry/aaa/install/my_custom_interface/local/lib/python3.10/dist-packages/my_custom_interface-0.0.0-py3.10.egg-info/SOURCES.txt
-- Installing: /home/harry/aaa/install/my_custom_interface/local/lib/python3.10/dist-packages/my_custom_interface-0.0.0-py3.10.egg-info/dependency_links.txt
-- Installing: /home/harry/aaa/install/my_custom_interface/local/lib/python3.10/dist-packages/my_custom_interface-0.0.0-py3.10.egg-info/PKG-INFO
-- Installing: /home/harry/aaa/install/my_custom_interface/local/lib/python3.10/dist-packages/my_custom_interface
-- Installing: /home/harry/aaa/install/my_custom_interface/local/lib/python3.10/dist-packages/my_custom_interface/my_custom_interface_s__rosidl_typesupport_fastrtps_c.cpython-310-x86_64-linux-gnu.so
-- Installing: /home/harry/aaa/install/my_custom_interface/local/lib/python3.10/dist-packages/my_custom_interface/__init__.py
-- Installing: /home/harry/aaa/install/my_custom_interface/local/lib/python3.10/dist-packages/my_custom_interface/action
-- Installing: /home/harry/aaa/install/my_custom_interface/local/lib/python3.10/dist-packages/my_custom_interface/action/__init__.py
-- Installing: /home/harry/aaa/install/my_custom_interface/local/lib/python3.10/dist-packages/my_custom_interface/action/_come_s.c
-- Installing: /home/harry/aaa/install/my_custom_interface/local/lib/python3.10/dist-packages/my_custom_interface/action/_cal.py
-- Installing: /home/harry/aaa/install/my_custom_interface/local/lib/python3.10/dist-packages/my_custom_interface/action/_come.py
-- Installing: /home/harry/aaa/install/my_custom_interface/local/lib/python3.10/dist-packages/my_custom_interface/action/_calculator.py
-- Installing: /home/harry/aaa/install/my_custom_interface/local/lib/python3.10/dist-packages/my_custom_interface/action/_cal_s.c
-- Installing: /home/harry/aaa/install/my_custom_interface/local/lib/python3.10/dist-packages/my_custom_interface/action/_calculator_s.c
-- Installing: /home/harry/aaa/install/my_custom_interface/local/lib/python3.10/dist-packages/my_custom_interface/libmy_custom_interface__rosidl_generator_py.so
-- Installing: /home/harry/aaa/install/my_custom_interface/local/lib/python3.10/dist-packages/my_custom_interface/srv
-- Installing: /home/harry/aaa/install/my_custom_interface/local/lib/python3.10/dist-packages/my_custom_interface/srv/_two_string_service_s.c
-- Installing: /home/harry/aaa/install/my_custom_interface/local/lib/python3.10/dist-packages/my_custom_interface/srv/_complete.py
-- Installing: /home/harry/aaa/install/my_custom_interface/local/lib/python3.10/dist-packages/my_custom_interface/srv/__init__.py
-- Installing: /home/harry/aaa/install/my_custom_interface/local/lib/python3.10/dist-packages/my_custom_interface/srv/_drive.py
-- Installing: /home/harry/aaa/install/my_custom_interface/local/lib/python3.10/dist-packages/my_custom_interface/srv/_complete_s.c
-- Installing: /home/harry/aaa/install/my_custom_interface/local/lib/python3.10/dist-packages/my_custom_interface/srv/_order.py
-- Installing: /home/harry/aaa/install/my_custom_interface/local/lib/python3.10/dist-packages/my_custom_interface/srv/_abc_s.c
-- Installing: /home/harry/aaa/install/my_custom_interface/local/lib/python3.10/dist-packages/my_custom_interface/srv/_drive_s.c
-- Installing: /home/harry/aaa/install/my_custom_interface/local/lib/python3.10/dist-packages/my_custom_interface/srv/_orderr.py
-- Installing: /home/harry/aaa/install/my_custom_interface/local/lib/python3.10/dist-packages/my_custom_interface/srv/_two_string_service.py
-- Installing: /home/harry/aaa/install/my_custom_interface/local/lib/python3.10/dist-packages/my_custom_interface/srv/_rotatehome_s.c
-- Installing: /home/harry/aaa/install/my_custom_interface/local/lib/python3.10/dist-packages/my_custom_interface/srv/_rotatehome.py
-- Installing: /home/harry/aaa/install/my_custom_interface/local/lib/python3.10/dist-packages/my_custom_interface/srv/_abc.py
-- Installing: /home/harry/aaa/install/my_custom_interface/local/lib/python3.10/dist-packages/my_custom_interface/srv/_order_s.c
-- Installing: /home/harry/aaa/install/my_custom_interface/local/lib/python3.10/dist-packages/my_custom_interface/srv/_orderr_s.c
-- Installing: /home/harry/aaa/install/my_custom_interface/local/lib/python3.10/dist-packages/my_custom_interface/my_custom_interface_s__rosidl_typesupport_c.cpython-310-x86_64-linux-gnu.so
-- Installing: /home/harry/aaa/install/my_custom_interface/local/lib/python3.10/dist-packages/my_custom_interface/_my_custom_interface_s.ep.rosidl_typesupport_c.c
-- Installing: /home/harry/aaa/install/my_custom_interface/local/lib/python3.10/dist-packages/my_custom_interface/_my_custom_interface_s.ep.rosidl_typesupport_introspection_c.c
-- Installing: /home/harry/aaa/install/my_custom_interface/local/lib/python3.10/dist-packages/my_custom_interface/_my_custom_interface_s.ep.rosidl_typesupport_fastrtps_c.c
-- Installing: /home/harry/aaa/install/my_custom_interface/local/lib/python3.10/dist-packages/my_custom_interface/my_custom_interface_s__rosidl_typesupport_introspection_c.cpython-310-x86_64-linux-gnu.so
Listing '/home/harry/aaa/install/my_custom_interface/local/lib/python3.10/dist-packages/my_custom_interface'...
Compiling '/home/harry/aaa/install/my_custom_interface/local/lib/python3.10/dist-packages/my_custom_interface/__init__.py'...
Listing '/home/harry/aaa/install/my_custom_interface/local/lib/python3.10/dist-packages/my_custom_interface/action'...
Compiling '/home/harry/aaa/install/my_custom_interface/local/lib/python3.10/dist-packages/my_custom_interface/action/__init__.py'...
Compiling '/home/harry/aaa/install/my_custom_interface/local/lib/python3.10/dist-packages/my_custom_interface/action/_cal.py'...
Compiling '/home/harry/aaa/install/my_custom_interface/local/lib/python3.10/dist-packages/my_custom_interface/action/_calculator.py'...
Compiling '/home/harry/aaa/install/my_custom_interface/local/lib/python3.10/dist-packages/my_custom_interface/action/_come.py'...
Listing '/home/harry/aaa/install/my_custom_interface/local/lib/python3.10/dist-packages/my_custom_interface/srv'...
Compiling '/home/harry/aaa/install/my_custom_interface/local/lib/python3.10/dist-packages/my_custom_interface/srv/__init__.py'...
Compiling '/home/harry/aaa/install/my_custom_interface/local/lib/python3.10/dist-packages/my_custom_interface/srv/_abc.py'...
Compiling '/home/harry/aaa/install/my_custom_interface/local/lib/python3.10/dist-packages/my_custom_interface/srv/_complete.py'...
Compiling '/home/harry/aaa/install/my_custom_interface/local/lib/python3.10/dist-packages/my_custom_interface/srv/_drive.py'...
Compiling '/home/harry/aaa/install/my_custom_interface/local/lib/python3.10/dist-packages/my_custom_interface/srv/_order.py'...
Compiling '/home/harry/aaa/install/my_custom_interface/local/lib/python3.10/dist-packages/my_custom_interface/srv/_orderr.py'...
Compiling '/home/harry/aaa/install/my_custom_interface/local/lib/python3.10/dist-packages/my_custom_interface/srv/_rotatehome.py'...
Compiling '/home/harry/aaa/install/my_custom_interface/local/lib/python3.10/dist-packages/my_custom_interface/srv/_two_string_service.py'...
-- Installing: /home/harry/aaa/install/my_custom_interface/local/lib/python3.10/dist-packages/my_custom_interface/my_custom_interface_s__rosidl_typesupport_fastrtps_c.cpython-310-x86_64-linux-gnu.so
-- Set non-toolchain portion of runtime path of "/home/harry/aaa/install/my_custom_interface/local/lib/python3.10/dist-packages/my_custom_interface/my_custom_interface_s__rosidl_typesupport_fastrtps_c.cpython-310-x86_64-linux-gnu.so" to ""
-- Installing: /home/harry/aaa/install/my_custom_interface/local/lib/python3.10/dist-packages/my_custom_interface/my_custom_interface_s__rosidl_typesupport_introspection_c.cpython-310-x86_64-linux-gnu.so
-- Set non-toolchain portion of runtime path of "/home/harry/aaa/install/my_custom_interface/local/lib/python3.10/dist-packages/my_custom_interface/my_custom_interface_s__rosidl_typesupport_introspection_c.cpython-310-x86_64-linux-gnu.so" to ""
-- Installing: /home/harry/aaa/install/my_custom_interface/local/lib/python3.10/dist-packages/my_custom_interface/my_custom_interface_s__rosidl_typesupport_c.cpython-310-x86_64-linux-gnu.so
-- Set non-toolchain portion of runtime path of "/home/harry/aaa/install/my_custom_interface/local/lib/python3.10/dist-packages/my_custom_interface/my_custom_interface_s__rosidl_typesupport_c.cpython-310-x86_64-linux-gnu.so" to ""
-- Installing: /home/harry/aaa/install/my_custom_interface/lib/libmy_custom_interface__rosidl_generator_py.so
-- Set non-toolchain portion of runtime path of "/home/harry/aaa/install/my_custom_interface/lib/libmy_custom_interface__rosidl_generator_py.so" to ""
-- Installing: /home/harry/aaa/install/my_custom_interface/share/my_custom_interface/srv/ABC.idl
-- Installing: /home/harry/aaa/install/my_custom_interface/share/my_custom_interface/srv/ROTATEHOME.idl
-- Installing: /home/harry/aaa/install/my_custom_interface/share/my_custom_interface/srv/TwoStringService.idl
-- Installing: /home/harry/aaa/install/my_custom_interface/share/my_custom_interface/srv/COMPLETE.idl
-- Installing: /home/harry/aaa/install/my_custom_interface/share/my_custom_interface/srv/DRIVE.idl
-- Installing: /home/harry/aaa/install/my_custom_interface/share/my_custom_interface/srv/ORDER.idl
-- Installing: /home/harry/aaa/install/my_custom_interface/share/my_custom_interface/srv/ORDERR.idl
-- Installing: /home/harry/aaa/install/my_custom_interface/share/my_custom_interface/action/Calculator.idl
-- Installing: /home/harry/aaa/install/my_custom_interface/share/my_custom_interface/action/Cal.idl
-- Installing: /home/harry/aaa/install/my_custom_interface/share/my_custom_interface/action/COME.idl
-- Installing: /home/harry/aaa/install/my_custom_interface/share/my_custom_interface/srv/ABC.srv
-- Installing: /home/harry/aaa/install/my_custom_interface/share/my_custom_interface/srv/ABC_Request.msg
-- Installing: /home/harry/aaa/install/my_custom_interface/share/my_custom_interface/srv/ABC_Response.msg
-- Installing: /home/harry/aaa/install/my_custom_interface/share/my_custom_interface/srv/ROTATEHOME.srv
-- Installing: /home/harry/aaa/install/my_custom_interface/share/my_custom_interface/srv/ROTATEHOME_Request.msg
-- Installing: /home/harry/aaa/install/my_custom_interface/share/my_custom_interface/srv/ROTATEHOME_Response.msg
-- Installing: /home/harry/aaa/install/my_custom_interface/share/my_custom_interface/srv/TwoStringService.srv
-- Installing: /home/harry/aaa/install/my_custom_interface/share/my_custom_interface/srv/TwoStringService_Request.msg
-- Installing: /home/harry/aaa/install/my_custom_interface/share/my_custom_interface/srv/TwoStringService_Response.msg
-- Installing: /home/harry/aaa/install/my_custom_interface/share/my_custom_interface/srv/COMPLETE.srv
-- Installing: /home/harry/aaa/install/my_custom_interface/share/my_custom_interface/srv/COMPLETE_Request.msg
-- Installing: /home/harry/aaa/install/my_custom_interface/share/my_custom_interface/srv/COMPLETE_Response.msg
-- Installing: /home/harry/aaa/install/my_custom_interface/share/my_custom_interface/srv/DRIVE.srv
-- Installing: /home/harry/aaa/install/my_custom_interface/share/my_custom_interface/srv/DRIVE_Request.msg
-- Installing: /home/harry/aaa/install/my_custom_interface/share/my_custom_interface/srv/DRIVE_Response.msg
-- Installing: /home/harry/aaa/install/my_custom_interface/share/my_custom_interface/srv/ORDER.srv
-- Installing: /home/harry/aaa/install/my_custom_interface/share/my_custom_interface/srv/ORDER_Request.msg
-- Installing: /home/harry/aaa/install/my_custom_interface/share/my_custom_interface/srv/ORDER_Response.msg
-- Installing: /home/harry/aaa/install/my_custom_interface/share/my_custom_interface/srv/ORDERR.srv
-- Installing: /home/harry/aaa/install/my_custom_interface/share/my_custom_interface/srv/ORDERR_Request.msg
-- Installing: /home/harry/aaa/install/my_custom_interface/share/my_custom_interface/srv/ORDERR_Response.msg
-- Installing: /home/harry/aaa/install/my_custom_interface/share/my_custom_interface/action/Calculator.action
-- Installing: /home/harry/aaa/install/my_custom_interface/share/my_custom_interface/action/Cal.action
-- Installing: /home/harry/aaa/install/my_custom_interface/share/my_custom_interface/action/COME.action
-- Installing: /home/harry/aaa/install/my_custom_interface/share/ament_index/resource_index/package_run_dependencies/my_custom_interface
-- Installing: /home/harry/aaa/install/my_custom_interface/share/ament_index/resource_index/parent_prefix_path/my_custom_interface
-- Installing: /home/harry/aaa/install/my_custom_interface/share/my_custom_interface/environment/ament_prefix_path.sh
-- Installing: /home/harry/aaa/install/my_custom_interface/share/my_custom_interface/environment/ament_prefix_path.dsv
-- Installing: /home/harry/aaa/install/my_custom_interface/share/my_custom_interface/environment/path.sh
-- Installing: /home/harry/aaa/install/my_custom_interface/share/my_custom_interface/environment/path.dsv
-- Installing: /home/harry/aaa/install/my_custom_interface/share/my_custom_interface/local_setup.bash
-- Installing: /home/harry/aaa/install/my_custom_interface/share/my_custom_interface/local_setup.sh
-- Installing: /home/harry/aaa/install/my_custom_interface/share/my_custom_interface/local_setup.zsh
-- Installing: /home/harry/aaa/install/my_custom_interface/share/my_custom_interface/local_setup.dsv
-- Installing: /home/harry/aaa/install/my_custom_interface/share/my_custom_interface/package.dsv
-- Installing: /home/harry/aaa/install/my_custom_interface/share/ament_index/resource_index/packages/my_custom_interface
-- Installing: /home/harry/aaa/install/my_custom_interface/share/my_custom_interface/cmake/export_my_custom_interface__rosidl_generator_cExport.cmake
-- Installing: /home/harry/aaa/install/my_custom_interface/share/my_custom_interface/cmake/export_my_custom_interface__rosidl_generator_cExport-noconfig.cmake
-- Installing: /home/harry/aaa/install/my_custom_interface/share/my_custom_interface/cmake/export_my_custom_interface__rosidl_typesupport_fastrtps_cExport.cmake
-- Installing: /home/harry/aaa/install/my_custom_interface/share/my_custom_interface/cmake/export_my_custom_interface__rosidl_typesupport_fastrtps_cExport-noconfig.cmake
-- Installing: /home/harry/aaa/install/my_custom_interface/share/my_custom_interface/cmake/my_custom_interface__rosidl_typesupport_introspection_cExport.cmake
-- Installing: /home/harry/aaa/install/my_custom_interface/share/my_custom_interface/cmake/my_custom_interface__rosidl_typesupport_introspection_cExport-noconfig.cmake
-- Installing: /home/harry/aaa/install/my_custom_interface/share/my_custom_interface/cmake/my_custom_interface__rosidl_typesupport_cExport.cmake
-- Installing: /home/harry/aaa/install/my_custom_interface/share/my_custom_interface/cmake/my_custom_interface__rosidl_typesupport_cExport-noconfig.cmake
-- Installing: /home/harry/aaa/install/my_custom_interface/share/my_custom_interface/cmake/export_my_custom_interface__rosidl_generator_cppExport.cmake
-- Installing: /home/harry/aaa/install/my_custom_interface/share/my_custom_interface/cmake/export_my_custom_interface__rosidl_typesupport_fastrtps_cppExport.cmake
-- Installing: /home/harry/aaa/install/my_custom_interface/share/my_custom_interface/cmake/export_my_custom_interface__rosidl_typesupport_fastrtps_cppExport-noconfig.cmake
-- Installing: /home/harry/aaa/install/my_custom_interface/share/my_custom_interface/cmake/my_custom_interface__rosidl_typesupport_introspection_cppExport.cmake
-- Installing: /home/harry/aaa/install/my_custom_interface/share/my_custom_interface/cmake/my_custom_interface__rosidl_typesupport_introspection_cppExport-noconfig.cmake
-- Installing: /home/harry/aaa/install/my_custom_interface/share/my_custom_interface/cmake/my_custom_interface__rosidl_typesupport_cppExport.cmake
-- Installing: /home/harry/aaa/install/my_custom_interface/share/my_custom_interface/cmake/my_custom_interface__rosidl_typesupport_cppExport-noconfig.cmake
-- Installing: /home/harry/aaa/install/my_custom_interface/share/my_custom_interface/cmake/export_my_custom_interface__rosidl_generator_pyExport.cmake
-- Installing: /home/harry/aaa/install/my_custom_interface/share/my_custom_interface/cmake/export_my_custom_interface__rosidl_generator_pyExport-noconfig.cmake
-- Installing: /home/harry/aaa/install/my_custom_interface/share/my_custom_interface/cmake/rosidl_cmake-extras.cmake
-- Installing: /home/harry/aaa/install/my_custom_interface/share/my_custom_interface/cmake/ament_cmake_export_dependencies-extras.cmake
-- Installing: /home/harry/aaa/install/my_custom_interface/share/my_custom_interface/cmake/ament_cmake_export_include_directories-extras.cmake
-- Installing: /home/harry/aaa/install/my_custom_interface/share/my_custom_interface/cmake/ament_cmake_export_libraries-extras.cmake
-- Installing: /home/harry/aaa/install/my_custom_interface/share/my_custom_interface/cmake/ament_cmake_export_targets-extras.cmake
-- Installing: /home/harry/aaa/install/my_custom_interface/share/my_custom_interface/cmake/rosidl_cmake_export_typesupport_targets-extras.cmake
-- Installing: /home/harry/aaa/install/my_custom_interface/share/my_custom_interface/cmake/rosidl_cmake_export_typesupport_libraries-extras.cmake
-- Installing: /home/harry/aaa/install/my_custom_interface/share/my_custom_interface/cmake/my_custom_interfaceConfig.cmake
-- Installing: /home/harry/aaa/install/my_custom_interface/share/my_custom_interface/cmake/my_custom_interfaceConfig-version.cmake
-- Installing: /home/harry/aaa/install/my_custom_interface/share/my_custom_interface/package.xml
