[0.091s] DEBUG:colcon:Command line arguments: ['/usr/bin/colcon', 'build']
[0.092s] DEBUG:colcon:Parsed command line arguments: Namespace(log_base=None, log_level=None, verb_name='build', build_base='build', install_base='install', merge_install=False, symlink_install=False, test_result_base=None, continue_on_error=False, executor='parallel', parallel_workers=12, event_handlers=None, ignore_user_meta=False, metas=['./colcon.meta'], base_paths=['.'], packages_ignore=None, packages_ignore_regex=None, paths=None, packages_up_to=None, packages_up_to_regex=None, packages_above=None, packages_above_and_dependencies=None, packages_above_depth=None, packages_select_by_dep=None, packages_skip_by_dep=None, packages_skip_up_to=None, packages_select_build_failed=False, packages_skip_build_finished=False, packages_select_test_failures=False, packages_skip_test_passed=False, packages_select=None, packages_skip=None, packages_select_regex=None, packages_skip_regex=None, packages_start=None, packages_end=None, allow_overriding=[], cmake_args=None, cmake_target=None, cmake_target_skip_unavailable=False, cmake_clean_cache=False, cmake_clean_first=False, cmake_force_configure=False, ament_cmake_args=None, catkin_cmake_args=None, catkin_skip_building_tests=False, verb_parser=<colcon_defaults.argument_parser.defaults.DefaultArgumentsDecorator object at 0x78f76553e140>, verb_extension=<colcon_core.verb.build.BuildVerb object at 0x78f76553dbd0>, main=<bound method BuildVerb.main of <colcon_core.verb.build.BuildVerb object at 0x78f76553dbd0>>)
[0.271s] Level 1:colcon.colcon_core.package_discovery:discover_packages(colcon_meta) check parameters
[0.271s] Level 1:colcon.colcon_core.package_discovery:discover_packages(recursive) check parameters
[0.271s] Level 1:colcon.colcon_core.package_discovery:discover_packages(ignore) check parameters
[0.271s] Level 1:colcon.colcon_core.package_discovery:discover_packages(path) check parameters
[0.271s] Level 1:colcon.colcon_core.package_discovery:discover_packages(colcon_meta) discover
[0.271s] Level 1:colcon.colcon_core.package_discovery:discover_packages(recursive) discover
[0.272s] INFO:colcon.colcon_core.package_discovery:Crawling recursively for packages in '/home/harry/aaa'
[0.272s] Level 1:colcon.colcon_core.package_identification:_identify(.) by extensions ['ignore', 'ignore_ament_install']
[0.272s] Level 1:colcon.colcon_core.package_identification:_identify(.) by extension 'ignore'
[0.272s] Level 1:colcon.colcon_core.package_identification:_identify(.) by extension 'ignore_ament_install'
[0.272s] Level 1:colcon.colcon_core.package_identification:_identify(.) by extensions ['colcon_pkg']
[0.272s] Level 1:colcon.colcon_core.package_identification:_identify(.) by extension 'colcon_pkg'
[0.272s] Level 1:colcon.colcon_core.package_identification:_identify(.) by extensions ['colcon_meta']
[0.272s] Level 1:colcon.colcon_core.package_identification:_identify(.) by extension 'colcon_meta'
[0.272s] Level 1:colcon.colcon_core.package_identification:_identify(.) by extensions ['ros']
[0.272s] Level 1:colcon.colcon_core.package_identification:_identify(.) by extension 'ros'
[0.281s] Level 1:colcon.colcon_core.package_identification:_identify(.) by extensions ['cmake', 'python']
[0.281s] Level 1:colcon.colcon_core.package_identification:_identify(.) by extension 'cmake'
[0.281s] Level 1:colcon.colcon_core.package_identification:_identify(.) by extension 'python'
[0.281s] Level 1:colcon.colcon_core.package_identification:_identify(.) by extensions ['python_setup_py']
[0.281s] Level 1:colcon.colcon_core.package_identification:_identify(.) by extension 'python_setup_py'
[0.281s] Level 1:colcon.colcon_core.package_identification:_identify(build) by extensions ['ignore', 'ignore_ament_install']
[0.281s] Level 1:colcon.colcon_core.package_identification:_identify(build) by extension 'ignore'
[0.281s] Level 1:colcon.colcon_core.package_identification:_identify(build) ignored
[0.282s] Level 1:colcon.colcon_core.package_identification:_identify(install) by extensions ['ignore', 'ignore_ament_install']
[0.282s] Level 1:colcon.colcon_core.package_identification:_identify(install) by extension 'ignore'
[0.282s] Level 1:colcon.colcon_core.package_identification:_identify(install) ignored
[0.282s] Level 1:colcon.colcon_core.package_identification:_identify(log) by extensions ['ignore', 'ignore_ament_install']
[0.282s] Level 1:colcon.colcon_core.package_identification:_identify(log) by extension 'ignore'
[0.282s] Level 1:colcon.colcon_core.package_identification:_identify(log) ignored
[0.282s] Level 1:colcon.colcon_core.package_identification:_identify(src) by extensions ['ignore', 'ignore_ament_install']
[0.282s] Level 1:colcon.colcon_core.package_identification:_identify(src) by extension 'ignore'
[0.282s] Level 1:colcon.colcon_core.package_identification:_identify(src) by extension 'ignore_ament_install'
[0.282s] Level 1:colcon.colcon_core.package_identification:_identify(src) by extensions ['colcon_pkg']
[0.282s] Level 1:colcon.colcon_core.package_identification:_identify(src) by extension 'colcon_pkg'
[0.282s] Level 1:colcon.colcon_core.package_identification:_identify(src) by extensions ['colcon_meta']
[0.282s] Level 1:colcon.colcon_core.package_identification:_identify(src) by extension 'colcon_meta'
[0.282s] Level 1:colcon.colcon_core.package_identification:_identify(src) by extensions ['ros']
[0.282s] Level 1:colcon.colcon_core.package_identification:_identify(src) by extension 'ros'
[0.282s] Level 1:colcon.colcon_core.package_identification:_identify(src) by extensions ['cmake', 'python']
[0.282s] Level 1:colcon.colcon_core.package_identification:_identify(src) by extension 'cmake'
[0.282s] Level 1:colcon.colcon_core.package_identification:_identify(src) by extension 'python'
[0.282s] Level 1:colcon.colcon_core.package_identification:_identify(src) by extensions ['python_setup_py']
[0.282s] Level 1:colcon.colcon_core.package_identification:_identify(src) by extension 'python_setup_py'
[0.283s] Level 1:colcon.colcon_core.package_identification:_identify(src/kiosk) by extensions ['ignore', 'ignore_ament_install']
[0.283s] Level 1:colcon.colcon_core.package_identification:_identify(src/kiosk) by extension 'ignore'
[0.283s] Level 1:colcon.colcon_core.package_identification:_identify(src/kiosk) by extension 'ignore_ament_install'
[0.283s] Level 1:colcon.colcon_core.package_identification:_identify(src/kiosk) by extensions ['colcon_pkg']
[0.283s] Level 1:colcon.colcon_core.package_identification:_identify(src/kiosk) by extension 'colcon_pkg'
[0.283s] Level 1:colcon.colcon_core.package_identification:_identify(src/kiosk) by extensions ['colcon_meta']
[0.283s] Level 1:colcon.colcon_core.package_identification:_identify(src/kiosk) by extension 'colcon_meta'
[0.283s] Level 1:colcon.colcon_core.package_identification:_identify(src/kiosk) by extensions ['ros']
[0.283s] Level 1:colcon.colcon_core.package_identification:_identify(src/kiosk) by extension 'ros'
[0.285s] DEBUG:colcon.colcon_core.package_identification:Package 'src/kiosk' with type 'ros.ament_python' and name 'kiosk'
[0.285s] Level 1:colcon.colcon_core.package_identification:_identify(src/kioskttt) by extensions ['ignore', 'ignore_ament_install']
[0.285s] Level 1:colcon.colcon_core.package_identification:_identify(src/kioskttt) by extension 'ignore'
[0.285s] Level 1:colcon.colcon_core.package_identification:_identify(src/kioskttt) by extension 'ignore_ament_install'
[0.285s] Level 1:colcon.colcon_core.package_identification:_identify(src/kioskttt) by extensions ['colcon_pkg']
[0.285s] Level 1:colcon.colcon_core.package_identification:_identify(src/kioskttt) by extension 'colcon_pkg'
[0.285s] Level 1:colcon.colcon_core.package_identification:_identify(src/kioskttt) by extensions ['colcon_meta']
[0.285s] Level 1:colcon.colcon_core.package_identification:_identify(src/kioskttt) by extension 'colcon_meta'
[0.285s] Level 1:colcon.colcon_core.package_identification:_identify(src/kioskttt) by extensions ['ros']
[0.285s] Level 1:colcon.colcon_core.package_identification:_identify(src/kioskttt) by extension 'ros'
[0.285s] Level 1:colcon.colcon_core.package_identification:_identify(src/kioskttt) by extensions ['cmake', 'python']
[0.285s] Level 1:colcon.colcon_core.package_identification:_identify(src/kioskttt) by extension 'cmake'
[0.285s] Level 1:colcon.colcon_core.package_identification:_identify(src/kioskttt) by extension 'python'
[0.285s] Level 1:colcon.colcon_core.package_identification:_identify(src/kioskttt) by extensions ['python_setup_py']
[0.285s] Level 1:colcon.colcon_core.package_identification:_identify(src/kioskttt) by extension 'python_setup_py'
[0.285s] Level 1:colcon.colcon_core.package_identification:_identify(src/kioskttt/build) by extensions ['ignore', 'ignore_ament_install']
[0.285s] Level 1:colcon.colcon_core.package_identification:_identify(src/kioskttt/build) by extension 'ignore'
[0.286s] Level 1:colcon.colcon_core.package_identification:_identify(src/kioskttt/build) ignored
[0.286s] Level 1:colcon.colcon_core.package_identification:_identify(src/kioskttt/install) by extensions ['ignore', 'ignore_ament_install']
[0.286s] Level 1:colcon.colcon_core.package_identification:_identify(src/kioskttt/install) by extension 'ignore'
[0.286s] Level 1:colcon.colcon_core.package_identification:_identify(src/kioskttt/install) ignored
[0.286s] Level 1:colcon.colcon_core.package_identification:_identify(src/kioskttt/log) by extensions ['ignore', 'ignore_ament_install']
[0.286s] Level 1:colcon.colcon_core.package_identification:_identify(src/kioskttt/log) by extension 'ignore'
[0.286s] Level 1:colcon.colcon_core.package_identification:_identify(src/kioskttt/log) ignored
[0.286s] Level 1:colcon.colcon_core.package_identification:_identify(src/kioskttt/src) by extensions ['ignore', 'ignore_ament_install']
[0.286s] Level 1:colcon.colcon_core.package_identification:_identify(src/kioskttt/src) by extension 'ignore'
[0.286s] Level 1:colcon.colcon_core.package_identification:_identify(src/kioskttt/src) by extension 'ignore_ament_install'
[0.286s] Level 1:colcon.colcon_core.package_identification:_identify(src/kioskttt/src) by extensions ['colcon_pkg']
[0.286s] Level 1:colcon.colcon_core.package_identification:_identify(src/kioskttt/src) by extension 'colcon_pkg'
[0.286s] Level 1:colcon.colcon_core.package_identification:_identify(src/kioskttt/src) by extensions ['colcon_meta']
[0.286s] Level 1:colcon.colcon_core.package_identification:_identify(src/kioskttt/src) by extension 'colcon_meta'
[0.286s] Level 1:colcon.colcon_core.package_identification:_identify(src/kioskttt/src) by extensions ['ros']
[0.286s] Level 1:colcon.colcon_core.package_identification:_identify(src/kioskttt/src) by extension 'ros'
[0.286s] Level 1:colcon.colcon_core.package_identification:_identify(src/kioskttt/src) by extensions ['cmake', 'python']
[0.286s] Level 1:colcon.colcon_core.package_identification:_identify(src/kioskttt/src) by extension 'cmake'
[0.286s] Level 1:colcon.colcon_core.package_identification:_identify(src/kioskttt/src) by extension 'python'
[0.286s] Level 1:colcon.colcon_core.package_identification:_identify(src/kioskttt/src) by extensions ['python_setup_py']
[0.286s] Level 1:colcon.colcon_core.package_identification:_identify(src/kioskttt/src) by extension 'python_setup_py'
[0.287s] Level 1:colcon.colcon_core.package_identification:_identify(src/kioskttt/src/kiosk) by extensions ['ignore', 'ignore_ament_install']
[0.287s] Level 1:colcon.colcon_core.package_identification:_identify(src/kioskttt/src/kiosk) by extension 'ignore'
[0.287s] Level 1:colcon.colcon_core.package_identification:_identify(src/kioskttt/src/kiosk) by extension 'ignore_ament_install'
[0.287s] Level 1:colcon.colcon_core.package_identification:_identify(src/kioskttt/src/kiosk) by extensions ['colcon_pkg']
[0.287s] Level 1:colcon.colcon_core.package_identification:_identify(src/kioskttt/src/kiosk) by extension 'colcon_pkg'
[0.287s] Level 1:colcon.colcon_core.package_identification:_identify(src/kioskttt/src/kiosk) by extensions ['colcon_meta']
[0.287s] Level 1:colcon.colcon_core.package_identification:_identify(src/kioskttt/src/kiosk) by extension 'colcon_meta'
[0.287s] Level 1:colcon.colcon_core.package_identification:_identify(src/kioskttt/src/kiosk) by extensions ['ros']
[0.287s] Level 1:colcon.colcon_core.package_identification:_identify(src/kioskttt/src/kiosk) by extension 'ros'
[0.287s] Level 1:colcon.colcon_core.package_identification:_identify(src/kioskttt/src/kiosk) by extensions ['cmake', 'python']
[0.287s] Level 1:colcon.colcon_core.package_identification:_identify(src/kioskttt/src/kiosk) by extension 'cmake'
[0.287s] Level 1:colcon.colcon_core.package_identification:_identify(src/kioskttt/src/kiosk) by extension 'python'
[0.287s] Level 1:colcon.colcon_core.package_identification:_identify(src/kioskttt/src/kiosk) by extensions ['python_setup_py']
[0.287s] Level 1:colcon.colcon_core.package_identification:_identify(src/kioskttt/src/kiosk) by extension 'python_setup_py'
[0.287s] Level 1:colcon.colcon_core.package_identification:_identify(src/kioskttt/src/kiosk/data) by extensions ['ignore', 'ignore_ament_install']
[0.287s] Level 1:colcon.colcon_core.package_identification:_identify(src/kioskttt/src/kiosk/data) by extension 'ignore'
[0.287s] Level 1:colcon.colcon_core.package_identification:_identify(src/kioskttt/src/kiosk/data) by extension 'ignore_ament_install'
[0.287s] Level 1:colcon.colcon_core.package_identification:_identify(src/kioskttt/src/kiosk/data) by extensions ['colcon_pkg']
[0.287s] Level 1:colcon.colcon_core.package_identification:_identify(src/kioskttt/src/kiosk/data) by extension 'colcon_pkg'
[0.287s] Level 1:colcon.colcon_core.package_identification:_identify(src/kioskttt/src/kiosk/data) by extensions ['colcon_meta']
[0.287s] Level 1:colcon.colcon_core.package_identification:_identify(src/kioskttt/src/kiosk/data) by extension 'colcon_meta'
[0.287s] Level 1:colcon.colcon_core.package_identification:_identify(src/kioskttt/src/kiosk/data) by extensions ['ros']
[0.287s] Level 1:colcon.colcon_core.package_identification:_identify(src/kioskttt/src/kiosk/data) by extension 'ros'
[0.288s] Level 1:colcon.colcon_core.package_identification:_identify(src/kioskttt/src/kiosk/data) by extensions ['cmake', 'python']
[0.288s] Level 1:colcon.colcon_core.package_identification:_identify(src/kioskttt/src/kiosk/data) by extension 'cmake'
[0.288s] Level 1:colcon.colcon_core.package_identification:_identify(src/kioskttt/src/kiosk/data) by extension 'python'
[0.288s] Level 1:colcon.colcon_core.package_identification:_identify(src/kioskttt/src/kiosk/data) by extensions ['python_setup_py']
[0.288s] Level 1:colcon.colcon_core.package_identification:_identify(src/kioskttt/src/kiosk/data) by extension 'python_setup_py'
[0.288s] Level 1:colcon.colcon_core.package_identification:_identify(src/kioskttt/src/kiosk/data/images) by extensions ['ignore', 'ignore_ament_install']
[0.288s] Level 1:colcon.colcon_core.package_identification:_identify(src/kioskttt/src/kiosk/data/images) by extension 'ignore'
[0.288s] Level 1:colcon.colcon_core.package_identification:_identify(src/kioskttt/src/kiosk/data/images) by extension 'ignore_ament_install'
[0.288s] Level 1:colcon.colcon_core.package_identification:_identify(src/kioskttt/src/kiosk/data/images) by extensions ['colcon_pkg']
[0.288s] Level 1:colcon.colcon_core.package_identification:_identify(src/kioskttt/src/kiosk/data/images) by extension 'colcon_pkg'
[0.288s] Level 1:colcon.colcon_core.package_identification:_identify(src/kioskttt/src/kiosk/data/images) by extensions ['colcon_meta']
[0.288s] Level 1:colcon.colcon_core.package_identification:_identify(src/kioskttt/src/kiosk/data/images) by extension 'colcon_meta'
[0.288s] Level 1:colcon.colcon_core.package_identification:_identify(src/kioskttt/src/kiosk/data/images) by extensions ['ros']
[0.288s] Level 1:colcon.colcon_core.package_identification:_identify(src/kioskttt/src/kiosk/data/images) by extension 'ros'
[0.288s] Level 1:colcon.colcon_core.package_identification:_identify(src/kioskttt/src/kiosk/data/images) by extensions ['cmake', 'python']
[0.288s] Level 1:colcon.colcon_core.package_identification:_identify(src/kioskttt/src/kiosk/data/images) by extension 'cmake'
[0.288s] Level 1:colcon.colcon_core.package_identification:_identify(src/kioskttt/src/kiosk/data/images) by extension 'python'
[0.288s] Level 1:colcon.colcon_core.package_identification:_identify(src/kioskttt/src/kiosk/data/images) by extensions ['python_setup_py']
[0.288s] Level 1:colcon.colcon_core.package_identification:_identify(src/kioskttt/src/kiosk/data/images) by extension 'python_setup_py'
[0.288s] Level 1:colcon.colcon_core.package_identification:_identify(src/kioskttt/src/kiosk/data/ui) by extensions ['ignore', 'ignore_ament_install']
[0.288s] Level 1:colcon.colcon_core.package_identification:_identify(src/kioskttt/src/kiosk/data/ui) by extension 'ignore'
[0.288s] Level 1:colcon.colcon_core.package_identification:_identify(src/kioskttt/src/kiosk/data/ui) by extension 'ignore_ament_install'
[0.288s] Level 1:colcon.colcon_core.package_identification:_identify(src/kioskttt/src/kiosk/data/ui) by extensions ['colcon_pkg']
[0.289s] Level 1:colcon.colcon_core.package_identification:_identify(src/kioskttt/src/kiosk/data/ui) by extension 'colcon_pkg'
[0.289s] Level 1:colcon.colcon_core.package_identification:_identify(src/kioskttt/src/kiosk/data/ui) by extensions ['colcon_meta']
[0.289s] Level 1:colcon.colcon_core.package_identification:_identify(src/kioskttt/src/kiosk/data/ui) by extension 'colcon_meta'
[0.289s] Level 1:colcon.colcon_core.package_identification:_identify(src/kioskttt/src/kiosk/data/ui) by extensions ['ros']
[0.289s] Level 1:colcon.colcon_core.package_identification:_identify(src/kioskttt/src/kiosk/data/ui) by extension 'ros'
[0.289s] Level 1:colcon.colcon_core.package_identification:_identify(src/kioskttt/src/kiosk/data/ui) by extensions ['cmake', 'python']
[0.289s] Level 1:colcon.colcon_core.package_identification:_identify(src/kioskttt/src/kiosk/data/ui) by extension 'cmake'
[0.289s] Level 1:colcon.colcon_core.package_identification:_identify(src/kioskttt/src/kiosk/data/ui) by extension 'python'
[0.289s] Level 1:colcon.colcon_core.package_identification:_identify(src/kioskttt/src/kiosk/data/ui) by extensions ['python_setup_py']
[0.289s] Level 1:colcon.colcon_core.package_identification:_identify(src/kioskttt/src/kiosk/data/ui) by extension 'python_setup_py'
[0.289s] Level 1:colcon.colcon_core.package_identification:_identify(src/kioskttt/src/kiosk/src) by extensions ['ignore', 'ignore_ament_install']
[0.289s] Level 1:colcon.colcon_core.package_identification:_identify(src/kioskttt/src/kiosk/src) by extension 'ignore'
[0.289s] Level 1:colcon.colcon_core.package_identification:_identify(src/kioskttt/src/kiosk/src) by extension 'ignore_ament_install'
[0.289s] Level 1:colcon.colcon_core.package_identification:_identify(src/kioskttt/src/kiosk/src) by extensions ['colcon_pkg']
[0.289s] Level 1:colcon.colcon_core.package_identification:_identify(src/kioskttt/src/kiosk/src) by extension 'colcon_pkg'
[0.289s] Level 1:colcon.colcon_core.package_identification:_identify(src/kioskttt/src/kiosk/src) by extensions ['colcon_meta']
[0.289s] Level 1:colcon.colcon_core.package_identification:_identify(src/kioskttt/src/kiosk/src) by extension 'colcon_meta'
[0.289s] Level 1:colcon.colcon_core.package_identification:_identify(src/kioskttt/src/kiosk/src) by extensions ['ros']
[0.289s] Level 1:colcon.colcon_core.package_identification:_identify(src/kioskttt/src/kiosk/src) by extension 'ros'
[0.289s] Level 1:colcon.colcon_core.package_identification:_identify(src/kioskttt/src/kiosk/src) by extensions ['cmake', 'python']
[0.289s] Level 1:colcon.colcon_core.package_identification:_identify(src/kioskttt/src/kiosk/src) by extension 'cmake'
[0.289s] Level 1:colcon.colcon_core.package_identification:_identify(src/kioskttt/src/kiosk/src) by extension 'python'
[0.289s] Level 1:colcon.colcon_core.package_identification:_identify(src/kioskttt/src/kiosk/src) by extensions ['python_setup_py']
[0.289s] Level 1:colcon.colcon_core.package_identification:_identify(src/kioskttt/src/kiosk/src) by extension 'python_setup_py'
[0.290s] Level 1:colcon.colcon_core.package_identification:_identify(src/kioskttt/src/kiosk/src/__pycache__) by extensions ['ignore', 'ignore_ament_install']
[0.290s] Level 1:colcon.colcon_core.package_identification:_identify(src/kioskttt/src/kiosk/src/__pycache__) by extension 'ignore'
[0.290s] Level 1:colcon.colcon_core.package_identification:_identify(src/kioskttt/src/kiosk/src/__pycache__) by extension 'ignore_ament_install'
[0.290s] Level 1:colcon.colcon_core.package_identification:_identify(src/kioskttt/src/kiosk/src/__pycache__) by extensions ['colcon_pkg']
[0.290s] Level 1:colcon.colcon_core.package_identification:_identify(src/kioskttt/src/kiosk/src/__pycache__) by extension 'colcon_pkg'
[0.290s] Level 1:colcon.colcon_core.package_identification:_identify(src/kioskttt/src/kiosk/src/__pycache__) by extensions ['colcon_meta']
[0.290s] Level 1:colcon.colcon_core.package_identification:_identify(src/kioskttt/src/kiosk/src/__pycache__) by extension 'colcon_meta'
[0.290s] Level 1:colcon.colcon_core.package_identification:_identify(src/kioskttt/src/kiosk/src/__pycache__) by extensions ['ros']
[0.290s] Level 1:colcon.colcon_core.package_identification:_identify(src/kioskttt/src/kiosk/src/__pycache__) by extension 'ros'
[0.290s] Level 1:colcon.colcon_core.package_identification:_identify(src/kioskttt/src/kiosk/src/__pycache__) by extensions ['cmake', 'python']
[0.290s] Level 1:colcon.colcon_core.package_identification:_identify(src/kioskttt/src/kiosk/src/__pycache__) by extension 'cmake'
[0.290s] Level 1:colcon.colcon_core.package_identification:_identify(src/kioskttt/src/kiosk/src/__pycache__) by extension 'python'
[0.290s] Level 1:colcon.colcon_core.package_identification:_identify(src/kioskttt/src/kiosk/src/__pycache__) by extensions ['python_setup_py']
[0.290s] Level 1:colcon.colcon_core.package_identification:_identify(src/kioskttt/src/kiosk/src/__pycache__) by extension 'python_setup_py'
[0.290s] Level 1:colcon.colcon_core.package_identification:_identify(src/my_custom_interface) by extensions ['ignore', 'ignore_ament_install']
[0.290s] Level 1:colcon.colcon_core.package_identification:_identify(src/my_custom_interface) by extension 'ignore'
[0.290s] Level 1:colcon.colcon_core.package_identification:_identify(src/my_custom_interface) by extension 'ignore_ament_install'
[0.290s] Level 1:colcon.colcon_core.package_identification:_identify(src/my_custom_interface) by extensions ['colcon_pkg']
[0.290s] Level 1:colcon.colcon_core.package_identification:_identify(src/my_custom_interface) by extension 'colcon_pkg'
[0.290s] Level 1:colcon.colcon_core.package_identification:_identify(src/my_custom_interface) by extensions ['colcon_meta']
[0.290s] Level 1:colcon.colcon_core.package_identification:_identify(src/my_custom_interface) by extension 'colcon_meta'
[0.290s] Level 1:colcon.colcon_core.package_identification:_identify(src/my_custom_interface) by extensions ['ros']
[0.291s] Level 1:colcon.colcon_core.package_identification:_identify(src/my_custom_interface) by extension 'ros'
[0.291s] DEBUG:colcon.colcon_core.package_identification:Package 'src/my_custom_interface' with type 'ros.ament_cmake' and name 'my_custom_interface'
[0.291s] Level 1:colcon.colcon_core.package_identification:_identify(src/term_project) by extensions ['ignore', 'ignore_ament_install']
[0.291s] Level 1:colcon.colcon_core.package_identification:_identify(src/term_project) by extension 'ignore'
[0.291s] Level 1:colcon.colcon_core.package_identification:_identify(src/term_project) by extension 'ignore_ament_install'
[0.291s] Level 1:colcon.colcon_core.package_identification:_identify(src/term_project) by extensions ['colcon_pkg']
[0.291s] Level 1:colcon.colcon_core.package_identification:_identify(src/term_project) by extension 'colcon_pkg'
[0.291s] Level 1:colcon.colcon_core.package_identification:_identify(src/term_project) by extensions ['colcon_meta']
[0.291s] Level 1:colcon.colcon_core.package_identification:_identify(src/term_project) by extension 'colcon_meta'
[0.291s] Level 1:colcon.colcon_core.package_identification:_identify(src/term_project) by extensions ['ros']
[0.291s] Level 1:colcon.colcon_core.package_identification:_identify(src/term_project) by extension 'ros'
[0.292s] DEBUG:colcon.colcon_core.package_identification:Package 'src/term_project' with type 'ros.ament_python' and name 'term_project'
[0.292s] Level 1:colcon.colcon_core.package_discovery:discover_packages(recursive) using defaults
[0.292s] Level 1:colcon.colcon_core.package_discovery:discover_packages(ignore) discover
[0.292s] Level 1:colcon.colcon_core.package_discovery:discover_packages(ignore) using defaults
[0.292s] Level 1:colcon.colcon_core.package_discovery:discover_packages(path) discover
[0.292s] Level 1:colcon.colcon_core.package_discovery:discover_packages(path) using defaults
[0.309s] Level 1:colcon.colcon_core.package_discovery:discover_packages(prefix_path) check parameters
[0.309s] Level 1:colcon.colcon_core.package_discovery:discover_packages(prefix_path) discover
[0.310s] DEBUG:colcon.colcon_installed_package_information.package_discovery:Found 3 installed packages in /home/harry/aaa/install
[0.311s] DEBUG:colcon.colcon_installed_package_information.package_discovery:Found 354 installed packages in /opt/ros/humble
[0.313s] Level 1:colcon.colcon_core.package_discovery:discover_packages(prefix_path) using defaults
[0.352s] Level 5:colcon.colcon_core.verb:set package 'kiosk' build argument 'cmake_args' from command line to 'None'
[0.352s] Level 5:colcon.colcon_core.verb:set package 'kiosk' build argument 'cmake_target' from command line to 'None'
[0.352s] Level 5:colcon.colcon_core.verb:set package 'kiosk' build argument 'cmake_target_skip_unavailable' from command line to 'False'
[0.352s] Level 5:colcon.colcon_core.verb:set package 'kiosk' build argument 'cmake_clean_cache' from command line to 'False'
[0.352s] Level 5:colcon.colcon_core.verb:set package 'kiosk' build argument 'cmake_clean_first' from command line to 'False'
[0.352s] Level 5:colcon.colcon_core.verb:set package 'kiosk' build argument 'cmake_force_configure' from command line to 'False'
[0.352s] Level 5:colcon.colcon_core.verb:set package 'kiosk' build argument 'ament_cmake_args' from command line to 'None'
[0.352s] Level 5:colcon.colcon_core.verb:set package 'kiosk' build argument 'catkin_cmake_args' from command line to 'None'
[0.352s] Level 5:colcon.colcon_core.verb:set package 'kiosk' build argument 'catkin_skip_building_tests' from command line to 'False'
[0.352s] DEBUG:colcon.colcon_core.verb:Building package 'kiosk' with the following arguments: {'ament_cmake_args': None, 'build_base': '/home/harry/aaa/build/kiosk', 'catkin_cmake_args': None, 'catkin_skip_building_tests': False, 'cmake_args': None, 'cmake_clean_cache': False, 'cmake_clean_first': False, 'cmake_force_configure': False, 'cmake_target': None, 'cmake_target_skip_unavailable': False, 'install_base': '/home/harry/aaa/install/kiosk', 'merge_install': False, 'path': '/home/harry/aaa/src/kiosk', 'symlink_install': False, 'test_result_base': None}
[0.353s] Level 5:colcon.colcon_core.verb:set package 'my_custom_interface' build argument 'cmake_args' from command line to 'None'
[0.353s] Level 5:colcon.colcon_core.verb:set package 'my_custom_interface' build argument 'cmake_target' from command line to 'None'
[0.353s] Level 5:colcon.colcon_core.verb:set package 'my_custom_interface' build argument 'cmake_target_skip_unavailable' from command line to 'False'
[0.353s] Level 5:colcon.colcon_core.verb:set package 'my_custom_interface' build argument 'cmake_clean_cache' from command line to 'False'
[0.353s] Level 5:colcon.colcon_core.verb:set package 'my_custom_interface' build argument 'cmake_clean_first' from command line to 'False'
[0.353s] Level 5:colcon.colcon_core.verb:set package 'my_custom_interface' build argument 'cmake_force_configure' from command line to 'False'
[0.353s] Level 5:colcon.colcon_core.verb:set package 'my_custom_interface' build argument 'ament_cmake_args' from command line to 'None'
[0.353s] Level 5:colcon.colcon_core.verb:set package 'my_custom_interface' build argument 'catkin_cmake_args' from command line to 'None'
[0.353s] Level 5:colcon.colcon_core.verb:set package 'my_custom_interface' build argument 'catkin_skip_building_tests' from command line to 'False'
[0.353s] DEBUG:colcon.colcon_core.verb:Building package 'my_custom_interface' with the following arguments: {'ament_cmake_args': None, 'build_base': '/home/harry/aaa/build/my_custom_interface', 'catkin_cmake_args': None, 'catkin_skip_building_tests': False, 'cmake_args': None, 'cmake_clean_cache': False, 'cmake_clean_first': False, 'cmake_force_configure': False, 'cmake_target': None, 'cmake_target_skip_unavailable': False, 'install_base': '/home/harry/aaa/install/my_custom_interface', 'merge_install': False, 'path': '/home/harry/aaa/src/my_custom_interface', 'symlink_install': False, 'test_result_base': None}
[0.353s] Level 5:colcon.colcon_core.verb:set package 'term_project' build argument 'cmake_args' from command line to 'None'
[0.353s] Level 5:colcon.colcon_core.verb:set package 'term_project' build argument 'cmake_target' from command line to 'None'
[0.353s] Level 5:colcon.colcon_core.verb:set package 'term_project' build argument 'cmake_target_skip_unavailable' from command line to 'False'
[0.353s] Level 5:colcon.colcon_core.verb:set package 'term_project' build argument 'cmake_clean_cache' from command line to 'False'
[0.353s] Level 5:colcon.colcon_core.verb:set package 'term_project' build argument 'cmake_clean_first' from command line to 'False'
[0.353s] Level 5:colcon.colcon_core.verb:set package 'term_project' build argument 'cmake_force_configure' from command line to 'False'
[0.353s] Level 5:colcon.colcon_core.verb:set package 'term_project' build argument 'ament_cmake_args' from command line to 'None'
[0.353s] Level 5:colcon.colcon_core.verb:set package 'term_project' build argument 'catkin_cmake_args' from command line to 'None'
[0.353s] Level 5:colcon.colcon_core.verb:set package 'term_project' build argument 'catkin_skip_building_tests' from command line to 'False'
[0.353s] DEBUG:colcon.colcon_core.verb:Building package 'term_project' with the following arguments: {'ament_cmake_args': None, 'build_base': '/home/harry/aaa/build/term_project', 'catkin_cmake_args': None, 'catkin_skip_building_tests': False, 'cmake_args': None, 'cmake_clean_cache': False, 'cmake_clean_first': False, 'cmake_force_configure': False, 'cmake_target': None, 'cmake_target_skip_unavailable': False, 'install_base': '/home/harry/aaa/install/term_project', 'merge_install': False, 'path': '/home/harry/aaa/src/term_project', 'symlink_install': False, 'test_result_base': None}
[0.353s] INFO:colcon.colcon_core.executor:Executing jobs using 'parallel' executor
[0.354s] DEBUG:colcon.colcon_parallel_executor.executor.parallel:run_until_complete
[0.354s] INFO:colcon.colcon_ros.task.ament_cmake.build:Building ROS package in '/home/harry/aaa/src/my_custom_interface' with build type 'ament_cmake'
[0.354s] INFO:colcon.colcon_cmake.task.cmake.build:Building CMake package in '/home/harry/aaa/src/my_custom_interface'
[0.356s] INFO:colcon.colcon_core.plugin_system:Skipping extension 'colcon_core.shell.bat': Not used on non-Windows systems
[0.356s] INFO:colcon.colcon_core.shell:Skip shell extension 'powershell' for command environment: Not usable outside of PowerShell
[0.356s] DEBUG:colcon.colcon_core.shell:Skip shell extension 'dsv' for command environment
[0.359s] INFO:colcon.colcon_ros.task.ament_python.build:Building ROS package in '/home/harry/aaa/src/kiosk' with build type 'ament_python'
[0.360s] Level 1:colcon.colcon_core.shell:create_environment_hook('kiosk', 'ament_prefix_path')
[0.360s] INFO:colcon.colcon_core.shell:Creating environment hook '/home/harry/aaa/install/kiosk/share/kiosk/hook/ament_prefix_path.ps1'
[0.360s] INFO:colcon.colcon_core.shell:Creating environment descriptor '/home/harry/aaa/install/kiosk/share/kiosk/hook/ament_prefix_path.dsv'
[0.361s] INFO:colcon.colcon_core.shell:Creating environment hook '/home/harry/aaa/install/kiosk/share/kiosk/hook/ament_prefix_path.sh'
[0.361s] INFO:colcon.colcon_core.shell:Skip shell extension 'powershell' for command environment: Not usable outside of PowerShell
[0.361s] DEBUG:colcon.colcon_core.shell:Skip shell extension 'dsv' for command environment
[0.370s] DEBUG:colcon.colcon_core.event_handler.log_command:Invoking command in '/home/harry/aaa/build/my_custom_interface': CMAKE_PREFIX_PATH=${CMAKE_PREFIX_PATH}:/opt/ros/humble:/home/harry/aaa/install/term_project:/home/harry/aaa/install/kiosk /home/harry/.local/bin/cmake --build /home/harry/aaa/build/my_custom_interface -- -j12 -l12
[0.646s] INFO:colcon.colcon_core.task.python.build:Building Python package in '/home/harry/aaa/src/kiosk'
[0.646s] INFO:colcon.colcon_core.shell:Skip shell extension 'powershell' for command environment: Not usable outside of PowerShell
[0.646s] DEBUG:colcon.colcon_core.shell:Skip shell extension 'dsv' for command environment
[0.749s] DEBUG:colcon.colcon_core.event_handler.log_command:Invoked command in '/home/harry/aaa/build/my_custom_interface' returned '0': CMAKE_PREFIX_PATH=${CMAKE_PREFIX_PATH}:/opt/ros/humble:/home/harry/aaa/install/term_project:/home/harry/aaa/install/kiosk /home/harry/.local/bin/cmake --build /home/harry/aaa/build/my_custom_interface -- -j12 -l12
[0.816s] DEBUG:colcon.colcon_core.event_handler.log_command:Invoking command in '/home/harry/aaa/build/my_custom_interface': CMAKE_PREFIX_PATH=${CMAKE_PREFIX_PATH}:/opt/ros/humble:/home/harry/aaa/install/term_project:/home/harry/aaa/install/kiosk /home/harry/.local/bin/cmake --install /home/harry/aaa/build/my_custom_interface
[0.933s] Level 1:colcon.colcon_core.environment:create_environment_scripts_only(my_custom_interface)
[0.933s] DEBUG:colcon.colcon_core.event_handler.log_command:Invoked command in '/home/harry/aaa/build/my_custom_interface' returned '0': CMAKE_PREFIX_PATH=${CMAKE_PREFIX_PATH}:/opt/ros/humble:/home/harry/aaa/install/term_project:/home/harry/aaa/install/kiosk /home/harry/.local/bin/cmake --install /home/harry/aaa/build/my_custom_interface
[0.935s] Level 1:colcon.colcon_core.environment:checking '/home/harry/aaa/install/my_custom_interface' for CMake module files
[0.935s] Level 1:colcon.colcon_core.environment:checking '/home/harry/aaa/install/my_custom_interface' for CMake config files
[0.936s] Level 1:colcon.colcon_core.shell:create_environment_hook('my_custom_interface', 'cmake_prefix_path')
[0.936s] INFO:colcon.colcon_core.shell:Creating environment hook '/home/harry/aaa/install/my_custom_interface/share/my_custom_interface/hook/cmake_prefix_path.ps1'
[0.936s] INFO:colcon.colcon_core.shell:Creating environment descriptor '/home/harry/aaa/install/my_custom_interface/share/my_custom_interface/hook/cmake_prefix_path.dsv'
[0.936s] INFO:colcon.colcon_core.shell:Creating environment hook '/home/harry/aaa/install/my_custom_interface/share/my_custom_interface/hook/cmake_prefix_path.sh'
[0.937s] Level 1:colcon.colcon_core.environment:checking '/home/harry/aaa/install/my_custom_interface/lib'
[0.937s] Level 1:colcon.colcon_core.shell:create_environment_hook('my_custom_interface', 'ld_library_path_lib')
[0.937s] INFO:colcon.colcon_core.shell:Creating environment hook '/home/harry/aaa/install/my_custom_interface/share/my_custom_interface/hook/ld_library_path_lib.ps1'
[0.938s] INFO:colcon.colcon_core.shell:Creating environment descriptor '/home/harry/aaa/install/my_custom_interface/share/my_custom_interface/hook/ld_library_path_lib.dsv'
[0.938s] INFO:colcon.colcon_core.shell:Creating environment hook '/home/harry/aaa/install/my_custom_interface/share/my_custom_interface/hook/ld_library_path_lib.sh'
[0.938s] Level 1:colcon.colcon_core.environment:checking '/home/harry/aaa/install/my_custom_interface/bin'
[0.938s] Level 1:colcon.colcon_core.environment:checking '/home/harry/aaa/install/my_custom_interface/lib/pkgconfig/my_custom_interface.pc'
[0.938s] Level 1:colcon.colcon_core.environment:checking '/home/harry/aaa/install/my_custom_interface/lib/python3.10/site-packages'
[0.939s] Level 1:colcon.colcon_core.environment:checking '/home/harry/aaa/install/my_custom_interface/bin'
[0.939s] INFO:colcon.colcon_core.shell:Creating package script '/home/harry/aaa/install/my_custom_interface/share/my_custom_interface/package.ps1'
[0.940s] INFO:colcon.colcon_core.shell:Creating package descriptor '/home/harry/aaa/install/my_custom_interface/share/my_custom_interface/package.dsv'
[0.940s] INFO:colcon.colcon_core.shell:Creating package script '/home/harry/aaa/install/my_custom_interface/share/my_custom_interface/package.sh'
[0.941s] INFO:colcon.colcon_core.shell:Creating package script '/home/harry/aaa/install/my_custom_interface/share/my_custom_interface/package.bash'
[0.941s] INFO:colcon.colcon_core.shell:Creating package script '/home/harry/aaa/install/my_custom_interface/share/my_custom_interface/package.zsh'
[0.942s] Level 1:colcon.colcon_core.environment:create_file_with_runtime_dependencies(/home/harry/aaa/install/my_custom_interface/share/colcon-core/packages/my_custom_interface)
[0.943s] Level 1:colcon.colcon_core.environment:create_environment_scripts_only(my_custom_interface)
[0.943s] Level 1:colcon.colcon_core.environment:checking '/home/harry/aaa/install/my_custom_interface' for CMake module files
[0.943s] Level 1:colcon.colcon_core.environment:checking '/home/harry/aaa/install/my_custom_interface' for CMake config files
[0.944s] Level 1:colcon.colcon_core.shell:create_environment_hook('my_custom_interface', 'cmake_prefix_path')
[0.944s] INFO:colcon.colcon_core.shell:Creating environment hook '/home/harry/aaa/install/my_custom_interface/share/my_custom_interface/hook/cmake_prefix_path.ps1'
[0.944s] INFO:colcon.colcon_core.shell:Creating environment descriptor '/home/harry/aaa/install/my_custom_interface/share/my_custom_interface/hook/cmake_prefix_path.dsv'
[0.944s] INFO:colcon.colcon_core.shell:Creating environment hook '/home/harry/aaa/install/my_custom_interface/share/my_custom_interface/hook/cmake_prefix_path.sh'
[0.945s] Level 1:colcon.colcon_core.environment:checking '/home/harry/aaa/install/my_custom_interface/lib'
[0.945s] Level 1:colcon.colcon_core.shell:create_environment_hook('my_custom_interface', 'ld_library_path_lib')
[0.945s] INFO:colcon.colcon_core.shell:Creating environment hook '/home/harry/aaa/install/my_custom_interface/share/my_custom_interface/hook/ld_library_path_lib.ps1'
[0.945s] INFO:colcon.colcon_core.shell:Creating environment descriptor '/home/harry/aaa/install/my_custom_interface/share/my_custom_interface/hook/ld_library_path_lib.dsv'
[0.946s] INFO:colcon.colcon_core.shell:Creating environment hook '/home/harry/aaa/install/my_custom_interface/share/my_custom_interface/hook/ld_library_path_lib.sh'
[0.946s] Level 1:colcon.colcon_core.environment:checking '/home/harry/aaa/install/my_custom_interface/bin'
[0.946s] Level 1:colcon.colcon_core.environment:checking '/home/harry/aaa/install/my_custom_interface/lib/pkgconfig/my_custom_interface.pc'
[0.946s] Level 1:colcon.colcon_core.environment:checking '/home/harry/aaa/install/my_custom_interface/lib/python3.10/site-packages'
[0.947s] Level 1:colcon.colcon_core.environment:checking '/home/harry/aaa/install/my_custom_interface/bin'
[0.947s] INFO:colcon.colcon_core.shell:Creating package script '/home/harry/aaa/install/my_custom_interface/share/my_custom_interface/package.ps1'
[0.948s] INFO:colcon.colcon_core.shell:Creating package descriptor '/home/harry/aaa/install/my_custom_interface/share/my_custom_interface/package.dsv'
[0.948s] INFO:colcon.colcon_core.shell:Creating package script '/home/harry/aaa/install/my_custom_interface/share/my_custom_interface/package.sh'
[0.949s] INFO:colcon.colcon_core.shell:Creating package script '/home/harry/aaa/install/my_custom_interface/share/my_custom_interface/package.bash'
[0.949s] INFO:colcon.colcon_core.shell:Creating package script '/home/harry/aaa/install/my_custom_interface/share/my_custom_interface/package.zsh'
[0.949s] Level 1:colcon.colcon_core.environment:create_file_with_runtime_dependencies(/home/harry/aaa/install/my_custom_interface/share/colcon-core/packages/my_custom_interface)
[0.950s] INFO:colcon.colcon_ros.task.ament_python.build:Building ROS package in '/home/harry/aaa/src/term_project' with build type 'ament_python'
[0.950s] Level 1:colcon.colcon_core.shell:create_environment_hook('term_project', 'ament_prefix_path')
[0.950s] INFO:colcon.colcon_core.shell:Creating environment hook '/home/harry/aaa/install/term_project/share/term_project/hook/ament_prefix_path.ps1'
[0.951s] INFO:colcon.colcon_core.shell:Creating environment descriptor '/home/harry/aaa/install/term_project/share/term_project/hook/ament_prefix_path.dsv'
[0.951s] INFO:colcon.colcon_core.shell:Creating environment hook '/home/harry/aaa/install/term_project/share/term_project/hook/ament_prefix_path.sh'
[0.952s] INFO:colcon.colcon_core.shell:Skip shell extension 'powershell' for command environment: Not usable outside of PowerShell
[0.952s] DEBUG:colcon.colcon_core.shell:Skip shell extension 'dsv' for command environment
[1.215s] INFO:colcon.colcon_core.task.python.build:Building Python package in '/home/harry/aaa/src/term_project'
[1.216s] INFO:colcon.colcon_core.shell:Skip shell extension 'powershell' for command environment: Not usable outside of PowerShell
[1.216s] DEBUG:colcon.colcon_core.shell:Skip shell extension 'dsv' for command environment
[1.221s] DEBUG:colcon.colcon_core.event_handler.log_command:Invoking command in '/home/harry/aaa/src/kiosk': PYTHONPATH=/home/harry/aaa/build/kiosk/prefix_override:/usr/lib/python3/dist-packages/colcon_core/task/python/colcon_distutils_commands:/home/harry/aaa/install/kiosk/lib/python3.10/site-packages:${PYTHONPATH} /usr/bin/python3 -W ignore:setup.py install is deprecated -W ignore:easy_install command is deprecated setup.py egg_info --egg-base ../../build/kiosk build --build-base /home/harry/aaa/build/kiosk/build install --record /home/harry/aaa/build/kiosk/install.log --single-version-externally-managed install_data
[1.511s] Level 1:colcon.colcon_core.environment:checking '/home/harry/aaa/install/kiosk' for CMake module files
[1.511s] DEBUG:colcon.colcon_core.event_handler.log_command:Invoked command in '/home/harry/aaa/src/kiosk' returned '0': PYTHONPATH=/home/harry/aaa/build/kiosk/prefix_override:/usr/lib/python3/dist-packages/colcon_core/task/python/colcon_distutils_commands:/home/harry/aaa/install/kiosk/lib/python3.10/site-packages:${PYTHONPATH} /usr/bin/python3 -W ignore:setup.py install is deprecated -W ignore:easy_install command is deprecated setup.py egg_info --egg-base ../../build/kiosk build --build-base /home/harry/aaa/build/kiosk/build install --record /home/harry/aaa/build/kiosk/install.log --single-version-externally-managed install_data
[1.511s] Level 1:colcon.colcon_core.environment:checking '/home/harry/aaa/install/kiosk' for CMake config files
[1.512s] Level 1:colcon.colcon_core.environment:checking '/home/harry/aaa/install/kiosk/lib'
[1.512s] Level 1:colcon.colcon_core.environment:checking '/home/harry/aaa/install/kiosk/bin'
[1.512s] Level 1:colcon.colcon_core.environment:checking '/home/harry/aaa/install/kiosk/lib/pkgconfig/kiosk.pc'
[1.512s] Level 1:colcon.colcon_core.environment:checking '/home/harry/aaa/install/kiosk/lib/python3.10/site-packages'
[1.512s] Level 1:colcon.colcon_core.shell:create_environment_hook('kiosk', 'pythonpath')
[1.512s] INFO:colcon.colcon_core.shell:Creating environment hook '/home/harry/aaa/install/kiosk/share/kiosk/hook/pythonpath.ps1'
[1.513s] INFO:colcon.colcon_core.shell:Creating environment descriptor '/home/harry/aaa/install/kiosk/share/kiosk/hook/pythonpath.dsv'
[1.513s] INFO:colcon.colcon_core.shell:Creating environment hook '/home/harry/aaa/install/kiosk/share/kiosk/hook/pythonpath.sh'
[1.514s] Level 1:colcon.colcon_core.environment:checking '/home/harry/aaa/install/kiosk/bin'
[1.514s] Level 1:colcon.colcon_core.environment:create_environment_scripts_only(kiosk)
[1.514s] INFO:colcon.colcon_core.shell:Creating package script '/home/harry/aaa/install/kiosk/share/kiosk/package.ps1'
[1.514s] INFO:colcon.colcon_core.shell:Creating package descriptor '/home/harry/aaa/install/kiosk/share/kiosk/package.dsv'
[1.515s] INFO:colcon.colcon_core.shell:Creating package script '/home/harry/aaa/install/kiosk/share/kiosk/package.sh'
[1.515s] INFO:colcon.colcon_core.shell:Creating package script '/home/harry/aaa/install/kiosk/share/kiosk/package.bash'
[1.515s] INFO:colcon.colcon_core.shell:Creating package script '/home/harry/aaa/install/kiosk/share/kiosk/package.zsh'
[1.516s] Level 1:colcon.colcon_core.environment:create_file_with_runtime_dependencies(/home/harry/aaa/install/kiosk/share/colcon-core/packages/kiosk)
[1.551s] DEBUG:colcon.colcon_core.event_handler.log_command:Invoking command in '/home/harry/aaa/src/term_project': LD_LIBRARY_PATH=/home/harry/aaa/install/my_custom_interface/lib:/opt/ros/humble/opt/rviz_ogre_vendor/lib:/opt/ros/humble/lib/x86_64-linux-gnu:/opt/ros/humble/lib PYTHONPATH=/home/harry/aaa/build/term_project/prefix_override:/usr/lib/python3/dist-packages/colcon_core/task/python/colcon_distutils_commands:/home/harry/aaa/install/term_project/lib/python3.10/site-packages:${PYTHONPATH} /usr/bin/python3 -W ignore:setup.py install is deprecated -W ignore:easy_install command is deprecated setup.py egg_info --egg-base ../../build/term_project build --build-base /home/harry/aaa/build/term_project/build install --record /home/harry/aaa/build/term_project/install.log --single-version-externally-managed install_data
[1.829s] Level 1:colcon.colcon_core.environment:checking '/home/harry/aaa/install/term_project' for CMake module files
[1.829s] DEBUG:colcon.colcon_core.event_handler.log_command:Invoked command in '/home/harry/aaa/src/term_project' returned '0': LD_LIBRARY_PATH=/home/harry/aaa/install/my_custom_interface/lib:/opt/ros/humble/opt/rviz_ogre_vendor/lib:/opt/ros/humble/lib/x86_64-linux-gnu:/opt/ros/humble/lib PYTHONPATH=/home/harry/aaa/build/term_project/prefix_override:/usr/lib/python3/dist-packages/colcon_core/task/python/colcon_distutils_commands:/home/harry/aaa/install/term_project/lib/python3.10/site-packages:${PYTHONPATH} /usr/bin/python3 -W ignore:setup.py install is deprecated -W ignore:easy_install command is deprecated setup.py egg_info --egg-base ../../build/term_project build --build-base /home/harry/aaa/build/term_project/build install --record /home/harry/aaa/build/term_project/install.log --single-version-externally-managed install_data
[1.829s] Level 1:colcon.colcon_core.environment:checking '/home/harry/aaa/install/term_project' for CMake config files
[1.830s] Level 1:colcon.colcon_core.environment:checking '/home/harry/aaa/install/term_project/lib'
[1.830s] Level 1:colcon.colcon_core.environment:checking '/home/harry/aaa/install/term_project/bin'
[1.830s] Level 1:colcon.colcon_core.environment:checking '/home/harry/aaa/install/term_project/lib/pkgconfig/term_project.pc'
[1.830s] Level 1:colcon.colcon_core.environment:checking '/home/harry/aaa/install/term_project/lib/python3.10/site-packages'
[1.830s] Level 1:colcon.colcon_core.shell:create_environment_hook('term_project', 'pythonpath')
[1.830s] INFO:colcon.colcon_core.shell:Creating environment hook '/home/harry/aaa/install/term_project/share/term_project/hook/pythonpath.ps1'
[1.831s] INFO:colcon.colcon_core.shell:Creating environment descriptor '/home/harry/aaa/install/term_project/share/term_project/hook/pythonpath.dsv'
[1.831s] INFO:colcon.colcon_core.shell:Creating environment hook '/home/harry/aaa/install/term_project/share/term_project/hook/pythonpath.sh'
[1.832s] Level 1:colcon.colcon_core.environment:checking '/home/harry/aaa/install/term_project/bin'
[1.832s] Level 1:colcon.colcon_core.environment:create_environment_scripts_only(term_project)
[1.832s] INFO:colcon.colcon_core.shell:Creating package script '/home/harry/aaa/install/term_project/share/term_project/package.ps1'
[1.832s] INFO:colcon.colcon_core.shell:Creating package descriptor '/home/harry/aaa/install/term_project/share/term_project/package.dsv'
[1.833s] INFO:colcon.colcon_core.shell:Creating package script '/home/harry/aaa/install/term_project/share/term_project/package.sh'
[1.833s] INFO:colcon.colcon_core.shell:Creating package script '/home/harry/aaa/install/term_project/share/term_project/package.bash'
[1.833s] INFO:colcon.colcon_core.shell:Creating package script '/home/harry/aaa/install/term_project/share/term_project/package.zsh'
[1.833s] Level 1:colcon.colcon_core.environment:create_file_with_runtime_dependencies(/home/harry/aaa/install/term_project/share/colcon-core/packages/term_project)
[1.834s] DEBUG:colcon.colcon_parallel_executor.executor.parallel:closing loop
[1.834s] DEBUG:colcon.colcon_parallel_executor.executor.parallel:loop closed
[1.834s] DEBUG:colcon.colcon_parallel_executor.executor.parallel:run_until_complete finished with '0'
[1.834s] DEBUG:colcon.colcon_core.event_reactor:joining thread
[1.838s] INFO:colcon.colcon_core.plugin_system:Skipping extension 'colcon_notification.desktop_notification.terminal_notifier': Not used on non-Darwin systems
[1.838s] INFO:colcon.colcon_core.plugin_system:Skipping extension 'colcon_notification.desktop_notification.win32': Not used on non-Windows systems
[1.839s] INFO:colcon.colcon_notification.desktop_notification:Sending desktop notification using 'notify2'
[1.848s] DEBUG:colcon.colcon_core.event_reactor:joined thread
[1.848s] INFO:colcon.colcon_core.shell:Creating prefix script '/home/harry/aaa/install/local_setup.ps1'
[1.849s] INFO:colcon.colcon_core.shell:Creating prefix util module '/home/harry/aaa/install/_local_setup_util_ps1.py'
[1.850s] INFO:colcon.colcon_core.shell:Creating prefix chain script '/home/harry/aaa/install/setup.ps1'
[1.851s] INFO:colcon.colcon_core.shell:Creating prefix script '/home/harry/aaa/install/local_setup.sh'
[1.852s] INFO:colcon.colcon_core.shell:Creating prefix util module '/home/harry/aaa/install/_local_setup_util_sh.py'
[1.852s] INFO:colcon.colcon_core.shell:Creating prefix chain script '/home/harry/aaa/install/setup.sh'
[1.853s] INFO:colcon.colcon_core.shell:Creating prefix script '/home/harry/aaa/install/local_setup.bash'
[1.853s] INFO:colcon.colcon_core.shell:Creating prefix chain script '/home/harry/aaa/install/setup.bash'
[1.855s] INFO:colcon.colcon_core.shell:Creating prefix script '/home/harry/aaa/install/local_setup.zsh'
[1.855s] INFO:colcon.colcon_core.shell:Creating prefix chain script '/home/harry/aaa/install/setup.zsh'
