[0.895s] Invoking command in '/home/harry/aaa/src/kiosk': PYTHONPATH=/home/harry/aaa/build/kiosk/prefix_override:/usr/lib/python3/dist-packages/colcon_core/task/python/colcon_distutils_commands:/home/harry/aaa/install/kiosk/lib/python3.10/site-packages:${PYTHONPATH} /usr/bin/python3 -W ignore:setup.py install is deprecated -W ignore:easy_install command is deprecated setup.py egg_info --egg-base ../../build/kiosk build --build-base /home/harry/aaa/build/kiosk/build install --record /home/harry/aaa/build/kiosk/install.log --single-version-externally-managed install_data
[1.149s] running egg_info
[1.149s] writing ../../build/kiosk/kiosk.egg-info/PKG-INFO
[1.149s] writing dependency_links to ../../build/kiosk/kiosk.egg-info/dependency_links.txt
[1.150s] writing entry points to ../../build/kiosk/kiosk.egg-info/entry_points.txt
[1.150s] writing requirements to ../../build/kiosk/kiosk.egg-info/requires.txt
[1.150s] writing top-level names to ../../build/kiosk/kiosk.egg-info/top_level.txt
[1.152s] reading manifest file '../../build/kiosk/kiosk.egg-info/SOURCES.txt'
[1.154s] writing manifest file '../../build/kiosk/kiosk.egg-info/SOURCES.txt'
[1.154s] running build
[1.154s] running build_py
[1.155s] running install
[1.155s] running install_lib
[1.156s] running install_data
[1.157s] running install_egg_info
[1.159s] removing '/home/harry/aaa/install/kiosk/lib/python3.10/site-packages/kiosk-0.0.0-py3.10.egg-info' (and everything under it)
[1.159s] Copying ../../build/kiosk/kiosk.egg-info to /home/harry/aaa/install/kiosk/lib/python3.10/site-packages/kiosk-0.0.0-py3.10.egg-info
[1.160s] running install_scripts
[1.177s] Installing kiosk_gui script to /home/harry/aaa/install/kiosk/lib/kiosk
[1.178s] Installing test script to /home/harry/aaa/install/kiosk/lib/kiosk
[1.178s] Installing test2 script to /home/harry/aaa/install/kiosk/lib/kiosk
[1.178s] writing list of installed files to '/home/harry/aaa/build/kiosk/install.log'
[1.199s] Invoked command in '/home/harry/aaa/src/kiosk' returned '0': PYTHONPATH=/home/harry/aaa/build/kiosk/prefix_override:/usr/lib/python3/dist-packages/colcon_core/task/python/colcon_distutils_commands:/home/harry/aaa/install/kiosk/lib/python3.10/site-packages:${PYTHONPATH} /usr/bin/python3 -W ignore:setup.py install is deprecated -W ignore:easy_install command is deprecated setup.py egg_info --egg-base ../../build/kiosk build --build-base /home/harry/aaa/build/kiosk/build install --record /home/harry/aaa/build/kiosk/install.log --single-version-externally-managed install_data
