[0.940s] Invoking command in '/home/harry/aaa/src/kiosk': PYTHONPATH=/home/harry/aaa/build/kiosk/prefix_override:/usr/lib/python3/dist-packages/colcon_core/task/python/colcon_distutils_commands:/home/harry/aaa/install/kiosk/lib/python3.10/site-packages:${PYTHONPATH} /usr/bin/python3 -W ignore:setup.py install is deprecated -W ignore:easy_install command is deprecated setup.py egg_info --egg-base ../../build/kiosk build --build-base /home/harry/aaa/build/kiosk/build install --record /home/harry/aaa/build/kiosk/install.log --single-version-externally-managed install_data
[1.200s] running egg_info
[1.201s] writing ../../build/kiosk/kiosk.egg-info/PKG-INFO
[1.202s] writing dependency_links to ../../build/kiosk/kiosk.egg-info/dependency_links.txt
[1.202s] writing entry points to ../../build/kiosk/kiosk.egg-info/entry_points.txt
[1.202s] writing requirements to ../../build/kiosk/kiosk.egg-info/requires.txt
[1.202s] writing top-level names to ../../build/kiosk/kiosk.egg-info/top_level.txt
[1.206s] reading manifest file '../../build/kiosk/kiosk.egg-info/SOURCES.txt'
[1.207s] writing manifest file '../../build/kiosk/kiosk.egg-info/SOURCES.txt'
[1.207s] running build
[1.207s] running build_py
[1.208s] copying kiosk/test2.py -> /home/harry/aaa/build/kiosk/build/lib/kiosk
[1.208s] running install
[1.208s] running install_lib
[1.209s] copying /home/harry/aaa/build/kiosk/build/lib/kiosk/test2.py -> /home/harry/aaa/install/kiosk/lib/python3.10/site-packages/kiosk
[1.210s] byte-compiling /home/harry/aaa/install/kiosk/lib/python3.10/site-packages/kiosk/test2.py to test2.cpython-310.pyc
[1.212s] running install_data
[1.213s] running install_egg_info
[1.214s] removing '/home/harry/aaa/install/kiosk/lib/python3.10/site-packages/kiosk-0.0.0-py3.10.egg-info' (and everything under it)
[1.214s] Copying ../../build/kiosk/kiosk.egg-info to /home/harry/aaa/install/kiosk/lib/python3.10/site-packages/kiosk-0.0.0-py3.10.egg-info
[1.215s] running install_scripts
[1.233s] Installing kiosk_gui script to /home/harry/aaa/install/kiosk/lib/kiosk
[1.233s] Installing test script to /home/harry/aaa/install/kiosk/lib/kiosk
[1.233s] Installing test2 script to /home/harry/aaa/install/kiosk/lib/kiosk
[1.233s] writing list of installed files to '/home/harry/aaa/build/kiosk/install.log'
[1.255s] Invoked command in '/home/harry/aaa/src/kiosk' returned '0': PYTHONPATH=/home/harry/aaa/build/kiosk/prefix_override:/usr/lib/python3/dist-packages/colcon_core/task/python/colcon_distutils_commands:/home/harry/aaa/install/kiosk/lib/python3.10/site-packages:${PYTHONPATH} /usr/bin/python3 -W ignore:setup.py install is deprecated -W ignore:easy_install command is deprecated setup.py egg_info --egg-base ../../build/kiosk build --build-base /home/harry/aaa/build/kiosk/build install --record /home/harry/aaa/build/kiosk/install.log --single-version-externally-managed install_data
