[0.668s] Invoking command in '/home/harry/aaa/src/kiosk': PYTHONPATH=/home/harry/aaa/build/kiosk/prefix_override:/usr/lib/python3/dist-packages/colcon_core/task/python/colcon_distutils_commands:/home/harry/aaa/install/kiosk/lib/python3.10/site-packages:${PYTHONPATH} /usr/bin/python3 -W ignore:setup.py install is deprecated -W ignore:easy_install command is deprecated setup.py egg_info --egg-base ../../build/kiosk build --build-base /home/harry/aaa/build/kiosk/build install --record /home/harry/aaa/build/kiosk/install.log --single-version-externally-managed install_data
[0.915s] running egg_info
[0.915s] writing ../../build/kiosk/kiosk.egg-info/PKG-INFO
[0.915s] writing dependency_links to ../../build/kiosk/kiosk.egg-info/dependency_links.txt
[0.916s] writing entry points to ../../build/kiosk/kiosk.egg-info/entry_points.txt
[0.916s] writing requirements to ../../build/kiosk/kiosk.egg-info/requires.txt
[0.916s] writing top-level names to ../../build/kiosk/kiosk.egg-info/top_level.txt
[0.918s] reading manifest file '../../build/kiosk/kiosk.egg-info/SOURCES.txt'
[0.920s] writing manifest file '../../build/kiosk/kiosk.egg-info/SOURCES.txt'
[0.920s] running build
[0.920s] running build_py
[0.920s] copying kiosk/test2.py -> /home/harry/aaa/build/kiosk/build/lib/kiosk
[0.921s] running install
[0.921s] running install_lib
[0.922s] copying /home/harry/aaa/build/kiosk/build/lib/kiosk/test2.py -> /home/harry/aaa/install/kiosk/lib/python3.10/site-packages/kiosk
[0.923s] byte-compiling /home/harry/aaa/install/kiosk/lib/python3.10/site-packages/kiosk/test2.py to test2.cpython-310.pyc
[0.925s] running install_data
[0.926s] running install_egg_info
[0.927s] removing '/home/harry/aaa/install/kiosk/lib/python3.10/site-packages/kiosk-0.0.0-py3.10.egg-info' (and everything under it)
[0.928s] Copying ../../build/kiosk/kiosk.egg-info to /home/harry/aaa/install/kiosk/lib/python3.10/site-packages/kiosk-0.0.0-py3.10.egg-info
[0.929s] running install_scripts
[0.945s] Installing kiosk_gui script to /home/harry/aaa/install/kiosk/lib/kiosk
[0.945s] Installing test script to /home/harry/aaa/install/kiosk/lib/kiosk
[0.946s] Installing test2 script to /home/harry/aaa/install/kiosk/lib/kiosk
[0.946s] writing list of installed files to '/home/harry/aaa/build/kiosk/install.log'
[0.966s] Invoked command in '/home/harry/aaa/src/kiosk' returned '0': PYTHONPATH=/home/harry/aaa/build/kiosk/prefix_override:/usr/lib/python3/dist-packages/colcon_core/task/python/colcon_distutils_commands:/home/harry/aaa/install/kiosk/lib/python3.10/site-packages:${PYTHONPATH} /usr/bin/python3 -W ignore:setup.py install is deprecated -W ignore:easy_install command is deprecated setup.py egg_info --egg-base ../../build/kiosk build --build-base /home/harry/aaa/build/kiosk/build install --record /home/harry/aaa/build/kiosk/install.log --single-version-externally-managed install_data
