[0.016s] Invoking command in '/home/harry/aaa/build/my_custom_interface': CMAKE_PREFIX_PATH=${CMAKE_PREFIX_PATH}:/home/harry/aaa/install/term_project:/home/harry/aaa/install/kiosk:/opt/ros/humble /home/harry/.local/bin/cmake --build /home/harry/aaa/build/my_custom_interface -- -j12 -l12
[0.161s] [  0%] Built target my_custom_interface__cpp
[0.176s] [ 12%] Built target my_custom_interface__rosidl_generator_c
[0.179s] [ 12%] Built target ament_cmake_python_copy_my_custom_interface
[0.188s] [ 24%] Built target my_custom_interface__rosidl_typesupport_cpp
[0.188s] [ 37%] Built target my_custom_interface__rosidl_typesupport_fastrtps_cpp
[0.188s] [ 47%] Built target my_custom_interface__rosidl_typesupport_introspection_cpp
[0.194s] [ 58%] Built target my_custom_interface__rosidl_typesupport_c
[0.196s] [ 70%] Built target my_custom_interface__rosidl_typesupport_introspection_c
[0.197s] [ 82%] Built target my_custom_interface__rosidl_typesupport_fastrtps_c
[0.207s] [ 82%] Built target my_custom_interface
[0.218s] [ 83%] Built target my_custom_interface__py
[0.238s] [ 94%] Built target my_custom_interface__rosidl_generator_py
[0.251s] [ 98%] Built target my_custom_interface__rosidl_typesupport_fastrtps_c__pyext
[0.252s] [ 98%] Built target my_custom_interface__rosidl_typesupport_introspection_c__pyext
[0.252s] [100%] Built target my_custom_interface__rosidl_typesupport_c__pyext
[0.443s] running egg_info
[0.444s] writing my_custom_interface.egg-info/PKG-INFO
[0.444s] writing dependency_links to my_custom_interface.egg-info/dependency_links.txt
[0.444s] writing top-level names to my_custom_interface.egg-info/top_level.txt
[0.447s] reading manifest file 'my_custom_interface.egg-info/SOURCES.txt'
[0.448s] writing manifest file 'my_custom_interface.egg-info/SOURCES.txt'
[0.464s] [100%] Built target ament_cmake_python_build_my_custom_interface_egg
[0.469s] Invoked command in '/home/harry/aaa/build/my_custom_interface' returned '0': CMAKE_PREFIX_PATH=${CMAKE_PREFIX_PATH}:/home/harry/aaa/install/term_project:/home/harry/aaa/install/kiosk:/opt/ros/humble /home/harry/.local/bin/cmake --build /home/harry/aaa/build/my_custom_interface -- -j12 -l12
[0.539s] Invoking command in '/home/harry/aaa/build/my_custom_interface': CMAKE_PREFIX_PATH=${CMAKE_PREFIX_PATH}:/home/harry/aaa/install/term_project:/home/harry/aaa/install/kiosk:/opt/ros/humble /home/harry/.local/bin/cmake --install /home/harry/aaa/build/my_custom_interface
[0.606s] -- Install configuration: ""
[0.607s] -- Up-to-date: /home/harry/aaa/install/my_custom_interface/share/ament_index/resource_index/rosidl_interfaces/my_custom_interface
[0.607s] -- Up-to-date: /home/harry/aaa/install/my_custom_interface/include/my_custom_interface/my_custom_interface
[0.607s] -- Up-to-date: /home/harry/aaa/install/my_custom_interface/include/my_custom_interface/my_custom_interface/action
[0.608s] -- Up-to-date: /home/harry/aaa/install/my_custom_interface/include/my_custom_interface/my_custom_interface/action/cal.h
[0.608s] -- Up-to-date: /home/harry/aaa/install/my_custom_interface/include/my_custom_interface/my_custom_interface/action/calculator.h
[0.608s] -- Up-to-date: /home/harry/aaa/install/my_custom_interface/include/my_custom_interface/my_custom_interface/action/detail
[0.608s] -- Up-to-date: /home/harry/aaa/install/my_custom_interface/include/my_custom_interface/my_custom_interface/action/detail/come__functions.c
[0.608s] -- Up-to-date: /home/harry/aaa/install/my_custom_interface/include/my_custom_interface/my_custom_interface/action/detail/calculator__functions.c
[0.608s] -- Up-to-date: /home/harry/aaa/install/my_custom_interface/include/my_custom_interface/my_custom_interface/action/detail/calculator__struct.h
[0.608s] -- Up-to-date: /home/harry/aaa/install/my_custom_interface/include/my_custom_interface/my_custom_interface/action/detail/cal__functions.h
[0.608s] -- Up-to-date: /home/harry/aaa/install/my_custom_interface/include/my_custom_interface/my_custom_interface/action/detail/come__type_support.h
[0.609s] -- Up-to-date: /home/harry/aaa/install/my_custom_interface/include/my_custom_interface/my_custom_interface/action/detail/calculator__functions.h
[0.609s] -- Up-to-date: /home/harry/aaa/install/my_custom_interface/include/my_custom_interface/my_custom_interface/action/detail/calculator__type_support.h
[0.609s] -- Up-to-date: /home/harry/aaa/install/my_custom_interface/include/my_custom_interface/my_custom_interface/action/detail/cal__struct.h
[0.609s] -- Up-to-date: /home/harry/aaa/install/my_custom_interface/include/my_custom_interface/my_custom_interface/action/detail/come__struct.h
[0.609s] -- Up-to-date: /home/harry/aaa/install/my_custom_interface/include/my_custom_interface/my_custom_interface/action/detail/cal__type_support.h
[0.609s] -- Up-to-date: /home/harry/aaa/install/my_custom_interface/include/my_custom_interface/my_custom_interface/action/detail/come__functions.h
[0.609s] -- Up-to-date: /home/harry/aaa/install/my_custom_interface/include/my_custom_interface/my_custom_interface/action/detail/cal__functions.c
[0.609s] -- Up-to-date: /home/harry/aaa/install/my_custom_interface/include/my_custom_interface/my_custom_interface/action/come.h
[0.609s] -- Up-to-date: /home/harry/aaa/install/my_custom_interface/include/my_custom_interface/my_custom_interface/srv
[0.609s] -- Up-to-date: /home/harry/aaa/install/my_custom_interface/include/my_custom_interface/my_custom_interface/srv/order.h
[0.609s] -- Up-to-date: /home/harry/aaa/install/my_custom_interface/include/my_custom_interface/my_custom_interface/srv/abc.h
[0.609s] -- Up-to-date: /home/harry/aaa/install/my_custom_interface/include/my_custom_interface/my_custom_interface/srv/complete.h
[0.609s] -- Up-to-date: /home/harry/aaa/install/my_custom_interface/include/my_custom_interface/my_custom_interface/srv/orderr.h
[0.609s] -- Up-to-date: /home/harry/aaa/install/my_custom_interface/include/my_custom_interface/my_custom_interface/srv/detail
[0.609s] -- Up-to-date: /home/harry/aaa/install/my_custom_interface/include/my_custom_interface/my_custom_interface/srv/detail/order__struct.h
[0.610s] -- Up-to-date: /home/harry/aaa/install/my_custom_interface/include/my_custom_interface/my_custom_interface/srv/detail/orderr__functions.c
[0.610s] -- Up-to-date: /home/harry/aaa/install/my_custom_interface/include/my_custom_interface/my_custom_interface/srv/detail/abc__type_support.h
[0.610s] -- Up-to-date: /home/harry/aaa/install/my_custom_interface/include/my_custom_interface/my_custom_interface/srv/detail/abc__functions.c
[0.610s] -- Up-to-date: /home/harry/aaa/install/my_custom_interface/include/my_custom_interface/my_custom_interface/srv/detail/orderr__functions.h
[0.610s] -- Up-to-date: /home/harry/aaa/install/my_custom_interface/include/my_custom_interface/my_custom_interface/srv/detail/complete__functions.c
[0.610s] -- Up-to-date: /home/harry/aaa/install/my_custom_interface/include/my_custom_interface/my_custom_interface/srv/detail/abc__functions.h
[0.610s] -- Up-to-date: /home/harry/aaa/install/my_custom_interface/include/my_custom_interface/my_custom_interface/srv/detail/complete__functions.h
[0.610s] -- Up-to-date: /home/harry/aaa/install/my_custom_interface/include/my_custom_interface/my_custom_interface/srv/detail/drive__type_support.h
[0.610s] -- Up-to-date: /home/harry/aaa/install/my_custom_interface/include/my_custom_interface/my_custom_interface/srv/detail/order__functions.h
[0.610s] -- Up-to-date: /home/harry/aaa/install/my_custom_interface/include/my_custom_interface/my_custom_interface/srv/detail/order__type_support.h
[0.610s] -- Up-to-date: /home/harry/aaa/install/my_custom_interface/include/my_custom_interface/my_custom_interface/srv/detail/orderr__type_support.h
[0.610s] -- Up-to-date: /home/harry/aaa/install/my_custom_interface/include/my_custom_interface/my_custom_interface/srv/detail/drive__functions.c
[0.610s] -- Up-to-date: /home/harry/aaa/install/my_custom_interface/include/my_custom_interface/my_custom_interface/srv/detail/rotatehome__functions.c
[0.610s] -- Up-to-date: /home/harry/aaa/install/my_custom_interface/include/my_custom_interface/my_custom_interface/srv/detail/rotatehome__type_support.h
[0.610s] -- Up-to-date: /home/harry/aaa/install/my_custom_interface/include/my_custom_interface/my_custom_interface/srv/detail/complete__type_support.h
[0.610s] -- Up-to-date: /home/harry/aaa/install/my_custom_interface/include/my_custom_interface/my_custom_interface/srv/detail/rotatehome__functions.h
[0.610s] -- Up-to-date: /home/harry/aaa/install/my_custom_interface/include/my_custom_interface/my_custom_interface/srv/detail/order__functions.c
[0.610s] -- Up-to-date: /home/harry/aaa/install/my_custom_interface/include/my_custom_interface/my_custom_interface/srv/detail/two_string_service__functions.h
[0.610s] -- Up-to-date: /home/harry/aaa/install/my_custom_interface/include/my_custom_interface/my_custom_interface/srv/detail/two_string_service__struct.h
[0.611s] -- Up-to-date: /home/harry/aaa/install/my_custom_interface/include/my_custom_interface/my_custom_interface/srv/detail/orderr__struct.h
[0.611s] -- Up-to-date: /home/harry/aaa/install/my_custom_interface/include/my_custom_interface/my_custom_interface/srv/detail/drive__functions.h
[0.611s] -- Up-to-date: /home/harry/aaa/install/my_custom_interface/include/my_custom_interface/my_custom_interface/srv/detail/abc__struct.h
[0.611s] -- Up-to-date: /home/harry/aaa/install/my_custom_interface/include/my_custom_interface/my_custom_interface/srv/detail/two_string_service__type_support.h
[0.611s] -- Up-to-date: /home/harry/aaa/install/my_custom_interface/include/my_custom_interface/my_custom_interface/srv/detail/complete__struct.h
[0.611s] -- Up-to-date: /home/harry/aaa/install/my_custom_interface/include/my_custom_interface/my_custom_interface/srv/detail/drive__struct.h
[0.611s] -- Up-to-date: /home/harry/aaa/install/my_custom_interface/include/my_custom_interface/my_custom_interface/srv/detail/two_string_service__functions.c
[0.611s] -- Up-to-date: /home/harry/aaa/install/my_custom_interface/include/my_custom_interface/my_custom_interface/srv/detail/rotatehome__struct.h
[0.611s] -- Up-to-date: /home/harry/aaa/install/my_custom_interface/include/my_custom_interface/my_custom_interface/srv/two_string_service.h
[0.611s] -- Up-to-date: /home/harry/aaa/install/my_custom_interface/include/my_custom_interface/my_custom_interface/srv/drive.h
[0.611s] -- Up-to-date: /home/harry/aaa/install/my_custom_interface/include/my_custom_interface/my_custom_interface/srv/rotatehome.h
[0.611s] -- Up-to-date: /home/harry/aaa/install/my_custom_interface/include/my_custom_interface/my_custom_interface/msg
[0.611s] -- Up-to-date: /home/harry/aaa/install/my_custom_interface/include/my_custom_interface/my_custom_interface/msg/rosidl_generator_c__visibility_control.h
[0.611s] -- Up-to-date: /home/harry/aaa/install/my_custom_interface/share/my_custom_interface/environment/library_path.sh
[0.611s] -- Up-to-date: /home/harry/aaa/install/my_custom_interface/share/my_custom_interface/environment/library_path.dsv
[0.612s] -- Up-to-date: /home/harry/aaa/install/my_custom_interface/lib/libmy_custom_interface__rosidl_generator_c.so
[0.612s] -- Up-to-date: /home/harry/aaa/install/my_custom_interface/include/my_custom_interface/my_custom_interface
[0.612s] -- Up-to-date: /home/harry/aaa/install/my_custom_interface/include/my_custom_interface/my_custom_interface/action
[0.612s] -- Up-to-date: /home/harry/aaa/install/my_custom_interface/include/my_custom_interface/my_custom_interface/action/detail
[0.612s] -- Up-to-date: /home/harry/aaa/install/my_custom_interface/include/my_custom_interface/my_custom_interface/action/detail/come__rosidl_typesupport_fastrtps_c.h
[0.613s] -- Up-to-date: /home/harry/aaa/install/my_custom_interface/include/my_custom_interface/my_custom_interface/action/detail/calculator__rosidl_typesupport_fastrtps_c.h
[0.613s] -- Up-to-date: /home/harry/aaa/install/my_custom_interface/include/my_custom_interface/my_custom_interface/action/detail/cal__rosidl_typesupport_fastrtps_c.h
[0.613s] -- Up-to-date: /home/harry/aaa/install/my_custom_interface/include/my_custom_interface/my_custom_interface/srv
[0.613s] -- Up-to-date: /home/harry/aaa/install/my_custom_interface/include/my_custom_interface/my_custom_interface/srv/detail
[0.613s] -- Up-to-date: /home/harry/aaa/install/my_custom_interface/include/my_custom_interface/my_custom_interface/srv/detail/order__rosidl_typesupport_fastrtps_c.h
[0.613s] -- Up-to-date: /home/harry/aaa/install/my_custom_interface/include/my_custom_interface/my_custom_interface/srv/detail/rotatehome__rosidl_typesupport_fastrtps_c.h
[0.613s] -- Up-to-date: /home/harry/aaa/install/my_custom_interface/include/my_custom_interface/my_custom_interface/srv/detail/two_string_service__rosidl_typesupport_fastrtps_c.h
[0.613s] -- Up-to-date: /home/harry/aaa/install/my_custom_interface/include/my_custom_interface/my_custom_interface/srv/detail/drive__rosidl_typesupport_fastrtps_c.h
[0.613s] -- Up-to-date: /home/harry/aaa/install/my_custom_interface/include/my_custom_interface/my_custom_interface/srv/detail/orderr__rosidl_typesupport_fastrtps_c.h
[0.613s] -- Up-to-date: /home/harry/aaa/install/my_custom_interface/include/my_custom_interface/my_custom_interface/srv/detail/complete__rosidl_typesupport_fastrtps_c.h
[0.613s] -- Up-to-date: /home/harry/aaa/install/my_custom_interface/include/my_custom_interface/my_custom_interface/srv/detail/abc__rosidl_typesupport_fastrtps_c.h
[0.613s] -- Up-to-date: /home/harry/aaa/install/my_custom_interface/include/my_custom_interface/my_custom_interface/msg
[0.613s] -- Up-to-date: /home/harry/aaa/install/my_custom_interface/include/my_custom_interface/my_custom_interface/msg/rosidl_typesupport_fastrtps_c__visibility_control.h
[0.613s] -- Up-to-date: /home/harry/aaa/install/my_custom_interface/lib/libmy_custom_interface__rosidl_typesupport_fastrtps_c.so
[0.614s] -- Up-to-date: /home/harry/aaa/install/my_custom_interface/include/my_custom_interface/my_custom_interface
[0.614s] -- Up-to-date: /home/harry/aaa/install/my_custom_interface/include/my_custom_interface/my_custom_interface/action
[0.614s] -- Up-to-date: /home/harry/aaa/install/my_custom_interface/include/my_custom_interface/my_custom_interface/action/detail
[0.614s] -- Up-to-date: /home/harry/aaa/install/my_custom_interface/include/my_custom_interface/my_custom_interface/action/detail/calculator__type_support.c
[0.614s] -- Up-to-date: /home/harry/aaa/install/my_custom_interface/include/my_custom_interface/my_custom_interface/action/detail/calculator__rosidl_typesupport_introspection_c.h
[0.614s] -- Up-to-date: /home/harry/aaa/install/my_custom_interface/include/my_custom_interface/my_custom_interface/action/detail/come__rosidl_typesupport_introspection_c.h
[0.614s] -- Up-to-date: /home/harry/aaa/install/my_custom_interface/include/my_custom_interface/my_custom_interface/action/detail/come__type_support.c
[0.614s] -- Up-to-date: /home/harry/aaa/install/my_custom_interface/include/my_custom_interface/my_custom_interface/action/detail/cal__rosidl_typesupport_introspection_c.h
[0.614s] -- Up-to-date: /home/harry/aaa/install/my_custom_interface/include/my_custom_interface/my_custom_interface/action/detail/cal__type_support.c
[0.614s] -- Up-to-date: /home/harry/aaa/install/my_custom_interface/include/my_custom_interface/my_custom_interface/srv
[0.614s] -- Up-to-date: /home/harry/aaa/install/my_custom_interface/include/my_custom_interface/my_custom_interface/srv/detail
[0.615s] -- Up-to-date: /home/harry/aaa/install/my_custom_interface/include/my_custom_interface/my_custom_interface/srv/detail/two_string_service__type_support.c
[0.615s] -- Up-to-date: /home/harry/aaa/install/my_custom_interface/include/my_custom_interface/my_custom_interface/srv/detail/complete__rosidl_typesupport_introspection_c.h
[0.615s] -- Up-to-date: /home/harry/aaa/install/my_custom_interface/include/my_custom_interface/my_custom_interface/srv/detail/orderr__type_support.c
[0.615s] -- Up-to-date: /home/harry/aaa/install/my_custom_interface/include/my_custom_interface/my_custom_interface/srv/detail/drive__type_support.c
[0.615s] -- Up-to-date: /home/harry/aaa/install/my_custom_interface/include/my_custom_interface/my_custom_interface/srv/detail/complete__type_support.c
[0.615s] -- Up-to-date: /home/harry/aaa/install/my_custom_interface/include/my_custom_interface/my_custom_interface/srv/detail/order__rosidl_typesupport_introspection_c.h
[0.615s] -- Up-to-date: /home/harry/aaa/install/my_custom_interface/include/my_custom_interface/my_custom_interface/srv/detail/abc__type_support.c
[0.615s] -- Up-to-date: /home/harry/aaa/install/my_custom_interface/include/my_custom_interface/my_custom_interface/srv/detail/two_string_service__rosidl_typesupport_introspection_c.h
[0.615s] -- Up-to-date: /home/harry/aaa/install/my_custom_interface/include/my_custom_interface/my_custom_interface/srv/detail/drive__rosidl_typesupport_introspection_c.h
[0.615s] -- Up-to-date: /home/harry/aaa/install/my_custom_interface/include/my_custom_interface/my_custom_interface/srv/detail/rotatehome__rosidl_typesupport_introspection_c.h
[0.615s] -- Up-to-date: /home/harry/aaa/install/my_custom_interface/include/my_custom_interface/my_custom_interface/srv/detail/abc__rosidl_typesupport_introspection_c.h
[0.615s] -- Up-to-date: /home/harry/aaa/install/my_custom_interface/include/my_custom_interface/my_custom_interface/srv/detail/order__type_support.c
[0.615s] -- Up-to-date: /home/harry/aaa/install/my_custom_interface/include/my_custom_interface/my_custom_interface/srv/detail/rotatehome__type_support.c
[0.615s] -- Up-to-date: /home/harry/aaa/install/my_custom_interface/include/my_custom_interface/my_custom_interface/srv/detail/orderr__rosidl_typesupport_introspection_c.h
[0.615s] -- Up-to-date: /home/harry/aaa/install/my_custom_interface/include/my_custom_interface/my_custom_interface/msg
[0.615s] -- Up-to-date: /home/harry/aaa/install/my_custom_interface/include/my_custom_interface/my_custom_interface/msg/rosidl_typesupport_introspection_c__visibility_control.h
[0.615s] -- Up-to-date: /home/harry/aaa/install/my_custom_interface/lib/libmy_custom_interface__rosidl_typesupport_introspection_c.so
[0.617s] -- Up-to-date: /home/harry/aaa/install/my_custom_interface/lib/libmy_custom_interface__rosidl_typesupport_c.so
[0.617s] -- Up-to-date: /home/harry/aaa/install/my_custom_interface/include/my_custom_interface/my_custom_interface
[0.617s] -- Up-to-date: /home/harry/aaa/install/my_custom_interface/include/my_custom_interface/my_custom_interface/action
[0.617s] -- Up-to-date: /home/harry/aaa/install/my_custom_interface/include/my_custom_interface/my_custom_interface/action/come.hpp
[0.617s] -- Up-to-date: /home/harry/aaa/install/my_custom_interface/include/my_custom_interface/my_custom_interface/action/detail
[0.618s] -- Up-to-date: /home/harry/aaa/install/my_custom_interface/include/my_custom_interface/my_custom_interface/action/detail/come__struct.hpp
[0.618s] -- Up-to-date: /home/harry/aaa/install/my_custom_interface/include/my_custom_interface/my_custom_interface/action/detail/come__builder.hpp
[0.618s] -- Up-to-date: /home/harry/aaa/install/my_custom_interface/include/my_custom_interface/my_custom_interface/action/detail/cal__struct.hpp
[0.618s] -- Up-to-date: /home/harry/aaa/install/my_custom_interface/include/my_custom_interface/my_custom_interface/action/detail/come__traits.hpp
[0.618s] -- Up-to-date: /home/harry/aaa/install/my_custom_interface/include/my_custom_interface/my_custom_interface/action/detail/cal__builder.hpp
[0.618s] -- Up-to-date: /home/harry/aaa/install/my_custom_interface/include/my_custom_interface/my_custom_interface/action/detail/calculator__traits.hpp
[0.618s] -- Up-to-date: /home/harry/aaa/install/my_custom_interface/include/my_custom_interface/my_custom_interface/action/detail/cal__traits.hpp
[0.618s] -- Up-to-date: /home/harry/aaa/install/my_custom_interface/include/my_custom_interface/my_custom_interface/action/detail/calculator__builder.hpp
[0.618s] -- Up-to-date: /home/harry/aaa/install/my_custom_interface/include/my_custom_interface/my_custom_interface/action/detail/calculator__struct.hpp
[0.618s] -- Up-to-date: /home/harry/aaa/install/my_custom_interface/include/my_custom_interface/my_custom_interface/action/cal.hpp
[0.619s] -- Up-to-date: /home/harry/aaa/install/my_custom_interface/include/my_custom_interface/my_custom_interface/action/calculator.hpp
[0.619s] -- Up-to-date: /home/harry/aaa/install/my_custom_interface/include/my_custom_interface/my_custom_interface/srv
[0.619s] -- Up-to-date: /home/harry/aaa/install/my_custom_interface/include/my_custom_interface/my_custom_interface/srv/two_string_service.hpp
[0.619s] -- Up-to-date: /home/harry/aaa/install/my_custom_interface/include/my_custom_interface/my_custom_interface/srv/drive.hpp
[0.619s] -- Up-to-date: /home/harry/aaa/install/my_custom_interface/include/my_custom_interface/my_custom_interface/srv/orderr.hpp
[0.619s] -- Up-to-date: /home/harry/aaa/install/my_custom_interface/include/my_custom_interface/my_custom_interface/srv/complete.hpp
[0.619s] -- Up-to-date: /home/harry/aaa/install/my_custom_interface/include/my_custom_interface/my_custom_interface/srv/abc.hpp
[0.619s] -- Up-to-date: /home/harry/aaa/install/my_custom_interface/include/my_custom_interface/my_custom_interface/srv/detail
[0.619s] -- Up-to-date: /home/harry/aaa/install/my_custom_interface/include/my_custom_interface/my_custom_interface/srv/detail/rotatehome__builder.hpp
[0.619s] -- Up-to-date: /home/harry/aaa/install/my_custom_interface/include/my_custom_interface/my_custom_interface/srv/detail/order__struct.hpp
[0.619s] -- Up-to-date: /home/harry/aaa/install/my_custom_interface/include/my_custom_interface/my_custom_interface/srv/detail/rotatehome__traits.hpp
[0.620s] -- Up-to-date: /home/harry/aaa/install/my_custom_interface/include/my_custom_interface/my_custom_interface/srv/detail/complete__struct.hpp
[0.620s] -- Up-to-date: /home/harry/aaa/install/my_custom_interface/include/my_custom_interface/my_custom_interface/srv/detail/abc__struct.hpp
[0.620s] -- Up-to-date: /home/harry/aaa/install/my_custom_interface/include/my_custom_interface/my_custom_interface/srv/detail/two_string_service__builder.hpp
[0.620s] -- Up-to-date: /home/harry/aaa/install/my_custom_interface/include/my_custom_interface/my_custom_interface/srv/detail/order__builder.hpp
[0.620s] -- Up-to-date: /home/harry/aaa/install/my_custom_interface/include/my_custom_interface/my_custom_interface/srv/detail/complete__traits.hpp
[0.620s] -- Up-to-date: /home/harry/aaa/install/my_custom_interface/include/my_custom_interface/my_custom_interface/srv/detail/abc__builder.hpp
[0.620s] -- Up-to-date: /home/harry/aaa/install/my_custom_interface/include/my_custom_interface/my_custom_interface/srv/detail/rotatehome__struct.hpp
[0.620s] -- Up-to-date: /home/harry/aaa/install/my_custom_interface/include/my_custom_interface/my_custom_interface/srv/detail/two_string_service__traits.hpp
[0.620s] -- Up-to-date: /home/harry/aaa/install/my_custom_interface/include/my_custom_interface/my_custom_interface/srv/detail/drive__struct.hpp
[0.620s] -- Up-to-date: /home/harry/aaa/install/my_custom_interface/include/my_custom_interface/my_custom_interface/srv/detail/orderr__struct.hpp
[0.621s] -- Up-to-date: /home/harry/aaa/install/my_custom_interface/include/my_custom_interface/my_custom_interface/srv/detail/drive__traits.hpp
[0.621s] -- Up-to-date: /home/harry/aaa/install/my_custom_interface/include/my_custom_interface/my_custom_interface/srv/detail/two_string_service__struct.hpp
[0.621s] -- Up-to-date: /home/harry/aaa/install/my_custom_interface/include/my_custom_interface/my_custom_interface/srv/detail/drive__builder.hpp
[0.621s] -- Up-to-date: /home/harry/aaa/install/my_custom_interface/include/my_custom_interface/my_custom_interface/srv/detail/orderr__traits.hpp
[0.621s] -- Up-to-date: /home/harry/aaa/install/my_custom_interface/include/my_custom_interface/my_custom_interface/srv/detail/order__traits.hpp
[0.621s] -- Up-to-date: /home/harry/aaa/install/my_custom_interface/include/my_custom_interface/my_custom_interface/srv/detail/orderr__builder.hpp
[0.621s] -- Up-to-date: /home/harry/aaa/install/my_custom_interface/include/my_custom_interface/my_custom_interface/srv/detail/abc__traits.hpp
[0.621s] -- Up-to-date: /home/harry/aaa/install/my_custom_interface/include/my_custom_interface/my_custom_interface/srv/detail/complete__builder.hpp
[0.621s] -- Up-to-date: /home/harry/aaa/install/my_custom_interface/include/my_custom_interface/my_custom_interface/srv/rotatehome.hpp
[0.621s] -- Up-to-date: /home/harry/aaa/install/my_custom_interface/include/my_custom_interface/my_custom_interface/srv/order.hpp
[0.621s] -- Up-to-date: /home/harry/aaa/install/my_custom_interface/include/my_custom_interface/my_custom_interface
[0.621s] -- Up-to-date: /home/harry/aaa/install/my_custom_interface/include/my_custom_interface/my_custom_interface/action
[0.622s] -- Up-to-date: /home/harry/aaa/install/my_custom_interface/include/my_custom_interface/my_custom_interface/action/detail
[0.622s] -- Up-to-date: /home/harry/aaa/install/my_custom_interface/include/my_custom_interface/my_custom_interface/action/detail/come__rosidl_typesupport_fastrtps_cpp.hpp
[0.622s] -- Up-to-date: /home/harry/aaa/install/my_custom_interface/include/my_custom_interface/my_custom_interface/action/detail/calculator__rosidl_typesupport_fastrtps_cpp.hpp
[0.622s] -- Up-to-date: /home/harry/aaa/install/my_custom_interface/include/my_custom_interface/my_custom_interface/action/detail/cal__rosidl_typesupport_fastrtps_cpp.hpp
[0.622s] -- Up-to-date: /home/harry/aaa/install/my_custom_interface/include/my_custom_interface/my_custom_interface/action/detail/dds_fastrtps
[0.622s] -- Up-to-date: /home/harry/aaa/install/my_custom_interface/include/my_custom_interface/my_custom_interface/srv
[0.622s] -- Up-to-date: /home/harry/aaa/install/my_custom_interface/include/my_custom_interface/my_custom_interface/srv/detail
[0.622s] -- Up-to-date: /home/harry/aaa/install/my_custom_interface/include/my_custom_interface/my_custom_interface/srv/detail/orderr__rosidl_typesupport_fastrtps_cpp.hpp
[0.622s] -- Up-to-date: /home/harry/aaa/install/my_custom_interface/include/my_custom_interface/my_custom_interface/srv/detail/rotatehome__rosidl_typesupport_fastrtps_cpp.hpp
[0.622s] -- Up-to-date: /home/harry/aaa/install/my_custom_interface/include/my_custom_interface/my_custom_interface/srv/detail/order__rosidl_typesupport_fastrtps_cpp.hpp
[0.622s] -- Up-to-date: /home/harry/aaa/install/my_custom_interface/include/my_custom_interface/my_custom_interface/srv/detail/abc__rosidl_typesupport_fastrtps_cpp.hpp
[0.622s] -- Up-to-date: /home/harry/aaa/install/my_custom_interface/include/my_custom_interface/my_custom_interface/srv/detail/two_string_service__rosidl_typesupport_fastrtps_cpp.hpp
[0.622s] -- Up-to-date: /home/harry/aaa/install/my_custom_interface/include/my_custom_interface/my_custom_interface/srv/detail/dds_fastrtps
[0.622s] -- Up-to-date: /home/harry/aaa/install/my_custom_interface/include/my_custom_interface/my_custom_interface/srv/detail/drive__rosidl_typesupport_fastrtps_cpp.hpp
[0.622s] -- Up-to-date: /home/harry/aaa/install/my_custom_interface/include/my_custom_interface/my_custom_interface/srv/detail/complete__rosidl_typesupport_fastrtps_cpp.hpp
[0.622s] -- Up-to-date: /home/harry/aaa/install/my_custom_interface/include/my_custom_interface/my_custom_interface/msg
[0.622s] -- Up-to-date: /home/harry/aaa/install/my_custom_interface/include/my_custom_interface/my_custom_interface/msg/rosidl_typesupport_fastrtps_cpp__visibility_control.h
[0.622s] -- Up-to-date: /home/harry/aaa/install/my_custom_interface/lib/libmy_custom_interface__rosidl_typesupport_fastrtps_cpp.so
[0.623s] -- Up-to-date: /home/harry/aaa/install/my_custom_interface/include/my_custom_interface/my_custom_interface
[0.623s] -- Up-to-date: /home/harry/aaa/install/my_custom_interface/include/my_custom_interface/my_custom_interface/action
[0.623s] -- Up-to-date: /home/harry/aaa/install/my_custom_interface/include/my_custom_interface/my_custom_interface/action/detail
[0.623s] -- Up-to-date: /home/harry/aaa/install/my_custom_interface/include/my_custom_interface/my_custom_interface/action/detail/come__rosidl_typesupport_introspection_cpp.hpp
[0.623s] -- Up-to-date: /home/harry/aaa/install/my_custom_interface/include/my_custom_interface/my_custom_interface/action/detail/calculator__type_support.cpp
[0.623s] -- Up-to-date: /home/harry/aaa/install/my_custom_interface/include/my_custom_interface/my_custom_interface/action/detail/cal__rosidl_typesupport_introspection_cpp.hpp
[0.623s] -- Up-to-date: /home/harry/aaa/install/my_custom_interface/include/my_custom_interface/my_custom_interface/action/detail/come__type_support.cpp
[0.623s] -- Up-to-date: /home/harry/aaa/install/my_custom_interface/include/my_custom_interface/my_custom_interface/action/detail/cal__type_support.cpp
[0.623s] -- Up-to-date: /home/harry/aaa/install/my_custom_interface/include/my_custom_interface/my_custom_interface/action/detail/calculator__rosidl_typesupport_introspection_cpp.hpp
[0.623s] -- Up-to-date: /home/harry/aaa/install/my_custom_interface/include/my_custom_interface/my_custom_interface/srv
[0.623s] -- Up-to-date: /home/harry/aaa/install/my_custom_interface/include/my_custom_interface/my_custom_interface/srv/detail
[0.623s] -- Up-to-date: /home/harry/aaa/install/my_custom_interface/include/my_custom_interface/my_custom_interface/srv/detail/drive__type_support.cpp
[0.623s] -- Up-to-date: /home/harry/aaa/install/my_custom_interface/include/my_custom_interface/my_custom_interface/srv/detail/order__rosidl_typesupport_introspection_cpp.hpp
[0.623s] -- Up-to-date: /home/harry/aaa/install/my_custom_interface/include/my_custom_interface/my_custom_interface/srv/detail/complete__type_support.cpp
[0.623s] -- Up-to-date: /home/harry/aaa/install/my_custom_interface/include/my_custom_interface/my_custom_interface/srv/detail/two_string_service__type_support.cpp
[0.623s] -- Up-to-date: /home/harry/aaa/install/my_custom_interface/include/my_custom_interface/my_custom_interface/srv/detail/complete__rosidl_typesupport_introspection_cpp.hpp
[0.623s] -- Up-to-date: /home/harry/aaa/install/my_custom_interface/include/my_custom_interface/my_custom_interface/srv/detail/orderr__type_support.cpp
[0.624s] -- Up-to-date: /home/harry/aaa/install/my_custom_interface/include/my_custom_interface/my_custom_interface/srv/detail/rotatehome__rosidl_typesupport_introspection_cpp.hpp
[0.624s] -- Up-to-date: /home/harry/aaa/install/my_custom_interface/include/my_custom_interface/my_custom_interface/srv/detail/orderr__rosidl_typesupport_introspection_cpp.hpp
[0.624s] -- Up-to-date: /home/harry/aaa/install/my_custom_interface/include/my_custom_interface/my_custom_interface/srv/detail/two_string_service__rosidl_typesupport_introspection_cpp.hpp
[0.624s] -- Up-to-date: /home/harry/aaa/install/my_custom_interface/include/my_custom_interface/my_custom_interface/srv/detail/order__type_support.cpp
[0.624s] -- Up-to-date: /home/harry/aaa/install/my_custom_interface/include/my_custom_interface/my_custom_interface/srv/detail/abc__type_support.cpp
[0.624s] -- Up-to-date: /home/harry/aaa/install/my_custom_interface/include/my_custom_interface/my_custom_interface/srv/detail/drive__rosidl_typesupport_introspection_cpp.hpp
[0.624s] -- Up-to-date: /home/harry/aaa/install/my_custom_interface/include/my_custom_interface/my_custom_interface/srv/detail/abc__rosidl_typesupport_introspection_cpp.hpp
[0.624s] -- Up-to-date: /home/harry/aaa/install/my_custom_interface/include/my_custom_interface/my_custom_interface/srv/detail/rotatehome__type_support.cpp
[0.624s] -- Up-to-date: /home/harry/aaa/install/my_custom_interface/lib/libmy_custom_interface__rosidl_typesupport_introspection_cpp.so
[0.624s] -- Up-to-date: /home/harry/aaa/install/my_custom_interface/lib/libmy_custom_interface__rosidl_typesupport_cpp.so
[0.624s] -- Up-to-date: /home/harry/aaa/install/my_custom_interface/share/my_custom_interface/environment/pythonpath.sh
[0.624s] -- Up-to-date: /home/harry/aaa/install/my_custom_interface/share/my_custom_interface/environment/pythonpath.dsv
[0.625s] -- Up-to-date: /home/harry/aaa/install/my_custom_interface/local/lib/python3.10/dist-packages/my_custom_interface-0.0.0-py3.10.egg-info
[0.625s] -- Installing: /home/harry/aaa/install/my_custom_interface/local/lib/python3.10/dist-packages/my_custom_interface-0.0.0-py3.10.egg-info/top_level.txt
[0.625s] -- Installing: /home/harry/aaa/install/my_custom_interface/local/lib/python3.10/dist-packages/my_custom_interface-0.0.0-py3.10.egg-info/SOURCES.txt
[0.625s] -- Installing: /home/harry/aaa/install/my_custom_interface/local/lib/python3.10/dist-packages/my_custom_interface-0.0.0-py3.10.egg-info/dependency_links.txt
[0.625s] -- Installing: /home/harry/aaa/install/my_custom_interface/local/lib/python3.10/dist-packages/my_custom_interface-0.0.0-py3.10.egg-info/PKG-INFO
[0.625s] -- Up-to-date: /home/harry/aaa/install/my_custom_interface/local/lib/python3.10/dist-packages/my_custom_interface
[0.625s] -- Up-to-date: /home/harry/aaa/install/my_custom_interface/local/lib/python3.10/dist-packages/my_custom_interface/my_custom_interface_s__rosidl_typesupport_fastrtps_c.cpython-310-x86_64-linux-gnu.so
[0.625s] -- Up-to-date: /home/harry/aaa/install/my_custom_interface/local/lib/python3.10/dist-packages/my_custom_interface/__init__.py
[0.625s] -- Up-to-date: /home/harry/aaa/install/my_custom_interface/local/lib/python3.10/dist-packages/my_custom_interface/action
[0.626s] -- Up-to-date: /home/harry/aaa/install/my_custom_interface/local/lib/python3.10/dist-packages/my_custom_interface/action/__init__.py
[0.626s] -- Up-to-date: /home/harry/aaa/install/my_custom_interface/local/lib/python3.10/dist-packages/my_custom_interface/action/_come_s.c
[0.626s] -- Up-to-date: /home/harry/aaa/install/my_custom_interface/local/lib/python3.10/dist-packages/my_custom_interface/action/_cal.py
[0.626s] -- Up-to-date: /home/harry/aaa/install/my_custom_interface/local/lib/python3.10/dist-packages/my_custom_interface/action/_come.py
[0.626s] -- Up-to-date: /home/harry/aaa/install/my_custom_interface/local/lib/python3.10/dist-packages/my_custom_interface/action/_calculator.py
[0.626s] -- Up-to-date: /home/harry/aaa/install/my_custom_interface/local/lib/python3.10/dist-packages/my_custom_interface/action/_cal_s.c
[0.626s] -- Up-to-date: /home/harry/aaa/install/my_custom_interface/local/lib/python3.10/dist-packages/my_custom_interface/action/_calculator_s.c
[0.626s] -- Up-to-date: /home/harry/aaa/install/my_custom_interface/local/lib/python3.10/dist-packages/my_custom_interface/libmy_custom_interface__rosidl_generator_py.so
[0.626s] -- Up-to-date: /home/harry/aaa/install/my_custom_interface/local/lib/python3.10/dist-packages/my_custom_interface/srv
[0.626s] -- Up-to-date: /home/harry/aaa/install/my_custom_interface/local/lib/python3.10/dist-packages/my_custom_interface/srv/_two_string_service_s.c
[0.626s] -- Up-to-date: /home/harry/aaa/install/my_custom_interface/local/lib/python3.10/dist-packages/my_custom_interface/srv/_complete.py
[0.626s] -- Up-to-date: /home/harry/aaa/install/my_custom_interface/local/lib/python3.10/dist-packages/my_custom_interface/srv/__init__.py
[0.627s] -- Up-to-date: /home/harry/aaa/install/my_custom_interface/local/lib/python3.10/dist-packages/my_custom_interface/srv/_drive.py
[0.627s] -- Up-to-date: /home/harry/aaa/install/my_custom_interface/local/lib/python3.10/dist-packages/my_custom_interface/srv/_complete_s.c
[0.627s] -- Up-to-date: /home/harry/aaa/install/my_custom_interface/local/lib/python3.10/dist-packages/my_custom_interface/srv/_order.py
[0.627s] -- Up-to-date: /home/harry/aaa/install/my_custom_interface/local/lib/python3.10/dist-packages/my_custom_interface/srv/_abc_s.c
[0.627s] -- Up-to-date: /home/harry/aaa/install/my_custom_interface/local/lib/python3.10/dist-packages/my_custom_interface/srv/_drive_s.c
[0.627s] -- Up-to-date: /home/harry/aaa/install/my_custom_interface/local/lib/python3.10/dist-packages/my_custom_interface/srv/_orderr.py
[0.627s] -- Up-to-date: /home/harry/aaa/install/my_custom_interface/local/lib/python3.10/dist-packages/my_custom_interface/srv/_two_string_service.py
[0.627s] -- Up-to-date: /home/harry/aaa/install/my_custom_interface/local/lib/python3.10/dist-packages/my_custom_interface/srv/_rotatehome_s.c
[0.627s] -- Up-to-date: /home/harry/aaa/install/my_custom_interface/local/lib/python3.10/dist-packages/my_custom_interface/srv/_rotatehome.py
[0.627s] -- Up-to-date: /home/harry/aaa/install/my_custom_interface/local/lib/python3.10/dist-packages/my_custom_interface/srv/_abc.py
[0.627s] -- Up-to-date: /home/harry/aaa/install/my_custom_interface/local/lib/python3.10/dist-packages/my_custom_interface/srv/_order_s.c
[0.627s] -- Up-to-date: /home/harry/aaa/install/my_custom_interface/local/lib/python3.10/dist-packages/my_custom_interface/srv/_orderr_s.c
[0.627s] -- Up-to-date: /home/harry/aaa/install/my_custom_interface/local/lib/python3.10/dist-packages/my_custom_interface/my_custom_interface_s__rosidl_typesupport_c.cpython-310-x86_64-linux-gnu.so
[0.627s] -- Up-to-date: /home/harry/aaa/install/my_custom_interface/local/lib/python3.10/dist-packages/my_custom_interface/_my_custom_interface_s.ep.rosidl_typesupport_c.c
[0.627s] -- Up-to-date: /home/harry/aaa/install/my_custom_interface/local/lib/python3.10/dist-packages/my_custom_interface/_my_custom_interface_s.ep.rosidl_typesupport_introspection_c.c
[0.628s] -- Up-to-date: /home/harry/aaa/install/my_custom_interface/local/lib/python3.10/dist-packages/my_custom_interface/_my_custom_interface_s.ep.rosidl_typesupport_fastrtps_c.c
[0.628s] -- Up-to-date: /home/harry/aaa/install/my_custom_interface/local/lib/python3.10/dist-packages/my_custom_interface/my_custom_interface_s__rosidl_typesupport_introspection_c.cpython-310-x86_64-linux-gnu.so
[0.655s] Listing '/home/harry/aaa/install/my_custom_interface/local/lib/python3.10/dist-packages/my_custom_interface'...
[0.656s] Listing '/home/harry/aaa/install/my_custom_interface/local/lib/python3.10/dist-packages/my_custom_interface/action'...
[0.656s] Listing '/home/harry/aaa/install/my_custom_interface/local/lib/python3.10/dist-packages/my_custom_interface/srv'...
[0.660s] -- Up-to-date: /home/harry/aaa/install/my_custom_interface/local/lib/python3.10/dist-packages/my_custom_interface/my_custom_interface_s__rosidl_typesupport_fastrtps_c.cpython-310-x86_64-linux-gnu.so
[0.661s] -- Up-to-date: /home/harry/aaa/install/my_custom_interface/local/lib/python3.10/dist-packages/my_custom_interface/my_custom_interface_s__rosidl_typesupport_introspection_c.cpython-310-x86_64-linux-gnu.so
[0.662s] -- Up-to-date: /home/harry/aaa/install/my_custom_interface/local/lib/python3.10/dist-packages/my_custom_interface/my_custom_interface_s__rosidl_typesupport_c.cpython-310-x86_64-linux-gnu.so
[0.663s] -- Up-to-date: /home/harry/aaa/install/my_custom_interface/lib/libmy_custom_interface__rosidl_generator_py.so
[0.663s] -- Up-to-date: /home/harry/aaa/install/my_custom_interface/share/my_custom_interface/srv/ABC.idl
[0.664s] -- Up-to-date: /home/harry/aaa/install/my_custom_interface/share/my_custom_interface/srv/ROTATEHOME.idl
[0.664s] -- Up-to-date: /home/harry/aaa/install/my_custom_interface/share/my_custom_interface/srv/TwoStringService.idl
[0.664s] -- Up-to-date: /home/harry/aaa/install/my_custom_interface/share/my_custom_interface/srv/COMPLETE.idl
[0.664s] -- Up-to-date: /home/harry/aaa/install/my_custom_interface/share/my_custom_interface/srv/DRIVE.idl
[0.664s] -- Up-to-date: /home/harry/aaa/install/my_custom_interface/share/my_custom_interface/srv/ORDER.idl
[0.664s] -- Up-to-date: /home/harry/aaa/install/my_custom_interface/share/my_custom_interface/srv/ORDERR.idl
[0.664s] -- Up-to-date: /home/harry/aaa/install/my_custom_interface/share/my_custom_interface/action/Calculator.idl
[0.664s] -- Up-to-date: /home/harry/aaa/install/my_custom_interface/share/my_custom_interface/action/Cal.idl
[0.664s] -- Up-to-date: /home/harry/aaa/install/my_custom_interface/share/my_custom_interface/action/COME.idl
[0.664s] -- Up-to-date: /home/harry/aaa/install/my_custom_interface/share/my_custom_interface/srv/ABC.srv
[0.664s] -- Up-to-date: /home/harry/aaa/install/my_custom_interface/share/my_custom_interface/srv/ABC_Request.msg
[0.665s] -- Up-to-date: /home/harry/aaa/install/my_custom_interface/share/my_custom_interface/srv/ABC_Response.msg
[0.665s] -- Up-to-date: /home/harry/aaa/install/my_custom_interface/share/my_custom_interface/srv/ROTATEHOME.srv
[0.665s] -- Up-to-date: /home/harry/aaa/install/my_custom_interface/share/my_custom_interface/srv/ROTATEHOME_Request.msg
[0.665s] -- Up-to-date: /home/harry/aaa/install/my_custom_interface/share/my_custom_interface/srv/ROTATEHOME_Response.msg
[0.665s] -- Up-to-date: /home/harry/aaa/install/my_custom_interface/share/my_custom_interface/srv/TwoStringService.srv
[0.665s] -- Up-to-date: /home/harry/aaa/install/my_custom_interface/share/my_custom_interface/srv/TwoStringService_Request.msg
[0.665s] -- Up-to-date: /home/harry/aaa/install/my_custom_interface/share/my_custom_interface/srv/TwoStringService_Response.msg
[0.665s] -- Up-to-date: /home/harry/aaa/install/my_custom_interface/share/my_custom_interface/srv/COMPLETE.srv
[0.665s] -- Up-to-date: /home/harry/aaa/install/my_custom_interface/share/my_custom_interface/srv/COMPLETE_Request.msg
[0.665s] -- Up-to-date: /home/harry/aaa/install/my_custom_interface/share/my_custom_interface/srv/COMPLETE_Response.msg
[0.665s] -- Up-to-date: /home/harry/aaa/install/my_custom_interface/share/my_custom_interface/srv/DRIVE.srv
[0.665s] -- Up-to-date: /home/harry/aaa/install/my_custom_interface/share/my_custom_interface/srv/DRIVE_Request.msg
[0.665s] -- Up-to-date: /home/harry/aaa/install/my_custom_interface/share/my_custom_interface/srv/DRIVE_Response.msg
[0.665s] -- Up-to-date: /home/harry/aaa/install/my_custom_interface/share/my_custom_interface/srv/ORDER.srv
[0.665s] -- Up-to-date: /home/harry/aaa/install/my_custom_interface/share/my_custom_interface/srv/ORDER_Request.msg
[0.665s] -- Up-to-date: /home/harry/aaa/install/my_custom_interface/share/my_custom_interface/srv/ORDER_Response.msg
[0.665s] -- Up-to-date: /home/harry/aaa/install/my_custom_interface/share/my_custom_interface/srv/ORDERR.srv
[0.665s] -- Up-to-date: /home/harry/aaa/install/my_custom_interface/share/my_custom_interface/srv/ORDERR_Request.msg
[0.666s] -- Up-to-date: /home/harry/aaa/install/my_custom_interface/share/my_custom_interface/srv/ORDERR_Response.msg
[0.666s] -- Up-to-date: /home/harry/aaa/install/my_custom_interface/share/my_custom_interface/action/Calculator.action
[0.666s] -- Up-to-date: /home/harry/aaa/install/my_custom_interface/share/my_custom_interface/action/Cal.action
[0.666s] -- Up-to-date: /home/harry/aaa/install/my_custom_interface/share/my_custom_interface/action/COME.action
[0.666s] -- Up-to-date: /home/harry/aaa/install/my_custom_interface/share/ament_index/resource_index/package_run_dependencies/my_custom_interface
[0.666s] -- Up-to-date: /home/harry/aaa/install/my_custom_interface/share/ament_index/resource_index/parent_prefix_path/my_custom_interface
[0.666s] -- Up-to-date: /home/harry/aaa/install/my_custom_interface/share/my_custom_interface/environment/ament_prefix_path.sh
[0.666s] -- Up-to-date: /home/harry/aaa/install/my_custom_interface/share/my_custom_interface/environment/ament_prefix_path.dsv
[0.666s] -- Up-to-date: /home/harry/aaa/install/my_custom_interface/share/my_custom_interface/environment/path.sh
[0.666s] -- Up-to-date: /home/harry/aaa/install/my_custom_interface/share/my_custom_interface/environment/path.dsv
[0.666s] -- Up-to-date: /home/harry/aaa/install/my_custom_interface/share/my_custom_interface/local_setup.bash
[0.666s] -- Up-to-date: /home/harry/aaa/install/my_custom_interface/share/my_custom_interface/local_setup.sh
[0.666s] -- Up-to-date: /home/harry/aaa/install/my_custom_interface/share/my_custom_interface/local_setup.zsh
[0.666s] -- Up-to-date: /home/harry/aaa/install/my_custom_interface/share/my_custom_interface/local_setup.dsv
[0.666s] -- Installing: /home/harry/aaa/install/my_custom_interface/share/my_custom_interface/package.dsv
[0.666s] -- Up-to-date: /home/harry/aaa/install/my_custom_interface/share/ament_index/resource_index/packages/my_custom_interface
[0.667s] -- Up-to-date: /home/harry/aaa/install/my_custom_interface/share/my_custom_interface/cmake/export_my_custom_interface__rosidl_generator_cExport.cmake
[0.667s] -- Up-to-date: /home/harry/aaa/install/my_custom_interface/share/my_custom_interface/cmake/export_my_custom_interface__rosidl_generator_cExport-noconfig.cmake
[0.668s] -- Up-to-date: /home/harry/aaa/install/my_custom_interface/share/my_custom_interface/cmake/export_my_custom_interface__rosidl_typesupport_fastrtps_cExport.cmake
[0.668s] -- Up-to-date: /home/harry/aaa/install/my_custom_interface/share/my_custom_interface/cmake/export_my_custom_interface__rosidl_typesupport_fastrtps_cExport-noconfig.cmake
[0.669s] -- Up-to-date: /home/harry/aaa/install/my_custom_interface/share/my_custom_interface/cmake/my_custom_interface__rosidl_typesupport_introspection_cExport.cmake
[0.669s] -- Up-to-date: /home/harry/aaa/install/my_custom_interface/share/my_custom_interface/cmake/my_custom_interface__rosidl_typesupport_introspection_cExport-noconfig.cmake
[0.669s] -- Up-to-date: /home/harry/aaa/install/my_custom_interface/share/my_custom_interface/cmake/my_custom_interface__rosidl_typesupport_cExport.cmake
[0.669s] -- Up-to-date: /home/harry/aaa/install/my_custom_interface/share/my_custom_interface/cmake/my_custom_interface__rosidl_typesupport_cExport-noconfig.cmake
[0.670s] -- Up-to-date: /home/harry/aaa/install/my_custom_interface/share/my_custom_interface/cmake/export_my_custom_interface__rosidl_generator_cppExport.cmake
[0.670s] -- Up-to-date: /home/harry/aaa/install/my_custom_interface/share/my_custom_interface/cmake/export_my_custom_interface__rosidl_typesupport_fastrtps_cppExport.cmake
[0.670s] -- Up-to-date: /home/harry/aaa/install/my_custom_interface/share/my_custom_interface/cmake/export_my_custom_interface__rosidl_typesupport_fastrtps_cppExport-noconfig.cmake
[0.671s] -- Up-to-date: /home/harry/aaa/install/my_custom_interface/share/my_custom_interface/cmake/my_custom_interface__rosidl_typesupport_introspection_cppExport.cmake
[0.671s] -- Up-to-date: /home/harry/aaa/install/my_custom_interface/share/my_custom_interface/cmake/my_custom_interface__rosidl_typesupport_introspection_cppExport-noconfig.cmake
[0.672s] -- Up-to-date: /home/harry/aaa/install/my_custom_interface/share/my_custom_interface/cmake/my_custom_interface__rosidl_typesupport_cppExport.cmake
[0.672s] -- Up-to-date: /home/harry/aaa/install/my_custom_interface/share/my_custom_interface/cmake/my_custom_interface__rosidl_typesupport_cppExport-noconfig.cmake
[0.672s] -- Up-to-date: /home/harry/aaa/install/my_custom_interface/share/my_custom_interface/cmake/export_my_custom_interface__rosidl_generator_pyExport.cmake
[0.672s] -- Up-to-date: /home/harry/aaa/install/my_custom_interface/share/my_custom_interface/cmake/export_my_custom_interface__rosidl_generator_pyExport-noconfig.cmake
[0.673s] -- Up-to-date: /home/harry/aaa/install/my_custom_interface/share/my_custom_interface/cmake/rosidl_cmake-extras.cmake
[0.673s] -- Up-to-date: /home/harry/aaa/install/my_custom_interface/share/my_custom_interface/cmake/ament_cmake_export_dependencies-extras.cmake
[0.673s] -- Up-to-date: /home/harry/aaa/install/my_custom_interface/share/my_custom_interface/cmake/ament_cmake_export_include_directories-extras.cmake
[0.673s] -- Up-to-date: /home/harry/aaa/install/my_custom_interface/share/my_custom_interface/cmake/ament_cmake_export_libraries-extras.cmake
[0.673s] -- Up-to-date: /home/harry/aaa/install/my_custom_interface/share/my_custom_interface/cmake/ament_cmake_export_targets-extras.cmake
[0.673s] -- Up-to-date: /home/harry/aaa/install/my_custom_interface/share/my_custom_interface/cmake/rosidl_cmake_export_typesupport_targets-extras.cmake
[0.674s] -- Up-to-date: /home/harry/aaa/install/my_custom_interface/share/my_custom_interface/cmake/rosidl_cmake_export_typesupport_libraries-extras.cmake
[0.674s] -- Up-to-date: /home/harry/aaa/install/my_custom_interface/share/my_custom_interface/cmake/my_custom_interfaceConfig.cmake
[0.674s] -- Up-to-date: /home/harry/aaa/install/my_custom_interface/share/my_custom_interface/cmake/my_custom_interfaceConfig-version.cmake
[0.674s] -- Up-to-date: /home/harry/aaa/install/my_custom_interface/share/my_custom_interface/package.xml
[0.676s] Invoked command in '/home/harry/aaa/build/my_custom_interface' returned '0': CMAKE_PREFIX_PATH=${CMAKE_PREFIX_PATH}:/home/harry/aaa/install/term_project:/home/harry/aaa/install/kiosk:/opt/ros/humble /home/harry/.local/bin/cmake --install /home/harry/aaa/build/my_custom_interface
