[0.617s] Invoking command in '/home/harry/aaa/src/term_project': AMENT_PREFIX_PATH=/home/harry/aaa/install/my_custom_interface:${AMENT_PREFIX_PATH} CMAKE_PREFIX_PATH=/home/harry/aaa/install/my_custom_interface LD_LIBRARY_PATH=/home/harry/aaa/install/my_custom_interface/lib:${LD_LIBRARY_PATH} PYTHONPATH=/home/harry/aaa/build/term_project/prefix_override:/usr/lib/python3/dist-packages/colcon_core/task/python/colcon_distutils_commands:/home/harry/aaa/install/term_project/lib/python3.10/site-packages:/home/harry/aaa/install/my_custom_interface/local/lib/python3.10/dist-packages:${PYTHONPATH} /usr/bin/python3 -W ignore:setup.py install is deprecated -W ignore:easy_install command is deprecated setup.py egg_info --egg-base ../../build/term_project build --build-base /home/harry/aaa/build/term_project/build install --record /home/harry/aaa/build/term_project/install.log --single-version-externally-managed install_data
[0.863s] running egg_info
[0.864s] writing ../../build/term_project/term_project.egg-info/PKG-INFO
[0.864s] writing dependency_links to ../../build/term_project/term_project.egg-info/dependency_links.txt
[0.864s] writing entry points to ../../build/term_project/term_project.egg-info/entry_points.txt
[0.864s] writing requirements to ../../build/term_project/term_project.egg-info/requires.txt
[0.864s] writing top-level names to ../../build/term_project/term_project.egg-info/top_level.txt
[0.866s] reading manifest file '../../build/term_project/term_project.egg-info/SOURCES.txt'
[0.867s] writing manifest file '../../build/term_project/term_project.egg-info/SOURCES.txt'
[0.867s] running build
[0.867s] running build_py
[0.867s] running install
[0.867s] running install_lib
[0.869s] running install_data
[0.869s] running install_egg_info
[0.870s] removing '/home/harry/aaa/install/term_project/lib/python3.10/site-packages/term_project-0.0.0-py3.10.egg-info' (and everything under it)
[0.870s] Copying ../../build/term_project/term_project.egg-info to /home/harry/aaa/install/term_project/lib/python3.10/site-packages/term_project-0.0.0-py3.10.egg-info
[0.871s] running install_scripts
[0.888s] Installing kiosk_action script to /home/harry/aaa/install/term_project/lib/term_project
[0.888s] Installing kiosk_service script to /home/harry/aaa/install/term_project/lib/term_project
[0.889s] Installing machine2 script to /home/harry/aaa/install/term_project/lib/term_project
[0.889s] Installing machine3 script to /home/harry/aaa/install/term_project/lib/term_project
[0.889s] Installing robot script to /home/harry/aaa/install/term_project/lib/term_project
[0.889s] Installing robot_sub script to /home/harry/aaa/install/term_project/lib/term_project
[0.889s] Installing test script to /home/harry/aaa/install/term_project/lib/term_project
[0.889s] writing list of installed files to '/home/harry/aaa/build/term_project/install.log'
[0.906s] Invoked command in '/home/harry/aaa/src/term_project' returned '0': AMENT_PREFIX_PATH=/home/harry/aaa/install/my_custom_interface:${AMENT_PREFIX_PATH} CMAKE_PREFIX_PATH=/home/harry/aaa/install/my_custom_interface LD_LIBRARY_PATH=/home/harry/aaa/install/my_custom_interface/lib:${LD_LIBRARY_PATH} PYTHONPATH=/home/harry/aaa/build/term_project/prefix_override:/usr/lib/python3/dist-packages/colcon_core/task/python/colcon_distutils_commands:/home/harry/aaa/install/term_project/lib/python3.10/site-packages:/home/harry/aaa/install/my_custom_interface/local/lib/python3.10/dist-packages:${PYTHONPATH} /usr/bin/python3 -W ignore:setup.py install is deprecated -W ignore:easy_install command is deprecated setup.py egg_info --egg-base ../../build/term_project build --build-base /home/harry/aaa/build/term_project/build install --record /home/harry/aaa/build/term_project/install.log --single-version-externally-managed install_data
