[0.612s] Invoking command in '/home/harry/aaa/src/term_project': AMENT_PREFIX_PATH=/home/harry/aaa/install/my_custom_interface CMAKE_PREFIX_PATH=/home/harry/aaa/install/my_custom_interface LD_LIBRARY_PATH=/home/harry/aaa/install/my_custom_interface/lib PYTHONPATH=/home/harry/aaa/build/term_project/prefix_override:/usr/lib/python3/dist-packages/colcon_core/task/python/colcon_distutils_commands:/home/harry/aaa/install/term_project/lib/python3.10/site-packages:/home/harry/aaa/install/my_custom_interface/local/lib/python3.10/dist-packages /usr/bin/python3 -W ignore:setup.py install is deprecated -W ignore:easy_install command is deprecated setup.py egg_info --egg-base ../../build/term_project build --build-base /home/harry/aaa/build/term_project/build install --record /home/harry/aaa/build/term_project/install.log --single-version-externally-managed install_data
[0.795s] running egg_info
[0.796s] writing ../../build/term_project/term_project.egg-info/PKG-INFO
[0.797s] writing dependency_links to ../../build/term_project/term_project.egg-info/dependency_links.txt
[0.797s] writing entry points to ../../build/term_project/term_project.egg-info/entry_points.txt
[0.797s] writing requirements to ../../build/term_project/term_project.egg-info/requires.txt
[0.797s] writing top-level names to ../../build/term_project/term_project.egg-info/top_level.txt
[0.799s] reading manifest file '../../build/term_project/term_project.egg-info/SOURCES.txt'
[0.800s] writing manifest file '../../build/term_project/term_project.egg-info/SOURCES.txt'
[0.800s] running build
[0.800s] running build_py
[0.801s] running install
[0.802s] running install_lib
[0.804s] running install_data
[0.804s] running install_egg_info
[0.806s] removing '/home/harry/aaa/install/term_project/lib/python3.10/site-packages/term_project-0.0.0-py3.10.egg-info' (and everything under it)
[0.806s] Copying ../../build/term_project/term_project.egg-info to /home/harry/aaa/install/term_project/lib/python3.10/site-packages/term_project-0.0.0-py3.10.egg-info
[0.807s] running install_scripts
[0.823s] Installing kiosk_action script to /home/harry/aaa/install/term_project/lib/term_project
[0.823s] Installing kiosk_service script to /home/harry/aaa/install/term_project/lib/term_project
[0.823s] Installing machine2 script to /home/harry/aaa/install/term_project/lib/term_project
[0.823s] Installing machine3 script to /home/harry/aaa/install/term_project/lib/term_project
[0.823s] Installing robot script to /home/harry/aaa/install/term_project/lib/term_project
[0.824s] Installing robot_sub script to /home/harry/aaa/install/term_project/lib/term_project
[0.824s] Installing test script to /home/harry/aaa/install/term_project/lib/term_project
[0.824s] writing list of installed files to '/home/harry/aaa/build/term_project/install.log'
[0.840s] Invoked command in '/home/harry/aaa/src/term_project' returned '0': AMENT_PREFIX_PATH=/home/harry/aaa/install/my_custom_interface CMAKE_PREFIX_PATH=/home/harry/aaa/install/my_custom_interface LD_LIBRARY_PATH=/home/harry/aaa/install/my_custom_interface/lib PYTHONPATH=/home/harry/aaa/build/term_project/prefix_override:/usr/lib/python3/dist-packages/colcon_core/task/python/colcon_distutils_commands:/home/harry/aaa/install/term_project/lib/python3.10/site-packages:/home/harry/aaa/install/my_custom_interface/local/lib/python3.10/dist-packages /usr/bin/python3 -W ignore:setup.py install is deprecated -W ignore:easy_install command is deprecated setup.py egg_info --egg-base ../../build/term_project build --build-base /home/harry/aaa/build/term_project/build install --record /home/harry/aaa/build/term_project/install.log --single-version-externally-managed install_data
