[  0%] Built target my_custom_interface__cpp
[ 12%] Built target my_custom_interface__rosidl_generator_c
[ 12%] Built target ament_cmake_python_copy_my_custom_interface
[ 24%] Built target my_custom_interface__rosidl_typesupport_cpp
[ 35%] Built target my_custom_interface__rosidl_typesupport_c
[ 46%] Built target my_custom_interface__rosidl_typesupport_fastrtps_cpp
[ 58%] Built target my_custom_interface__rosidl_typesupport_introspection_c
[ 70%] Built target my_custom_interface__rosidl_typesupport_fastrtps_c
[ 82%] Built target my_custom_interface__rosidl_typesupport_introspection_cpp
[ 82%] Built target my_custom_interface
[ 83%] Built target my_custom_interface__py
[ 94%] Built target my_custom_interface__rosidl_generator_py
[ 96%] Built target my_custom_interface__rosidl_typesupport_introspection_c__pyext
[ 98%] Built target my_custom_interface__rosidl_typesupport_fastrtps_c__pyext
[100%] Built target my_custom_interface__rosidl_typesupport_c__pyext
running egg_info
writing my_custom_interface.egg-info/PKG-INFO
writing dependency_links to my_custom_interface.egg-info/dependency_links.txt
writing top-level names to my_custom_interface.egg-info/top_level.txt
reading manifest file 'my_custom_interface.egg-info/SOURCES.txt'
writing manifest file 'my_custom_interface.egg-info/SOURCES.txt'
[100%] Built target ament_cmake_python_build_my_custom_interface_egg
-- Install configuration: ""
-- Up-to-date: /home/harry/aaa/install/my_custom_interface/share/ament_index/resource_index/rosidl_interfaces/my_custom_interface
-- Up-to-date: /home/harry/aaa/install/my_custom_interface/include/my_custom_interface/my_custom_interface
-- Up-to-date: /home/harry/aaa/install/my_custom_interface/include/my_custom_interface/my_custom_interface/action
-- Up-to-date: /home/harry/aaa/install/my_custom_interface/include/my_custom_interface/my_custom_interface/action/cal.h
-- Up-to-date: /home/harry/aaa/install/my_custom_interface/include/my_custom_interface/my_custom_interface/action/calculator.h
-- Up-to-date: /home/harry/aaa/install/my_custom_interface/include/my_custom_interface/my_custom_interface/action/detail
-- Up-to-date: /home/harry/aaa/install/my_custom_interface/include/my_custom_interface/my_custom_interface/action/detail/come__functions.c
-- Up-to-date: /home/harry/aaa/install/my_custom_interface/include/my_custom_interface/my_custom_interface/action/detail/calculator__functions.c
-- Up-to-date: /home/harry/aaa/install/my_custom_interface/include/my_custom_interface/my_custom_interface/action/detail/calculator__struct.h
-- Up-to-date: /home/harry/aaa/install/my_custom_interface/include/my_custom_interface/my_custom_interface/action/detail/cal__functions.h
-- Up-to-date: /home/harry/aaa/install/my_custom_interface/include/my_custom_interface/my_custom_interface/action/detail/come__type_support.h
-- Up-to-date: /home/harry/aaa/install/my_custom_interface/include/my_custom_interface/my_custom_interface/action/detail/calculator__functions.h
-- Up-to-date: /home/harry/aaa/install/my_custom_interface/include/my_custom_interface/my_custom_interface/action/detail/calculator__type_support.h
-- Up-to-date: /home/harry/aaa/install/my_custom_interface/include/my_custom_interface/my_custom_interface/action/detail/cal__struct.h
-- Up-to-date: /home/harry/aaa/install/my_custom_interface/include/my_custom_interface/my_custom_interface/action/detail/come__struct.h
-- Up-to-date: /home/harry/aaa/install/my_custom_interface/include/my_custom_interface/my_custom_interface/action/detail/cal__type_support.h
-- Up-to-date: /home/harry/aaa/install/my_custom_interface/include/my_custom_interface/my_custom_interface/action/detail/come__functions.h
-- Up-to-date: /home/harry/aaa/install/my_custom_interface/include/my_custom_interface/my_custom_interface/action/detail/cal__functions.c
-- Up-to-date: /home/harry/aaa/install/my_custom_interface/include/my_custom_interface/my_custom_interface/action/come.h
-- Up-to-date: /home/harry/aaa/install/my_custom_interface/include/my_custom_interface/my_custom_interface/srv
-- Up-to-date: /home/harry/aaa/install/my_custom_interface/include/my_custom_interface/my_custom_interface/srv/order.h
-- Up-to-date: /home/harry/aaa/install/my_custom_interface/include/my_custom_interface/my_custom_interface/srv/abc.h
-- Up-to-date: /home/harry/aaa/install/my_custom_interface/include/my_custom_interface/my_custom_interface/srv/complete.h
-- Up-to-date: /home/harry/aaa/install/my_custom_interface/include/my_custom_interface/my_custom_interface/srv/orderr.h
-- Up-to-date: /home/harry/aaa/install/my_custom_interface/include/my_custom_interface/my_custom_interface/srv/detail
-- Up-to-date: /home/harry/aaa/install/my_custom_interface/include/my_custom_interface/my_custom_interface/srv/detail/order__struct.h
-- Up-to-date: /home/harry/aaa/install/my_custom_interface/include/my_custom_interface/my_custom_interface/srv/detail/orderr__functions.c
-- Up-to-date: /home/harry/aaa/install/my_custom_interface/include/my_custom_interface/my_custom_interface/srv/detail/abc__type_support.h
-- Up-to-date: /home/harry/aaa/install/my_custom_interface/include/my_custom_interface/my_custom_interface/srv/detail/abc__functions.c
-- Up-to-date: /home/harry/aaa/install/my_custom_interface/include/my_custom_interface/my_custom_interface/srv/detail/orderr__functions.h
-- Up-to-date: /home/harry/aaa/install/my_custom_interface/include/my_custom_interface/my_custom_interface/srv/detail/complete__functions.c
-- Up-to-date: /home/harry/aaa/install/my_custom_interface/include/my_custom_interface/my_custom_interface/srv/detail/abc__functions.h
-- Up-to-date: /home/harry/aaa/install/my_custom_interface/include/my_custom_interface/my_custom_interface/srv/detail/complete__functions.h
-- Up-to-date: /home/harry/aaa/install/my_custom_interface/include/my_custom_interface/my_custom_interface/srv/detail/drive__type_support.h
-- Up-to-date: /home/harry/aaa/install/my_custom_interface/include/my_custom_interface/my_custom_interface/srv/detail/order__functions.h
-- Up-to-date: /home/harry/aaa/install/my_custom_interface/include/my_custom_interface/my_custom_interface/srv/detail/order__type_support.h
-- Up-to-date: /home/harry/aaa/install/my_custom_interface/include/my_custom_interface/my_custom_interface/srv/detail/orderr__type_support.h
-- Up-to-date: /home/harry/aaa/install/my_custom_interface/include/my_custom_interface/my_custom_interface/srv/detail/drive__functions.c
-- Up-to-date: /home/harry/aaa/install/my_custom_interface/include/my_custom_interface/my_custom_interface/srv/detail/rotatehome__functions.c
-- Up-to-date: /home/harry/aaa/install/my_custom_interface/include/my_custom_interface/my_custom_interface/srv/detail/rotatehome__type_support.h
-- Up-to-date: /home/harry/aaa/install/my_custom_interface/include/my_custom_interface/my_custom_interface/srv/detail/complete__type_support.h
-- Up-to-date: /home/harry/aaa/install/my_custom_interface/include/my_custom_interface/my_custom_interface/srv/detail/rotatehome__functions.h
-- Up-to-date: /home/harry/aaa/install/my_custom_interface/include/my_custom_interface/my_custom_interface/srv/detail/order__functions.c
-- Up-to-date: /home/harry/aaa/install/my_custom_interface/include/my_custom_interface/my_custom_interface/srv/detail/two_string_service__functions.h
-- Up-to-date: /home/harry/aaa/install/my_custom_interface/include/my_custom_interface/my_custom_interface/srv/detail/two_string_service__struct.h
-- Up-to-date: /home/harry/aaa/install/my_custom_interface/include/my_custom_interface/my_custom_interface/srv/detail/orderr__struct.h
-- Up-to-date: /home/harry/aaa/install/my_custom_interface/include/my_custom_interface/my_custom_interface/srv/detail/drive__functions.h
-- Up-to-date: /home/harry/aaa/install/my_custom_interface/include/my_custom_interface/my_custom_interface/srv/detail/abc__struct.h
-- Up-to-date: /home/harry/aaa/install/my_custom_interface/include/my_custom_interface/my_custom_interface/srv/detail/two_string_service__type_support.h
-- Up-to-date: /home/harry/aaa/install/my_custom_interface/include/my_custom_interface/my_custom_interface/srv/detail/complete__struct.h
-- Up-to-date: /home/harry/aaa/install/my_custom_interface/include/my_custom_interface/my_custom_interface/srv/detail/drive__struct.h
-- Up-to-date: /home/harry/aaa/install/my_custom_interface/include/my_custom_interface/my_custom_interface/srv/detail/two_string_service__functions.c
-- Up-to-date: /home/harry/aaa/install/my_custom_interface/include/my_custom_interface/my_custom_interface/srv/detail/rotatehome__struct.h
-- Up-to-date: /home/harry/aaa/install/my_custom_interface/include/my_custom_interface/my_custom_interface/srv/two_string_service.h
-- Up-to-date: /home/harry/aaa/install/my_custom_interface/include/my_custom_interface/my_custom_interface/srv/drive.h
-- Up-to-date: /home/harry/aaa/install/my_custom_interface/include/my_custom_interface/my_custom_interface/srv/rotatehome.h
-- Up-to-date: /home/harry/aaa/install/my_custom_interface/include/my_custom_interface/my_custom_interface/msg
-- Up-to-date: /home/harry/aaa/install/my_custom_interface/include/my_custom_interface/my_custom_interface/msg/rosidl_generator_c__visibility_control.h
-- Up-to-date: /home/harry/aaa/install/my_custom_interface/share/my_custom_interface/environment/library_path.sh
-- Up-to-date: /home/harry/aaa/install/my_custom_interface/share/my_custom_interface/environment/library_path.dsv
-- Up-to-date: /home/harry/aaa/install/my_custom_interface/lib/libmy_custom_interface__rosidl_generator_c.so
-- Up-to-date: /home/harry/aaa/install/my_custom_interface/include/my_custom_interface/my_custom_interface
-- Up-to-date: /home/harry/aaa/install/my_custom_interface/include/my_custom_interface/my_custom_interface/action
-- Up-to-date: /home/harry/aaa/install/my_custom_interface/include/my_custom_interface/my_custom_interface/action/detail
-- Up-to-date: /home/harry/aaa/install/my_custom_interface/include/my_custom_interface/my_custom_interface/action/detail/come__rosidl_typesupport_fastrtps_c.h
-- Up-to-date: /home/harry/aaa/install/my_custom_interface/include/my_custom_interface/my_custom_interface/action/detail/calculator__rosidl_typesupport_fastrtps_c.h
-- Up-to-date: /home/harry/aaa/install/my_custom_interface/include/my_custom_interface/my_custom_interface/action/detail/cal__rosidl_typesupport_fastrtps_c.h
-- Up-to-date: /home/harry/aaa/install/my_custom_interface/include/my_custom_interface/my_custom_interface/srv
-- Up-to-date: /home/harry/aaa/install/my_custom_interface/include/my_custom_interface/my_custom_interface/srv/detail
-- Up-to-date: /home/harry/aaa/install/my_custom_interface/include/my_custom_interface/my_custom_interface/srv/detail/order__rosidl_typesupport_fastrtps_c.h
-- Up-to-date: /home/harry/aaa/install/my_custom_interface/include/my_custom_interface/my_custom_interface/srv/detail/rotatehome__rosidl_typesupport_fastrtps_c.h
-- Up-to-date: /home/harry/aaa/install/my_custom_interface/include/my_custom_interface/my_custom_interface/srv/detail/two_string_service__rosidl_typesupport_fastrtps_c.h
-- Up-to-date: /home/harry/aaa/install/my_custom_interface/include/my_custom_interface/my_custom_interface/srv/detail/drive__rosidl_typesupport_fastrtps_c.h
-- Up-to-date: /home/harry/aaa/install/my_custom_interface/include/my_custom_interface/my_custom_interface/srv/detail/orderr__rosidl_typesupport_fastrtps_c.h
-- Up-to-date: /home/harry/aaa/install/my_custom_interface/include/my_custom_interface/my_custom_interface/srv/detail/complete__rosidl_typesupport_fastrtps_c.h
-- Up-to-date: /home/harry/aaa/install/my_custom_interface/include/my_custom_interface/my_custom_interface/srv/detail/abc__rosidl_typesupport_fastrtps_c.h
-- Up-to-date: /home/harry/aaa/install/my_custom_interface/include/my_custom_interface/my_custom_interface/msg
-- Up-to-date: /home/harry/aaa/install/my_custom_interface/include/my_custom_interface/my_custom_interface/msg/rosidl_typesupport_fastrtps_c__visibility_control.h
-- Up-to-date: /home/harry/aaa/install/my_custom_interface/lib/libmy_custom_interface__rosidl_typesupport_fastrtps_c.so
-- Up-to-date: /home/harry/aaa/install/my_custom_interface/include/my_custom_interface/my_custom_interface
-- Up-to-date: /home/harry/aaa/install/my_custom_interface/include/my_custom_interface/my_custom_interface/action
-- Up-to-date: /home/harry/aaa/install/my_custom_interface/include/my_custom_interface/my_custom_interface/action/detail
-- Up-to-date: /home/harry/aaa/install/my_custom_interface/include/my_custom_interface/my_custom_interface/action/detail/calculator__type_support.c
-- Up-to-date: /home/harry/aaa/install/my_custom_interface/include/my_custom_interface/my_custom_interface/action/detail/calculator__rosidl_typesupport_introspection_c.h
-- Up-to-date: /home/harry/aaa/install/my_custom_interface/include/my_custom_interface/my_custom_interface/action/detail/come__rosidl_typesupport_introspection_c.h
-- Up-to-date: /home/harry/aaa/install/my_custom_interface/include/my_custom_interface/my_custom_interface/action/detail/come__type_support.c
-- Up-to-date: /home/harry/aaa/install/my_custom_interface/include/my_custom_interface/my_custom_interface/action/detail/cal__rosidl_typesupport_introspection_c.h
-- Up-to-date: /home/harry/aaa/install/my_custom_interface/include/my_custom_interface/my_custom_interface/action/detail/cal__type_support.c
-- Up-to-date: /home/harry/aaa/install/my_custom_interface/include/my_custom_interface/my_custom_interface/srv
-- Up-to-date: /home/harry/aaa/install/my_custom_interface/include/my_custom_interface/my_custom_interface/srv/detail
-- Up-to-date: /home/harry/aaa/install/my_custom_interface/include/my_custom_interface/my_custom_interface/srv/detail/two_string_service__type_support.c
-- Up-to-date: /home/harry/aaa/install/my_custom_interface/include/my_custom_interface/my_custom_interface/srv/detail/complete__rosidl_typesupport_introspection_c.h
-- Up-to-date: /home/harry/aaa/install/my_custom_interface/include/my_custom_interface/my_custom_interface/srv/detail/orderr__type_support.c
-- Up-to-date: /home/harry/aaa/install/my_custom_interface/include/my_custom_interface/my_custom_interface/srv/detail/drive__type_support.c
-- Up-to-date: /home/harry/aaa/install/my_custom_interface/include/my_custom_interface/my_custom_interface/srv/detail/complete__type_support.c
-- Up-to-date: /home/harry/aaa/install/my_custom_interface/include/my_custom_interface/my_custom_interface/srv/detail/order__rosidl_typesupport_introspection_c.h
-- Up-to-date: /home/harry/aaa/install/my_custom_interface/include/my_custom_interface/my_custom_interface/srv/detail/abc__type_support.c
-- Up-to-date: /home/harry/aaa/install/my_custom_interface/include/my_custom_interface/my_custom_interface/srv/detail/two_string_service__rosidl_typesupport_introspection_c.h
-- Up-to-date: /home/harry/aaa/install/my_custom_interface/include/my_custom_interface/my_custom_interface/srv/detail/drive__rosidl_typesupport_introspection_c.h
-- Up-to-date: /home/harry/aaa/install/my_custom_interface/include/my_custom_interface/my_custom_interface/srv/detail/rotatehome__rosidl_typesupport_introspection_c.h
-- Up-to-date: /home/harry/aaa/install/my_custom_interface/include/my_custom_interface/my_custom_interface/srv/detail/abc__rosidl_typesupport_introspection_c.h
-- Up-to-date: /home/harry/aaa/install/my_custom_interface/include/my_custom_interface/my_custom_interface/srv/detail/order__type_support.c
-- Up-to-date: /home/harry/aaa/install/my_custom_interface/include/my_custom_interface/my_custom_interface/srv/detail/rotatehome__type_support.c
-- Up-to-date: /home/harry/aaa/install/my_custom_interface/include/my_custom_interface/my_custom_interface/srv/detail/orderr__rosidl_typesupport_introspection_c.h
-- Up-to-date: /home/harry/aaa/install/my_custom_interface/include/my_custom_interface/my_custom_interface/msg
-- Up-to-date: /home/harry/aaa/install/my_custom_interface/include/my_custom_interface/my_custom_interface/msg/rosidl_typesupport_introspection_c__visibility_control.h
-- Up-to-date: /home/harry/aaa/install/my_custom_interface/lib/libmy_custom_interface__rosidl_typesupport_introspection_c.so
-- Up-to-date: /home/harry/aaa/install/my_custom_interface/lib/libmy_custom_interface__rosidl_typesupport_c.so
-- Up-to-date: /home/harry/aaa/install/my_custom_interface/include/my_custom_interface/my_custom_interface
-- Up-to-date: /home/harry/aaa/install/my_custom_interface/include/my_custom_interface/my_custom_interface/action
-- Up-to-date: /home/harry/aaa/install/my_custom_interface/include/my_custom_interface/my_custom_interface/action/come.hpp
-- Up-to-date: /home/harry/aaa/install/my_custom_interface/include/my_custom_interface/my_custom_interface/action/detail
-- Up-to-date: /home/harry/aaa/install/my_custom_interface/include/my_custom_interface/my_custom_interface/action/detail/come__struct.hpp
-- Up-to-date: /home/harry/aaa/install/my_custom_interface/include/my_custom_interface/my_custom_interface/action/detail/come__builder.hpp
-- Up-to-date: /home/harry/aaa/install/my_custom_interface/include/my_custom_interface/my_custom_interface/action/detail/cal__struct.hpp
-- Up-to-date: /home/harry/aaa/install/my_custom_interface/include/my_custom_interface/my_custom_interface/action/detail/come__traits.hpp
-- Up-to-date: /home/harry/aaa/install/my_custom_interface/include/my_custom_interface/my_custom_interface/action/detail/cal__builder.hpp
-- Up-to-date: /home/harry/aaa/install/my_custom_interface/include/my_custom_interface/my_custom_interface/action/detail/calculator__traits.hpp
-- Up-to-date: /home/harry/aaa/install/my_custom_interface/include/my_custom_interface/my_custom_interface/action/detail/cal__traits.hpp
-- Up-to-date: /home/harry/aaa/install/my_custom_interface/include/my_custom_interface/my_custom_interface/action/detail/calculator__builder.hpp
-- Up-to-date: /home/harry/aaa/install/my_custom_interface/include/my_custom_interface/my_custom_interface/action/detail/calculator__struct.hpp
-- Up-to-date: /home/harry/aaa/install/my_custom_interface/include/my_custom_interface/my_custom_interface/action/cal.hpp
-- Up-to-date: /home/harry/aaa/install/my_custom_interface/include/my_custom_interface/my_custom_interface/action/calculator.hpp
-- Up-to-date: /home/harry/aaa/install/my_custom_interface/include/my_custom_interface/my_custom_interface/srv
-- Up-to-date: /home/harry/aaa/install/my_custom_interface/include/my_custom_interface/my_custom_interface/srv/two_string_service.hpp
-- Up-to-date: /home/harry/aaa/install/my_custom_interface/include/my_custom_interface/my_custom_interface/srv/drive.hpp
-- Up-to-date: /home/harry/aaa/install/my_custom_interface/include/my_custom_interface/my_custom_interface/srv/orderr.hpp
-- Up-to-date: /home/harry/aaa/install/my_custom_interface/include/my_custom_interface/my_custom_interface/srv/complete.hpp
-- Up-to-date: /home/harry/aaa/install/my_custom_interface/include/my_custom_interface/my_custom_interface/srv/abc.hpp
-- Up-to-date: /home/harry/aaa/install/my_custom_interface/include/my_custom_interface/my_custom_interface/srv/detail
-- Up-to-date: /home/harry/aaa/install/my_custom_interface/include/my_custom_interface/my_custom_interface/srv/detail/rotatehome__builder.hpp
-- Up-to-date: /home/harry/aaa/install/my_custom_interface/include/my_custom_interface/my_custom_interface/srv/detail/order__struct.hpp
-- Up-to-date: /home/harry/aaa/install/my_custom_interface/include/my_custom_interface/my_custom_interface/srv/detail/rotatehome__traits.hpp
-- Up-to-date: /home/harry/aaa/install/my_custom_interface/include/my_custom_interface/my_custom_interface/srv/detail/complete__struct.hpp
-- Up-to-date: /home/harry/aaa/install/my_custom_interface/include/my_custom_interface/my_custom_interface/srv/detail/abc__struct.hpp
-- Up-to-date: /home/harry/aaa/install/my_custom_interface/include/my_custom_interface/my_custom_interface/srv/detail/two_string_service__builder.hpp
-- Up-to-date: /home/harry/aaa/install/my_custom_interface/include/my_custom_interface/my_custom_interface/srv/detail/order__builder.hpp
-- Up-to-date: /home/harry/aaa/install/my_custom_interface/include/my_custom_interface/my_custom_interface/srv/detail/complete__traits.hpp
-- Up-to-date: /home/harry/aaa/install/my_custom_interface/include/my_custom_interface/my_custom_interface/srv/detail/abc__builder.hpp
-- Up-to-date: /home/harry/aaa/install/my_custom_interface/include/my_custom_interface/my_custom_interface/srv/detail/rotatehome__struct.hpp
-- Up-to-date: /home/harry/aaa/install/my_custom_interface/include/my_custom_interface/my_custom_interface/srv/detail/two_string_service__traits.hpp
-- Up-to-date: /home/harry/aaa/install/my_custom_interface/include/my_custom_interface/my_custom_interface/srv/detail/drive__struct.hpp
-- Up-to-date: /home/harry/aaa/install/my_custom_interface/include/my_custom_interface/my_custom_interface/srv/detail/orderr__struct.hpp
-- Up-to-date: /home/harry/aaa/install/my_custom_interface/include/my_custom_interface/my_custom_interface/srv/detail/drive__traits.hpp
-- Up-to-date: /home/harry/aaa/install/my_custom_interface/include/my_custom_interface/my_custom_interface/srv/detail/two_string_service__struct.hpp
-- Up-to-date: /home/harry/aaa/install/my_custom_interface/include/my_custom_interface/my_custom_interface/srv/detail/drive__builder.hpp
-- Up-to-date: /home/harry/aaa/install/my_custom_interface/include/my_custom_interface/my_custom_interface/srv/detail/orderr__traits.hpp
-- Up-to-date: /home/harry/aaa/install/my_custom_interface/include/my_custom_interface/my_custom_interface/srv/detail/order__traits.hpp
-- Up-to-date: /home/harry/aaa/install/my_custom_interface/include/my_custom_interface/my_custom_interface/srv/detail/orderr__builder.hpp
-- Up-to-date: /home/harry/aaa/install/my_custom_interface/include/my_custom_interface/my_custom_interface/srv/detail/abc__traits.hpp
-- Up-to-date: /home/harry/aaa/install/my_custom_interface/include/my_custom_interface/my_custom_interface/srv/detail/complete__builder.hpp
-- Up-to-date: /home/harry/aaa/install/my_custom_interface/include/my_custom_interface/my_custom_interface/srv/rotatehome.hpp
-- Up-to-date: /home/harry/aaa/install/my_custom_interface/include/my_custom_interface/my_custom_interface/srv/order.hpp
-- Up-to-date: /home/harry/aaa/install/my_custom_interface/include/my_custom_interface/my_custom_interface
-- Up-to-date: /home/harry/aaa/install/my_custom_interface/include/my_custom_interface/my_custom_interface/action
-- Up-to-date: /home/harry/aaa/install/my_custom_interface/include/my_custom_interface/my_custom_interface/action/detail
-- Up-to-date: /home/harry/aaa/install/my_custom_interface/include/my_custom_interface/my_custom_interface/action/detail/come__rosidl_typesupport_fastrtps_cpp.hpp
-- Up-to-date: /home/harry/aaa/install/my_custom_interface/include/my_custom_interface/my_custom_interface/action/detail/calculator__rosidl_typesupport_fastrtps_cpp.hpp
-- Up-to-date: /home/harry/aaa/install/my_custom_interface/include/my_custom_interface/my_custom_interface/action/detail/cal__rosidl_typesupport_fastrtps_cpp.hpp
-- Up-to-date: /home/harry/aaa/install/my_custom_interface/include/my_custom_interface/my_custom_interface/action/detail/dds_fastrtps
-- Up-to-date: /home/harry/aaa/install/my_custom_interface/include/my_custom_interface/my_custom_interface/srv
-- Up-to-date: /home/harry/aaa/install/my_custom_interface/include/my_custom_interface/my_custom_interface/srv/detail
-- Up-to-date: /home/harry/aaa/install/my_custom_interface/include/my_custom_interface/my_custom_interface/srv/detail/orderr__rosidl_typesupport_fastrtps_cpp.hpp
-- Up-to-date: /home/harry/aaa/install/my_custom_interface/include/my_custom_interface/my_custom_interface/srv/detail/rotatehome__rosidl_typesupport_fastrtps_cpp.hpp
-- Up-to-date: /home/harry/aaa/install/my_custom_interface/include/my_custom_interface/my_custom_interface/srv/detail/order__rosidl_typesupport_fastrtps_cpp.hpp
-- Up-to-date: /home/harry/aaa/install/my_custom_interface/include/my_custom_interface/my_custom_interface/srv/detail/abc__rosidl_typesupport_fastrtps_cpp.hpp
-- Up-to-date: /home/harry/aaa/install/my_custom_interface/include/my_custom_interface/my_custom_interface/srv/detail/two_string_service__rosidl_typesupport_fastrtps_cpp.hpp
-- Up-to-date: /home/harry/aaa/install/my_custom_interface/include/my_custom_interface/my_custom_interface/srv/detail/dds_fastrtps
-- Up-to-date: /home/harry/aaa/install/my_custom_interface/include/my_custom_interface/my_custom_interface/srv/detail/drive__rosidl_typesupport_fastrtps_cpp.hpp
-- Up-to-date: /home/harry/aaa/install/my_custom_interface/include/my_custom_interface/my_custom_interface/srv/detail/complete__rosidl_typesupport_fastrtps_cpp.hpp
-- Up-to-date: /home/harry/aaa/install/my_custom_interface/include/my_custom_interface/my_custom_interface/msg
-- Up-to-date: /home/harry/aaa/install/my_custom_interface/include/my_custom_interface/my_custom_interface/msg/rosidl_typesupport_fastrtps_cpp__visibility_control.h
-- Up-to-date: /home/harry/aaa/install/my_custom_interface/lib/libmy_custom_interface__rosidl_typesupport_fastrtps_cpp.so
-- Up-to-date: /home/harry/aaa/install/my_custom_interface/include/my_custom_interface/my_custom_interface
-- Up-to-date: /home/harry/aaa/install/my_custom_interface/include/my_custom_interface/my_custom_interface/action
-- Up-to-date: /home/harry/aaa/install/my_custom_interface/include/my_custom_interface/my_custom_interface/action/detail
-- Up-to-date: /home/harry/aaa/install/my_custom_interface/include/my_custom_interface/my_custom_interface/action/detail/come__rosidl_typesupport_introspection_cpp.hpp
-- Up-to-date: /home/harry/aaa/install/my_custom_interface/include/my_custom_interface/my_custom_interface/action/detail/calculator__type_support.cpp
-- Up-to-date: /home/harry/aaa/install/my_custom_interface/include/my_custom_interface/my_custom_interface/action/detail/cal__rosidl_typesupport_introspection_cpp.hpp
-- Up-to-date: /home/harry/aaa/install/my_custom_interface/include/my_custom_interface/my_custom_interface/action/detail/come__type_support.cpp
-- Up-to-date: /home/harry/aaa/install/my_custom_interface/include/my_custom_interface/my_custom_interface/action/detail/cal__type_support.cpp
-- Up-to-date: /home/harry/aaa/install/my_custom_interface/include/my_custom_interface/my_custom_interface/action/detail/calculator__rosidl_typesupport_introspection_cpp.hpp
-- Up-to-date: /home/harry/aaa/install/my_custom_interface/include/my_custom_interface/my_custom_interface/srv
-- Up-to-date: /home/harry/aaa/install/my_custom_interface/include/my_custom_interface/my_custom_interface/srv/detail
-- Up-to-date: /home/harry/aaa/install/my_custom_interface/include/my_custom_interface/my_custom_interface/srv/detail/drive__type_support.cpp
-- Up-to-date: /home/harry/aaa/install/my_custom_interface/include/my_custom_interface/my_custom_interface/srv/detail/order__rosidl_typesupport_introspection_cpp.hpp
-- Up-to-date: /home/harry/aaa/install/my_custom_interface/include/my_custom_interface/my_custom_interface/srv/detail/complete__type_support.cpp
-- Up-to-date: /home/harry/aaa/install/my_custom_interface/include/my_custom_interface/my_custom_interface/srv/detail/two_string_service__type_support.cpp
-- Up-to-date: /home/harry/aaa/install/my_custom_interface/include/my_custom_interface/my_custom_interface/srv/detail/complete__rosidl_typesupport_introspection_cpp.hpp
-- Up-to-date: /home/harry/aaa/install/my_custom_interface/include/my_custom_interface/my_custom_interface/srv/detail/orderr__type_support.cpp
-- Up-to-date: /home/harry/aaa/install/my_custom_interface/include/my_custom_interface/my_custom_interface/srv/detail/rotatehome__rosidl_typesupport_introspection_cpp.hpp
-- Up-to-date: /home/harry/aaa/install/my_custom_interface/include/my_custom_interface/my_custom_interface/srv/detail/orderr__rosidl_typesupport_introspection_cpp.hpp
-- Up-to-date: /home/harry/aaa/install/my_custom_interface/include/my_custom_interface/my_custom_interface/srv/detail/two_string_service__rosidl_typesupport_introspection_cpp.hpp
-- Up-to-date: /home/harry/aaa/install/my_custom_interface/include/my_custom_interface/my_custom_interface/srv/detail/order__type_support.cpp
-- Up-to-date: /home/harry/aaa/install/my_custom_interface/include/my_custom_interface/my_custom_interface/srv/detail/abc__type_support.cpp
-- Up-to-date: /home/harry/aaa/install/my_custom_interface/include/my_custom_interface/my_custom_interface/srv/detail/drive__rosidl_typesupport_introspection_cpp.hpp
-- Up-to-date: /home/harry/aaa/install/my_custom_interface/include/my_custom_interface/my_custom_interface/srv/detail/abc__rosidl_typesupport_introspection_cpp.hpp
-- Up-to-date: /home/harry/aaa/install/my_custom_interface/include/my_custom_interface/my_custom_interface/srv/detail/rotatehome__type_support.cpp
-- Up-to-date: /home/harry/aaa/install/my_custom_interface/lib/libmy_custom_interface__rosidl_typesupport_introspection_cpp.so
-- Up-to-date: /home/harry/aaa/install/my_custom_interface/lib/libmy_custom_interface__rosidl_typesupport_cpp.so
-- Up-to-date: /home/harry/aaa/install/my_custom_interface/share/my_custom_interface/environment/pythonpath.sh
-- Up-to-date: /home/harry/aaa/install/my_custom_interface/share/my_custom_interface/environment/pythonpath.dsv
-- Up-to-date: /home/harry/aaa/install/my_custom_interface/local/lib/python3.10/dist-packages/my_custom_interface-0.0.0-py3.10.egg-info
-- Installing: /home/harry/aaa/install/my_custom_interface/local/lib/python3.10/dist-packages/my_custom_interface-0.0.0-py3.10.egg-info/top_level.txt
-- Installing: /home/harry/aaa/install/my_custom_interface/local/lib/python3.10/dist-packages/my_custom_interface-0.0.0-py3.10.egg-info/SOURCES.txt
-- Installing: /home/harry/aaa/install/my_custom_interface/local/lib/python3.10/dist-packages/my_custom_interface-0.0.0-py3.10.egg-info/dependency_links.txt
-- Installing: /home/harry/aaa/install/my_custom_interface/local/lib/python3.10/dist-packages/my_custom_interface-0.0.0-py3.10.egg-info/PKG-INFO
-- Up-to-date: /home/harry/aaa/install/my_custom_interface/local/lib/python3.10/dist-packages/my_custom_interface
-- Up-to-date: /home/harry/aaa/install/my_custom_interface/local/lib/python3.10/dist-packages/my_custom_interface/my_custom_interface_s__rosidl_typesupport_fastrtps_c.cpython-310-x86_64-linux-gnu.so
-- Up-to-date: /home/harry/aaa/install/my_custom_interface/local/lib/python3.10/dist-packages/my_custom_interface/__init__.py
-- Up-to-date: /home/harry/aaa/install/my_custom_interface/local/lib/python3.10/dist-packages/my_custom_interface/action
-- Up-to-date: /home/harry/aaa/install/my_custom_interface/local/lib/python3.10/dist-packages/my_custom_interface/action/__init__.py
-- Up-to-date: /home/harry/aaa/install/my_custom_interface/local/lib/python3.10/dist-packages/my_custom_interface/action/_come_s.c
-- Up-to-date: /home/harry/aaa/install/my_custom_interface/local/lib/python3.10/dist-packages/my_custom_interface/action/_cal.py
-- Up-to-date: /home/harry/aaa/install/my_custom_interface/local/lib/python3.10/dist-packages/my_custom_interface/action/_come.py
-- Up-to-date: /home/harry/aaa/install/my_custom_interface/local/lib/python3.10/dist-packages/my_custom_interface/action/_calculator.py
-- Up-to-date: /home/harry/aaa/install/my_custom_interface/local/lib/python3.10/dist-packages/my_custom_interface/action/_cal_s.c
-- Up-to-date: /home/harry/aaa/install/my_custom_interface/local/lib/python3.10/dist-packages/my_custom_interface/action/_calculator_s.c
-- Up-to-date: /home/harry/aaa/install/my_custom_interface/local/lib/python3.10/dist-packages/my_custom_interface/libmy_custom_interface__rosidl_generator_py.so
-- Up-to-date: /home/harry/aaa/install/my_custom_interface/local/lib/python3.10/dist-packages/my_custom_interface/srv
-- Up-to-date: /home/harry/aaa/install/my_custom_interface/local/lib/python3.10/dist-packages/my_custom_interface/srv/_two_string_service_s.c
-- Up-to-date: /home/harry/aaa/install/my_custom_interface/local/lib/python3.10/dist-packages/my_custom_interface/srv/_complete.py
-- Up-to-date: /home/harry/aaa/install/my_custom_interface/local/lib/python3.10/dist-packages/my_custom_interface/srv/__init__.py
-- Up-to-date: /home/harry/aaa/install/my_custom_interface/local/lib/python3.10/dist-packages/my_custom_interface/srv/_drive.py
-- Up-to-date: /home/harry/aaa/install/my_custom_interface/local/lib/python3.10/dist-packages/my_custom_interface/srv/_complete_s.c
-- Up-to-date: /home/harry/aaa/install/my_custom_interface/local/lib/python3.10/dist-packages/my_custom_interface/srv/_order.py
-- Up-to-date: /home/harry/aaa/install/my_custom_interface/local/lib/python3.10/dist-packages/my_custom_interface/srv/_abc_s.c
-- Up-to-date: /home/harry/aaa/install/my_custom_interface/local/lib/python3.10/dist-packages/my_custom_interface/srv/_drive_s.c
-- Up-to-date: /home/harry/aaa/install/my_custom_interface/local/lib/python3.10/dist-packages/my_custom_interface/srv/_orderr.py
-- Up-to-date: /home/harry/aaa/install/my_custom_interface/local/lib/python3.10/dist-packages/my_custom_interface/srv/_two_string_service.py
-- Up-to-date: /home/harry/aaa/install/my_custom_interface/local/lib/python3.10/dist-packages/my_custom_interface/srv/_rotatehome_s.c
-- Up-to-date: /home/harry/aaa/install/my_custom_interface/local/lib/python3.10/dist-packages/my_custom_interface/srv/_rotatehome.py
-- Up-to-date: /home/harry/aaa/install/my_custom_interface/local/lib/python3.10/dist-packages/my_custom_interface/srv/_abc.py
-- Up-to-date: /home/harry/aaa/install/my_custom_interface/local/lib/python3.10/dist-packages/my_custom_interface/srv/_order_s.c
-- Up-to-date: /home/harry/aaa/install/my_custom_interface/local/lib/python3.10/dist-packages/my_custom_interface/srv/_orderr_s.c
-- Up-to-date: /home/harry/aaa/install/my_custom_interface/local/lib/python3.10/dist-packages/my_custom_interface/my_custom_interface_s__rosidl_typesupport_c.cpython-310-x86_64-linux-gnu.so
-- Up-to-date: /home/harry/aaa/install/my_custom_interface/local/lib/python3.10/dist-packages/my_custom_interface/_my_custom_interface_s.ep.rosidl_typesupport_c.c
-- Up-to-date: /home/harry/aaa/install/my_custom_interface/local/lib/python3.10/dist-packages/my_custom_interface/_my_custom_interface_s.ep.rosidl_typesupport_introspection_c.c
-- Up-to-date: /home/harry/aaa/install/my_custom_interface/local/lib/python3.10/dist-packages/my_custom_interface/_my_custom_interface_s.ep.rosidl_typesupport_fastrtps_c.c
-- Up-to-date: /home/harry/aaa/install/my_custom_interface/local/lib/python3.10/dist-packages/my_custom_interface/my_custom_interface_s__rosidl_typesupport_introspection_c.cpython-310-x86_64-linux-gnu.so
Listing '/home/harry/aaa/install/my_custom_interface/local/lib/python3.10/dist-packages/my_custom_interface'...
Listing '/home/harry/aaa/install/my_custom_interface/local/lib/python3.10/dist-packages/my_custom_interface/action'...
Listing '/home/harry/aaa/install/my_custom_interface/local/lib/python3.10/dist-packages/my_custom_interface/srv'...
-- Up-to-date: /home/harry/aaa/install/my_custom_interface/local/lib/python3.10/dist-packages/my_custom_interface/my_custom_interface_s__rosidl_typesupport_fastrtps_c.cpython-310-x86_64-linux-gnu.so
-- Up-to-date: /home/harry/aaa/install/my_custom_interface/local/lib/python3.10/dist-packages/my_custom_interface/my_custom_interface_s__rosidl_typesupport_introspection_c.cpython-310-x86_64-linux-gnu.so
-- Up-to-date: /home/harry/aaa/install/my_custom_interface/local/lib/python3.10/dist-packages/my_custom_interface/my_custom_interface_s__rosidl_typesupport_c.cpython-310-x86_64-linux-gnu.so
-- Up-to-date: /home/harry/aaa/install/my_custom_interface/lib/libmy_custom_interface__rosidl_generator_py.so
-- Up-to-date: /home/harry/aaa/install/my_custom_interface/share/my_custom_interface/srv/ABC.idl
-- Up-to-date: /home/harry/aaa/install/my_custom_interface/share/my_custom_interface/srv/ROTATEHOME.idl
-- Up-to-date: /home/harry/aaa/install/my_custom_interface/share/my_custom_interface/srv/TwoStringService.idl
-- Up-to-date: /home/harry/aaa/install/my_custom_interface/share/my_custom_interface/srv/COMPLETE.idl
-- Up-to-date: /home/harry/aaa/install/my_custom_interface/share/my_custom_interface/srv/DRIVE.idl
-- Up-to-date: /home/harry/aaa/install/my_custom_interface/share/my_custom_interface/srv/ORDER.idl
-- Up-to-date: /home/harry/aaa/install/my_custom_interface/share/my_custom_interface/srv/ORDERR.idl
-- Up-to-date: /home/harry/aaa/install/my_custom_interface/share/my_custom_interface/action/Calculator.idl
-- Up-to-date: /home/harry/aaa/install/my_custom_interface/share/my_custom_interface/action/Cal.idl
-- Up-to-date: /home/harry/aaa/install/my_custom_interface/share/my_custom_interface/action/COME.idl
-- Up-to-date: /home/harry/aaa/install/my_custom_interface/share/my_custom_interface/srv/ABC.srv
-- Up-to-date: /home/harry/aaa/install/my_custom_interface/share/my_custom_interface/srv/ABC_Request.msg
-- Up-to-date: /home/harry/aaa/install/my_custom_interface/share/my_custom_interface/srv/ABC_Response.msg
-- Up-to-date: /home/harry/aaa/install/my_custom_interface/share/my_custom_interface/srv/ROTATEHOME.srv
-- Up-to-date: /home/harry/aaa/install/my_custom_interface/share/my_custom_interface/srv/ROTATEHOME_Request.msg
-- Up-to-date: /home/harry/aaa/install/my_custom_interface/share/my_custom_interface/srv/ROTATEHOME_Response.msg
-- Up-to-date: /home/harry/aaa/install/my_custom_interface/share/my_custom_interface/srv/TwoStringService.srv
-- Up-to-date: /home/harry/aaa/install/my_custom_interface/share/my_custom_interface/srv/TwoStringService_Request.msg
-- Up-to-date: /home/harry/aaa/install/my_custom_interface/share/my_custom_interface/srv/TwoStringService_Response.msg
-- Up-to-date: /home/harry/aaa/install/my_custom_interface/share/my_custom_interface/srv/COMPLETE.srv
-- Up-to-date: /home/harry/aaa/install/my_custom_interface/share/my_custom_interface/srv/COMPLETE_Request.msg
-- Up-to-date: /home/harry/aaa/install/my_custom_interface/share/my_custom_interface/srv/COMPLETE_Response.msg
-- Up-to-date: /home/harry/aaa/install/my_custom_interface/share/my_custom_interface/srv/DRIVE.srv
-- Up-to-date: /home/harry/aaa/install/my_custom_interface/share/my_custom_interface/srv/DRIVE_Request.msg
-- Up-to-date: /home/harry/aaa/install/my_custom_interface/share/my_custom_interface/srv/DRIVE_Response.msg
-- Up-to-date: /home/harry/aaa/install/my_custom_interface/share/my_custom_interface/srv/ORDER.srv
-- Up-to-date: /home/harry/aaa/install/my_custom_interface/share/my_custom_interface/srv/ORDER_Request.msg
-- Up-to-date: /home/harry/aaa/install/my_custom_interface/share/my_custom_interface/srv/ORDER_Response.msg
-- Up-to-date: /home/harry/aaa/install/my_custom_interface/share/my_custom_interface/srv/ORDERR.srv
-- Up-to-date: /home/harry/aaa/install/my_custom_interface/share/my_custom_interface/srv/ORDERR_Request.msg
-- Up-to-date: /home/harry/aaa/install/my_custom_interface/share/my_custom_interface/srv/ORDERR_Response.msg
-- Up-to-date: /home/harry/aaa/install/my_custom_interface/share/my_custom_interface/action/Calculator.action
-- Up-to-date: /home/harry/aaa/install/my_custom_interface/share/my_custom_interface/action/Cal.action
-- Up-to-date: /home/harry/aaa/install/my_custom_interface/share/my_custom_interface/action/COME.action
-- Up-to-date: /home/harry/aaa/install/my_custom_interface/share/ament_index/resource_index/package_run_dependencies/my_custom_interface
-- Up-to-date: /home/harry/aaa/install/my_custom_interface/share/ament_index/resource_index/parent_prefix_path/my_custom_interface
-- Up-to-date: /home/harry/aaa/install/my_custom_interface/share/my_custom_interface/environment/ament_prefix_path.sh
-- Up-to-date: /home/harry/aaa/install/my_custom_interface/share/my_custom_interface/environment/ament_prefix_path.dsv
-- Up-to-date: /home/harry/aaa/install/my_custom_interface/share/my_custom_interface/environment/path.sh
-- Up-to-date: /home/harry/aaa/install/my_custom_interface/share/my_custom_interface/environment/path.dsv
-- Up-to-date: /home/harry/aaa/install/my_custom_interface/share/my_custom_interface/local_setup.bash
-- Up-to-date: /home/harry/aaa/install/my_custom_interface/share/my_custom_interface/local_setup.sh
-- Up-to-date: /home/harry/aaa/install/my_custom_interface/share/my_custom_interface/local_setup.zsh
-- Up-to-date: /home/harry/aaa/install/my_custom_interface/share/my_custom_interface/local_setup.dsv
-- Installing: /home/harry/aaa/install/my_custom_interface/share/my_custom_interface/package.dsv
-- Up-to-date: /home/harry/aaa/install/my_custom_interface/share/ament_index/resource_index/packages/my_custom_interface
-- Up-to-date: /home/harry/aaa/install/my_custom_interface/share/my_custom_interface/cmake/export_my_custom_interface__rosidl_generator_cExport.cmake
-- Up-to-date: /home/harry/aaa/install/my_custom_interface/share/my_custom_interface/cmake/export_my_custom_interface__rosidl_generator_cExport-noconfig.cmake
-- Up-to-date: /home/harry/aaa/install/my_custom_interface/share/my_custom_interface/cmake/export_my_custom_interface__rosidl_typesupport_fastrtps_cExport.cmake
-- Up-to-date: /home/harry/aaa/install/my_custom_interface/share/my_custom_interface/cmake/export_my_custom_interface__rosidl_typesupport_fastrtps_cExport-noconfig.cmake
-- Up-to-date: /home/harry/aaa/install/my_custom_interface/share/my_custom_interface/cmake/my_custom_interface__rosidl_typesupport_introspection_cExport.cmake
-- Up-to-date: /home/harry/aaa/install/my_custom_interface/share/my_custom_interface/cmake/my_custom_interface__rosidl_typesupport_introspection_cExport-noconfig.cmake
-- Up-to-date: /home/harry/aaa/install/my_custom_interface/share/my_custom_interface/cmake/my_custom_interface__rosidl_typesupport_cExport.cmake
-- Up-to-date: /home/harry/aaa/install/my_custom_interface/share/my_custom_interface/cmake/my_custom_interface__rosidl_typesupport_cExport-noconfig.cmake
-- Up-to-date: /home/harry/aaa/install/my_custom_interface/share/my_custom_interface/cmake/export_my_custom_interface__rosidl_generator_cppExport.cmake
-- Up-to-date: /home/harry/aaa/install/my_custom_interface/share/my_custom_interface/cmake/export_my_custom_interface__rosidl_typesupport_fastrtps_cppExport.cmake
-- Up-to-date: /home/harry/aaa/install/my_custom_interface/share/my_custom_interface/cmake/export_my_custom_interface__rosidl_typesupport_fastrtps_cppExport-noconfig.cmake
-- Up-to-date: /home/harry/aaa/install/my_custom_interface/share/my_custom_interface/cmake/my_custom_interface__rosidl_typesupport_introspection_cppExport.cmake
-- Up-to-date: /home/harry/aaa/install/my_custom_interface/share/my_custom_interface/cmake/my_custom_interface__rosidl_typesupport_introspection_cppExport-noconfig.cmake
-- Up-to-date: /home/harry/aaa/install/my_custom_interface/share/my_custom_interface/cmake/my_custom_interface__rosidl_typesupport_cppExport.cmake
-- Up-to-date: /home/harry/aaa/install/my_custom_interface/share/my_custom_interface/cmake/my_custom_interface__rosidl_typesupport_cppExport-noconfig.cmake
-- Up-to-date: /home/harry/aaa/install/my_custom_interface/share/my_custom_interface/cmake/export_my_custom_interface__rosidl_generator_pyExport.cmake
-- Up-to-date: /home/harry/aaa/install/my_custom_interface/share/my_custom_interface/cmake/export_my_custom_interface__rosidl_generator_pyExport-noconfig.cmake
-- Up-to-date: /home/harry/aaa/install/my_custom_interface/share/my_custom_interface/cmake/rosidl_cmake-extras.cmake
-- Up-to-date: /home/harry/aaa/install/my_custom_interface/share/my_custom_interface/cmake/ament_cmake_export_dependencies-extras.cmake
-- Up-to-date: /home/harry/aaa/install/my_custom_interface/share/my_custom_interface/cmake/ament_cmake_export_include_directories-extras.cmake
-- Up-to-date: /home/harry/aaa/install/my_custom_interface/share/my_custom_interface/cmake/ament_cmake_export_libraries-extras.cmake
-- Up-to-date: /home/harry/aaa/install/my_custom_interface/share/my_custom_interface/cmake/ament_cmake_export_targets-extras.cmake
-- Up-to-date: /home/harry/aaa/install/my_custom_interface/share/my_custom_interface/cmake/rosidl_cmake_export_typesupport_targets-extras.cmake
-- Up-to-date: /home/harry/aaa/install/my_custom_interface/share/my_custom_interface/cmake/rosidl_cmake_export_typesupport_libraries-extras.cmake
-- Up-to-date: /home/harry/aaa/install/my_custom_interface/share/my_custom_interface/cmake/my_custom_interfaceConfig.cmake
-- Up-to-date: /home/harry/aaa/install/my_custom_interface/share/my_custom_interface/cmake/my_custom_interfaceConfig-version.cmake
-- Up-to-date: /home/harry/aaa/install/my_custom_interface/share/my_custom_interface/package.xml
