[0.015s] Invoking command in '/home/harry/aaa/build/my_custom_interface': CMAKE_PREFIX_PATH=${CMAKE_PREFIX_PATH}:/home/harry/aaa/install/term_project:/home/harry/aaa/install/kiosk:/opt/ros/humble /home/harry/.local/bin/cmake --build /home/harry/aaa/build/my_custom_interface -- -j12 -l12
[0.105s] [  0%] Built target my_custom_interface__cpp
[0.108s] [ 12%] Built target my_custom_interface__rosidl_generator_c
[0.111s] [ 12%] Built target ament_cmake_python_copy_my_custom_interface
[0.128s] [ 24%] Built target my_custom_interface__rosidl_typesupport_cpp
[0.129s] [ 35%] Built target my_custom_interface__rosidl_typesupport_c
[0.129s] [ 46%] Built target my_custom_interface__rosidl_typesupport_fastrtps_cpp
[0.131s] [ 58%] Built target my_custom_interface__rosidl_typesupport_introspection_c
[0.134s] [ 70%] Built target my_custom_interface__rosidl_typesupport_fastrtps_c
[0.135s] [ 82%] Built target my_custom_interface__rosidl_typesupport_introspection_cpp
[0.145s] [ 82%] Built target my_custom_interface
[0.155s] [ 83%] Built target my_custom_interface__py
[0.169s] [ 94%] Built target my_custom_interface__rosidl_generator_py
[0.182s] [ 96%] Built target my_custom_interface__rosidl_typesupport_introspection_c__pyext
[0.183s] [ 98%] Built target my_custom_interface__rosidl_typesupport_fastrtps_c__pyext
[0.183s] [100%] Built target my_custom_interface__rosidl_typesupport_c__pyext
[0.378s] running egg_info
[0.379s] writing my_custom_interface.egg-info/PKG-INFO
[0.379s] writing dependency_links to my_custom_interface.egg-info/dependency_links.txt
[0.379s] writing top-level names to my_custom_interface.egg-info/top_level.txt
[0.381s] reading manifest file 'my_custom_interface.egg-info/SOURCES.txt'
[0.381s] writing manifest file 'my_custom_interface.egg-info/SOURCES.txt'
[0.400s] [100%] Built target ament_cmake_python_build_my_custom_interface_egg
[0.405s] Invoked command in '/home/harry/aaa/build/my_custom_interface' returned '0': CMAKE_PREFIX_PATH=${CMAKE_PREFIX_PATH}:/home/harry/aaa/install/term_project:/home/harry/aaa/install/kiosk:/opt/ros/humble /home/harry/.local/bin/cmake --build /home/harry/aaa/build/my_custom_interface -- -j12 -l12
[0.477s] Invoking command in '/home/harry/aaa/build/my_custom_interface': CMAKE_PREFIX_PATH=${CMAKE_PREFIX_PATH}:/home/harry/aaa/install/term_project:/home/harry/aaa/install/kiosk:/opt/ros/humble /home/harry/.local/bin/cmake --install /home/harry/aaa/build/my_custom_interface
[0.546s] -- Install configuration: ""
[0.546s] -- Up-to-date: /home/harry/aaa/install/my_custom_interface/share/ament_index/resource_index/rosidl_interfaces/my_custom_interface
[0.546s] -- Up-to-date: /home/harry/aaa/install/my_custom_interface/include/my_custom_interface/my_custom_interface
[0.546s] -- Up-to-date: /home/harry/aaa/install/my_custom_interface/include/my_custom_interface/my_custom_interface/action
[0.546s] -- Up-to-date: /home/harry/aaa/install/my_custom_interface/include/my_custom_interface/my_custom_interface/action/cal.h
[0.546s] -- Up-to-date: /home/harry/aaa/install/my_custom_interface/include/my_custom_interface/my_custom_interface/action/calculator.h
[0.546s] -- Up-to-date: /home/harry/aaa/install/my_custom_interface/include/my_custom_interface/my_custom_interface/action/detail
[0.546s] -- Up-to-date: /home/harry/aaa/install/my_custom_interface/include/my_custom_interface/my_custom_interface/action/detail/come__functions.c
[0.547s] -- Up-to-date: /home/harry/aaa/install/my_custom_interface/include/my_custom_interface/my_custom_interface/action/detail/calculator__functions.c
[0.547s] -- Up-to-date: /home/harry/aaa/install/my_custom_interface/include/my_custom_interface/my_custom_interface/action/detail/calculator__struct.h
[0.547s] -- Up-to-date: /home/harry/aaa/install/my_custom_interface/include/my_custom_interface/my_custom_interface/action/detail/cal__functions.h
[0.547s] -- Up-to-date: /home/harry/aaa/install/my_custom_interface/include/my_custom_interface/my_custom_interface/action/detail/come__type_support.h
[0.547s] -- Up-to-date: /home/harry/aaa/install/my_custom_interface/include/my_custom_interface/my_custom_interface/action/detail/calculator__functions.h
[0.547s] -- Up-to-date: /home/harry/aaa/install/my_custom_interface/include/my_custom_interface/my_custom_interface/action/detail/calculator__type_support.h
[0.547s] -- Up-to-date: /home/harry/aaa/install/my_custom_interface/include/my_custom_interface/my_custom_interface/action/detail/cal__struct.h
[0.547s] -- Up-to-date: /home/harry/aaa/install/my_custom_interface/include/my_custom_interface/my_custom_interface/action/detail/come__struct.h
[0.547s] -- Up-to-date: /home/harry/aaa/install/my_custom_interface/include/my_custom_interface/my_custom_interface/action/detail/cal__type_support.h
[0.547s] -- Up-to-date: /home/harry/aaa/install/my_custom_interface/include/my_custom_interface/my_custom_interface/action/detail/come__functions.h
[0.547s] -- Up-to-date: /home/harry/aaa/install/my_custom_interface/include/my_custom_interface/my_custom_interface/action/detail/cal__functions.c
[0.547s] -- Up-to-date: /home/harry/aaa/install/my_custom_interface/include/my_custom_interface/my_custom_interface/action/come.h
[0.547s] -- Up-to-date: /home/harry/aaa/install/my_custom_interface/include/my_custom_interface/my_custom_interface/srv
[0.548s] -- Up-to-date: /home/harry/aaa/install/my_custom_interface/include/my_custom_interface/my_custom_interface/srv/order.h
[0.548s] -- Up-to-date: /home/harry/aaa/install/my_custom_interface/include/my_custom_interface/my_custom_interface/srv/abc.h
[0.548s] -- Up-to-date: /home/harry/aaa/install/my_custom_interface/include/my_custom_interface/my_custom_interface/srv/complete.h
[0.548s] -- Up-to-date: /home/harry/aaa/install/my_custom_interface/include/my_custom_interface/my_custom_interface/srv/orderr.h
[0.548s] -- Up-to-date: /home/harry/aaa/install/my_custom_interface/include/my_custom_interface/my_custom_interface/srv/detail
[0.548s] -- Up-to-date: /home/harry/aaa/install/my_custom_interface/include/my_custom_interface/my_custom_interface/srv/detail/order__struct.h
[0.548s] -- Up-to-date: /home/harry/aaa/install/my_custom_interface/include/my_custom_interface/my_custom_interface/srv/detail/orderr__functions.c
[0.548s] -- Up-to-date: /home/harry/aaa/install/my_custom_interface/include/my_custom_interface/my_custom_interface/srv/detail/abc__type_support.h
[0.548s] -- Up-to-date: /home/harry/aaa/install/my_custom_interface/include/my_custom_interface/my_custom_interface/srv/detail/abc__functions.c
[0.548s] -- Up-to-date: /home/harry/aaa/install/my_custom_interface/include/my_custom_interface/my_custom_interface/srv/detail/orderr__functions.h
[0.548s] -- Up-to-date: /home/harry/aaa/install/my_custom_interface/include/my_custom_interface/my_custom_interface/srv/detail/complete__functions.c
[0.548s] -- Up-to-date: /home/harry/aaa/install/my_custom_interface/include/my_custom_interface/my_custom_interface/srv/detail/abc__functions.h
[0.548s] -- Up-to-date: /home/harry/aaa/install/my_custom_interface/include/my_custom_interface/my_custom_interface/srv/detail/complete__functions.h
[0.548s] -- Up-to-date: /home/harry/aaa/install/my_custom_interface/include/my_custom_interface/my_custom_interface/srv/detail/drive__type_support.h
[0.548s] -- Up-to-date: /home/harry/aaa/install/my_custom_interface/include/my_custom_interface/my_custom_interface/srv/detail/order__functions.h
[0.548s] -- Up-to-date: /home/harry/aaa/install/my_custom_interface/include/my_custom_interface/my_custom_interface/srv/detail/order__type_support.h
[0.549s] -- Up-to-date: /home/harry/aaa/install/my_custom_interface/include/my_custom_interface/my_custom_interface/srv/detail/orderr__type_support.h
[0.549s] -- Up-to-date: /home/harry/aaa/install/my_custom_interface/include/my_custom_interface/my_custom_interface/srv/detail/drive__functions.c
[0.549s] -- Up-to-date: /home/harry/aaa/install/my_custom_interface/include/my_custom_interface/my_custom_interface/srv/detail/rotatehome__functions.c
[0.549s] -- Up-to-date: /home/harry/aaa/install/my_custom_interface/include/my_custom_interface/my_custom_interface/srv/detail/rotatehome__type_support.h
[0.549s] -- Up-to-date: /home/harry/aaa/install/my_custom_interface/include/my_custom_interface/my_custom_interface/srv/detail/complete__type_support.h
[0.549s] -- Up-to-date: /home/harry/aaa/install/my_custom_interface/include/my_custom_interface/my_custom_interface/srv/detail/rotatehome__functions.h
[0.549s] -- Up-to-date: /home/harry/aaa/install/my_custom_interface/include/my_custom_interface/my_custom_interface/srv/detail/order__functions.c
[0.549s] -- Up-to-date: /home/harry/aaa/install/my_custom_interface/include/my_custom_interface/my_custom_interface/srv/detail/two_string_service__functions.h
[0.549s] -- Up-to-date: /home/harry/aaa/install/my_custom_interface/include/my_custom_interface/my_custom_interface/srv/detail/two_string_service__struct.h
[0.549s] -- Up-to-date: /home/harry/aaa/install/my_custom_interface/include/my_custom_interface/my_custom_interface/srv/detail/orderr__struct.h
[0.549s] -- Up-to-date: /home/harry/aaa/install/my_custom_interface/include/my_custom_interface/my_custom_interface/srv/detail/drive__functions.h
[0.549s] -- Up-to-date: /home/harry/aaa/install/my_custom_interface/include/my_custom_interface/my_custom_interface/srv/detail/abc__struct.h
[0.549s] -- Up-to-date: /home/harry/aaa/install/my_custom_interface/include/my_custom_interface/my_custom_interface/srv/detail/two_string_service__type_support.h
[0.549s] -- Up-to-date: /home/harry/aaa/install/my_custom_interface/include/my_custom_interface/my_custom_interface/srv/detail/complete__struct.h
[0.550s] -- Up-to-date: /home/harry/aaa/install/my_custom_interface/include/my_custom_interface/my_custom_interface/srv/detail/drive__struct.h
[0.550s] -- Up-to-date: /home/harry/aaa/install/my_custom_interface/include/my_custom_interface/my_custom_interface/srv/detail/two_string_service__functions.c
[0.550s] -- Up-to-date: /home/harry/aaa/install/my_custom_interface/include/my_custom_interface/my_custom_interface/srv/detail/rotatehome__struct.h
[0.550s] -- Up-to-date: /home/harry/aaa/install/my_custom_interface/include/my_custom_interface/my_custom_interface/srv/two_string_service.h
[0.550s] -- Up-to-date: /home/harry/aaa/install/my_custom_interface/include/my_custom_interface/my_custom_interface/srv/drive.h
[0.550s] -- Up-to-date: /home/harry/aaa/install/my_custom_interface/include/my_custom_interface/my_custom_interface/srv/rotatehome.h
[0.550s] -- Up-to-date: /home/harry/aaa/install/my_custom_interface/include/my_custom_interface/my_custom_interface/msg
[0.550s] -- Up-to-date: /home/harry/aaa/install/my_custom_interface/include/my_custom_interface/my_custom_interface/msg/rosidl_generator_c__visibility_control.h
[0.550s] -- Up-to-date: /home/harry/aaa/install/my_custom_interface/share/my_custom_interface/environment/library_path.sh
[0.550s] -- Up-to-date: /home/harry/aaa/install/my_custom_interface/share/my_custom_interface/environment/library_path.dsv
[0.550s] -- Up-to-date: /home/harry/aaa/install/my_custom_interface/lib/libmy_custom_interface__rosidl_generator_c.so
[0.550s] -- Up-to-date: /home/harry/aaa/install/my_custom_interface/include/my_custom_interface/my_custom_interface
[0.550s] -- Up-to-date: /home/harry/aaa/install/my_custom_interface/include/my_custom_interface/my_custom_interface/action
[0.550s] -- Up-to-date: /home/harry/aaa/install/my_custom_interface/include/my_custom_interface/my_custom_interface/action/detail
[0.550s] -- Up-to-date: /home/harry/aaa/install/my_custom_interface/include/my_custom_interface/my_custom_interface/action/detail/come__rosidl_typesupport_fastrtps_c.h
[0.550s] -- Up-to-date: /home/harry/aaa/install/my_custom_interface/include/my_custom_interface/my_custom_interface/action/detail/calculator__rosidl_typesupport_fastrtps_c.h
[0.550s] -- Up-to-date: /home/harry/aaa/install/my_custom_interface/include/my_custom_interface/my_custom_interface/action/detail/cal__rosidl_typesupport_fastrtps_c.h
[0.550s] -- Up-to-date: /home/harry/aaa/install/my_custom_interface/include/my_custom_interface/my_custom_interface/srv
[0.551s] -- Up-to-date: /home/harry/aaa/install/my_custom_interface/include/my_custom_interface/my_custom_interface/srv/detail
[0.551s] -- Up-to-date: /home/harry/aaa/install/my_custom_interface/include/my_custom_interface/my_custom_interface/srv/detail/order__rosidl_typesupport_fastrtps_c.h
[0.551s] -- Up-to-date: /home/harry/aaa/install/my_custom_interface/include/my_custom_interface/my_custom_interface/srv/detail/rotatehome__rosidl_typesupport_fastrtps_c.h
[0.551s] -- Up-to-date: /home/harry/aaa/install/my_custom_interface/include/my_custom_interface/my_custom_interface/srv/detail/two_string_service__rosidl_typesupport_fastrtps_c.h
[0.551s] -- Up-to-date: /home/harry/aaa/install/my_custom_interface/include/my_custom_interface/my_custom_interface/srv/detail/drive__rosidl_typesupport_fastrtps_c.h
[0.551s] -- Up-to-date: /home/harry/aaa/install/my_custom_interface/include/my_custom_interface/my_custom_interface/srv/detail/orderr__rosidl_typesupport_fastrtps_c.h
[0.551s] -- Up-to-date: /home/harry/aaa/install/my_custom_interface/include/my_custom_interface/my_custom_interface/srv/detail/complete__rosidl_typesupport_fastrtps_c.h
[0.551s] -- Up-to-date: /home/harry/aaa/install/my_custom_interface/include/my_custom_interface/my_custom_interface/srv/detail/abc__rosidl_typesupport_fastrtps_c.h
[0.551s] -- Up-to-date: /home/harry/aaa/install/my_custom_interface/include/my_custom_interface/my_custom_interface/msg
[0.551s] -- Up-to-date: /home/harry/aaa/install/my_custom_interface/include/my_custom_interface/my_custom_interface/msg/rosidl_typesupport_fastrtps_c__visibility_control.h
[0.552s] -- Up-to-date: /home/harry/aaa/install/my_custom_interface/lib/libmy_custom_interface__rosidl_typesupport_fastrtps_c.so
[0.552s] -- Up-to-date: /home/harry/aaa/install/my_custom_interface/include/my_custom_interface/my_custom_interface
[0.552s] -- Up-to-date: /home/harry/aaa/install/my_custom_interface/include/my_custom_interface/my_custom_interface/action
[0.552s] -- Up-to-date: /home/harry/aaa/install/my_custom_interface/include/my_custom_interface/my_custom_interface/action/detail
[0.552s] -- Up-to-date: /home/harry/aaa/install/my_custom_interface/include/my_custom_interface/my_custom_interface/action/detail/calculator__type_support.c
[0.552s] -- Up-to-date: /home/harry/aaa/install/my_custom_interface/include/my_custom_interface/my_custom_interface/action/detail/calculator__rosidl_typesupport_introspection_c.h
[0.552s] -- Up-to-date: /home/harry/aaa/install/my_custom_interface/include/my_custom_interface/my_custom_interface/action/detail/come__rosidl_typesupport_introspection_c.h
[0.552s] -- Up-to-date: /home/harry/aaa/install/my_custom_interface/include/my_custom_interface/my_custom_interface/action/detail/come__type_support.c
[0.552s] -- Up-to-date: /home/harry/aaa/install/my_custom_interface/include/my_custom_interface/my_custom_interface/action/detail/cal__rosidl_typesupport_introspection_c.h
[0.552s] -- Up-to-date: /home/harry/aaa/install/my_custom_interface/include/my_custom_interface/my_custom_interface/action/detail/cal__type_support.c
[0.553s] -- Up-to-date: /home/harry/aaa/install/my_custom_interface/include/my_custom_interface/my_custom_interface/srv
[0.553s] -- Up-to-date: /home/harry/aaa/install/my_custom_interface/include/my_custom_interface/my_custom_interface/srv/detail
[0.553s] -- Up-to-date: /home/harry/aaa/install/my_custom_interface/include/my_custom_interface/my_custom_interface/srv/detail/two_string_service__type_support.c
[0.553s] -- Up-to-date: /home/harry/aaa/install/my_custom_interface/include/my_custom_interface/my_custom_interface/srv/detail/complete__rosidl_typesupport_introspection_c.h
[0.553s] -- Up-to-date: /home/harry/aaa/install/my_custom_interface/include/my_custom_interface/my_custom_interface/srv/detail/orderr__type_support.c
[0.553s] -- Up-to-date: /home/harry/aaa/install/my_custom_interface/include/my_custom_interface/my_custom_interface/srv/detail/drive__type_support.c
[0.553s] -- Up-to-date: /home/harry/aaa/install/my_custom_interface/include/my_custom_interface/my_custom_interface/srv/detail/complete__type_support.c
[0.553s] -- Up-to-date: /home/harry/aaa/install/my_custom_interface/include/my_custom_interface/my_custom_interface/srv/detail/order__rosidl_typesupport_introspection_c.h
[0.553s] -- Up-to-date: /home/harry/aaa/install/my_custom_interface/include/my_custom_interface/my_custom_interface/srv/detail/abc__type_support.c
[0.553s] -- Up-to-date: /home/harry/aaa/install/my_custom_interface/include/my_custom_interface/my_custom_interface/srv/detail/two_string_service__rosidl_typesupport_introspection_c.h
[0.553s] -- Up-to-date: /home/harry/aaa/install/my_custom_interface/include/my_custom_interface/my_custom_interface/srv/detail/drive__rosidl_typesupport_introspection_c.h
[0.553s] -- Up-to-date: /home/harry/aaa/install/my_custom_interface/include/my_custom_interface/my_custom_interface/srv/detail/rotatehome__rosidl_typesupport_introspection_c.h
[0.553s] -- Up-to-date: /home/harry/aaa/install/my_custom_interface/include/my_custom_interface/my_custom_interface/srv/detail/abc__rosidl_typesupport_introspection_c.h
[0.553s] -- Up-to-date: /home/harry/aaa/install/my_custom_interface/include/my_custom_interface/my_custom_interface/srv/detail/order__type_support.c
[0.553s] -- Up-to-date: /home/harry/aaa/install/my_custom_interface/include/my_custom_interface/my_custom_interface/srv/detail/rotatehome__type_support.c
[0.553s] -- Up-to-date: /home/harry/aaa/install/my_custom_interface/include/my_custom_interface/my_custom_interface/srv/detail/orderr__rosidl_typesupport_introspection_c.h
[0.553s] -- Up-to-date: /home/harry/aaa/install/my_custom_interface/include/my_custom_interface/my_custom_interface/msg
[0.553s] -- Up-to-date: /home/harry/aaa/install/my_custom_interface/include/my_custom_interface/my_custom_interface/msg/rosidl_typesupport_introspection_c__visibility_control.h
[0.554s] -- Up-to-date: /home/harry/aaa/install/my_custom_interface/lib/libmy_custom_interface__rosidl_typesupport_introspection_c.so
[0.554s] -- Up-to-date: /home/harry/aaa/install/my_custom_interface/lib/libmy_custom_interface__rosidl_typesupport_c.so
[0.554s] -- Up-to-date: /home/harry/aaa/install/my_custom_interface/include/my_custom_interface/my_custom_interface
[0.554s] -- Up-to-date: /home/harry/aaa/install/my_custom_interface/include/my_custom_interface/my_custom_interface/action
[0.554s] -- Up-to-date: /home/harry/aaa/install/my_custom_interface/include/my_custom_interface/my_custom_interface/action/come.hpp
[0.554s] -- Up-to-date: /home/harry/aaa/install/my_custom_interface/include/my_custom_interface/my_custom_interface/action/detail
[0.554s] -- Up-to-date: /home/harry/aaa/install/my_custom_interface/include/my_custom_interface/my_custom_interface/action/detail/come__struct.hpp
[0.554s] -- Up-to-date: /home/harry/aaa/install/my_custom_interface/include/my_custom_interface/my_custom_interface/action/detail/come__builder.hpp
[0.554s] -- Up-to-date: /home/harry/aaa/install/my_custom_interface/include/my_custom_interface/my_custom_interface/action/detail/cal__struct.hpp
[0.554s] -- Up-to-date: /home/harry/aaa/install/my_custom_interface/include/my_custom_interface/my_custom_interface/action/detail/come__traits.hpp
[0.554s] -- Up-to-date: /home/harry/aaa/install/my_custom_interface/include/my_custom_interface/my_custom_interface/action/detail/cal__builder.hpp
[0.554s] -- Up-to-date: /home/harry/aaa/install/my_custom_interface/include/my_custom_interface/my_custom_interface/action/detail/calculator__traits.hpp
[0.554s] -- Up-to-date: /home/harry/aaa/install/my_custom_interface/include/my_custom_interface/my_custom_interface/action/detail/cal__traits.hpp
[0.554s] -- Up-to-date: /home/harry/aaa/install/my_custom_interface/include/my_custom_interface/my_custom_interface/action/detail/calculator__builder.hpp
[0.554s] -- Up-to-date: /home/harry/aaa/install/my_custom_interface/include/my_custom_interface/my_custom_interface/action/detail/calculator__struct.hpp
[0.555s] -- Up-to-date: /home/harry/aaa/install/my_custom_interface/include/my_custom_interface/my_custom_interface/action/cal.hpp
[0.555s] -- Up-to-date: /home/harry/aaa/install/my_custom_interface/include/my_custom_interface/my_custom_interface/action/calculator.hpp
[0.555s] -- Up-to-date: /home/harry/aaa/install/my_custom_interface/include/my_custom_interface/my_custom_interface/srv
[0.555s] -- Up-to-date: /home/harry/aaa/install/my_custom_interface/include/my_custom_interface/my_custom_interface/srv/two_string_service.hpp
[0.555s] -- Up-to-date: /home/harry/aaa/install/my_custom_interface/include/my_custom_interface/my_custom_interface/srv/drive.hpp
[0.555s] -- Up-to-date: /home/harry/aaa/install/my_custom_interface/include/my_custom_interface/my_custom_interface/srv/orderr.hpp
[0.555s] -- Up-to-date: /home/harry/aaa/install/my_custom_interface/include/my_custom_interface/my_custom_interface/srv/complete.hpp
[0.555s] -- Up-to-date: /home/harry/aaa/install/my_custom_interface/include/my_custom_interface/my_custom_interface/srv/abc.hpp
[0.555s] -- Up-to-date: /home/harry/aaa/install/my_custom_interface/include/my_custom_interface/my_custom_interface/srv/detail
[0.555s] -- Up-to-date: /home/harry/aaa/install/my_custom_interface/include/my_custom_interface/my_custom_interface/srv/detail/rotatehome__builder.hpp
[0.555s] -- Up-to-date: /home/harry/aaa/install/my_custom_interface/include/my_custom_interface/my_custom_interface/srv/detail/order__struct.hpp
[0.555s] -- Up-to-date: /home/harry/aaa/install/my_custom_interface/include/my_custom_interface/my_custom_interface/srv/detail/rotatehome__traits.hpp
[0.555s] -- Up-to-date: /home/harry/aaa/install/my_custom_interface/include/my_custom_interface/my_custom_interface/srv/detail/complete__struct.hpp
[0.555s] -- Up-to-date: /home/harry/aaa/install/my_custom_interface/include/my_custom_interface/my_custom_interface/srv/detail/abc__struct.hpp
[0.555s] -- Up-to-date: /home/harry/aaa/install/my_custom_interface/include/my_custom_interface/my_custom_interface/srv/detail/two_string_service__builder.hpp
[0.555s] -- Up-to-date: /home/harry/aaa/install/my_custom_interface/include/my_custom_interface/my_custom_interface/srv/detail/order__builder.hpp
[0.555s] -- Up-to-date: /home/harry/aaa/install/my_custom_interface/include/my_custom_interface/my_custom_interface/srv/detail/complete__traits.hpp
[0.556s] -- Up-to-date: /home/harry/aaa/install/my_custom_interface/include/my_custom_interface/my_custom_interface/srv/detail/abc__builder.hpp
[0.556s] -- Up-to-date: /home/harry/aaa/install/my_custom_interface/include/my_custom_interface/my_custom_interface/srv/detail/rotatehome__struct.hpp
[0.556s] -- Up-to-date: /home/harry/aaa/install/my_custom_interface/include/my_custom_interface/my_custom_interface/srv/detail/two_string_service__traits.hpp
[0.556s] -- Up-to-date: /home/harry/aaa/install/my_custom_interface/include/my_custom_interface/my_custom_interface/srv/detail/drive__struct.hpp
[0.556s] -- Up-to-date: /home/harry/aaa/install/my_custom_interface/include/my_custom_interface/my_custom_interface/srv/detail/orderr__struct.hpp
[0.556s] -- Up-to-date: /home/harry/aaa/install/my_custom_interface/include/my_custom_interface/my_custom_interface/srv/detail/drive__traits.hpp
[0.556s] -- Up-to-date: /home/harry/aaa/install/my_custom_interface/include/my_custom_interface/my_custom_interface/srv/detail/two_string_service__struct.hpp
[0.556s] -- Up-to-date: /home/harry/aaa/install/my_custom_interface/include/my_custom_interface/my_custom_interface/srv/detail/drive__builder.hpp
[0.556s] -- Up-to-date: /home/harry/aaa/install/my_custom_interface/include/my_custom_interface/my_custom_interface/srv/detail/orderr__traits.hpp
[0.556s] -- Up-to-date: /home/harry/aaa/install/my_custom_interface/include/my_custom_interface/my_custom_interface/srv/detail/order__traits.hpp
[0.556s] -- Up-to-date: /home/harry/aaa/install/my_custom_interface/include/my_custom_interface/my_custom_interface/srv/detail/orderr__builder.hpp
[0.556s] -- Up-to-date: /home/harry/aaa/install/my_custom_interface/include/my_custom_interface/my_custom_interface/srv/detail/abc__traits.hpp
[0.556s] -- Up-to-date: /home/harry/aaa/install/my_custom_interface/include/my_custom_interface/my_custom_interface/srv/detail/complete__builder.hpp
[0.556s] -- Up-to-date: /home/harry/aaa/install/my_custom_interface/include/my_custom_interface/my_custom_interface/srv/rotatehome.hpp
[0.556s] -- Up-to-date: /home/harry/aaa/install/my_custom_interface/include/my_custom_interface/my_custom_interface/srv/order.hpp
[0.556s] -- Up-to-date: /home/harry/aaa/install/my_custom_interface/include/my_custom_interface/my_custom_interface
[0.556s] -- Up-to-date: /home/harry/aaa/install/my_custom_interface/include/my_custom_interface/my_custom_interface/action
[0.556s] -- Up-to-date: /home/harry/aaa/install/my_custom_interface/include/my_custom_interface/my_custom_interface/action/detail
[0.556s] -- Up-to-date: /home/harry/aaa/install/my_custom_interface/include/my_custom_interface/my_custom_interface/action/detail/come__rosidl_typesupport_fastrtps_cpp.hpp
[0.556s] -- Up-to-date: /home/harry/aaa/install/my_custom_interface/include/my_custom_interface/my_custom_interface/action/detail/calculator__rosidl_typesupport_fastrtps_cpp.hpp
[0.556s] -- Up-to-date: /home/harry/aaa/install/my_custom_interface/include/my_custom_interface/my_custom_interface/action/detail/cal__rosidl_typesupport_fastrtps_cpp.hpp
[0.557s] -- Up-to-date: /home/harry/aaa/install/my_custom_interface/include/my_custom_interface/my_custom_interface/action/detail/dds_fastrtps
[0.557s] -- Up-to-date: /home/harry/aaa/install/my_custom_interface/include/my_custom_interface/my_custom_interface/srv
[0.557s] -- Up-to-date: /home/harry/aaa/install/my_custom_interface/include/my_custom_interface/my_custom_interface/srv/detail
[0.557s] -- Up-to-date: /home/harry/aaa/install/my_custom_interface/include/my_custom_interface/my_custom_interface/srv/detail/orderr__rosidl_typesupport_fastrtps_cpp.hpp
[0.557s] -- Up-to-date: /home/harry/aaa/install/my_custom_interface/include/my_custom_interface/my_custom_interface/srv/detail/rotatehome__rosidl_typesupport_fastrtps_cpp.hpp
[0.557s] -- Up-to-date: /home/harry/aaa/install/my_custom_interface/include/my_custom_interface/my_custom_interface/srv/detail/order__rosidl_typesupport_fastrtps_cpp.hpp
[0.557s] -- Up-to-date: /home/harry/aaa/install/my_custom_interface/include/my_custom_interface/my_custom_interface/srv/detail/abc__rosidl_typesupport_fastrtps_cpp.hpp
[0.557s] -- Up-to-date: /home/harry/aaa/install/my_custom_interface/include/my_custom_interface/my_custom_interface/srv/detail/two_string_service__rosidl_typesupport_fastrtps_cpp.hpp
[0.557s] -- Up-to-date: /home/harry/aaa/install/my_custom_interface/include/my_custom_interface/my_custom_interface/srv/detail/dds_fastrtps
[0.557s] -- Up-to-date: /home/harry/aaa/install/my_custom_interface/include/my_custom_interface/my_custom_interface/srv/detail/drive__rosidl_typesupport_fastrtps_cpp.hpp
[0.557s] -- Up-to-date: /home/harry/aaa/install/my_custom_interface/include/my_custom_interface/my_custom_interface/srv/detail/complete__rosidl_typesupport_fastrtps_cpp.hpp
[0.557s] -- Up-to-date: /home/harry/aaa/install/my_custom_interface/include/my_custom_interface/my_custom_interface/msg
[0.557s] -- Up-to-date: /home/harry/aaa/install/my_custom_interface/include/my_custom_interface/my_custom_interface/msg/rosidl_typesupport_fastrtps_cpp__visibility_control.h
[0.557s] -- Up-to-date: /home/harry/aaa/install/my_custom_interface/lib/libmy_custom_interface__rosidl_typesupport_fastrtps_cpp.so
[0.557s] -- Up-to-date: /home/harry/aaa/install/my_custom_interface/include/my_custom_interface/my_custom_interface
[0.557s] -- Up-to-date: /home/harry/aaa/install/my_custom_interface/include/my_custom_interface/my_custom_interface/action
[0.557s] -- Up-to-date: /home/harry/aaa/install/my_custom_interface/include/my_custom_interface/my_custom_interface/action/detail
[0.557s] -- Up-to-date: /home/harry/aaa/install/my_custom_interface/include/my_custom_interface/my_custom_interface/action/detail/come__rosidl_typesupport_introspection_cpp.hpp
[0.557s] -- Up-to-date: /home/harry/aaa/install/my_custom_interface/include/my_custom_interface/my_custom_interface/action/detail/calculator__type_support.cpp
[0.557s] -- Up-to-date: /home/harry/aaa/install/my_custom_interface/include/my_custom_interface/my_custom_interface/action/detail/cal__rosidl_typesupport_introspection_cpp.hpp
[0.558s] -- Up-to-date: /home/harry/aaa/install/my_custom_interface/include/my_custom_interface/my_custom_interface/action/detail/come__type_support.cpp
[0.558s] -- Up-to-date: /home/harry/aaa/install/my_custom_interface/include/my_custom_interface/my_custom_interface/action/detail/cal__type_support.cpp
[0.558s] -- Up-to-date: /home/harry/aaa/install/my_custom_interface/include/my_custom_interface/my_custom_interface/action/detail/calculator__rosidl_typesupport_introspection_cpp.hpp
[0.558s] -- Up-to-date: /home/harry/aaa/install/my_custom_interface/include/my_custom_interface/my_custom_interface/srv
[0.558s] -- Up-to-date: /home/harry/aaa/install/my_custom_interface/include/my_custom_interface/my_custom_interface/srv/detail
[0.558s] -- Up-to-date: /home/harry/aaa/install/my_custom_interface/include/my_custom_interface/my_custom_interface/srv/detail/drive__type_support.cpp
[0.558s] -- Up-to-date: /home/harry/aaa/install/my_custom_interface/include/my_custom_interface/my_custom_interface/srv/detail/order__rosidl_typesupport_introspection_cpp.hpp
[0.558s] -- Up-to-date: /home/harry/aaa/install/my_custom_interface/include/my_custom_interface/my_custom_interface/srv/detail/complete__type_support.cpp
[0.558s] -- Up-to-date: /home/harry/aaa/install/my_custom_interface/include/my_custom_interface/my_custom_interface/srv/detail/two_string_service__type_support.cpp
[0.558s] -- Up-to-date: /home/harry/aaa/install/my_custom_interface/include/my_custom_interface/my_custom_interface/srv/detail/complete__rosidl_typesupport_introspection_cpp.hpp
[0.558s] -- Up-to-date: /home/harry/aaa/install/my_custom_interface/include/my_custom_interface/my_custom_interface/srv/detail/orderr__type_support.cpp
[0.558s] -- Up-to-date: /home/harry/aaa/install/my_custom_interface/include/my_custom_interface/my_custom_interface/srv/detail/rotatehome__rosidl_typesupport_introspection_cpp.hpp
[0.558s] -- Up-to-date: /home/harry/aaa/install/my_custom_interface/include/my_custom_interface/my_custom_interface/srv/detail/orderr__rosidl_typesupport_introspection_cpp.hpp
[0.558s] -- Up-to-date: /home/harry/aaa/install/my_custom_interface/include/my_custom_interface/my_custom_interface/srv/detail/two_string_service__rosidl_typesupport_introspection_cpp.hpp
[0.558s] -- Up-to-date: /home/harry/aaa/install/my_custom_interface/include/my_custom_interface/my_custom_interface/srv/detail/order__type_support.cpp
[0.558s] -- Up-to-date: /home/harry/aaa/install/my_custom_interface/include/my_custom_interface/my_custom_interface/srv/detail/abc__type_support.cpp
[0.558s] -- Up-to-date: /home/harry/aaa/install/my_custom_interface/include/my_custom_interface/my_custom_interface/srv/detail/drive__rosidl_typesupport_introspection_cpp.hpp
[0.558s] -- Up-to-date: /home/harry/aaa/install/my_custom_interface/include/my_custom_interface/my_custom_interface/srv/detail/abc__rosidl_typesupport_introspection_cpp.hpp
[0.558s] -- Up-to-date: /home/harry/aaa/install/my_custom_interface/include/my_custom_interface/my_custom_interface/srv/detail/rotatehome__type_support.cpp
[0.558s] -- Up-to-date: /home/harry/aaa/install/my_custom_interface/lib/libmy_custom_interface__rosidl_typesupport_introspection_cpp.so
[0.559s] -- Up-to-date: /home/harry/aaa/install/my_custom_interface/lib/libmy_custom_interface__rosidl_typesupport_cpp.so
[0.559s] -- Up-to-date: /home/harry/aaa/install/my_custom_interface/share/my_custom_interface/environment/pythonpath.sh
[0.559s] -- Up-to-date: /home/harry/aaa/install/my_custom_interface/share/my_custom_interface/environment/pythonpath.dsv
[0.559s] -- Up-to-date: /home/harry/aaa/install/my_custom_interface/local/lib/python3.10/dist-packages/my_custom_interface-0.0.0-py3.10.egg-info
[0.559s] -- Installing: /home/harry/aaa/install/my_custom_interface/local/lib/python3.10/dist-packages/my_custom_interface-0.0.0-py3.10.egg-info/top_level.txt
[0.559s] -- Installing: /home/harry/aaa/install/my_custom_interface/local/lib/python3.10/dist-packages/my_custom_interface-0.0.0-py3.10.egg-info/SOURCES.txt
[0.559s] -- Installing: /home/harry/aaa/install/my_custom_interface/local/lib/python3.10/dist-packages/my_custom_interface-0.0.0-py3.10.egg-info/dependency_links.txt
[0.559s] -- Installing: /home/harry/aaa/install/my_custom_interface/local/lib/python3.10/dist-packages/my_custom_interface-0.0.0-py3.10.egg-info/PKG-INFO
[0.559s] -- Up-to-date: /home/harry/aaa/install/my_custom_interface/local/lib/python3.10/dist-packages/my_custom_interface
[0.559s] -- Up-to-date: /home/harry/aaa/install/my_custom_interface/local/lib/python3.10/dist-packages/my_custom_interface/my_custom_interface_s__rosidl_typesupport_fastrtps_c.cpython-310-x86_64-linux-gnu.so
[0.559s] -- Up-to-date: /home/harry/aaa/install/my_custom_interface/local/lib/python3.10/dist-packages/my_custom_interface/__init__.py
[0.559s] -- Up-to-date: /home/harry/aaa/install/my_custom_interface/local/lib/python3.10/dist-packages/my_custom_interface/action
[0.559s] -- Up-to-date: /home/harry/aaa/install/my_custom_interface/local/lib/python3.10/dist-packages/my_custom_interface/action/__init__.py
[0.559s] -- Up-to-date: /home/harry/aaa/install/my_custom_interface/local/lib/python3.10/dist-packages/my_custom_interface/action/_come_s.c
[0.559s] -- Up-to-date: /home/harry/aaa/install/my_custom_interface/local/lib/python3.10/dist-packages/my_custom_interface/action/_cal.py
[0.559s] -- Up-to-date: /home/harry/aaa/install/my_custom_interface/local/lib/python3.10/dist-packages/my_custom_interface/action/_come.py
[0.559s] -- Up-to-date: /home/harry/aaa/install/my_custom_interface/local/lib/python3.10/dist-packages/my_custom_interface/action/_calculator.py
[0.559s] -- Up-to-date: /home/harry/aaa/install/my_custom_interface/local/lib/python3.10/dist-packages/my_custom_interface/action/_cal_s.c
[0.559s] -- Up-to-date: /home/harry/aaa/install/my_custom_interface/local/lib/python3.10/dist-packages/my_custom_interface/action/_calculator_s.c
[0.559s] -- Up-to-date: /home/harry/aaa/install/my_custom_interface/local/lib/python3.10/dist-packages/my_custom_interface/libmy_custom_interface__rosidl_generator_py.so
[0.559s] -- Up-to-date: /home/harry/aaa/install/my_custom_interface/local/lib/python3.10/dist-packages/my_custom_interface/srv
[0.560s] -- Up-to-date: /home/harry/aaa/install/my_custom_interface/local/lib/python3.10/dist-packages/my_custom_interface/srv/_two_string_service_s.c
[0.560s] -- Up-to-date: /home/harry/aaa/install/my_custom_interface/local/lib/python3.10/dist-packages/my_custom_interface/srv/_complete.py
[0.560s] -- Up-to-date: /home/harry/aaa/install/my_custom_interface/local/lib/python3.10/dist-packages/my_custom_interface/srv/__init__.py
[0.560s] -- Up-to-date: /home/harry/aaa/install/my_custom_interface/local/lib/python3.10/dist-packages/my_custom_interface/srv/_drive.py
[0.560s] -- Up-to-date: /home/harry/aaa/install/my_custom_interface/local/lib/python3.10/dist-packages/my_custom_interface/srv/_complete_s.c
[0.560s] -- Up-to-date: /home/harry/aaa/install/my_custom_interface/local/lib/python3.10/dist-packages/my_custom_interface/srv/_order.py
[0.560s] -- Up-to-date: /home/harry/aaa/install/my_custom_interface/local/lib/python3.10/dist-packages/my_custom_interface/srv/_abc_s.c
[0.560s] -- Up-to-date: /home/harry/aaa/install/my_custom_interface/local/lib/python3.10/dist-packages/my_custom_interface/srv/_drive_s.c
[0.560s] -- Up-to-date: /home/harry/aaa/install/my_custom_interface/local/lib/python3.10/dist-packages/my_custom_interface/srv/_orderr.py
[0.560s] -- Up-to-date: /home/harry/aaa/install/my_custom_interface/local/lib/python3.10/dist-packages/my_custom_interface/srv/_two_string_service.py
[0.560s] -- Up-to-date: /home/harry/aaa/install/my_custom_interface/local/lib/python3.10/dist-packages/my_custom_interface/srv/_rotatehome_s.c
[0.560s] -- Up-to-date: /home/harry/aaa/install/my_custom_interface/local/lib/python3.10/dist-packages/my_custom_interface/srv/_rotatehome.py
[0.560s] -- Up-to-date: /home/harry/aaa/install/my_custom_interface/local/lib/python3.10/dist-packages/my_custom_interface/srv/_abc.py
[0.560s] -- Up-to-date: /home/harry/aaa/install/my_custom_interface/local/lib/python3.10/dist-packages/my_custom_interface/srv/_order_s.c
[0.560s] -- Up-to-date: /home/harry/aaa/install/my_custom_interface/local/lib/python3.10/dist-packages/my_custom_interface/srv/_orderr_s.c
[0.560s] -- Up-to-date: /home/harry/aaa/install/my_custom_interface/local/lib/python3.10/dist-packages/my_custom_interface/my_custom_interface_s__rosidl_typesupport_c.cpython-310-x86_64-linux-gnu.so
[0.560s] -- Up-to-date: /home/harry/aaa/install/my_custom_interface/local/lib/python3.10/dist-packages/my_custom_interface/_my_custom_interface_s.ep.rosidl_typesupport_c.c
[0.560s] -- Up-to-date: /home/harry/aaa/install/my_custom_interface/local/lib/python3.10/dist-packages/my_custom_interface/_my_custom_interface_s.ep.rosidl_typesupport_introspection_c.c
[0.560s] -- Up-to-date: /home/harry/aaa/install/my_custom_interface/local/lib/python3.10/dist-packages/my_custom_interface/_my_custom_interface_s.ep.rosidl_typesupport_fastrtps_c.c
[0.560s] -- Up-to-date: /home/harry/aaa/install/my_custom_interface/local/lib/python3.10/dist-packages/my_custom_interface/my_custom_interface_s__rosidl_typesupport_introspection_c.cpython-310-x86_64-linux-gnu.so
[0.582s] Listing '/home/harry/aaa/install/my_custom_interface/local/lib/python3.10/dist-packages/my_custom_interface'...
[0.582s] Listing '/home/harry/aaa/install/my_custom_interface/local/lib/python3.10/dist-packages/my_custom_interface/action'...
[0.582s] Listing '/home/harry/aaa/install/my_custom_interface/local/lib/python3.10/dist-packages/my_custom_interface/srv'...
[0.586s] -- Up-to-date: /home/harry/aaa/install/my_custom_interface/local/lib/python3.10/dist-packages/my_custom_interface/my_custom_interface_s__rosidl_typesupport_fastrtps_c.cpython-310-x86_64-linux-gnu.so
[0.586s] -- Up-to-date: /home/harry/aaa/install/my_custom_interface/local/lib/python3.10/dist-packages/my_custom_interface/my_custom_interface_s__rosidl_typesupport_introspection_c.cpython-310-x86_64-linux-gnu.so
[0.587s] -- Up-to-date: /home/harry/aaa/install/my_custom_interface/local/lib/python3.10/dist-packages/my_custom_interface/my_custom_interface_s__rosidl_typesupport_c.cpython-310-x86_64-linux-gnu.so
[0.587s] -- Up-to-date: /home/harry/aaa/install/my_custom_interface/lib/libmy_custom_interface__rosidl_generator_py.so
[0.587s] -- Up-to-date: /home/harry/aaa/install/my_custom_interface/share/my_custom_interface/srv/ABC.idl
[0.587s] -- Up-to-date: /home/harry/aaa/install/my_custom_interface/share/my_custom_interface/srv/ROTATEHOME.idl
[0.587s] -- Up-to-date: /home/harry/aaa/install/my_custom_interface/share/my_custom_interface/srv/TwoStringService.idl
[0.587s] -- Up-to-date: /home/harry/aaa/install/my_custom_interface/share/my_custom_interface/srv/COMPLETE.idl
[0.587s] -- Up-to-date: /home/harry/aaa/install/my_custom_interface/share/my_custom_interface/srv/DRIVE.idl
[0.588s] -- Up-to-date: /home/harry/aaa/install/my_custom_interface/share/my_custom_interface/srv/ORDER.idl
[0.588s] -- Up-to-date: /home/harry/aaa/install/my_custom_interface/share/my_custom_interface/srv/ORDERR.idl
[0.588s] -- Up-to-date: /home/harry/aaa/install/my_custom_interface/share/my_custom_interface/action/Calculator.idl
[0.588s] -- Up-to-date: /home/harry/aaa/install/my_custom_interface/share/my_custom_interface/action/Cal.idl
[0.588s] -- Up-to-date: /home/harry/aaa/install/my_custom_interface/share/my_custom_interface/action/COME.idl
[0.588s] -- Up-to-date: /home/harry/aaa/install/my_custom_interface/share/my_custom_interface/srv/ABC.srv
[0.588s] -- Up-to-date: /home/harry/aaa/install/my_custom_interface/share/my_custom_interface/srv/ABC_Request.msg
[0.588s] -- Up-to-date: /home/harry/aaa/install/my_custom_interface/share/my_custom_interface/srv/ABC_Response.msg
[0.588s] -- Up-to-date: /home/harry/aaa/install/my_custom_interface/share/my_custom_interface/srv/ROTATEHOME.srv
[0.588s] -- Up-to-date: /home/harry/aaa/install/my_custom_interface/share/my_custom_interface/srv/ROTATEHOME_Request.msg
[0.588s] -- Up-to-date: /home/harry/aaa/install/my_custom_interface/share/my_custom_interface/srv/ROTATEHOME_Response.msg
[0.589s] -- Up-to-date: /home/harry/aaa/install/my_custom_interface/share/my_custom_interface/srv/TwoStringService.srv
[0.589s] -- Up-to-date: /home/harry/aaa/install/my_custom_interface/share/my_custom_interface/srv/TwoStringService_Request.msg
[0.589s] -- Up-to-date: /home/harry/aaa/install/my_custom_interface/share/my_custom_interface/srv/TwoStringService_Response.msg
[0.589s] -- Up-to-date: /home/harry/aaa/install/my_custom_interface/share/my_custom_interface/srv/COMPLETE.srv
[0.589s] -- Up-to-date: /home/harry/aaa/install/my_custom_interface/share/my_custom_interface/srv/COMPLETE_Request.msg
[0.589s] -- Up-to-date: /home/harry/aaa/install/my_custom_interface/share/my_custom_interface/srv/COMPLETE_Response.msg
[0.589s] -- Up-to-date: /home/harry/aaa/install/my_custom_interface/share/my_custom_interface/srv/DRIVE.srv
[0.589s] -- Up-to-date: /home/harry/aaa/install/my_custom_interface/share/my_custom_interface/srv/DRIVE_Request.msg
[0.589s] -- Up-to-date: /home/harry/aaa/install/my_custom_interface/share/my_custom_interface/srv/DRIVE_Response.msg
[0.589s] -- Up-to-date: /home/harry/aaa/install/my_custom_interface/share/my_custom_interface/srv/ORDER.srv
[0.589s] -- Up-to-date: /home/harry/aaa/install/my_custom_interface/share/my_custom_interface/srv/ORDER_Request.msg
[0.589s] -- Up-to-date: /home/harry/aaa/install/my_custom_interface/share/my_custom_interface/srv/ORDER_Response.msg
[0.589s] -- Up-to-date: /home/harry/aaa/install/my_custom_interface/share/my_custom_interface/srv/ORDERR.srv
[0.589s] -- Up-to-date: /home/harry/aaa/install/my_custom_interface/share/my_custom_interface/srv/ORDERR_Request.msg
[0.589s] -- Up-to-date: /home/harry/aaa/install/my_custom_interface/share/my_custom_interface/srv/ORDERR_Response.msg
[0.589s] -- Up-to-date: /home/harry/aaa/install/my_custom_interface/share/my_custom_interface/action/Calculator.action
[0.589s] -- Up-to-date: /home/harry/aaa/install/my_custom_interface/share/my_custom_interface/action/Cal.action
[0.590s] -- Up-to-date: /home/harry/aaa/install/my_custom_interface/share/my_custom_interface/action/COME.action
[0.590s] -- Up-to-date: /home/harry/aaa/install/my_custom_interface/share/ament_index/resource_index/package_run_dependencies/my_custom_interface
[0.590s] -- Up-to-date: /home/harry/aaa/install/my_custom_interface/share/ament_index/resource_index/parent_prefix_path/my_custom_interface
[0.590s] -- Up-to-date: /home/harry/aaa/install/my_custom_interface/share/my_custom_interface/environment/ament_prefix_path.sh
[0.590s] -- Up-to-date: /home/harry/aaa/install/my_custom_interface/share/my_custom_interface/environment/ament_prefix_path.dsv
[0.590s] -- Up-to-date: /home/harry/aaa/install/my_custom_interface/share/my_custom_interface/environment/path.sh
[0.590s] -- Up-to-date: /home/harry/aaa/install/my_custom_interface/share/my_custom_interface/environment/path.dsv
[0.590s] -- Up-to-date: /home/harry/aaa/install/my_custom_interface/share/my_custom_interface/local_setup.bash
[0.590s] -- Up-to-date: /home/harry/aaa/install/my_custom_interface/share/my_custom_interface/local_setup.sh
[0.590s] -- Up-to-date: /home/harry/aaa/install/my_custom_interface/share/my_custom_interface/local_setup.zsh
[0.590s] -- Up-to-date: /home/harry/aaa/install/my_custom_interface/share/my_custom_interface/local_setup.dsv
[0.590s] -- Installing: /home/harry/aaa/install/my_custom_interface/share/my_custom_interface/package.dsv
[0.590s] -- Up-to-date: /home/harry/aaa/install/my_custom_interface/share/ament_index/resource_index/packages/my_custom_interface
[0.590s] -- Up-to-date: /home/harry/aaa/install/my_custom_interface/share/my_custom_interface/cmake/export_my_custom_interface__rosidl_generator_cExport.cmake
[0.591s] -- Up-to-date: /home/harry/aaa/install/my_custom_interface/share/my_custom_interface/cmake/export_my_custom_interface__rosidl_generator_cExport-noconfig.cmake
[0.591s] -- Up-to-date: /home/harry/aaa/install/my_custom_interface/share/my_custom_interface/cmake/export_my_custom_interface__rosidl_typesupport_fastrtps_cExport.cmake
[0.591s] -- Up-to-date: /home/harry/aaa/install/my_custom_interface/share/my_custom_interface/cmake/export_my_custom_interface__rosidl_typesupport_fastrtps_cExport-noconfig.cmake
[0.591s] -- Up-to-date: /home/harry/aaa/install/my_custom_interface/share/my_custom_interface/cmake/my_custom_interface__rosidl_typesupport_introspection_cExport.cmake
[0.591s] -- Up-to-date: /home/harry/aaa/install/my_custom_interface/share/my_custom_interface/cmake/my_custom_interface__rosidl_typesupport_introspection_cExport-noconfig.cmake
[0.591s] -- Up-to-date: /home/harry/aaa/install/my_custom_interface/share/my_custom_interface/cmake/my_custom_interface__rosidl_typesupport_cExport.cmake
[0.591s] -- Up-to-date: /home/harry/aaa/install/my_custom_interface/share/my_custom_interface/cmake/my_custom_interface__rosidl_typesupport_cExport-noconfig.cmake
[0.591s] -- Up-to-date: /home/harry/aaa/install/my_custom_interface/share/my_custom_interface/cmake/export_my_custom_interface__rosidl_generator_cppExport.cmake
[0.591s] -- Up-to-date: /home/harry/aaa/install/my_custom_interface/share/my_custom_interface/cmake/export_my_custom_interface__rosidl_typesupport_fastrtps_cppExport.cmake
[0.591s] -- Up-to-date: /home/harry/aaa/install/my_custom_interface/share/my_custom_interface/cmake/export_my_custom_interface__rosidl_typesupport_fastrtps_cppExport-noconfig.cmake
[0.591s] -- Up-to-date: /home/harry/aaa/install/my_custom_interface/share/my_custom_interface/cmake/my_custom_interface__rosidl_typesupport_introspection_cppExport.cmake
[0.591s] -- Up-to-date: /home/harry/aaa/install/my_custom_interface/share/my_custom_interface/cmake/my_custom_interface__rosidl_typesupport_introspection_cppExport-noconfig.cmake
[0.591s] -- Up-to-date: /home/harry/aaa/install/my_custom_interface/share/my_custom_interface/cmake/my_custom_interface__rosidl_typesupport_cppExport.cmake
[0.591s] -- Up-to-date: /home/harry/aaa/install/my_custom_interface/share/my_custom_interface/cmake/my_custom_interface__rosidl_typesupport_cppExport-noconfig.cmake
[0.591s] -- Up-to-date: /home/harry/aaa/install/my_custom_interface/share/my_custom_interface/cmake/export_my_custom_interface__rosidl_generator_pyExport.cmake
[0.591s] -- Up-to-date: /home/harry/aaa/install/my_custom_interface/share/my_custom_interface/cmake/export_my_custom_interface__rosidl_generator_pyExport-noconfig.cmake
[0.591s] -- Up-to-date: /home/harry/aaa/install/my_custom_interface/share/my_custom_interface/cmake/rosidl_cmake-extras.cmake
[0.591s] -- Up-to-date: /home/harry/aaa/install/my_custom_interface/share/my_custom_interface/cmake/ament_cmake_export_dependencies-extras.cmake
[0.591s] -- Up-to-date: /home/harry/aaa/install/my_custom_interface/share/my_custom_interface/cmake/ament_cmake_export_include_directories-extras.cmake
[0.591s] -- Up-to-date: /home/harry/aaa/install/my_custom_interface/share/my_custom_interface/cmake/ament_cmake_export_libraries-extras.cmake
[0.591s] -- Up-to-date: /home/harry/aaa/install/my_custom_interface/share/my_custom_interface/cmake/ament_cmake_export_targets-extras.cmake
[0.592s] -- Up-to-date: /home/harry/aaa/install/my_custom_interface/share/my_custom_interface/cmake/rosidl_cmake_export_typesupport_targets-extras.cmake
[0.592s] -- Up-to-date: /home/harry/aaa/install/my_custom_interface/share/my_custom_interface/cmake/rosidl_cmake_export_typesupport_libraries-extras.cmake
[0.592s] -- Up-to-date: /home/harry/aaa/install/my_custom_interface/share/my_custom_interface/cmake/my_custom_interfaceConfig.cmake
[0.592s] -- Up-to-date: /home/harry/aaa/install/my_custom_interface/share/my_custom_interface/cmake/my_custom_interfaceConfig-version.cmake
[0.592s] -- Up-to-date: /home/harry/aaa/install/my_custom_interface/share/my_custom_interface/package.xml
[0.593s] Invoked command in '/home/harry/aaa/build/my_custom_interface' returned '0': CMAKE_PREFIX_PATH=${CMAKE_PREFIX_PATH}:/home/harry/aaa/install/term_project:/home/harry/aaa/install/kiosk:/opt/ros/humble /home/harry/.local/bin/cmake --install /home/harry/aaa/build/my_custom_interface
