[0.853s] Invoking command in '/home/harry/aaa/src/kiosk': PYTHONPATH=/home/harry/aaa/build/kiosk/prefix_override:/usr/lib/python3/dist-packages/colcon_core/task/python/colcon_distutils_commands:/home/harry/aaa/install/kiosk/lib/python3.10/site-packages:${PYTHONPATH} /usr/bin/python3 -W ignore:setup.py install is deprecated -W ignore:easy_install command is deprecated setup.py egg_info --egg-base ../../build/kiosk build --build-base /home/harry/aaa/build/kiosk/build install --record /home/harry/aaa/build/kiosk/install.log --single-version-externally-managed install_data
[1.092s] running egg_info
[1.092s] writing ../../build/kiosk/kiosk.egg-info/PKG-INFO
[1.092s] writing dependency_links to ../../build/kiosk/kiosk.egg-info/dependency_links.txt
[1.092s] writing entry points to ../../build/kiosk/kiosk.egg-info/entry_points.txt
[1.093s] writing requirements to ../../build/kiosk/kiosk.egg-info/requires.txt
[1.093s] writing top-level names to ../../build/kiosk/kiosk.egg-info/top_level.txt
[1.094s] reading manifest file '../../build/kiosk/kiosk.egg-info/SOURCES.txt'
[1.096s] writing manifest file '../../build/kiosk/kiosk.egg-info/SOURCES.txt'
[1.096s] running build
[1.096s] running build_py
[1.096s] running install
[1.097s] running install_lib
[1.098s] running install_data
[1.099s] running install_egg_info
[1.100s] removing '/home/harry/aaa/install/kiosk/lib/python3.10/site-packages/kiosk-0.0.0-py3.10.egg-info' (and everything under it)
[1.100s] Copying ../../build/kiosk/kiosk.egg-info to /home/harry/aaa/install/kiosk/lib/python3.10/site-packages/kiosk-0.0.0-py3.10.egg-info
[1.101s] running install_scripts
[1.117s] Installing kiosk script to /home/harry/aaa/install/kiosk/lib/kiosk
[1.118s] writing list of installed files to '/home/harry/aaa/build/kiosk/install.log'
[1.136s] Invoked command in '/home/harry/aaa/src/kiosk' returned '0': PYTHONPATH=/home/harry/aaa/build/kiosk/prefix_override:/usr/lib/python3/dist-packages/colcon_core/task/python/colcon_distutils_commands:/home/harry/aaa/install/kiosk/lib/python3.10/site-packages:${PYTHONPATH} /usr/bin/python3 -W ignore:setup.py install is deprecated -W ignore:easy_install command is deprecated setup.py egg_info --egg-base ../../build/kiosk build --build-base /home/harry/aaa/build/kiosk/build install --record /home/harry/aaa/build/kiosk/install.log --single-version-externally-managed install_data
