running egg_info
creating ../../build/kiosk/kiosk.egg-info
writing ../../build/kiosk/kiosk.egg-info/PKG-INFO
writing dependency_links to ../../build/kiosk/kiosk.egg-info/dependency_links.txt
writing entry points to ../../build/kiosk/kiosk.egg-info/entry_points.txt
writing requirements to ../../build/kiosk/kiosk.egg-info/requires.txt
writing top-level names to ../../build/kiosk/kiosk.egg-info/top_level.txt
writing manifest file '../../build/kiosk/kiosk.egg-info/SOURCES.txt'
reading manifest file '../../build/kiosk/kiosk.egg-info/SOURCES.txt'
writing manifest file '../../build/kiosk/kiosk.egg-info/SOURCES.txt'
running build
running build_py
creating /home/harry/aaa/build/kiosk/build
creating /home/harry/aaa/build/kiosk/build/lib
creating /home/harry/aaa/build/kiosk/build/lib/kiosk
copying kiosk/resource_qrc.py -> /home/harry/aaa/build/kiosk/build/lib/kiosk
copying kiosk/test2.py -> /home/harry/aaa/build/kiosk/build/lib/kiosk
copying kiosk/__init__.py -> /home/harry/aaa/build/kiosk/build/lib/kiosk
copying kiosk/resource_receive.py -> /home/harry/aaa/build/kiosk/build/lib/kiosk
copying kiosk/kioskGUI.py -> /home/harry/aaa/build/kiosk/build/lib/kiosk
copying kiosk/resource_serve_qrc.py -> /home/harry/aaa/build/kiosk/build/lib/kiosk
copying kiosk/resource_order_qrc.py -> /home/harry/aaa/build/kiosk/build/lib/kiosk
copying kiosk/test.py -> /home/harry/aaa/build/kiosk/build/lib/kiosk
copying kiosk/resource_topping_qrc.py -> /home/harry/aaa/build/kiosk/build/lib/kiosk
copying kiosk/tcp.py -> /home/harry/aaa/build/kiosk/build/lib/kiosk
copying kiosk/resource_table_qrc.py -> /home/harry/aaa/build/kiosk/build/lib/kiosk
copying kiosk/resource_pay_qrc.py -> /home/harry/aaa/build/kiosk/build/lib/kiosk
running install
running install_lib
creating /home/harry/aaa/install/kiosk/lib/python3.10/site-packages/kiosk
copying /home/harry/aaa/build/kiosk/build/lib/kiosk/resource_qrc.py -> /home/harry/aaa/install/kiosk/lib/python3.10/site-packages/kiosk
copying /home/harry/aaa/build/kiosk/build/lib/kiosk/test2.py -> /home/harry/aaa/install/kiosk/lib/python3.10/site-packages/kiosk
copying /home/harry/aaa/build/kiosk/build/lib/kiosk/__init__.py -> /home/harry/aaa/install/kiosk/lib/python3.10/site-packages/kiosk
copying /home/harry/aaa/build/kiosk/build/lib/kiosk/resource_receive.py -> /home/harry/aaa/install/kiosk/lib/python3.10/site-packages/kiosk
copying /home/harry/aaa/build/kiosk/build/lib/kiosk/kioskGUI.py -> /home/harry/aaa/install/kiosk/lib/python3.10/site-packages/kiosk
copying /home/harry/aaa/build/kiosk/build/lib/kiosk/resource_serve_qrc.py -> /home/harry/aaa/install/kiosk/lib/python3.10/site-packages/kiosk
copying /home/harry/aaa/build/kiosk/build/lib/kiosk/resource_order_qrc.py -> /home/harry/aaa/install/kiosk/lib/python3.10/site-packages/kiosk
copying /home/harry/aaa/build/kiosk/build/lib/kiosk/test.py -> /home/harry/aaa/install/kiosk/lib/python3.10/site-packages/kiosk
copying /home/harry/aaa/build/kiosk/build/lib/kiosk/resource_topping_qrc.py -> /home/harry/aaa/install/kiosk/lib/python3.10/site-packages/kiosk
copying /home/harry/aaa/build/kiosk/build/lib/kiosk/tcp.py -> /home/harry/aaa/install/kiosk/lib/python3.10/site-packages/kiosk
copying /home/harry/aaa/build/kiosk/build/lib/kiosk/resource_table_qrc.py -> /home/harry/aaa/install/kiosk/lib/python3.10/site-packages/kiosk
copying /home/harry/aaa/build/kiosk/build/lib/kiosk/resource_pay_qrc.py -> /home/harry/aaa/install/kiosk/lib/python3.10/site-packages/kiosk
byte-compiling /home/harry/aaa/install/kiosk/lib/python3.10/site-packages/kiosk/resource_qrc.py to resource_qrc.cpython-310.pyc
byte-compiling /home/harry/aaa/install/kiosk/lib/python3.10/site-packages/kiosk/test2.py to test2.cpython-310.pyc
byte-compiling /home/harry/aaa/install/kiosk/lib/python3.10/site-packages/kiosk/__init__.py to __init__.cpython-310.pyc
byte-compiling /home/harry/aaa/install/kiosk/lib/python3.10/site-packages/kiosk/resource_receive.py to resource_receive.cpython-310.pyc
byte-compiling /home/harry/aaa/install/kiosk/lib/python3.10/site-packages/kiosk/kioskGUI.py to kioskGUI.cpython-310.pyc
byte-compiling /home/harry/aaa/install/kiosk/lib/python3.10/site-packages/kiosk/resource_serve_qrc.py to resource_serve_qrc.cpython-310.pyc
byte-compiling /home/harry/aaa/install/kiosk/lib/python3.10/site-packages/kiosk/resource_order_qrc.py to resource_order_qrc.cpython-310.pyc
byte-compiling /home/harry/aaa/install/kiosk/lib/python3.10/site-packages/kiosk/test.py to test.cpython-310.pyc
byte-compiling /home/harry/aaa/install/kiosk/lib/python3.10/site-packages/kiosk/resource_topping_qrc.py to resource_topping_qrc.cpython-310.pyc
byte-compiling /home/harry/aaa/install/kiosk/lib/python3.10/site-packages/kiosk/tcp.py to tcp.cpython-310.pyc
byte-compiling /home/harry/aaa/install/kiosk/lib/python3.10/site-packages/kiosk/resource_table_qrc.py to resource_table_qrc.cpython-310.pyc
byte-compiling /home/harry/aaa/install/kiosk/lib/python3.10/site-packages/kiosk/resource_pay_qrc.py to resource_pay_qrc.cpython-310.pyc
running install_data
creating /home/harry/aaa/install/kiosk/share/ament_index
creating /home/harry/aaa/install/kiosk/share/ament_index/resource_index
creating /home/harry/aaa/install/kiosk/share/ament_index/resource_index/packages
copying resource/kiosk -> /home/harry/aaa/install/kiosk/share/ament_index/resource_index/packages
copying package.xml -> /home/harry/aaa/install/kiosk/share/kiosk
running install_egg_info
Copying ../../build/kiosk/kiosk.egg-info to /home/harry/aaa/install/kiosk/lib/python3.10/site-packages/kiosk-0.0.0-py3.10.egg-info
running install_scripts
writing list of installed files to '/home/harry/aaa/build/kiosk/install.log'
