[0.825s] Invoking command in '/home/harry/aaa/src/kiosk': PYTHONPATH=/home/harry/aaa/build/kiosk/prefix_override:/usr/lib/python3/dist-packages/colcon_core/task/python/colcon_distutils_commands:/home/harry/aaa/install/kiosk/lib/python3.10/site-packages:${PYTHONPATH} /usr/bin/python3 -W ignore:setup.py install is deprecated -W ignore:easy_install command is deprecated setup.py egg_info --egg-base ../../build/kiosk build --build-base /home/harry/aaa/build/kiosk/build install --record /home/harry/aaa/build/kiosk/install.log --single-version-externally-managed install_data
[1.058s] running egg_info
[1.058s] creating ../../build/kiosk/kiosk.egg-info
[1.058s] writing ../../build/kiosk/kiosk.egg-info/PKG-INFO
[1.059s] writing dependency_links to ../../build/kiosk/kiosk.egg-info/dependency_links.txt
[1.059s] writing entry points to ../../build/kiosk/kiosk.egg-info/entry_points.txt
[1.059s] writing requirements to ../../build/kiosk/kiosk.egg-info/requires.txt
[1.059s] writing top-level names to ../../build/kiosk/kiosk.egg-info/top_level.txt
[1.059s] writing manifest file '../../build/kiosk/kiosk.egg-info/SOURCES.txt'
[1.060s] reading manifest file '../../build/kiosk/kiosk.egg-info/SOURCES.txt'
[1.061s] writing manifest file '../../build/kiosk/kiosk.egg-info/SOURCES.txt'
[1.061s] running build
[1.061s] running build_py
[1.061s] creating /home/harry/aaa/build/kiosk/build
[1.061s] creating /home/harry/aaa/build/kiosk/build/lib
[1.061s] creating /home/harry/aaa/build/kiosk/build/lib/kiosk
[1.061s] copying kiosk/resource_qrc.py -> /home/harry/aaa/build/kiosk/build/lib/kiosk
[1.062s] copying kiosk/test2.py -> /home/harry/aaa/build/kiosk/build/lib/kiosk
[1.062s] copying kiosk/__init__.py -> /home/harry/aaa/build/kiosk/build/lib/kiosk
[1.063s] copying kiosk/resource_receive.py -> /home/harry/aaa/build/kiosk/build/lib/kiosk
[1.063s] copying kiosk/kioskGUI.py -> /home/harry/aaa/build/kiosk/build/lib/kiosk
[1.063s] copying kiosk/resource_serve_qrc.py -> /home/harry/aaa/build/kiosk/build/lib/kiosk
[1.064s] copying kiosk/resource_order_qrc.py -> /home/harry/aaa/build/kiosk/build/lib/kiosk
[1.065s] copying kiosk/test.py -> /home/harry/aaa/build/kiosk/build/lib/kiosk
[1.065s] copying kiosk/resource_topping_qrc.py -> /home/harry/aaa/build/kiosk/build/lib/kiosk
[1.066s] copying kiosk/tcp.py -> /home/harry/aaa/build/kiosk/build/lib/kiosk
[1.067s] copying kiosk/resource_table_qrc.py -> /home/harry/aaa/build/kiosk/build/lib/kiosk
[1.068s] copying kiosk/resource_pay_qrc.py -> /home/harry/aaa/build/kiosk/build/lib/kiosk
[1.070s] running install
[1.070s] running install_lib
[1.071s] creating /home/harry/aaa/install/kiosk/lib/python3.10/site-packages/kiosk
[1.071s] copying /home/harry/aaa/build/kiosk/build/lib/kiosk/resource_qrc.py -> /home/harry/aaa/install/kiosk/lib/python3.10/site-packages/kiosk
[1.072s] copying /home/harry/aaa/build/kiosk/build/lib/kiosk/test2.py -> /home/harry/aaa/install/kiosk/lib/python3.10/site-packages/kiosk
[1.072s] copying /home/harry/aaa/build/kiosk/build/lib/kiosk/__init__.py -> /home/harry/aaa/install/kiosk/lib/python3.10/site-packages/kiosk
[1.072s] copying /home/harry/aaa/build/kiosk/build/lib/kiosk/resource_receive.py -> /home/harry/aaa/install/kiosk/lib/python3.10/site-packages/kiosk
[1.072s] copying /home/harry/aaa/build/kiosk/build/lib/kiosk/kioskGUI.py -> /home/harry/aaa/install/kiosk/lib/python3.10/site-packages/kiosk
[1.073s] copying /home/harry/aaa/build/kiosk/build/lib/kiosk/resource_serve_qrc.py -> /home/harry/aaa/install/kiosk/lib/python3.10/site-packages/kiosk
[1.073s] copying /home/harry/aaa/build/kiosk/build/lib/kiosk/resource_order_qrc.py -> /home/harry/aaa/install/kiosk/lib/python3.10/site-packages/kiosk
[1.074s] copying /home/harry/aaa/build/kiosk/build/lib/kiosk/test.py -> /home/harry/aaa/install/kiosk/lib/python3.10/site-packages/kiosk
[1.074s] copying /home/harry/aaa/build/kiosk/build/lib/kiosk/resource_topping_qrc.py -> /home/harry/aaa/install/kiosk/lib/python3.10/site-packages/kiosk
[1.076s] copying /home/harry/aaa/build/kiosk/build/lib/kiosk/tcp.py -> /home/harry/aaa/install/kiosk/lib/python3.10/site-packages/kiosk
[1.076s] copying /home/harry/aaa/build/kiosk/build/lib/kiosk/resource_table_qrc.py -> /home/harry/aaa/install/kiosk/lib/python3.10/site-packages/kiosk
[1.078s] copying /home/harry/aaa/build/kiosk/build/lib/kiosk/resource_pay_qrc.py -> /home/harry/aaa/install/kiosk/lib/python3.10/site-packages/kiosk
[1.080s] byte-compiling /home/harry/aaa/install/kiosk/lib/python3.10/site-packages/kiosk/resource_qrc.py to resource_qrc.cpython-310.pyc
[1.091s] byte-compiling /home/harry/aaa/install/kiosk/lib/python3.10/site-packages/kiosk/test2.py to test2.cpython-310.pyc
[1.093s] byte-compiling /home/harry/aaa/install/kiosk/lib/python3.10/site-packages/kiosk/__init__.py to __init__.cpython-310.pyc
[1.093s] byte-compiling /home/harry/aaa/install/kiosk/lib/python3.10/site-packages/kiosk/resource_receive.py to resource_receive.cpython-310.pyc
[1.094s] byte-compiling /home/harry/aaa/install/kiosk/lib/python3.10/site-packages/kiosk/kioskGUI.py to kioskGUI.cpython-310.pyc
[1.095s] byte-compiling /home/harry/aaa/install/kiosk/lib/python3.10/site-packages/kiosk/resource_serve_qrc.py to resource_serve_qrc.cpython-310.pyc
[1.102s] byte-compiling /home/harry/aaa/install/kiosk/lib/python3.10/site-packages/kiosk/resource_order_qrc.py to resource_order_qrc.cpython-310.pyc
[1.119s] byte-compiling /home/harry/aaa/install/kiosk/lib/python3.10/site-packages/kiosk/test.py to test.cpython-310.pyc
[1.120s] byte-compiling /home/harry/aaa/install/kiosk/lib/python3.10/site-packages/kiosk/resource_topping_qrc.py to resource_topping_qrc.cpython-310.pyc
[1.139s] byte-compiling /home/harry/aaa/install/kiosk/lib/python3.10/site-packages/kiosk/tcp.py to tcp.cpython-310.pyc
[1.140s] byte-compiling /home/harry/aaa/install/kiosk/lib/python3.10/site-packages/kiosk/resource_table_qrc.py to resource_table_qrc.cpython-310.pyc
[1.169s] byte-compiling /home/harry/aaa/install/kiosk/lib/python3.10/site-packages/kiosk/resource_pay_qrc.py to resource_pay_qrc.cpython-310.pyc
[1.188s] running install_data
[1.189s] creating /home/harry/aaa/install/kiosk/share/ament_index
[1.189s] creating /home/harry/aaa/install/kiosk/share/ament_index/resource_index
[1.189s] creating /home/harry/aaa/install/kiosk/share/ament_index/resource_index/packages
[1.189s] copying resource/kiosk -> /home/harry/aaa/install/kiosk/share/ament_index/resource_index/packages
[1.189s] copying package.xml -> /home/harry/aaa/install/kiosk/share/kiosk
[1.189s] running install_egg_info
[1.190s] Copying ../../build/kiosk/kiosk.egg-info to /home/harry/aaa/install/kiosk/lib/python3.10/site-packages/kiosk-0.0.0-py3.10.egg-info
[1.191s] running install_scripts
[1.207s] writing list of installed files to '/home/harry/aaa/build/kiosk/install.log'
[1.223s] Invoked command in '/home/harry/aaa/src/kiosk' returned '0': PYTHONPATH=/home/harry/aaa/build/kiosk/prefix_override:/usr/lib/python3/dist-packages/colcon_core/task/python/colcon_distutils_commands:/home/harry/aaa/install/kiosk/lib/python3.10/site-packages:${PYTHONPATH} /usr/bin/python3 -W ignore:setup.py install is deprecated -W ignore:easy_install command is deprecated setup.py egg_info --egg-base ../../build/kiosk build --build-base /home/harry/aaa/build/kiosk/build install --record /home/harry/aaa/build/kiosk/install.log --single-version-externally-managed install_data
