/home/harry/aaa/install/kiosk/lib/python3.10/site-packages/kiosk/resource_qrc.py
/home/harry/aaa/install/kiosk/lib/python3.10/site-packages/kiosk/receive.py
/home/harry/aaa/install/kiosk/lib/python3.10/site-packages/kiosk/test2.py
/home/harry/aaa/install/kiosk/lib/python3.10/site-packages/kiosk/__init__.py
/home/harry/aaa/install/kiosk/lib/python3.10/site-packages/kiosk/resource_receive.py
/home/harry/aaa/install/kiosk/lib/python3.10/site-packages/kiosk/kioskGUI.py
/home/harry/aaa/install/kiosk/lib/python3.10/site-packages/kiosk/resource_serve_qrc.py
/home/harry/aaa/install/kiosk/lib/python3.10/site-packages/kiosk/final_kiosk.py
/home/harry/aaa/install/kiosk/lib/python3.10/site-packages/kiosk/resource_order_qrc.py
/home/harry/aaa/install/kiosk/lib/python3.10/site-packages/kiosk/resource_topping_qrc.py
/home/harry/aaa/install/kiosk/lib/python3.10/site-packages/kiosk/tcp.py
/home/harry/aaa/install/kiosk/lib/python3.10/site-packages/kiosk/resource_table_qrc.py
/home/harry/aaa/install/kiosk/lib/python3.10/site-packages/kiosk/resource_pay_qrc.py
/home/harry/aaa/install/kiosk/lib/python3.10/site-packages/kiosk/__pycache__/resource_qrc.cpython-310.pyc
/home/harry/aaa/install/kiosk/lib/python3.10/site-packages/kiosk/__pycache__/receive.cpython-310.pyc
/home/harry/aaa/install/kiosk/lib/python3.10/site-packages/kiosk/__pycache__/test2.cpython-310.pyc
/home/harry/aaa/install/kiosk/lib/python3.10/site-packages/kiosk/__pycache__/__init__.cpython-310.pyc
/home/harry/aaa/install/kiosk/lib/python3.10/site-packages/kiosk/__pycache__/resource_receive.cpython-310.pyc
/home/harry/aaa/install/kiosk/lib/python3.10/site-packages/kiosk/__pycache__/kioskGUI.cpython-310.pyc
/home/harry/aaa/install/kiosk/lib/python3.10/site-packages/kiosk/__pycache__/resource_serve_qrc.cpython-310.pyc
/home/harry/aaa/install/kiosk/lib/python3.10/site-packages/kiosk/__pycache__/final_kiosk.cpython-310.pyc
/home/harry/aaa/install/kiosk/lib/python3.10/site-packages/kiosk/__pycache__/resource_order_qrc.cpython-310.pyc
/home/harry/aaa/install/kiosk/lib/python3.10/site-packages/kiosk/__pycache__/resource_topping_qrc.cpython-310.pyc
/home/harry/aaa/install/kiosk/lib/python3.10/site-packages/kiosk/__pycache__/tcp.cpython-310.pyc
/home/harry/aaa/install/kiosk/lib/python3.10/site-packages/kiosk/__pycache__/resource_table_qrc.cpython-310.pyc
/home/harry/aaa/install/kiosk/lib/python3.10/site-packages/kiosk/__pycache__/resource_pay_qrc.cpython-310.pyc
/home/harry/aaa/install/kiosk/share/ament_index/resource_index/packages/kiosk
/home/harry/aaa/install/kiosk/share/kiosk/package.xml
/home/harry/aaa/install/kiosk/share/kiosk/data/images/ARIS.png
/home/harry/aaa/install/kiosk/share/kiosk/data/images/free-icon-automate-6086806.png
/home/harry/aaa/install/kiosk/share/kiosk/data/images/free-icon-bar-6028207.png
/home/harry/aaa/install/kiosk/share/kiosk/data/images/free-icon-hand-cursor-5781782.png
/home/harry/aaa/install/kiosk/share/kiosk/data/images/free-icon-ice-cream-8357743.png
/home/harry/aaa/install/kiosk/share/kiosk/data/images/free-icon-log-in-1176390.png
/home/harry/aaa/install/kiosk/share/kiosk/data/images/free-icon-map-395003.png
/home/harry/aaa/install/kiosk/share/kiosk/data/images/free-icon-plug-10396335.png
/home/harry/aaa/install/kiosk/share/kiosk/data/images/free-icon-table-8015427.png
/home/harry/aaa/install/kiosk/share/kiosk/data/images/free-icon-takeaway-7770713.png
/home/harry/aaa/install/kiosk/share/kiosk/data/images/free-icon-turkey-12694430.png
/home/harry/aaa/install/kiosk/share/kiosk/data/images/free-icon-wall-698633.png
/home/harry/aaa/install/kiosk/share/kiosk/data/images/KIOSK.png
/home/harry/aaa/install/kiosk/share/kiosk/data/images/충전스테이션.png
/home/harry/aaa/install/kiosk/share/kiosk/data/images/키오스크_정면.png
/home/harry/aaa/install/kiosk/share/kiosk/data/images/Screenshot from 2024-07-04 10-28-03.png
/home/harry/aaa/install/kiosk/share/kiosk/data/images/Screenshot from 2024-07-04 10-57-05.png
/home/harry/aaa/install/kiosk/share/kiosk/data/images/Screenshot from 2024-07-04 12-05-16.png
/home/harry/aaa/install/kiosk/share/kiosk/data/images/Screenshot_from_2024-07-04_12-19-44-removebg-preview.png
/home/harry/aaa/install/kiosk/share/kiosk/data/images/Screenshot_from_2024-07-04_12-20-02-removebg-preview.png
/home/harry/aaa/install/kiosk/share/kiosk/data/images/Screenshot_from_2024-07-04_12-20-15-removebg-preview.png
/home/harry/aaa/install/kiosk/share/kiosk/data/images/Screenshot_from_2024-07-04_13-20-28-removebg-preview.png
/home/harry/aaa/install/kiosk/share/kiosk/data/images/Screenshot_from_2024-07-04_13-20-51-removebg-preview.png
/home/harry/aaa/install/kiosk/share/kiosk/data/images/Screenshot_from_2024-07-04_13-21-06-removebg-preview.png
/home/harry/aaa/install/kiosk/share/kiosk/data/images/Screenshot_from_2024-07-04_13-22-28-removebg-preview.png
/home/harry/aaa/install/kiosk/share/kiosk/data/images/Screenshot_from_2024-07-04_13-22-43-removebg-preview.png
/home/harry/aaa/install/kiosk/share/kiosk/data/images/Screenshot_from_2024-07-04_13-22-47-removebg-preview.png
/home/harry/aaa/install/kiosk/share/kiosk/data/images/Screenshot from 2024-07-04 13-40-02.png
/home/harry/aaa/install/kiosk/share/kiosk/data/images/Screenshot_from_2024-07-04_14-18-45-removebg-preview (1).png
/home/harry/aaa/install/kiosk/share/kiosk/data/images/Screenshot from 2024-08-21 11-51-51.png
/home/harry/aaa/install/kiosk/share/kiosk/data/ui/flavor.ui
/home/harry/aaa/install/kiosk/share/kiosk/data/ui/info.ui
/home/harry/aaa/install/kiosk/share/kiosk/data/ui/main.ui
/home/harry/aaa/install/kiosk/share/kiosk/data/ui/receive.ui
/home/harry/aaa/install/kiosk/share/kiosk/data/ui/recive.ui
/home/harry/aaa/install/kiosk/share/kiosk/data/ui/resource_pay.qrc
/home/harry/aaa/install/kiosk/share/kiosk/data/ui/resource.qrc
/home/harry/aaa/install/kiosk/share/kiosk/data/ui/resource_recive.qrc
/home/harry/aaa/install/kiosk/share/kiosk/data/ui/resource_serve.qrc
/home/harry/aaa/install/kiosk/share/kiosk/data/ui/resource_table.qrc
/home/harry/aaa/install/kiosk/share/kiosk/data/ui/resource_topping.qrc
/home/harry/aaa/install/kiosk/share/kiosk/data/ui/resourece_order.qrc
/home/harry/aaa/install/kiosk/share/kiosk/data/ui/serve.ui
/home/harry/aaa/install/kiosk/share/kiosk/data/ui/table.ui
/home/harry/aaa/install/kiosk/share/kiosk/data/ui/topping.ui
/home/harry/aaa/install/kiosk/lib/python3.10/site-packages/kiosk-0.0.0-py3.10.egg-info/top_level.txt
/home/harry/aaa/install/kiosk/lib/python3.10/site-packages/kiosk-0.0.0-py3.10.egg-info/requires.txt
/home/harry/aaa/install/kiosk/lib/python3.10/site-packages/kiosk-0.0.0-py3.10.egg-info/SOURCES.txt
/home/harry/aaa/install/kiosk/lib/python3.10/site-packages/kiosk-0.0.0-py3.10.egg-info/dependency_links.txt
/home/harry/aaa/install/kiosk/lib/python3.10/site-packages/kiosk-0.0.0-py3.10.egg-info/zip-safe
/home/harry/aaa/install/kiosk/lib/python3.10/site-packages/kiosk-0.0.0-py3.10.egg-info/entry_points.txt
/home/harry/aaa/install/kiosk/lib/python3.10/site-packages/kiosk-0.0.0-py3.10.egg-info/PKG-INFO
/home/harry/aaa/install/kiosk/lib/kiosk/kiosk
/home/harry/aaa/install/kiosk/lib/kiosk/receive
