running egg_info
writing ../../build/term_project/term_project.egg-info/PKG-INFO
writing dependency_links to ../../build/term_project/term_project.egg-info/dependency_links.txt
writing entry points to ../../build/term_project/term_project.egg-info/entry_points.txt
writing requirements to ../../build/term_project/term_project.egg-info/requires.txt
writing top-level names to ../../build/term_project/term_project.egg-info/top_level.txt
reading manifest file '../../build/term_project/term_project.egg-info/SOURCES.txt'
writing manifest file '../../build/term_project/term_project.egg-info/SOURCES.txt'
running build
running build_py
running install
running install_lib
running install_data
running install_egg_info
removing '/home/harry/aaa/install/term_project/lib/python3.10/site-packages/term_project-0.0.0-py3.10.egg-info' (and everything under it)
Copying ../../build/term_project/term_project.egg-info to /home/harry/aaa/install/term_project/lib/python3.10/site-packages/term_project-0.0.0-py3.10.egg-info
running install_scripts
Installing kiosk_action script to /home/harry/aaa/install/term_project/lib/term_project
Installing kiosk_service script to /home/harry/aaa/install/term_project/lib/term_project
Installing machine2 script to /home/harry/aaa/install/term_project/lib/term_project
Installing machine3 script to /home/harry/aaa/install/term_project/lib/term_project
Installing robot script to /home/harry/aaa/install/term_project/lib/term_project
Installing robot_sub script to /home/harry/aaa/install/term_project/lib/term_project
Installing test script to /home/harry/aaa/install/term_project/lib/term_project
writing list of installed files to '/home/harry/aaa/build/term_project/install.log'
