[0.099s] DEBUG:colcon:Command line arguments: ['/usr/bin/colcon', 'build']
[0.100s] DEBUG:colcon:Parsed command line arguments: Namespace(log_base=None, log_level=None, verb_name='build', build_base='build', install_base='install', merge_install=False, symlink_install=False, test_result_base=None, continue_on_error=False, executor='parallel', parallel_workers=12, event_handlers=None, ignore_user_meta=False, metas=['./colcon.meta'], base_paths=['.'], packages_ignore=None, packages_ignore_regex=None, paths=None, packages_up_to=None, packages_up_to_regex=None, packages_above=None, packages_above_and_dependencies=None, packages_above_depth=None, packages_select_by_dep=None, packages_skip_by_dep=None, packages_skip_up_to=None, packages_select_build_failed=False, packages_skip_build_finished=False, packages_select_test_failures=False, packages_skip_test_passed=False, packages_select=None, packages_skip=None, packages_select_regex=None, packages_skip_regex=None, packages_start=None, packages_end=None, allow_overriding=[], cmake_args=None, cmake_target=None, cmake_target_skip_unavailable=False, cmake_clean_cache=False, cmake_clean_first=False, cmake_force_configure=False, ament_cmake_args=None, catkin_cmake_args=None, catkin_skip_building_tests=False, verb_parser=<colcon_defaults.argument_parser.defaults.DefaultArgumentsDecorator object at 0x78b9b683e170>, verb_extension=<colcon_core.verb.build.BuildVerb object at 0x78b9b683dc00>, main=<bound method BuildVerb.main of <colcon_core.verb.build.BuildVerb object at 0x78b9b683dc00>>)
[0.290s] Level 1:colcon.colcon_core.package_discovery:discover_packages(colcon_meta) check parameters
[0.290s] Level 1:colcon.colcon_core.package_discovery:discover_packages(recursive) check parameters
[0.290s] Level 1:colcon.colcon_core.package_discovery:discover_packages(ignore) check parameters
[0.291s] Level 1:colcon.colcon_core.package_discovery:discover_packages(path) check parameters
[0.291s] Level 1:colcon.colcon_core.package_discovery:discover_packages(colcon_meta) discover
[0.291s] Level 1:colcon.colcon_core.package_discovery:discover_packages(recursive) discover
[0.291s] INFO:colcon.colcon_core.package_discovery:Crawling recursively for packages in '/home/harry/aaa'
[0.291s] Level 1:colcon.colcon_core.package_identification:_identify(.) by extensions ['ignore', 'ignore_ament_install']
[0.291s] Level 1:colcon.colcon_core.package_identification:_identify(.) by extension 'ignore'
[0.291s] Level 1:colcon.colcon_core.package_identification:_identify(.) by extension 'ignore_ament_install'
[0.291s] Level 1:colcon.colcon_core.package_identification:_identify(.) by extensions ['colcon_pkg']
[0.291s] Level 1:colcon.colcon_core.package_identification:_identify(.) by extension 'colcon_pkg'
[0.291s] Level 1:colcon.colcon_core.package_identification:_identify(.) by extensions ['colcon_meta']
[0.291s] Level 1:colcon.colcon_core.package_identification:_identify(.) by extension 'colcon_meta'
[0.291s] Level 1:colcon.colcon_core.package_identification:_identify(.) by extensions ['ros']
[0.291s] Level 1:colcon.colcon_core.package_identification:_identify(.) by extension 'ros'
[0.300s] Level 1:colcon.colcon_core.package_identification:_identify(.) by extensions ['cmake', 'python']
[0.300s] Level 1:colcon.colcon_core.package_identification:_identify(.) by extension 'cmake'
[0.301s] Level 1:colcon.colcon_core.package_identification:_identify(.) by extension 'python'
[0.301s] Level 1:colcon.colcon_core.package_identification:_identify(.) by extensions ['python_setup_py']
[0.301s] Level 1:colcon.colcon_core.package_identification:_identify(.) by extension 'python_setup_py'
[0.301s] Level 1:colcon.colcon_core.package_identification:_identify(build) by extensions ['ignore', 'ignore_ament_install']
[0.301s] Level 1:colcon.colcon_core.package_identification:_identify(build) by extension 'ignore'
[0.301s] Level 1:colcon.colcon_core.package_identification:_identify(build) ignored
[0.301s] Level 1:colcon.colcon_core.package_identification:_identify(install) by extensions ['ignore', 'ignore_ament_install']
[0.301s] Level 1:colcon.colcon_core.package_identification:_identify(install) by extension 'ignore'
[0.301s] Level 1:colcon.colcon_core.package_identification:_identify(install) ignored
[0.301s] Level 1:colcon.colcon_core.package_identification:_identify(log) by extensions ['ignore', 'ignore_ament_install']
[0.301s] Level 1:colcon.colcon_core.package_identification:_identify(log) by extension 'ignore'
[0.301s] Level 1:colcon.colcon_core.package_identification:_identify(log) ignored
[0.301s] Level 1:colcon.colcon_core.package_identification:_identify(src) by extensions ['ignore', 'ignore_ament_install']
[0.301s] Level 1:colcon.colcon_core.package_identification:_identify(src) by extension 'ignore'
[0.301s] Level 1:colcon.colcon_core.package_identification:_identify(src) by extension 'ignore_ament_install'
[0.301s] Level 1:colcon.colcon_core.package_identification:_identify(src) by extensions ['colcon_pkg']
[0.301s] Level 1:colcon.colcon_core.package_identification:_identify(src) by extension 'colcon_pkg'
[0.301s] Level 1:colcon.colcon_core.package_identification:_identify(src) by extensions ['colcon_meta']
[0.302s] Level 1:colcon.colcon_core.package_identification:_identify(src) by extension 'colcon_meta'
[0.302s] Level 1:colcon.colcon_core.package_identification:_identify(src) by extensions ['ros']
[0.302s] Level 1:colcon.colcon_core.package_identification:_identify(src) by extension 'ros'
[0.302s] Level 1:colcon.colcon_core.package_identification:_identify(src) by extensions ['cmake', 'python']
[0.302s] Level 1:colcon.colcon_core.package_identification:_identify(src) by extension 'cmake'
[0.302s] Level 1:colcon.colcon_core.package_identification:_identify(src) by extension 'python'
[0.302s] Level 1:colcon.colcon_core.package_identification:_identify(src) by extensions ['python_setup_py']
[0.302s] Level 1:colcon.colcon_core.package_identification:_identify(src) by extension 'python_setup_py'
[0.302s] Level 1:colcon.colcon_core.package_identification:_identify(src/kiosk) by extensions ['ignore', 'ignore_ament_install']
[0.302s] Level 1:colcon.colcon_core.package_identification:_identify(src/kiosk) by extension 'ignore'
[0.302s] Level 1:colcon.colcon_core.package_identification:_identify(src/kiosk) by extension 'ignore_ament_install'
[0.302s] Level 1:colcon.colcon_core.package_identification:_identify(src/kiosk) by extensions ['colcon_pkg']
[0.302s] Level 1:colcon.colcon_core.package_identification:_identify(src/kiosk) by extension 'colcon_pkg'
[0.302s] Level 1:colcon.colcon_core.package_identification:_identify(src/kiosk) by extensions ['colcon_meta']
[0.302s] Level 1:colcon.colcon_core.package_identification:_identify(src/kiosk) by extension 'colcon_meta'
[0.302s] Level 1:colcon.colcon_core.package_identification:_identify(src/kiosk) by extensions ['ros']
[0.302s] Level 1:colcon.colcon_core.package_identification:_identify(src/kiosk) by extension 'ros'
[0.304s] DEBUG:colcon.colcon_core.package_identification:Package 'src/kiosk' with type 'ros.ament_python' and name 'kiosk'
[0.304s] Level 1:colcon.colcon_core.package_identification:_identify(src/kioskttt) by extensions ['ignore', 'ignore_ament_install']
[0.304s] Level 1:colcon.colcon_core.package_identification:_identify(src/kioskttt) by extension 'ignore'
[0.304s] Level 1:colcon.colcon_core.package_identification:_identify(src/kioskttt) by extension 'ignore_ament_install'
[0.305s] Level 1:colcon.colcon_core.package_identification:_identify(src/kioskttt) by extensions ['colcon_pkg']
[0.305s] Level 1:colcon.colcon_core.package_identification:_identify(src/kioskttt) by extension 'colcon_pkg'
[0.305s] Level 1:colcon.colcon_core.package_identification:_identify(src/kioskttt) by extensions ['colcon_meta']
[0.305s] Level 1:colcon.colcon_core.package_identification:_identify(src/kioskttt) by extension 'colcon_meta'
[0.305s] Level 1:colcon.colcon_core.package_identification:_identify(src/kioskttt) by extensions ['ros']
[0.305s] Level 1:colcon.colcon_core.package_identification:_identify(src/kioskttt) by extension 'ros'
[0.305s] Level 1:colcon.colcon_core.package_identification:_identify(src/kioskttt) by extensions ['cmake', 'python']
[0.305s] Level 1:colcon.colcon_core.package_identification:_identify(src/kioskttt) by extension 'cmake'
[0.305s] Level 1:colcon.colcon_core.package_identification:_identify(src/kioskttt) by extension 'python'
[0.305s] Level 1:colcon.colcon_core.package_identification:_identify(src/kioskttt) by extensions ['python_setup_py']
[0.305s] Level 1:colcon.colcon_core.package_identification:_identify(src/kioskttt) by extension 'python_setup_py'
[0.305s] Level 1:colcon.colcon_core.package_identification:_identify(src/kioskttt/build) by extensions ['ignore', 'ignore_ament_install']
[0.305s] Level 1:colcon.colcon_core.package_identification:_identify(src/kioskttt/build) by extension 'ignore'
[0.305s] Level 1:colcon.colcon_core.package_identification:_identify(src/kioskttt/build) ignored
[0.305s] Level 1:colcon.colcon_core.package_identification:_identify(src/kioskttt/install) by extensions ['ignore', 'ignore_ament_install']
[0.305s] Level 1:colcon.colcon_core.package_identification:_identify(src/kioskttt/install) by extension 'ignore'
[0.305s] Level 1:colcon.colcon_core.package_identification:_identify(src/kioskttt/install) ignored
[0.305s] Level 1:colcon.colcon_core.package_identification:_identify(src/kioskttt/log) by extensions ['ignore', 'ignore_ament_install']
[0.305s] Level 1:colcon.colcon_core.package_identification:_identify(src/kioskttt/log) by extension 'ignore'
[0.305s] Level 1:colcon.colcon_core.package_identification:_identify(src/kioskttt/log) ignored
[0.306s] Level 1:colcon.colcon_core.package_identification:_identify(src/kioskttt/src) by extensions ['ignore', 'ignore_ament_install']
[0.306s] Level 1:colcon.colcon_core.package_identification:_identify(src/kioskttt/src) by extension 'ignore'
[0.306s] Level 1:colcon.colcon_core.package_identification:_identify(src/kioskttt/src) by extension 'ignore_ament_install'
[0.306s] Level 1:colcon.colcon_core.package_identification:_identify(src/kioskttt/src) by extensions ['colcon_pkg']
[0.306s] Level 1:colcon.colcon_core.package_identification:_identify(src/kioskttt/src) by extension 'colcon_pkg'
[0.306s] Level 1:colcon.colcon_core.package_identification:_identify(src/kioskttt/src) by extensions ['colcon_meta']
[0.306s] Level 1:colcon.colcon_core.package_identification:_identify(src/kioskttt/src) by extension 'colcon_meta'
[0.306s] Level 1:colcon.colcon_core.package_identification:_identify(src/kioskttt/src) by extensions ['ros']
[0.306s] Level 1:colcon.colcon_core.package_identification:_identify(src/kioskttt/src) by extension 'ros'
[0.306s] Level 1:colcon.colcon_core.package_identification:_identify(src/kioskttt/src) by extensions ['cmake', 'python']
[0.306s] Level 1:colcon.colcon_core.package_identification:_identify(src/kioskttt/src) by extension 'cmake'
[0.306s] Level 1:colcon.colcon_core.package_identification:_identify(src/kioskttt/src) by extension 'python'
[0.306s] Level 1:colcon.colcon_core.package_identification:_identify(src/kioskttt/src) by extensions ['python_setup_py']
[0.306s] Level 1:colcon.colcon_core.package_identification:_identify(src/kioskttt/src) by extension 'python_setup_py'
[0.306s] Level 1:colcon.colcon_core.package_identification:_identify(src/kioskttt/src/kiosk) by extensions ['ignore', 'ignore_ament_install']
[0.306s] Level 1:colcon.colcon_core.package_identification:_identify(src/kioskttt/src/kiosk) by extension 'ignore'
[0.306s] Level 1:colcon.colcon_core.package_identification:_identify(src/kioskttt/src/kiosk) by extension 'ignore_ament_install'
[0.306s] Level 1:colcon.colcon_core.package_identification:_identify(src/kioskttt/src/kiosk) by extensions ['colcon_pkg']
[0.306s] Level 1:colcon.colcon_core.package_identification:_identify(src/kioskttt/src/kiosk) by extension 'colcon_pkg'
[0.306s] Level 1:colcon.colcon_core.package_identification:_identify(src/kioskttt/src/kiosk) by extensions ['colcon_meta']
[0.306s] Level 1:colcon.colcon_core.package_identification:_identify(src/kioskttt/src/kiosk) by extension 'colcon_meta'
[0.306s] Level 1:colcon.colcon_core.package_identification:_identify(src/kioskttt/src/kiosk) by extensions ['ros']
[0.306s] Level 1:colcon.colcon_core.package_identification:_identify(src/kioskttt/src/kiosk) by extension 'ros'
[0.307s] Level 1:colcon.colcon_core.package_identification:_identify(src/kioskttt/src/kiosk) by extensions ['cmake', 'python']
[0.307s] Level 1:colcon.colcon_core.package_identification:_identify(src/kioskttt/src/kiosk) by extension 'cmake'
[0.307s] Level 1:colcon.colcon_core.package_identification:_identify(src/kioskttt/src/kiosk) by extension 'python'
[0.307s] Level 1:colcon.colcon_core.package_identification:_identify(src/kioskttt/src/kiosk) by extensions ['python_setup_py']
[0.307s] Level 1:colcon.colcon_core.package_identification:_identify(src/kioskttt/src/kiosk) by extension 'python_setup_py'
[0.307s] Level 1:colcon.colcon_core.package_identification:_identify(src/kioskttt/src/kiosk/data) by extensions ['ignore', 'ignore_ament_install']
[0.307s] Level 1:colcon.colcon_core.package_identification:_identify(src/kioskttt/src/kiosk/data) by extension 'ignore'
[0.307s] Level 1:colcon.colcon_core.package_identification:_identify(src/kioskttt/src/kiosk/data) by extension 'ignore_ament_install'
[0.307s] Level 1:colcon.colcon_core.package_identification:_identify(src/kioskttt/src/kiosk/data) by extensions ['colcon_pkg']
[0.307s] Level 1:colcon.colcon_core.package_identification:_identify(src/kioskttt/src/kiosk/data) by extension 'colcon_pkg'
[0.307s] Level 1:colcon.colcon_core.package_identification:_identify(src/kioskttt/src/kiosk/data) by extensions ['colcon_meta']
[0.307s] Level 1:colcon.colcon_core.package_identification:_identify(src/kioskttt/src/kiosk/data) by extension 'colcon_meta'
[0.307s] Level 1:colcon.colcon_core.package_identification:_identify(src/kioskttt/src/kiosk/data) by extensions ['ros']
[0.307s] Level 1:colcon.colcon_core.package_identification:_identify(src/kioskttt/src/kiosk/data) by extension 'ros'
[0.307s] Level 1:colcon.colcon_core.package_identification:_identify(src/kioskttt/src/kiosk/data) by extensions ['cmake', 'python']
[0.307s] Level 1:colcon.colcon_core.package_identification:_identify(src/kioskttt/src/kiosk/data) by extension 'cmake'
[0.307s] Level 1:colcon.colcon_core.package_identification:_identify(src/kioskttt/src/kiosk/data) by extension 'python'
[0.307s] Level 1:colcon.colcon_core.package_identification:_identify(src/kioskttt/src/kiosk/data) by extensions ['python_setup_py']
[0.307s] Level 1:colcon.colcon_core.package_identification:_identify(src/kioskttt/src/kiosk/data) by extension 'python_setup_py'
[0.307s] Level 1:colcon.colcon_core.package_identification:_identify(src/kioskttt/src/kiosk/data/images) by extensions ['ignore', 'ignore_ament_install']
[0.308s] Level 1:colcon.colcon_core.package_identification:_identify(src/kioskttt/src/kiosk/data/images) by extension 'ignore'
[0.308s] Level 1:colcon.colcon_core.package_identification:_identify(src/kioskttt/src/kiosk/data/images) by extension 'ignore_ament_install'
[0.308s] Level 1:colcon.colcon_core.package_identification:_identify(src/kioskttt/src/kiosk/data/images) by extensions ['colcon_pkg']
[0.308s] Level 1:colcon.colcon_core.package_identification:_identify(src/kioskttt/src/kiosk/data/images) by extension 'colcon_pkg'
[0.308s] Level 1:colcon.colcon_core.package_identification:_identify(src/kioskttt/src/kiosk/data/images) by extensions ['colcon_meta']
[0.308s] Level 1:colcon.colcon_core.package_identification:_identify(src/kioskttt/src/kiosk/data/images) by extension 'colcon_meta'
[0.308s] Level 1:colcon.colcon_core.package_identification:_identify(src/kioskttt/src/kiosk/data/images) by extensions ['ros']
[0.308s] Level 1:colcon.colcon_core.package_identification:_identify(src/kioskttt/src/kiosk/data/images) by extension 'ros'
[0.308s] Level 1:colcon.colcon_core.package_identification:_identify(src/kioskttt/src/kiosk/data/images) by extensions ['cmake', 'python']
[0.308s] Level 1:colcon.colcon_core.package_identification:_identify(src/kioskttt/src/kiosk/data/images) by extension 'cmake'
[0.308s] Level 1:colcon.colcon_core.package_identification:_identify(src/kioskttt/src/kiosk/data/images) by extension 'python'
[0.308s] Level 1:colcon.colcon_core.package_identification:_identify(src/kioskttt/src/kiosk/data/images) by extensions ['python_setup_py']
[0.308s] Level 1:colcon.colcon_core.package_identification:_identify(src/kioskttt/src/kiosk/data/images) by extension 'python_setup_py'
[0.308s] Level 1:colcon.colcon_core.package_identification:_identify(src/kioskttt/src/kiosk/data/ui) by extensions ['ignore', 'ignore_ament_install']
[0.308s] Level 1:colcon.colcon_core.package_identification:_identify(src/kioskttt/src/kiosk/data/ui) by extension 'ignore'
[0.308s] Level 1:colcon.colcon_core.package_identification:_identify(src/kioskttt/src/kiosk/data/ui) by extension 'ignore_ament_install'
[0.308s] Level 1:colcon.colcon_core.package_identification:_identify(src/kioskttt/src/kiosk/data/ui) by extensions ['colcon_pkg']
[0.308s] Level 1:colcon.colcon_core.package_identification:_identify(src/kioskttt/src/kiosk/data/ui) by extension 'colcon_pkg'
[0.308s] Level 1:colcon.colcon_core.package_identification:_identify(src/kioskttt/src/kiosk/data/ui) by extensions ['colcon_meta']
[0.308s] Level 1:colcon.colcon_core.package_identification:_identify(src/kioskttt/src/kiosk/data/ui) by extension 'colcon_meta'
[0.308s] Level 1:colcon.colcon_core.package_identification:_identify(src/kioskttt/src/kiosk/data/ui) by extensions ['ros']
[0.308s] Level 1:colcon.colcon_core.package_identification:_identify(src/kioskttt/src/kiosk/data/ui) by extension 'ros'
[0.309s] Level 1:colcon.colcon_core.package_identification:_identify(src/kioskttt/src/kiosk/data/ui) by extensions ['cmake', 'python']
[0.309s] Level 1:colcon.colcon_core.package_identification:_identify(src/kioskttt/src/kiosk/data/ui) by extension 'cmake'
[0.309s] Level 1:colcon.colcon_core.package_identification:_identify(src/kioskttt/src/kiosk/data/ui) by extension 'python'
[0.309s] Level 1:colcon.colcon_core.package_identification:_identify(src/kioskttt/src/kiosk/data/ui) by extensions ['python_setup_py']
[0.309s] Level 1:colcon.colcon_core.package_identification:_identify(src/kioskttt/src/kiosk/data/ui) by extension 'python_setup_py'
[0.309s] Level 1:colcon.colcon_core.package_identification:_identify(src/kioskttt/src/kiosk/src) by extensions ['ignore', 'ignore_ament_install']
[0.309s] Level 1:colcon.colcon_core.package_identification:_identify(src/kioskttt/src/kiosk/src) by extension 'ignore'
[0.309s] Level 1:colcon.colcon_core.package_identification:_identify(src/kioskttt/src/kiosk/src) by extension 'ignore_ament_install'
[0.309s] Level 1:colcon.colcon_core.package_identification:_identify(src/kioskttt/src/kiosk/src) by extensions ['colcon_pkg']
[0.309s] Level 1:colcon.colcon_core.package_identification:_identify(src/kioskttt/src/kiosk/src) by extension 'colcon_pkg'
[0.309s] Level 1:colcon.colcon_core.package_identification:_identify(src/kioskttt/src/kiosk/src) by extensions ['colcon_meta']
[0.309s] Level 1:colcon.colcon_core.package_identification:_identify(src/kioskttt/src/kiosk/src) by extension 'colcon_meta'
[0.309s] Level 1:colcon.colcon_core.package_identification:_identify(src/kioskttt/src/kiosk/src) by extensions ['ros']
[0.309s] Level 1:colcon.colcon_core.package_identification:_identify(src/kioskttt/src/kiosk/src) by extension 'ros'
[0.309s] Level 1:colcon.colcon_core.package_identification:_identify(src/kioskttt/src/kiosk/src) by extensions ['cmake', 'python']
[0.309s] Level 1:colcon.colcon_core.package_identification:_identify(src/kioskttt/src/kiosk/src) by extension 'cmake'
[0.309s] Level 1:colcon.colcon_core.package_identification:_identify(src/kioskttt/src/kiosk/src) by extension 'python'
[0.309s] Level 1:colcon.colcon_core.package_identification:_identify(src/kioskttt/src/kiosk/src) by extensions ['python_setup_py']
[0.309s] Level 1:colcon.colcon_core.package_identification:_identify(src/kioskttt/src/kiosk/src) by extension 'python_setup_py'
[0.309s] Level 1:colcon.colcon_core.package_identification:_identify(src/kioskttt/src/kiosk/src/__pycache__) by extensions ['ignore', 'ignore_ament_install']
[0.309s] Level 1:colcon.colcon_core.package_identification:_identify(src/kioskttt/src/kiosk/src/__pycache__) by extension 'ignore'
[0.310s] Level 1:colcon.colcon_core.package_identification:_identify(src/kioskttt/src/kiosk/src/__pycache__) by extension 'ignore_ament_install'
[0.310s] Level 1:colcon.colcon_core.package_identification:_identify(src/kioskttt/src/kiosk/src/__pycache__) by extensions ['colcon_pkg']
[0.310s] Level 1:colcon.colcon_core.package_identification:_identify(src/kioskttt/src/kiosk/src/__pycache__) by extension 'colcon_pkg'
[0.310s] Level 1:colcon.colcon_core.package_identification:_identify(src/kioskttt/src/kiosk/src/__pycache__) by extensions ['colcon_meta']
[0.310s] Level 1:colcon.colcon_core.package_identification:_identify(src/kioskttt/src/kiosk/src/__pycache__) by extension 'colcon_meta'
[0.310s] Level 1:colcon.colcon_core.package_identification:_identify(src/kioskttt/src/kiosk/src/__pycache__) by extensions ['ros']
[0.310s] Level 1:colcon.colcon_core.package_identification:_identify(src/kioskttt/src/kiosk/src/__pycache__) by extension 'ros'
[0.310s] Level 1:colcon.colcon_core.package_identification:_identify(src/kioskttt/src/kiosk/src/__pycache__) by extensions ['cmake', 'python']
[0.310s] Level 1:colcon.colcon_core.package_identification:_identify(src/kioskttt/src/kiosk/src/__pycache__) by extension 'cmake'
[0.310s] Level 1:colcon.colcon_core.package_identification:_identify(src/kioskttt/src/kiosk/src/__pycache__) by extension 'python'
[0.310s] Level 1:colcon.colcon_core.package_identification:_identify(src/kioskttt/src/kiosk/src/__pycache__) by extensions ['python_setup_py']
[0.310s] Level 1:colcon.colcon_core.package_identification:_identify(src/kioskttt/src/kiosk/src/__pycache__) by extension 'python_setup_py'
[0.310s] Level 1:colcon.colcon_core.package_identification:_identify(src/my_custom_interface) by extensions ['ignore', 'ignore_ament_install']
[0.310s] Level 1:colcon.colcon_core.package_identification:_identify(src/my_custom_interface) by extension 'ignore'
[0.310s] Level 1:colcon.colcon_core.package_identification:_identify(src/my_custom_interface) by extension 'ignore_ament_install'
[0.310s] Level 1:colcon.colcon_core.package_identification:_identify(src/my_custom_interface) by extensions ['colcon_pkg']
[0.310s] Level 1:colcon.colcon_core.package_identification:_identify(src/my_custom_interface) by extension 'colcon_pkg'
[0.310s] Level 1:colcon.colcon_core.package_identification:_identify(src/my_custom_interface) by extensions ['colcon_meta']
[0.310s] Level 1:colcon.colcon_core.package_identification:_identify(src/my_custom_interface) by extension 'colcon_meta'
[0.310s] Level 1:colcon.colcon_core.package_identification:_identify(src/my_custom_interface) by extensions ['ros']
[0.310s] Level 1:colcon.colcon_core.package_identification:_identify(src/my_custom_interface) by extension 'ros'
[0.311s] DEBUG:colcon.colcon_core.package_identification:Package 'src/my_custom_interface' with type 'ros.ament_cmake' and name 'my_custom_interface'
[0.311s] Level 1:colcon.colcon_core.package_identification:_identify(src/term_project) by extensions ['ignore', 'ignore_ament_install']
[0.311s] Level 1:colcon.colcon_core.package_identification:_identify(src/term_project) by extension 'ignore'
[0.311s] Level 1:colcon.colcon_core.package_identification:_identify(src/term_project) by extension 'ignore_ament_install'
[0.311s] Level 1:colcon.colcon_core.package_identification:_identify(src/term_project) by extensions ['colcon_pkg']
[0.311s] Level 1:colcon.colcon_core.package_identification:_identify(src/term_project) by extension 'colcon_pkg'
[0.311s] Level 1:colcon.colcon_core.package_identification:_identify(src/term_project) by extensions ['colcon_meta']
[0.311s] Level 1:colcon.colcon_core.package_identification:_identify(src/term_project) by extension 'colcon_meta'
[0.311s] Level 1:colcon.colcon_core.package_identification:_identify(src/term_project) by extensions ['ros']
[0.311s] Level 1:colcon.colcon_core.package_identification:_identify(src/term_project) by extension 'ros'
[0.312s] DEBUG:colcon.colcon_core.package_identification:Package 'src/term_project' with type 'ros.ament_python' and name 'term_project'
[0.312s] Level 1:colcon.colcon_core.package_discovery:discover_packages(recursive) using defaults
[0.312s] Level 1:colcon.colcon_core.package_discovery:discover_packages(ignore) discover
[0.312s] Level 1:colcon.colcon_core.package_discovery:discover_packages(ignore) using defaults
[0.312s] Level 1:colcon.colcon_core.package_discovery:discover_packages(path) discover
[0.312s] Level 1:colcon.colcon_core.package_discovery:discover_packages(path) using defaults
[0.329s] Level 1:colcon.colcon_core.package_discovery:discover_packages(prefix_path) check parameters
[0.329s] Level 1:colcon.colcon_core.package_discovery:discover_packages(prefix_path) discover
[0.331s] DEBUG:colcon.colcon_installed_package_information.package_discovery:Found 3 installed packages in /home/harry/aaa/install
[0.332s] DEBUG:colcon.colcon_installed_package_information.package_discovery:Found 354 installed packages in /opt/ros/humble
[0.334s] Level 1:colcon.colcon_core.package_discovery:discover_packages(prefix_path) using defaults
[0.375s] Level 5:colcon.colcon_core.verb:set package 'kiosk' build argument 'cmake_args' from command line to 'None'
[0.375s] Level 5:colcon.colcon_core.verb:set package 'kiosk' build argument 'cmake_target' from command line to 'None'
[0.375s] Level 5:colcon.colcon_core.verb:set package 'kiosk' build argument 'cmake_target_skip_unavailable' from command line to 'False'
[0.375s] Level 5:colcon.colcon_core.verb:set package 'kiosk' build argument 'cmake_clean_cache' from command line to 'False'
[0.375s] Level 5:colcon.colcon_core.verb:set package 'kiosk' build argument 'cmake_clean_first' from command line to 'False'
[0.375s] Level 5:colcon.colcon_core.verb:set package 'kiosk' build argument 'cmake_force_configure' from command line to 'False'
[0.375s] Level 5:colcon.colcon_core.verb:set package 'kiosk' build argument 'ament_cmake_args' from command line to 'None'
[0.375s] Level 5:colcon.colcon_core.verb:set package 'kiosk' build argument 'catkin_cmake_args' from command line to 'None'
[0.375s] Level 5:colcon.colcon_core.verb:set package 'kiosk' build argument 'catkin_skip_building_tests' from command line to 'False'
[0.375s] DEBUG:colcon.colcon_core.verb:Building package 'kiosk' with the following arguments: {'ament_cmake_args': None, 'build_base': '/home/harry/aaa/build/kiosk', 'catkin_cmake_args': None, 'catkin_skip_building_tests': False, 'cmake_args': None, 'cmake_clean_cache': False, 'cmake_clean_first': False, 'cmake_force_configure': False, 'cmake_target': None, 'cmake_target_skip_unavailable': False, 'install_base': '/home/harry/aaa/install/kiosk', 'merge_install': False, 'path': '/home/harry/aaa/src/kiosk', 'symlink_install': False, 'test_result_base': None}
[0.375s] Level 5:colcon.colcon_core.verb:set package 'my_custom_interface' build argument 'cmake_args' from command line to 'None'
[0.375s] Level 5:colcon.colcon_core.verb:set package 'my_custom_interface' build argument 'cmake_target' from command line to 'None'
[0.375s] Level 5:colcon.colcon_core.verb:set package 'my_custom_interface' build argument 'cmake_target_skip_unavailable' from command line to 'False'
[0.375s] Level 5:colcon.colcon_core.verb:set package 'my_custom_interface' build argument 'cmake_clean_cache' from command line to 'False'
[0.375s] Level 5:colcon.colcon_core.verb:set package 'my_custom_interface' build argument 'cmake_clean_first' from command line to 'False'
[0.375s] Level 5:colcon.colcon_core.verb:set package 'my_custom_interface' build argument 'cmake_force_configure' from command line to 'False'
[0.375s] Level 5:colcon.colcon_core.verb:set package 'my_custom_interface' build argument 'ament_cmake_args' from command line to 'None'
[0.375s] Level 5:colcon.colcon_core.verb:set package 'my_custom_interface' build argument 'catkin_cmake_args' from command line to 'None'
[0.375s] Level 5:colcon.colcon_core.verb:set package 'my_custom_interface' build argument 'catkin_skip_building_tests' from command line to 'False'
[0.375s] DEBUG:colcon.colcon_core.verb:Building package 'my_custom_interface' with the following arguments: {'ament_cmake_args': None, 'build_base': '/home/harry/aaa/build/my_custom_interface', 'catkin_cmake_args': None, 'catkin_skip_building_tests': False, 'cmake_args': None, 'cmake_clean_cache': False, 'cmake_clean_first': False, 'cmake_force_configure': False, 'cmake_target': None, 'cmake_target_skip_unavailable': False, 'install_base': '/home/harry/aaa/install/my_custom_interface', 'merge_install': False, 'path': '/home/harry/aaa/src/my_custom_interface', 'symlink_install': False, 'test_result_base': None}
[0.376s] Level 5:colcon.colcon_core.verb:set package 'term_project' build argument 'cmake_args' from command line to 'None'
[0.376s] Level 5:colcon.colcon_core.verb:set package 'term_project' build argument 'cmake_target' from command line to 'None'
[0.376s] Level 5:colcon.colcon_core.verb:set package 'term_project' build argument 'cmake_target_skip_unavailable' from command line to 'False'
[0.376s] Level 5:colcon.colcon_core.verb:set package 'term_project' build argument 'cmake_clean_cache' from command line to 'False'
[0.376s] Level 5:colcon.colcon_core.verb:set package 'term_project' build argument 'cmake_clean_first' from command line to 'False'
[0.376s] Level 5:colcon.colcon_core.verb:set package 'term_project' build argument 'cmake_force_configure' from command line to 'False'
[0.376s] Level 5:colcon.colcon_core.verb:set package 'term_project' build argument 'ament_cmake_args' from command line to 'None'
[0.376s] Level 5:colcon.colcon_core.verb:set package 'term_project' build argument 'catkin_cmake_args' from command line to 'None'
[0.376s] Level 5:colcon.colcon_core.verb:set package 'term_project' build argument 'catkin_skip_building_tests' from command line to 'False'
[0.376s] DEBUG:colcon.colcon_core.verb:Building package 'term_project' with the following arguments: {'ament_cmake_args': None, 'build_base': '/home/harry/aaa/build/term_project', 'catkin_cmake_args': None, 'catkin_skip_building_tests': False, 'cmake_args': None, 'cmake_clean_cache': False, 'cmake_clean_first': False, 'cmake_force_configure': False, 'cmake_target': None, 'cmake_target_skip_unavailable': False, 'install_base': '/home/harry/aaa/install/term_project', 'merge_install': False, 'path': '/home/harry/aaa/src/term_project', 'symlink_install': False, 'test_result_base': None}
[0.376s] INFO:colcon.colcon_core.executor:Executing jobs using 'parallel' executor
[0.377s] DEBUG:colcon.colcon_parallel_executor.executor.parallel:run_until_complete
[0.377s] INFO:colcon.colcon_ros.task.ament_cmake.build:Building ROS package in '/home/harry/aaa/src/my_custom_interface' with build type 'ament_cmake'
[0.377s] INFO:colcon.colcon_cmake.task.cmake.build:Building CMake package in '/home/harry/aaa/src/my_custom_interface'
[0.379s] INFO:colcon.colcon_core.plugin_system:Skipping extension 'colcon_core.shell.bat': Not used on non-Windows systems
[0.379s] INFO:colcon.colcon_core.shell:Skip shell extension 'powershell' for command environment: Not usable outside of PowerShell
[0.379s] DEBUG:colcon.colcon_core.shell:Skip shell extension 'dsv' for command environment
[0.382s] INFO:colcon.colcon_ros.task.ament_python.build:Building ROS package in '/home/harry/aaa/src/kiosk' with build type 'ament_python'
[0.382s] Level 1:colcon.colcon_core.shell:create_environment_hook('kiosk', 'ament_prefix_path')
[0.383s] INFO:colcon.colcon_core.shell:Creating environment hook '/home/harry/aaa/install/kiosk/share/kiosk/hook/ament_prefix_path.ps1'
[0.383s] INFO:colcon.colcon_core.shell:Creating environment descriptor '/home/harry/aaa/install/kiosk/share/kiosk/hook/ament_prefix_path.dsv'
[0.383s] INFO:colcon.colcon_core.shell:Creating environment hook '/home/harry/aaa/install/kiosk/share/kiosk/hook/ament_prefix_path.sh'
[0.384s] INFO:colcon.colcon_core.shell:Skip shell extension 'powershell' for command environment: Not usable outside of PowerShell
[0.384s] DEBUG:colcon.colcon_core.shell:Skip shell extension 'dsv' for command environment
[0.392s] DEBUG:colcon.colcon_core.event_handler.log_command:Invoking command in '/home/harry/aaa/build/my_custom_interface': CMAKE_PREFIX_PATH=${CMAKE_PREFIX_PATH}:/home/harry/aaa/install/term_project:/home/harry/aaa/install/kiosk:/opt/ros/humble /home/harry/.local/bin/cmake --build /home/harry/aaa/build/my_custom_interface -- -j12 -l12
[0.672s] INFO:colcon.colcon_core.task.python.build:Building Python package in '/home/harry/aaa/src/kiosk'
[0.672s] INFO:colcon.colcon_core.shell:Skip shell extension 'powershell' for command environment: Not usable outside of PowerShell
[0.672s] DEBUG:colcon.colcon_core.shell:Skip shell extension 'dsv' for command environment
[0.782s] DEBUG:colcon.colcon_core.event_handler.log_command:Invoked command in '/home/harry/aaa/build/my_custom_interface' returned '0': CMAKE_PREFIX_PATH=${CMAKE_PREFIX_PATH}:/home/harry/aaa/install/term_project:/home/harry/aaa/install/kiosk:/opt/ros/humble /home/harry/.local/bin/cmake --build /home/harry/aaa/build/my_custom_interface -- -j12 -l12
[0.854s] DEBUG:colcon.colcon_core.event_handler.log_command:Invoking command in '/home/harry/aaa/build/my_custom_interface': CMAKE_PREFIX_PATH=${CMAKE_PREFIX_PATH}:/home/harry/aaa/install/term_project:/home/harry/aaa/install/kiosk:/opt/ros/humble /home/harry/.local/bin/cmake --install /home/harry/aaa/build/my_custom_interface
[0.969s] Level 1:colcon.colcon_core.environment:create_environment_scripts_only(my_custom_interface)
[0.970s] DEBUG:colcon.colcon_core.event_handler.log_command:Invoked command in '/home/harry/aaa/build/my_custom_interface' returned '0': CMAKE_PREFIX_PATH=${CMAKE_PREFIX_PATH}:/home/harry/aaa/install/term_project:/home/harry/aaa/install/kiosk:/opt/ros/humble /home/harry/.local/bin/cmake --install /home/harry/aaa/build/my_custom_interface
[0.973s] Level 1:colcon.colcon_core.environment:checking '/home/harry/aaa/install/my_custom_interface' for CMake module files
[0.974s] Level 1:colcon.colcon_core.environment:checking '/home/harry/aaa/install/my_custom_interface' for CMake config files
[0.974s] Level 1:colcon.colcon_core.shell:create_environment_hook('my_custom_interface', 'cmake_prefix_path')
[0.974s] INFO:colcon.colcon_core.shell:Creating environment hook '/home/harry/aaa/install/my_custom_interface/share/my_custom_interface/hook/cmake_prefix_path.ps1'
[0.975s] INFO:colcon.colcon_core.shell:Creating environment descriptor '/home/harry/aaa/install/my_custom_interface/share/my_custom_interface/hook/cmake_prefix_path.dsv'
[0.975s] INFO:colcon.colcon_core.shell:Creating environment hook '/home/harry/aaa/install/my_custom_interface/share/my_custom_interface/hook/cmake_prefix_path.sh'
[0.976s] Level 1:colcon.colcon_core.environment:checking '/home/harry/aaa/install/my_custom_interface/lib'
[0.976s] Level 1:colcon.colcon_core.shell:create_environment_hook('my_custom_interface', 'ld_library_path_lib')
[0.976s] INFO:colcon.colcon_core.shell:Creating environment hook '/home/harry/aaa/install/my_custom_interface/share/my_custom_interface/hook/ld_library_path_lib.ps1'
[0.977s] INFO:colcon.colcon_core.shell:Creating environment descriptor '/home/harry/aaa/install/my_custom_interface/share/my_custom_interface/hook/ld_library_path_lib.dsv'
[0.977s] INFO:colcon.colcon_core.shell:Creating environment hook '/home/harry/aaa/install/my_custom_interface/share/my_custom_interface/hook/ld_library_path_lib.sh'
[0.978s] Level 1:colcon.colcon_core.environment:checking '/home/harry/aaa/install/my_custom_interface/bin'
[0.978s] Level 1:colcon.colcon_core.environment:checking '/home/harry/aaa/install/my_custom_interface/lib/pkgconfig/my_custom_interface.pc'
[0.978s] Level 1:colcon.colcon_core.environment:checking '/home/harry/aaa/install/my_custom_interface/lib/python3.10/site-packages'
[0.978s] Level 1:colcon.colcon_core.environment:checking '/home/harry/aaa/install/my_custom_interface/bin'
[0.979s] INFO:colcon.colcon_core.shell:Creating package script '/home/harry/aaa/install/my_custom_interface/share/my_custom_interface/package.ps1'
[0.980s] INFO:colcon.colcon_core.shell:Creating package descriptor '/home/harry/aaa/install/my_custom_interface/share/my_custom_interface/package.dsv'
[0.981s] INFO:colcon.colcon_core.shell:Creating package script '/home/harry/aaa/install/my_custom_interface/share/my_custom_interface/package.sh'
[0.982s] INFO:colcon.colcon_core.shell:Creating package script '/home/harry/aaa/install/my_custom_interface/share/my_custom_interface/package.bash'
[0.983s] INFO:colcon.colcon_core.shell:Creating package script '/home/harry/aaa/install/my_custom_interface/share/my_custom_interface/package.zsh'
[0.984s] Level 1:colcon.colcon_core.environment:create_file_with_runtime_dependencies(/home/harry/aaa/install/my_custom_interface/share/colcon-core/packages/my_custom_interface)
[0.985s] Level 1:colcon.colcon_core.environment:create_environment_scripts_only(my_custom_interface)
[0.985s] Level 1:colcon.colcon_core.environment:checking '/home/harry/aaa/install/my_custom_interface' for CMake module files
[0.986s] Level 1:colcon.colcon_core.environment:checking '/home/harry/aaa/install/my_custom_interface' for CMake config files
[0.986s] Level 1:colcon.colcon_core.shell:create_environment_hook('my_custom_interface', 'cmake_prefix_path')
[0.986s] INFO:colcon.colcon_core.shell:Creating environment hook '/home/harry/aaa/install/my_custom_interface/share/my_custom_interface/hook/cmake_prefix_path.ps1'
[0.987s] INFO:colcon.colcon_core.shell:Creating environment descriptor '/home/harry/aaa/install/my_custom_interface/share/my_custom_interface/hook/cmake_prefix_path.dsv'
[0.987s] INFO:colcon.colcon_core.shell:Creating environment hook '/home/harry/aaa/install/my_custom_interface/share/my_custom_interface/hook/cmake_prefix_path.sh'
[0.988s] Level 1:colcon.colcon_core.environment:checking '/home/harry/aaa/install/my_custom_interface/lib'
[0.988s] Level 1:colcon.colcon_core.shell:create_environment_hook('my_custom_interface', 'ld_library_path_lib')
[0.988s] INFO:colcon.colcon_core.shell:Creating environment hook '/home/harry/aaa/install/my_custom_interface/share/my_custom_interface/hook/ld_library_path_lib.ps1'
[0.989s] INFO:colcon.colcon_core.shell:Creating environment descriptor '/home/harry/aaa/install/my_custom_interface/share/my_custom_interface/hook/ld_library_path_lib.dsv'
[0.989s] INFO:colcon.colcon_core.shell:Creating environment hook '/home/harry/aaa/install/my_custom_interface/share/my_custom_interface/hook/ld_library_path_lib.sh'
[0.990s] Level 1:colcon.colcon_core.environment:checking '/home/harry/aaa/install/my_custom_interface/bin'
[0.990s] Level 1:colcon.colcon_core.environment:checking '/home/harry/aaa/install/my_custom_interface/lib/pkgconfig/my_custom_interface.pc'
[0.990s] Level 1:colcon.colcon_core.environment:checking '/home/harry/aaa/install/my_custom_interface/lib/python3.10/site-packages'
[0.990s] Level 1:colcon.colcon_core.environment:checking '/home/harry/aaa/install/my_custom_interface/bin'
[0.991s] INFO:colcon.colcon_core.shell:Creating package script '/home/harry/aaa/install/my_custom_interface/share/my_custom_interface/package.ps1'
[0.991s] INFO:colcon.colcon_core.shell:Creating package descriptor '/home/harry/aaa/install/my_custom_interface/share/my_custom_interface/package.dsv'
[0.992s] INFO:colcon.colcon_core.shell:Creating package script '/home/harry/aaa/install/my_custom_interface/share/my_custom_interface/package.sh'
[0.993s] INFO:colcon.colcon_core.shell:Creating package script '/home/harry/aaa/install/my_custom_interface/share/my_custom_interface/package.bash'
[0.993s] INFO:colcon.colcon_core.shell:Creating package script '/home/harry/aaa/install/my_custom_interface/share/my_custom_interface/package.zsh'
[0.994s] Level 1:colcon.colcon_core.environment:create_file_with_runtime_dependencies(/home/harry/aaa/install/my_custom_interface/share/colcon-core/packages/my_custom_interface)
[0.994s] INFO:colcon.colcon_ros.task.ament_python.build:Building ROS package in '/home/harry/aaa/src/term_project' with build type 'ament_python'
[0.994s] Level 1:colcon.colcon_core.shell:create_environment_hook('term_project', 'ament_prefix_path')
[0.994s] INFO:colcon.colcon_core.shell:Creating environment hook '/home/harry/aaa/install/term_project/share/term_project/hook/ament_prefix_path.ps1'
[0.995s] INFO:colcon.colcon_core.shell:Creating environment descriptor '/home/harry/aaa/install/term_project/share/term_project/hook/ament_prefix_path.dsv'
[0.995s] INFO:colcon.colcon_core.shell:Creating environment hook '/home/harry/aaa/install/term_project/share/term_project/hook/ament_prefix_path.sh'
[0.996s] INFO:colcon.colcon_core.shell:Skip shell extension 'powershell' for command environment: Not usable outside of PowerShell
[0.996s] DEBUG:colcon.colcon_core.shell:Skip shell extension 'dsv' for command environment
[1.273s] INFO:colcon.colcon_core.task.python.build:Building Python package in '/home/harry/aaa/src/term_project'
[1.273s] INFO:colcon.colcon_core.shell:Skip shell extension 'powershell' for command environment: Not usable outside of PowerShell
[1.273s] DEBUG:colcon.colcon_core.shell:Skip shell extension 'dsv' for command environment
[1.278s] DEBUG:colcon.colcon_core.event_handler.log_command:Invoking command in '/home/harry/aaa/src/kiosk': PYTHONPATH=/home/harry/aaa/build/kiosk/prefix_override:/usr/lib/python3/dist-packages/colcon_core/task/python/colcon_distutils_commands:/home/harry/aaa/install/kiosk/lib/python3.10/site-packages:${PYTHONPATH} /usr/bin/python3 -W ignore:setup.py install is deprecated -W ignore:easy_install command is deprecated setup.py egg_info --egg-base ../../build/kiosk build --build-base /home/harry/aaa/build/kiosk/build install --record /home/harry/aaa/build/kiosk/install.log --single-version-externally-managed install_data
[1.582s] Level 1:colcon.colcon_core.environment:checking '/home/harry/aaa/install/kiosk' for CMake module files
[1.582s] DEBUG:colcon.colcon_core.event_handler.log_command:Invoked command in '/home/harry/aaa/src/kiosk' returned '0': PYTHONPATH=/home/harry/aaa/build/kiosk/prefix_override:/usr/lib/python3/dist-packages/colcon_core/task/python/colcon_distutils_commands:/home/harry/aaa/install/kiosk/lib/python3.10/site-packages:${PYTHONPATH} /usr/bin/python3 -W ignore:setup.py install is deprecated -W ignore:easy_install command is deprecated setup.py egg_info --egg-base ../../build/kiosk build --build-base /home/harry/aaa/build/kiosk/build install --record /home/harry/aaa/build/kiosk/install.log --single-version-externally-managed install_data
[1.583s] Level 1:colcon.colcon_core.environment:checking '/home/harry/aaa/install/kiosk' for CMake config files
[1.584s] Level 1:colcon.colcon_core.environment:checking '/home/harry/aaa/install/kiosk/lib'
[1.584s] Level 1:colcon.colcon_core.environment:checking '/home/harry/aaa/install/kiosk/bin'
[1.584s] Level 1:colcon.colcon_core.environment:checking '/home/harry/aaa/install/kiosk/lib/pkgconfig/kiosk.pc'
[1.584s] Level 1:colcon.colcon_core.environment:checking '/home/harry/aaa/install/kiosk/lib/python3.10/site-packages'
[1.584s] Level 1:colcon.colcon_core.shell:create_environment_hook('kiosk', 'pythonpath')
[1.585s] INFO:colcon.colcon_core.shell:Creating environment hook '/home/harry/aaa/install/kiosk/share/kiosk/hook/pythonpath.ps1'
[1.585s] INFO:colcon.colcon_core.shell:Creating environment descriptor '/home/harry/aaa/install/kiosk/share/kiosk/hook/pythonpath.dsv'
[1.586s] INFO:colcon.colcon_core.shell:Creating environment hook '/home/harry/aaa/install/kiosk/share/kiosk/hook/pythonpath.sh'
[1.587s] Level 1:colcon.colcon_core.environment:checking '/home/harry/aaa/install/kiosk/bin'
[1.587s] Level 1:colcon.colcon_core.environment:create_environment_scripts_only(kiosk)
[1.588s] INFO:colcon.colcon_core.shell:Creating package script '/home/harry/aaa/install/kiosk/share/kiosk/package.ps1'
[1.588s] INFO:colcon.colcon_core.shell:Creating package descriptor '/home/harry/aaa/install/kiosk/share/kiosk/package.dsv'
[1.589s] INFO:colcon.colcon_core.shell:Creating package script '/home/harry/aaa/install/kiosk/share/kiosk/package.sh'
[1.589s] INFO:colcon.colcon_core.shell:Creating package script '/home/harry/aaa/install/kiosk/share/kiosk/package.bash'
[1.590s] INFO:colcon.colcon_core.shell:Creating package script '/home/harry/aaa/install/kiosk/share/kiosk/package.zsh'
[1.590s] Level 1:colcon.colcon_core.environment:create_file_with_runtime_dependencies(/home/harry/aaa/install/kiosk/share/colcon-core/packages/kiosk)
[1.638s] DEBUG:colcon.colcon_core.event_handler.log_command:Invoking command in '/home/harry/aaa/src/term_project': PYTHONPATH=/home/harry/aaa/build/term_project/prefix_override:/usr/lib/python3/dist-packages/colcon_core/task/python/colcon_distutils_commands:/home/harry/aaa/install/term_project/lib/python3.10/site-packages:${PYTHONPATH} /usr/bin/python3 -W ignore:setup.py install is deprecated -W ignore:easy_install command is deprecated setup.py egg_info --egg-base ../../build/term_project build --build-base /home/harry/aaa/build/term_project/build install --record /home/harry/aaa/build/term_project/install.log --single-version-externally-managed install_data
[1.931s] Level 1:colcon.colcon_core.environment:checking '/home/harry/aaa/install/term_project' for CMake module files
[1.931s] DEBUG:colcon.colcon_core.event_handler.log_command:Invoked command in '/home/harry/aaa/src/term_project' returned '0': PYTHONPATH=/home/harry/aaa/build/term_project/prefix_override:/usr/lib/python3/dist-packages/colcon_core/task/python/colcon_distutils_commands:/home/harry/aaa/install/term_project/lib/python3.10/site-packages:${PYTHONPATH} /usr/bin/python3 -W ignore:setup.py install is deprecated -W ignore:easy_install command is deprecated setup.py egg_info --egg-base ../../build/term_project build --build-base /home/harry/aaa/build/term_project/build install --record /home/harry/aaa/build/term_project/install.log --single-version-externally-managed install_data
[1.932s] Level 1:colcon.colcon_core.environment:checking '/home/harry/aaa/install/term_project' for CMake config files
[1.932s] Level 1:colcon.colcon_core.environment:checking '/home/harry/aaa/install/term_project/lib'
[1.932s] Level 1:colcon.colcon_core.environment:checking '/home/harry/aaa/install/term_project/bin'
[1.932s] Level 1:colcon.colcon_core.environment:checking '/home/harry/aaa/install/term_project/lib/pkgconfig/term_project.pc'
[1.933s] Level 1:colcon.colcon_core.environment:checking '/home/harry/aaa/install/term_project/lib/python3.10/site-packages'
[1.933s] Level 1:colcon.colcon_core.shell:create_environment_hook('term_project', 'pythonpath')
[1.933s] INFO:colcon.colcon_core.shell:Creating environment hook '/home/harry/aaa/install/term_project/share/term_project/hook/pythonpath.ps1'
[1.933s] INFO:colcon.colcon_core.shell:Creating environment descriptor '/home/harry/aaa/install/term_project/share/term_project/hook/pythonpath.dsv'
[1.933s] INFO:colcon.colcon_core.shell:Creating environment hook '/home/harry/aaa/install/term_project/share/term_project/hook/pythonpath.sh'
[1.934s] Level 1:colcon.colcon_core.environment:checking '/home/harry/aaa/install/term_project/bin'
[1.934s] Level 1:colcon.colcon_core.environment:create_environment_scripts_only(term_project)
[1.934s] INFO:colcon.colcon_core.shell:Creating package script '/home/harry/aaa/install/term_project/share/term_project/package.ps1'
[1.935s] INFO:colcon.colcon_core.shell:Creating package descriptor '/home/harry/aaa/install/term_project/share/term_project/package.dsv'
[1.935s] INFO:colcon.colcon_core.shell:Creating package script '/home/harry/aaa/install/term_project/share/term_project/package.sh'
[1.935s] INFO:colcon.colcon_core.shell:Creating package script '/home/harry/aaa/install/term_project/share/term_project/package.bash'
[1.936s] INFO:colcon.colcon_core.shell:Creating package script '/home/harry/aaa/install/term_project/share/term_project/package.zsh'
[1.936s] Level 1:colcon.colcon_core.environment:create_file_with_runtime_dependencies(/home/harry/aaa/install/term_project/share/colcon-core/packages/term_project)
[1.936s] DEBUG:colcon.colcon_parallel_executor.executor.parallel:closing loop
[1.936s] DEBUG:colcon.colcon_parallel_executor.executor.parallel:loop closed
[1.936s] DEBUG:colcon.colcon_parallel_executor.executor.parallel:run_until_complete finished with '0'
[1.937s] DEBUG:colcon.colcon_core.event_reactor:joining thread
[1.941s] INFO:colcon.colcon_core.plugin_system:Skipping extension 'colcon_notification.desktop_notification.terminal_notifier': Not used on non-Darwin systems
[1.941s] INFO:colcon.colcon_core.plugin_system:Skipping extension 'colcon_notification.desktop_notification.win32': Not used on non-Windows systems
[1.941s] INFO:colcon.colcon_notification.desktop_notification:Sending desktop notification using 'notify2'
[1.950s] DEBUG:colcon.colcon_core.event_reactor:joined thread
[1.950s] INFO:colcon.colcon_core.shell:Creating prefix script '/home/harry/aaa/install/local_setup.ps1'
[1.951s] INFO:colcon.colcon_core.shell:Creating prefix util module '/home/harry/aaa/install/_local_setup_util_ps1.py'
[1.952s] INFO:colcon.colcon_core.shell:Creating prefix chain script '/home/harry/aaa/install/setup.ps1'
[1.953s] INFO:colcon.colcon_core.shell:Creating prefix script '/home/harry/aaa/install/local_setup.sh'
[1.954s] INFO:colcon.colcon_core.shell:Creating prefix util module '/home/harry/aaa/install/_local_setup_util_sh.py'
[1.954s] INFO:colcon.colcon_core.shell:Creating prefix chain script '/home/harry/aaa/install/setup.sh'
[1.955s] INFO:colcon.colcon_core.shell:Creating prefix script '/home/harry/aaa/install/local_setup.bash'
[1.955s] INFO:colcon.colcon_core.shell:Creating prefix chain script '/home/harry/aaa/install/setup.bash'
[1.956s] INFO:colcon.colcon_core.shell:Creating prefix script '/home/harry/aaa/install/local_setup.zsh'
[1.957s] INFO:colcon.colcon_core.shell:Creating prefix chain script '/home/harry/aaa/install/setup.zsh'
