[0.164s] DEBUG:colcon:Command line arguments: ['/usr/bin/colcon', 'build']
[0.164s] DEBUG:colcon:Parsed command line arguments: Namespace(log_base=None, log_level=None, verb_name='build', build_base='build', install_base='install', merge_install=False, symlink_install=False, test_result_base=None, continue_on_error=False, executor='parallel', parallel_workers=12, event_handlers=None, ignore_user_meta=False, metas=['./colcon.meta'], base_paths=['.'], packages_ignore=None, packages_ignore_regex=None, paths=None, packages_up_to=None, packages_up_to_regex=None, packages_above=None, packages_above_and_dependencies=None, packages_above_depth=None, packages_select_by_dep=None, packages_skip_by_dep=None, packages_skip_up_to=None, packages_select_build_failed=False, packages_skip_build_finished=False, packages_select_test_failures=False, packages_skip_test_passed=False, packages_select=None, packages_skip=None, packages_select_regex=None, packages_skip_regex=None, packages_start=None, packages_end=None, allow_overriding=[], cmake_args=None, cmake_target=None, cmake_target_skip_unavailable=False, cmake_clean_cache=False, cmake_clean_first=False, cmake_force_configure=False, ament_cmake_args=None, catkin_cmake_args=None, catkin_skip_building_tests=False, verb_parser=<colcon_defaults.argument_parser.defaults.DefaultArgumentsDecorator object at 0x73aaf43ba170>, verb_extension=<colcon_core.verb.build.BuildVerb object at 0x73aaf43b9c00>, main=<bound method BuildVerb.main of <colcon_core.verb.build.BuildVerb object at 0x73aaf43b9c00>>)
[0.445s] Level 1:colcon.colcon_core.package_discovery:discover_packages(colcon_meta) check parameters
[0.445s] Level 1:colcon.colcon_core.package_discovery:discover_packages(recursive) check parameters
[0.446s] Level 1:colcon.colcon_core.package_discovery:discover_packages(ignore) check parameters
[0.446s] Level 1:colcon.colcon_core.package_discovery:discover_packages(path) check parameters
[0.446s] Level 1:colcon.colcon_core.package_discovery:discover_packages(colcon_meta) discover
[0.446s] Level 1:colcon.colcon_core.package_discovery:discover_packages(recursive) discover
[0.446s] INFO:colcon.colcon_core.package_discovery:Crawling recursively for packages in '/home/harry/aaa'
[0.446s] Level 1:colcon.colcon_core.package_identification:_identify(.) by extensions ['ignore', 'ignore_ament_install']
[0.446s] Level 1:colcon.colcon_core.package_identification:_identify(.) by extension 'ignore'
[0.446s] Level 1:colcon.colcon_core.package_identification:_identify(.) by extension 'ignore_ament_install'
[0.446s] Level 1:colcon.colcon_core.package_identification:_identify(.) by extensions ['colcon_pkg']
[0.446s] Level 1:colcon.colcon_core.package_identification:_identify(.) by extension 'colcon_pkg'
[0.446s] Level 1:colcon.colcon_core.package_identification:_identify(.) by extensions ['colcon_meta']
[0.446s] Level 1:colcon.colcon_core.package_identification:_identify(.) by extension 'colcon_meta'
[0.446s] Level 1:colcon.colcon_core.package_identification:_identify(.) by extensions ['ros']
[0.446s] Level 1:colcon.colcon_core.package_identification:_identify(.) by extension 'ros'
[0.457s] Level 1:colcon.colcon_core.package_identification:_identify(.) by extensions ['cmake', 'python']
[0.457s] Level 1:colcon.colcon_core.package_identification:_identify(.) by extension 'cmake'
[0.457s] Level 1:colcon.colcon_core.package_identification:_identify(.) by extension 'python'
[0.457s] Level 1:colcon.colcon_core.package_identification:_identify(.) by extensions ['python_setup_py']
[0.457s] Level 1:colcon.colcon_core.package_identification:_identify(.) by extension 'python_setup_py'
[0.457s] Level 1:colcon.colcon_core.package_identification:_identify(build) by extensions ['ignore', 'ignore_ament_install']
[0.458s] Level 1:colcon.colcon_core.package_identification:_identify(build) by extension 'ignore'
[0.458s] Level 1:colcon.colcon_core.package_identification:_identify(build) ignored
[0.458s] Level 1:colcon.colcon_core.package_identification:_identify(install) by extensions ['ignore', 'ignore_ament_install']
[0.458s] Level 1:colcon.colcon_core.package_identification:_identify(install) by extension 'ignore'
[0.458s] Level 1:colcon.colcon_core.package_identification:_identify(install) ignored
[0.458s] Level 1:colcon.colcon_core.package_identification:_identify(log) by extensions ['ignore', 'ignore_ament_install']
[0.458s] Level 1:colcon.colcon_core.package_identification:_identify(log) by extension 'ignore'
[0.458s] Level 1:colcon.colcon_core.package_identification:_identify(log) ignored
[0.458s] Level 1:colcon.colcon_core.package_identification:_identify(src) by extensions ['ignore', 'ignore_ament_install']
[0.458s] Level 1:colcon.colcon_core.package_identification:_identify(src) by extension 'ignore'
[0.458s] Level 1:colcon.colcon_core.package_identification:_identify(src) by extension 'ignore_ament_install'
[0.458s] Level 1:colcon.colcon_core.package_identification:_identify(src) by extensions ['colcon_pkg']
[0.458s] Level 1:colcon.colcon_core.package_identification:_identify(src) by extension 'colcon_pkg'
[0.458s] Level 1:colcon.colcon_core.package_identification:_identify(src) by extensions ['colcon_meta']
[0.458s] Level 1:colcon.colcon_core.package_identification:_identify(src) by extension 'colcon_meta'
[0.459s] Level 1:colcon.colcon_core.package_identification:_identify(src) by extensions ['ros']
[0.459s] Level 1:colcon.colcon_core.package_identification:_identify(src) by extension 'ros'
[0.459s] Level 1:colcon.colcon_core.package_identification:_identify(src) by extensions ['cmake', 'python']
[0.459s] Level 1:colcon.colcon_core.package_identification:_identify(src) by extension 'cmake'
[0.459s] Level 1:colcon.colcon_core.package_identification:_identify(src) by extension 'python'
[0.459s] Level 1:colcon.colcon_core.package_identification:_identify(src) by extensions ['python_setup_py']
[0.459s] Level 1:colcon.colcon_core.package_identification:_identify(src) by extension 'python_setup_py'
[0.459s] Level 1:colcon.colcon_core.package_identification:_identify(src/kiosk) by extensions ['ignore', 'ignore_ament_install']
[0.459s] Level 1:colcon.colcon_core.package_identification:_identify(src/kiosk) by extension 'ignore'
[0.459s] Level 1:colcon.colcon_core.package_identification:_identify(src/kiosk) by extension 'ignore_ament_install'
[0.459s] Level 1:colcon.colcon_core.package_identification:_identify(src/kiosk) by extensions ['colcon_pkg']
[0.459s] Level 1:colcon.colcon_core.package_identification:_identify(src/kiosk) by extension 'colcon_pkg'
[0.459s] Level 1:colcon.colcon_core.package_identification:_identify(src/kiosk) by extensions ['colcon_meta']
[0.459s] Level 1:colcon.colcon_core.package_identification:_identify(src/kiosk) by extension 'colcon_meta'
[0.459s] Level 1:colcon.colcon_core.package_identification:_identify(src/kiosk) by extensions ['ros']
[0.459s] Level 1:colcon.colcon_core.package_identification:_identify(src/kiosk) by extension 'ros'
[0.462s] DEBUG:colcon.colcon_core.package_identification:Package 'src/kiosk' with type 'ros.ament_python' and name 'kiosk'
[0.463s] Level 1:colcon.colcon_core.package_identification:_identify(src/kioskttt) by extensions ['ignore', 'ignore_ament_install']
[0.463s] Level 1:colcon.colcon_core.package_identification:_identify(src/kioskttt) by extension 'ignore'
[0.463s] Level 1:colcon.colcon_core.package_identification:_identify(src/kioskttt) by extension 'ignore_ament_install'
[0.463s] Level 1:colcon.colcon_core.package_identification:_identify(src/kioskttt) by extensions ['colcon_pkg']
[0.463s] Level 1:colcon.colcon_core.package_identification:_identify(src/kioskttt) by extension 'colcon_pkg'
[0.463s] Level 1:colcon.colcon_core.package_identification:_identify(src/kioskttt) by extensions ['colcon_meta']
[0.463s] Level 1:colcon.colcon_core.package_identification:_identify(src/kioskttt) by extension 'colcon_meta'
[0.463s] Level 1:colcon.colcon_core.package_identification:_identify(src/kioskttt) by extensions ['ros']
[0.463s] Level 1:colcon.colcon_core.package_identification:_identify(src/kioskttt) by extension 'ros'
[0.463s] Level 1:colcon.colcon_core.package_identification:_identify(src/kioskttt) by extensions ['cmake', 'python']
[0.463s] Level 1:colcon.colcon_core.package_identification:_identify(src/kioskttt) by extension 'cmake'
[0.463s] Level 1:colcon.colcon_core.package_identification:_identify(src/kioskttt) by extension 'python'
[0.463s] Level 1:colcon.colcon_core.package_identification:_identify(src/kioskttt) by extensions ['python_setup_py']
[0.463s] Level 1:colcon.colcon_core.package_identification:_identify(src/kioskttt) by extension 'python_setup_py'
[0.463s] Level 1:colcon.colcon_core.package_identification:_identify(src/kioskttt/build) by extensions ['ignore', 'ignore_ament_install']
[0.463s] Level 1:colcon.colcon_core.package_identification:_identify(src/kioskttt/build) by extension 'ignore'
[0.463s] Level 1:colcon.colcon_core.package_identification:_identify(src/kioskttt/build) ignored
[0.464s] Level 1:colcon.colcon_core.package_identification:_identify(src/kioskttt/install) by extensions ['ignore', 'ignore_ament_install']
[0.464s] Level 1:colcon.colcon_core.package_identification:_identify(src/kioskttt/install) by extension 'ignore'
[0.464s] Level 1:colcon.colcon_core.package_identification:_identify(src/kioskttt/install) ignored
[0.464s] Level 1:colcon.colcon_core.package_identification:_identify(src/kioskttt/log) by extensions ['ignore', 'ignore_ament_install']
[0.464s] Level 1:colcon.colcon_core.package_identification:_identify(src/kioskttt/log) by extension 'ignore'
[0.464s] Level 1:colcon.colcon_core.package_identification:_identify(src/kioskttt/log) ignored
[0.464s] Level 1:colcon.colcon_core.package_identification:_identify(src/kioskttt/src) by extensions ['ignore', 'ignore_ament_install']
[0.464s] Level 1:colcon.colcon_core.package_identification:_identify(src/kioskttt/src) by extension 'ignore'
[0.464s] Level 1:colcon.colcon_core.package_identification:_identify(src/kioskttt/src) by extension 'ignore_ament_install'
[0.464s] Level 1:colcon.colcon_core.package_identification:_identify(src/kioskttt/src) by extensions ['colcon_pkg']
[0.464s] Level 1:colcon.colcon_core.package_identification:_identify(src/kioskttt/src) by extension 'colcon_pkg'
[0.464s] Level 1:colcon.colcon_core.package_identification:_identify(src/kioskttt/src) by extensions ['colcon_meta']
[0.464s] Level 1:colcon.colcon_core.package_identification:_identify(src/kioskttt/src) by extension 'colcon_meta'
[0.464s] Level 1:colcon.colcon_core.package_identification:_identify(src/kioskttt/src) by extensions ['ros']
[0.464s] Level 1:colcon.colcon_core.package_identification:_identify(src/kioskttt/src) by extension 'ros'
[0.465s] Level 1:colcon.colcon_core.package_identification:_identify(src/kioskttt/src) by extensions ['cmake', 'python']
[0.465s] Level 1:colcon.colcon_core.package_identification:_identify(src/kioskttt/src) by extension 'cmake'
[0.465s] Level 1:colcon.colcon_core.package_identification:_identify(src/kioskttt/src) by extension 'python'
[0.465s] Level 1:colcon.colcon_core.package_identification:_identify(src/kioskttt/src) by extensions ['python_setup_py']
[0.465s] Level 1:colcon.colcon_core.package_identification:_identify(src/kioskttt/src) by extension 'python_setup_py'
[0.465s] Level 1:colcon.colcon_core.package_identification:_identify(src/kioskttt/src/kiosk) by extensions ['ignore', 'ignore_ament_install']
[0.465s] Level 1:colcon.colcon_core.package_identification:_identify(src/kioskttt/src/kiosk) by extension 'ignore'
[0.465s] Level 1:colcon.colcon_core.package_identification:_identify(src/kioskttt/src/kiosk) by extension 'ignore_ament_install'
[0.465s] Level 1:colcon.colcon_core.package_identification:_identify(src/kioskttt/src/kiosk) by extensions ['colcon_pkg']
[0.465s] Level 1:colcon.colcon_core.package_identification:_identify(src/kioskttt/src/kiosk) by extension 'colcon_pkg'
[0.465s] Level 1:colcon.colcon_core.package_identification:_identify(src/kioskttt/src/kiosk) by extensions ['colcon_meta']
[0.465s] Level 1:colcon.colcon_core.package_identification:_identify(src/kioskttt/src/kiosk) by extension 'colcon_meta'
[0.465s] Level 1:colcon.colcon_core.package_identification:_identify(src/kioskttt/src/kiosk) by extensions ['ros']
[0.465s] Level 1:colcon.colcon_core.package_identification:_identify(src/kioskttt/src/kiosk) by extension 'ros'
[0.465s] Level 1:colcon.colcon_core.package_identification:_identify(src/kioskttt/src/kiosk) by extensions ['cmake', 'python']
[0.465s] Level 1:colcon.colcon_core.package_identification:_identify(src/kioskttt/src/kiosk) by extension 'cmake'
[0.465s] Level 1:colcon.colcon_core.package_identification:_identify(src/kioskttt/src/kiosk) by extension 'python'
[0.465s] Level 1:colcon.colcon_core.package_identification:_identify(src/kioskttt/src/kiosk) by extensions ['python_setup_py']
[0.465s] Level 1:colcon.colcon_core.package_identification:_identify(src/kioskttt/src/kiosk) by extension 'python_setup_py'
[0.466s] Level 1:colcon.colcon_core.package_identification:_identify(src/kioskttt/src/kiosk/data) by extensions ['ignore', 'ignore_ament_install']
[0.466s] Level 1:colcon.colcon_core.package_identification:_identify(src/kioskttt/src/kiosk/data) by extension 'ignore'
[0.466s] Level 1:colcon.colcon_core.package_identification:_identify(src/kioskttt/src/kiosk/data) by extension 'ignore_ament_install'
[0.466s] Level 1:colcon.colcon_core.package_identification:_identify(src/kioskttt/src/kiosk/data) by extensions ['colcon_pkg']
[0.466s] Level 1:colcon.colcon_core.package_identification:_identify(src/kioskttt/src/kiosk/data) by extension 'colcon_pkg'
[0.466s] Level 1:colcon.colcon_core.package_identification:_identify(src/kioskttt/src/kiosk/data) by extensions ['colcon_meta']
[0.466s] Level 1:colcon.colcon_core.package_identification:_identify(src/kioskttt/src/kiosk/data) by extension 'colcon_meta'
[0.466s] Level 1:colcon.colcon_core.package_identification:_identify(src/kioskttt/src/kiosk/data) by extensions ['ros']
[0.466s] Level 1:colcon.colcon_core.package_identification:_identify(src/kioskttt/src/kiosk/data) by extension 'ros'
[0.466s] Level 1:colcon.colcon_core.package_identification:_identify(src/kioskttt/src/kiosk/data) by extensions ['cmake', 'python']
[0.466s] Level 1:colcon.colcon_core.package_identification:_identify(src/kioskttt/src/kiosk/data) by extension 'cmake'
[0.466s] Level 1:colcon.colcon_core.package_identification:_identify(src/kioskttt/src/kiosk/data) by extension 'python'
[0.466s] Level 1:colcon.colcon_core.package_identification:_identify(src/kioskttt/src/kiosk/data) by extensions ['python_setup_py']
[0.466s] Level 1:colcon.colcon_core.package_identification:_identify(src/kioskttt/src/kiosk/data) by extension 'python_setup_py'
[0.466s] Level 1:colcon.colcon_core.package_identification:_identify(src/kioskttt/src/kiosk/data/images) by extensions ['ignore', 'ignore_ament_install']
[0.466s] Level 1:colcon.colcon_core.package_identification:_identify(src/kioskttt/src/kiosk/data/images) by extension 'ignore'
[0.466s] Level 1:colcon.colcon_core.package_identification:_identify(src/kioskttt/src/kiosk/data/images) by extension 'ignore_ament_install'
[0.467s] Level 1:colcon.colcon_core.package_identification:_identify(src/kioskttt/src/kiosk/data/images) by extensions ['colcon_pkg']
[0.467s] Level 1:colcon.colcon_core.package_identification:_identify(src/kioskttt/src/kiosk/data/images) by extension 'colcon_pkg'
[0.467s] Level 1:colcon.colcon_core.package_identification:_identify(src/kioskttt/src/kiosk/data/images) by extensions ['colcon_meta']
[0.467s] Level 1:colcon.colcon_core.package_identification:_identify(src/kioskttt/src/kiosk/data/images) by extension 'colcon_meta'
[0.467s] Level 1:colcon.colcon_core.package_identification:_identify(src/kioskttt/src/kiosk/data/images) by extensions ['ros']
[0.467s] Level 1:colcon.colcon_core.package_identification:_identify(src/kioskttt/src/kiosk/data/images) by extension 'ros'
[0.467s] Level 1:colcon.colcon_core.package_identification:_identify(src/kioskttt/src/kiosk/data/images) by extensions ['cmake', 'python']
[0.467s] Level 1:colcon.colcon_core.package_identification:_identify(src/kioskttt/src/kiosk/data/images) by extension 'cmake'
[0.467s] Level 1:colcon.colcon_core.package_identification:_identify(src/kioskttt/src/kiosk/data/images) by extension 'python'
[0.467s] Level 1:colcon.colcon_core.package_identification:_identify(src/kioskttt/src/kiosk/data/images) by extensions ['python_setup_py']
[0.467s] Level 1:colcon.colcon_core.package_identification:_identify(src/kioskttt/src/kiosk/data/images) by extension 'python_setup_py'
[0.467s] Level 1:colcon.colcon_core.package_identification:_identify(src/kioskttt/src/kiosk/data/ui) by extensions ['ignore', 'ignore_ament_install']
[0.467s] Level 1:colcon.colcon_core.package_identification:_identify(src/kioskttt/src/kiosk/data/ui) by extension 'ignore'
[0.467s] Level 1:colcon.colcon_core.package_identification:_identify(src/kioskttt/src/kiosk/data/ui) by extension 'ignore_ament_install'
[0.467s] Level 1:colcon.colcon_core.package_identification:_identify(src/kioskttt/src/kiosk/data/ui) by extensions ['colcon_pkg']
[0.467s] Level 1:colcon.colcon_core.package_identification:_identify(src/kioskttt/src/kiosk/data/ui) by extension 'colcon_pkg'
[0.467s] Level 1:colcon.colcon_core.package_identification:_identify(src/kioskttt/src/kiosk/data/ui) by extensions ['colcon_meta']
[0.467s] Level 1:colcon.colcon_core.package_identification:_identify(src/kioskttt/src/kiosk/data/ui) by extension 'colcon_meta'
[0.467s] Level 1:colcon.colcon_core.package_identification:_identify(src/kioskttt/src/kiosk/data/ui) by extensions ['ros']
[0.467s] Level 1:colcon.colcon_core.package_identification:_identify(src/kioskttt/src/kiosk/data/ui) by extension 'ros'
[0.467s] Level 1:colcon.colcon_core.package_identification:_identify(src/kioskttt/src/kiosk/data/ui) by extensions ['cmake', 'python']
[0.467s] Level 1:colcon.colcon_core.package_identification:_identify(src/kioskttt/src/kiosk/data/ui) by extension 'cmake'
[0.468s] Level 1:colcon.colcon_core.package_identification:_identify(src/kioskttt/src/kiosk/data/ui) by extension 'python'
[0.468s] Level 1:colcon.colcon_core.package_identification:_identify(src/kioskttt/src/kiosk/data/ui) by extensions ['python_setup_py']
[0.468s] Level 1:colcon.colcon_core.package_identification:_identify(src/kioskttt/src/kiosk/data/ui) by extension 'python_setup_py'
[0.468s] Level 1:colcon.colcon_core.package_identification:_identify(src/kioskttt/src/kiosk/src) by extensions ['ignore', 'ignore_ament_install']
[0.468s] Level 1:colcon.colcon_core.package_identification:_identify(src/kioskttt/src/kiosk/src) by extension 'ignore'
[0.468s] Level 1:colcon.colcon_core.package_identification:_identify(src/kioskttt/src/kiosk/src) by extension 'ignore_ament_install'
[0.468s] Level 1:colcon.colcon_core.package_identification:_identify(src/kioskttt/src/kiosk/src) by extensions ['colcon_pkg']
[0.468s] Level 1:colcon.colcon_core.package_identification:_identify(src/kioskttt/src/kiosk/src) by extension 'colcon_pkg'
[0.468s] Level 1:colcon.colcon_core.package_identification:_identify(src/kioskttt/src/kiosk/src) by extensions ['colcon_meta']
[0.468s] Level 1:colcon.colcon_core.package_identification:_identify(src/kioskttt/src/kiosk/src) by extension 'colcon_meta'
[0.468s] Level 1:colcon.colcon_core.package_identification:_identify(src/kioskttt/src/kiosk/src) by extensions ['ros']
[0.468s] Level 1:colcon.colcon_core.package_identification:_identify(src/kioskttt/src/kiosk/src) by extension 'ros'
[0.468s] Level 1:colcon.colcon_core.package_identification:_identify(src/kioskttt/src/kiosk/src) by extensions ['cmake', 'python']
[0.468s] Level 1:colcon.colcon_core.package_identification:_identify(src/kioskttt/src/kiosk/src) by extension 'cmake'
[0.468s] Level 1:colcon.colcon_core.package_identification:_identify(src/kioskttt/src/kiosk/src) by extension 'python'
[0.468s] Level 1:colcon.colcon_core.package_identification:_identify(src/kioskttt/src/kiosk/src) by extensions ['python_setup_py']
[0.468s] Level 1:colcon.colcon_core.package_identification:_identify(src/kioskttt/src/kiosk/src) by extension 'python_setup_py'
[0.469s] Level 1:colcon.colcon_core.package_identification:_identify(src/kioskttt/src/kiosk/src/__pycache__) by extensions ['ignore', 'ignore_ament_install']
[0.469s] Level 1:colcon.colcon_core.package_identification:_identify(src/kioskttt/src/kiosk/src/__pycache__) by extension 'ignore'
[0.469s] Level 1:colcon.colcon_core.package_identification:_identify(src/kioskttt/src/kiosk/src/__pycache__) by extension 'ignore_ament_install'
[0.469s] Level 1:colcon.colcon_core.package_identification:_identify(src/kioskttt/src/kiosk/src/__pycache__) by extensions ['colcon_pkg']
[0.469s] Level 1:colcon.colcon_core.package_identification:_identify(src/kioskttt/src/kiosk/src/__pycache__) by extension 'colcon_pkg'
[0.469s] Level 1:colcon.colcon_core.package_identification:_identify(src/kioskttt/src/kiosk/src/__pycache__) by extensions ['colcon_meta']
[0.469s] Level 1:colcon.colcon_core.package_identification:_identify(src/kioskttt/src/kiosk/src/__pycache__) by extension 'colcon_meta'
[0.469s] Level 1:colcon.colcon_core.package_identification:_identify(src/kioskttt/src/kiosk/src/__pycache__) by extensions ['ros']
[0.469s] Level 1:colcon.colcon_core.package_identification:_identify(src/kioskttt/src/kiosk/src/__pycache__) by extension 'ros'
[0.469s] Level 1:colcon.colcon_core.package_identification:_identify(src/kioskttt/src/kiosk/src/__pycache__) by extensions ['cmake', 'python']
[0.469s] Level 1:colcon.colcon_core.package_identification:_identify(src/kioskttt/src/kiosk/src/__pycache__) by extension 'cmake'
[0.469s] Level 1:colcon.colcon_core.package_identification:_identify(src/kioskttt/src/kiosk/src/__pycache__) by extension 'python'
[0.469s] Level 1:colcon.colcon_core.package_identification:_identify(src/kioskttt/src/kiosk/src/__pycache__) by extensions ['python_setup_py']
[0.469s] Level 1:colcon.colcon_core.package_identification:_identify(src/kioskttt/src/kiosk/src/__pycache__) by extension 'python_setup_py'
[0.470s] Level 1:colcon.colcon_core.package_identification:_identify(src/my_custom_interface) by extensions ['ignore', 'ignore_ament_install']
[0.470s] Level 1:colcon.colcon_core.package_identification:_identify(src/my_custom_interface) by extension 'ignore'
[0.470s] Level 1:colcon.colcon_core.package_identification:_identify(src/my_custom_interface) by extension 'ignore_ament_install'
[0.470s] Level 1:colcon.colcon_core.package_identification:_identify(src/my_custom_interface) by extensions ['colcon_pkg']
[0.470s] Level 1:colcon.colcon_core.package_identification:_identify(src/my_custom_interface) by extension 'colcon_pkg'
[0.470s] Level 1:colcon.colcon_core.package_identification:_identify(src/my_custom_interface) by extensions ['colcon_meta']
[0.470s] Level 1:colcon.colcon_core.package_identification:_identify(src/my_custom_interface) by extension 'colcon_meta'
[0.470s] Level 1:colcon.colcon_core.package_identification:_identify(src/my_custom_interface) by extensions ['ros']
[0.470s] Level 1:colcon.colcon_core.package_identification:_identify(src/my_custom_interface) by extension 'ros'
[0.471s] DEBUG:colcon.colcon_core.package_identification:Package 'src/my_custom_interface' with type 'ros.ament_cmake' and name 'my_custom_interface'
[0.471s] Level 1:colcon.colcon_core.package_identification:_identify(src/term_project) by extensions ['ignore', 'ignore_ament_install']
[0.471s] Level 1:colcon.colcon_core.package_identification:_identify(src/term_project) by extension 'ignore'
[0.471s] Level 1:colcon.colcon_core.package_identification:_identify(src/term_project) by extension 'ignore_ament_install'
[0.471s] Level 1:colcon.colcon_core.package_identification:_identify(src/term_project) by extensions ['colcon_pkg']
[0.471s] Level 1:colcon.colcon_core.package_identification:_identify(src/term_project) by extension 'colcon_pkg'
[0.471s] Level 1:colcon.colcon_core.package_identification:_identify(src/term_project) by extensions ['colcon_meta']
[0.471s] Level 1:colcon.colcon_core.package_identification:_identify(src/term_project) by extension 'colcon_meta'
[0.472s] Level 1:colcon.colcon_core.package_identification:_identify(src/term_project) by extensions ['ros']
[0.472s] Level 1:colcon.colcon_core.package_identification:_identify(src/term_project) by extension 'ros'
[0.472s] DEBUG:colcon.colcon_core.package_identification:Package 'src/term_project' with type 'ros.ament_python' and name 'term_project'
[0.473s] Level 1:colcon.colcon_core.package_discovery:discover_packages(recursive) using defaults
[0.473s] Level 1:colcon.colcon_core.package_discovery:discover_packages(ignore) discover
[0.473s] Level 1:colcon.colcon_core.package_discovery:discover_packages(ignore) using defaults
[0.473s] Level 1:colcon.colcon_core.package_discovery:discover_packages(path) discover
[0.473s] Level 1:colcon.colcon_core.package_discovery:discover_packages(path) using defaults
[0.499s] Level 1:colcon.colcon_core.package_discovery:discover_packages(prefix_path) check parameters
[0.499s] Level 1:colcon.colcon_core.package_discovery:discover_packages(prefix_path) discover
[0.503s] DEBUG:colcon.colcon_installed_package_information.package_discovery:Found 3 installed packages in /home/harry/aaa/install
[0.505s] DEBUG:colcon.colcon_installed_package_information.package_discovery:Found 354 installed packages in /opt/ros/humble
[0.508s] Level 1:colcon.colcon_core.package_discovery:discover_packages(prefix_path) using defaults
[0.590s] Level 5:colcon.colcon_core.verb:set package 'kiosk' build argument 'cmake_args' from command line to 'None'
[0.590s] Level 5:colcon.colcon_core.verb:set package 'kiosk' build argument 'cmake_target' from command line to 'None'
[0.590s] Level 5:colcon.colcon_core.verb:set package 'kiosk' build argument 'cmake_target_skip_unavailable' from command line to 'False'
[0.590s] Level 5:colcon.colcon_core.verb:set package 'kiosk' build argument 'cmake_clean_cache' from command line to 'False'
[0.590s] Level 5:colcon.colcon_core.verb:set package 'kiosk' build argument 'cmake_clean_first' from command line to 'False'
[0.590s] Level 5:colcon.colcon_core.verb:set package 'kiosk' build argument 'cmake_force_configure' from command line to 'False'
[0.590s] Level 5:colcon.colcon_core.verb:set package 'kiosk' build argument 'ament_cmake_args' from command line to 'None'
[0.590s] Level 5:colcon.colcon_core.verb:set package 'kiosk' build argument 'catkin_cmake_args' from command line to 'None'
[0.590s] Level 5:colcon.colcon_core.verb:set package 'kiosk' build argument 'catkin_skip_building_tests' from command line to 'False'
[0.590s] DEBUG:colcon.colcon_core.verb:Building package 'kiosk' with the following arguments: {'ament_cmake_args': None, 'build_base': '/home/harry/aaa/build/kiosk', 'catkin_cmake_args': None, 'catkin_skip_building_tests': False, 'cmake_args': None, 'cmake_clean_cache': False, 'cmake_clean_first': False, 'cmake_force_configure': False, 'cmake_target': None, 'cmake_target_skip_unavailable': False, 'install_base': '/home/harry/aaa/install/kiosk', 'merge_install': False, 'path': '/home/harry/aaa/src/kiosk', 'symlink_install': False, 'test_result_base': None}
[0.590s] Level 5:colcon.colcon_core.verb:set package 'my_custom_interface' build argument 'cmake_args' from command line to 'None'
[0.591s] Level 5:colcon.colcon_core.verb:set package 'my_custom_interface' build argument 'cmake_target' from command line to 'None'
[0.591s] Level 5:colcon.colcon_core.verb:set package 'my_custom_interface' build argument 'cmake_target_skip_unavailable' from command line to 'False'
[0.591s] Level 5:colcon.colcon_core.verb:set package 'my_custom_interface' build argument 'cmake_clean_cache' from command line to 'False'
[0.591s] Level 5:colcon.colcon_core.verb:set package 'my_custom_interface' build argument 'cmake_clean_first' from command line to 'False'
[0.591s] Level 5:colcon.colcon_core.verb:set package 'my_custom_interface' build argument 'cmake_force_configure' from command line to 'False'
[0.591s] Level 5:colcon.colcon_core.verb:set package 'my_custom_interface' build argument 'ament_cmake_args' from command line to 'None'
[0.591s] Level 5:colcon.colcon_core.verb:set package 'my_custom_interface' build argument 'catkin_cmake_args' from command line to 'None'
[0.591s] Level 5:colcon.colcon_core.verb:set package 'my_custom_interface' build argument 'catkin_skip_building_tests' from command line to 'False'
[0.591s] DEBUG:colcon.colcon_core.verb:Building package 'my_custom_interface' with the following arguments: {'ament_cmake_args': None, 'build_base': '/home/harry/aaa/build/my_custom_interface', 'catkin_cmake_args': None, 'catkin_skip_building_tests': False, 'cmake_args': None, 'cmake_clean_cache': False, 'cmake_clean_first': False, 'cmake_force_configure': False, 'cmake_target': None, 'cmake_target_skip_unavailable': False, 'install_base': '/home/harry/aaa/install/my_custom_interface', 'merge_install': False, 'path': '/home/harry/aaa/src/my_custom_interface', 'symlink_install': False, 'test_result_base': None}
[0.591s] Level 5:colcon.colcon_core.verb:set package 'term_project' build argument 'cmake_args' from command line to 'None'
[0.591s] Level 5:colcon.colcon_core.verb:set package 'term_project' build argument 'cmake_target' from command line to 'None'
[0.591s] Level 5:colcon.colcon_core.verb:set package 'term_project' build argument 'cmake_target_skip_unavailable' from command line to 'False'
[0.591s] Level 5:colcon.colcon_core.verb:set package 'term_project' build argument 'cmake_clean_cache' from command line to 'False'
[0.591s] Level 5:colcon.colcon_core.verb:set package 'term_project' build argument 'cmake_clean_first' from command line to 'False'
[0.591s] Level 5:colcon.colcon_core.verb:set package 'term_project' build argument 'cmake_force_configure' from command line to 'False'
[0.591s] Level 5:colcon.colcon_core.verb:set package 'term_project' build argument 'ament_cmake_args' from command line to 'None'
[0.591s] Level 5:colcon.colcon_core.verb:set package 'term_project' build argument 'catkin_cmake_args' from command line to 'None'
[0.591s] Level 5:colcon.colcon_core.verb:set package 'term_project' build argument 'catkin_skip_building_tests' from command line to 'False'
[0.591s] DEBUG:colcon.colcon_core.verb:Building package 'term_project' with the following arguments: {'ament_cmake_args': None, 'build_base': '/home/harry/aaa/build/term_project', 'catkin_cmake_args': None, 'catkin_skip_building_tests': False, 'cmake_args': None, 'cmake_clean_cache': False, 'cmake_clean_first': False, 'cmake_force_configure': False, 'cmake_target': None, 'cmake_target_skip_unavailable': False, 'install_base': '/home/harry/aaa/install/term_project', 'merge_install': False, 'path': '/home/harry/aaa/src/term_project', 'symlink_install': False, 'test_result_base': None}
[0.591s] INFO:colcon.colcon_core.executor:Executing jobs using 'parallel' executor
[0.592s] DEBUG:colcon.colcon_parallel_executor.executor.parallel:run_until_complete
[0.592s] INFO:colcon.colcon_ros.task.ament_cmake.build:Building ROS package in '/home/harry/aaa/src/my_custom_interface' with build type 'ament_cmake'
[0.592s] INFO:colcon.colcon_cmake.task.cmake.build:Building CMake package in '/home/harry/aaa/src/my_custom_interface'
[0.596s] INFO:colcon.colcon_core.plugin_system:Skipping extension 'colcon_core.shell.bat': Not used on non-Windows systems
[0.596s] INFO:colcon.colcon_core.shell:Skip shell extension 'powershell' for command environment: Not usable outside of PowerShell
[0.596s] DEBUG:colcon.colcon_core.shell:Skip shell extension 'dsv' for command environment
[0.600s] INFO:colcon.colcon_ros.task.ament_python.build:Building ROS package in '/home/harry/aaa/src/kiosk' with build type 'ament_python'
[0.600s] Level 1:colcon.colcon_core.shell:create_environment_hook('kiosk', 'ament_prefix_path')
[0.600s] INFO:colcon.colcon_core.shell:Creating environment hook '/home/harry/aaa/install/kiosk/share/kiosk/hook/ament_prefix_path.ps1'
[0.601s] INFO:colcon.colcon_core.shell:Creating environment descriptor '/home/harry/aaa/install/kiosk/share/kiosk/hook/ament_prefix_path.dsv'
[0.601s] INFO:colcon.colcon_core.shell:Creating environment hook '/home/harry/aaa/install/kiosk/share/kiosk/hook/ament_prefix_path.sh'
[0.602s] INFO:colcon.colcon_core.shell:Skip shell extension 'powershell' for command environment: Not usable outside of PowerShell
[0.602s] DEBUG:colcon.colcon_core.shell:Skip shell extension 'dsv' for command environment
[0.609s] DEBUG:colcon.colcon_core.event_handler.log_command:Invoking command in '/home/harry/aaa/build/my_custom_interface': CMAKE_PREFIX_PATH=${CMAKE_PREFIX_PATH}:/home/harry/aaa/install/term_project:/home/harry/aaa/install/kiosk:/opt/ros/humble /home/harry/.local/bin/cmake --build /home/harry/aaa/build/my_custom_interface -- -j12 -l12
[0.875s] INFO:colcon.colcon_core.task.python.build:Building Python package in '/home/harry/aaa/src/kiosk'
[0.875s] INFO:colcon.colcon_core.shell:Skip shell extension 'powershell' for command environment: Not usable outside of PowerShell
[0.875s] DEBUG:colcon.colcon_core.shell:Skip shell extension 'dsv' for command environment
[1.062s] DEBUG:colcon.colcon_core.event_handler.log_command:Invoked command in '/home/harry/aaa/build/my_custom_interface' returned '0': CMAKE_PREFIX_PATH=${CMAKE_PREFIX_PATH}:/home/harry/aaa/install/term_project:/home/harry/aaa/install/kiosk:/opt/ros/humble /home/harry/.local/bin/cmake --build /home/harry/aaa/build/my_custom_interface -- -j12 -l12
[1.132s] DEBUG:colcon.colcon_core.event_handler.log_command:Invoking command in '/home/harry/aaa/build/my_custom_interface': CMAKE_PREFIX_PATH=${CMAKE_PREFIX_PATH}:/home/harry/aaa/install/term_project:/home/harry/aaa/install/kiosk:/opt/ros/humble /home/harry/.local/bin/cmake --install /home/harry/aaa/build/my_custom_interface
[1.268s] DEBUG:colcon.colcon_core.event_handler.log_command:Invoking command in '/home/harry/aaa/src/kiosk': PYTHONPATH=/home/harry/aaa/build/kiosk/prefix_override:/usr/lib/python3/dist-packages/colcon_core/task/python/colcon_distutils_commands:/home/harry/aaa/install/kiosk/lib/python3.10/site-packages:${PYTHONPATH} /usr/bin/python3 -W ignore:setup.py install is deprecated -W ignore:easy_install command is deprecated setup.py egg_info --egg-base ../../build/kiosk build --build-base /home/harry/aaa/build/kiosk/build install --record /home/harry/aaa/build/kiosk/install.log --single-version-externally-managed install_data
[1.268s] Level 1:colcon.colcon_core.environment:create_environment_scripts_only(my_custom_interface)
[1.269s] DEBUG:colcon.colcon_core.event_handler.log_command:Invoked command in '/home/harry/aaa/build/my_custom_interface' returned '0': CMAKE_PREFIX_PATH=${CMAKE_PREFIX_PATH}:/home/harry/aaa/install/term_project:/home/harry/aaa/install/kiosk:/opt/ros/humble /home/harry/.local/bin/cmake --install /home/harry/aaa/build/my_custom_interface
[1.274s] Level 1:colcon.colcon_core.environment:checking '/home/harry/aaa/install/my_custom_interface' for CMake module files
[1.274s] Level 1:colcon.colcon_core.environment:checking '/home/harry/aaa/install/my_custom_interface' for CMake config files
[1.275s] Level 1:colcon.colcon_core.shell:create_environment_hook('my_custom_interface', 'cmake_prefix_path')
[1.275s] INFO:colcon.colcon_core.shell:Creating environment hook '/home/harry/aaa/install/my_custom_interface/share/my_custom_interface/hook/cmake_prefix_path.ps1'
[1.275s] INFO:colcon.colcon_core.shell:Creating environment descriptor '/home/harry/aaa/install/my_custom_interface/share/my_custom_interface/hook/cmake_prefix_path.dsv'
[1.275s] INFO:colcon.colcon_core.shell:Creating environment hook '/home/harry/aaa/install/my_custom_interface/share/my_custom_interface/hook/cmake_prefix_path.sh'
[1.276s] Level 1:colcon.colcon_core.environment:checking '/home/harry/aaa/install/my_custom_interface/lib'
[1.276s] Level 1:colcon.colcon_core.shell:create_environment_hook('my_custom_interface', 'ld_library_path_lib')
[1.276s] INFO:colcon.colcon_core.shell:Creating environment hook '/home/harry/aaa/install/my_custom_interface/share/my_custom_interface/hook/ld_library_path_lib.ps1'
[1.277s] INFO:colcon.colcon_core.shell:Creating environment descriptor '/home/harry/aaa/install/my_custom_interface/share/my_custom_interface/hook/ld_library_path_lib.dsv'
[1.277s] INFO:colcon.colcon_core.shell:Creating environment hook '/home/harry/aaa/install/my_custom_interface/share/my_custom_interface/hook/ld_library_path_lib.sh'
[1.277s] Level 1:colcon.colcon_core.environment:checking '/home/harry/aaa/install/my_custom_interface/bin'
[1.277s] Level 1:colcon.colcon_core.environment:checking '/home/harry/aaa/install/my_custom_interface/lib/pkgconfig/my_custom_interface.pc'
[1.277s] Level 1:colcon.colcon_core.environment:checking '/home/harry/aaa/install/my_custom_interface/lib/python3.10/site-packages'
[1.278s] Level 1:colcon.colcon_core.environment:checking '/home/harry/aaa/install/my_custom_interface/bin'
[1.278s] INFO:colcon.colcon_core.shell:Creating package script '/home/harry/aaa/install/my_custom_interface/share/my_custom_interface/package.ps1'
[1.279s] INFO:colcon.colcon_core.shell:Creating package descriptor '/home/harry/aaa/install/my_custom_interface/share/my_custom_interface/package.dsv'
[1.279s] INFO:colcon.colcon_core.shell:Creating package script '/home/harry/aaa/install/my_custom_interface/share/my_custom_interface/package.sh'
[1.280s] INFO:colcon.colcon_core.shell:Creating package script '/home/harry/aaa/install/my_custom_interface/share/my_custom_interface/package.bash'
[1.281s] INFO:colcon.colcon_core.shell:Creating package script '/home/harry/aaa/install/my_custom_interface/share/my_custom_interface/package.zsh'
[1.281s] Level 1:colcon.colcon_core.environment:create_file_with_runtime_dependencies(/home/harry/aaa/install/my_custom_interface/share/colcon-core/packages/my_custom_interface)
[1.282s] Level 1:colcon.colcon_core.environment:create_environment_scripts_only(my_custom_interface)
[1.282s] Level 1:colcon.colcon_core.environment:checking '/home/harry/aaa/install/my_custom_interface' for CMake module files
[1.283s] Level 1:colcon.colcon_core.environment:checking '/home/harry/aaa/install/my_custom_interface' for CMake config files
[1.283s] Level 1:colcon.colcon_core.shell:create_environment_hook('my_custom_interface', 'cmake_prefix_path')
[1.283s] INFO:colcon.colcon_core.shell:Creating environment hook '/home/harry/aaa/install/my_custom_interface/share/my_custom_interface/hook/cmake_prefix_path.ps1'
[1.283s] INFO:colcon.colcon_core.shell:Creating environment descriptor '/home/harry/aaa/install/my_custom_interface/share/my_custom_interface/hook/cmake_prefix_path.dsv'
[1.284s] INFO:colcon.colcon_core.shell:Creating environment hook '/home/harry/aaa/install/my_custom_interface/share/my_custom_interface/hook/cmake_prefix_path.sh'
[1.284s] Level 1:colcon.colcon_core.environment:checking '/home/harry/aaa/install/my_custom_interface/lib'
[1.284s] Level 1:colcon.colcon_core.shell:create_environment_hook('my_custom_interface', 'ld_library_path_lib')
[1.284s] INFO:colcon.colcon_core.shell:Creating environment hook '/home/harry/aaa/install/my_custom_interface/share/my_custom_interface/hook/ld_library_path_lib.ps1'
[1.284s] INFO:colcon.colcon_core.shell:Creating environment descriptor '/home/harry/aaa/install/my_custom_interface/share/my_custom_interface/hook/ld_library_path_lib.dsv'
[1.285s] INFO:colcon.colcon_core.shell:Creating environment hook '/home/harry/aaa/install/my_custom_interface/share/my_custom_interface/hook/ld_library_path_lib.sh'
[1.285s] Level 1:colcon.colcon_core.environment:checking '/home/harry/aaa/install/my_custom_interface/bin'
[1.285s] Level 1:colcon.colcon_core.environment:checking '/home/harry/aaa/install/my_custom_interface/lib/pkgconfig/my_custom_interface.pc'
[1.285s] Level 1:colcon.colcon_core.environment:checking '/home/harry/aaa/install/my_custom_interface/lib/python3.10/site-packages'
[1.285s] Level 1:colcon.colcon_core.environment:checking '/home/harry/aaa/install/my_custom_interface/bin'
[1.286s] INFO:colcon.colcon_core.shell:Creating package script '/home/harry/aaa/install/my_custom_interface/share/my_custom_interface/package.ps1'
[1.286s] INFO:colcon.colcon_core.shell:Creating package descriptor '/home/harry/aaa/install/my_custom_interface/share/my_custom_interface/package.dsv'
[1.286s] INFO:colcon.colcon_core.shell:Creating package script '/home/harry/aaa/install/my_custom_interface/share/my_custom_interface/package.sh'
[1.287s] INFO:colcon.colcon_core.shell:Creating package script '/home/harry/aaa/install/my_custom_interface/share/my_custom_interface/package.bash'
[1.287s] INFO:colcon.colcon_core.shell:Creating package script '/home/harry/aaa/install/my_custom_interface/share/my_custom_interface/package.zsh'
[1.288s] Level 1:colcon.colcon_core.environment:create_file_with_runtime_dependencies(/home/harry/aaa/install/my_custom_interface/share/colcon-core/packages/my_custom_interface)
[1.288s] INFO:colcon.colcon_ros.task.ament_python.build:Building ROS package in '/home/harry/aaa/src/term_project' with build type 'ament_python'
[1.288s] Level 1:colcon.colcon_core.shell:create_environment_hook('term_project', 'ament_prefix_path')
[1.288s] INFO:colcon.colcon_core.shell:Creating environment hook '/home/harry/aaa/install/term_project/share/term_project/hook/ament_prefix_path.ps1'
[1.289s] INFO:colcon.colcon_core.shell:Creating environment descriptor '/home/harry/aaa/install/term_project/share/term_project/hook/ament_prefix_path.dsv'
[1.289s] INFO:colcon.colcon_core.shell:Creating environment hook '/home/harry/aaa/install/term_project/share/term_project/hook/ament_prefix_path.sh'
[1.290s] INFO:colcon.colcon_core.shell:Skip shell extension 'powershell' for command environment: Not usable outside of PowerShell
[1.290s] DEBUG:colcon.colcon_core.shell:Skip shell extension 'dsv' for command environment
[1.555s] INFO:colcon.colcon_core.task.python.build:Building Python package in '/home/harry/aaa/src/term_project'
[1.555s] INFO:colcon.colcon_core.shell:Skip shell extension 'powershell' for command environment: Not usable outside of PowerShell
[1.555s] DEBUG:colcon.colcon_core.shell:Skip shell extension 'dsv' for command environment
[1.565s] Level 1:colcon.colcon_core.environment:checking '/home/harry/aaa/install/kiosk' for CMake module files
[1.566s] DEBUG:colcon.colcon_core.event_handler.log_command:Invoked command in '/home/harry/aaa/src/kiosk' returned '0': PYTHONPATH=/home/harry/aaa/build/kiosk/prefix_override:/usr/lib/python3/dist-packages/colcon_core/task/python/colcon_distutils_commands:/home/harry/aaa/install/kiosk/lib/python3.10/site-packages:${PYTHONPATH} /usr/bin/python3 -W ignore:setup.py install is deprecated -W ignore:easy_install command is deprecated setup.py egg_info --egg-base ../../build/kiosk build --build-base /home/harry/aaa/build/kiosk/build install --record /home/harry/aaa/build/kiosk/install.log --single-version-externally-managed install_data
[1.566s] Level 1:colcon.colcon_core.environment:checking '/home/harry/aaa/install/kiosk' for CMake config files
[1.567s] Level 1:colcon.colcon_core.environment:checking '/home/harry/aaa/install/kiosk/lib'
[1.567s] Level 1:colcon.colcon_core.environment:checking '/home/harry/aaa/install/kiosk/bin'
[1.567s] Level 1:colcon.colcon_core.environment:checking '/home/harry/aaa/install/kiosk/lib/pkgconfig/kiosk.pc'
[1.567s] Level 1:colcon.colcon_core.environment:checking '/home/harry/aaa/install/kiosk/lib/python3.10/site-packages'
[1.567s] Level 1:colcon.colcon_core.shell:create_environment_hook('kiosk', 'pythonpath')
[1.567s] INFO:colcon.colcon_core.shell:Creating environment hook '/home/harry/aaa/install/kiosk/share/kiosk/hook/pythonpath.ps1'
[1.568s] INFO:colcon.colcon_core.shell:Creating environment descriptor '/home/harry/aaa/install/kiosk/share/kiosk/hook/pythonpath.dsv'
[1.568s] INFO:colcon.colcon_core.shell:Creating environment hook '/home/harry/aaa/install/kiosk/share/kiosk/hook/pythonpath.sh'
[1.568s] Level 1:colcon.colcon_core.environment:checking '/home/harry/aaa/install/kiosk/bin'
[1.568s] Level 1:colcon.colcon_core.environment:create_environment_scripts_only(kiosk)
[1.569s] INFO:colcon.colcon_core.shell:Creating package script '/home/harry/aaa/install/kiosk/share/kiosk/package.ps1'
[1.569s] INFO:colcon.colcon_core.shell:Creating package descriptor '/home/harry/aaa/install/kiosk/share/kiosk/package.dsv'
[1.569s] INFO:colcon.colcon_core.shell:Creating package script '/home/harry/aaa/install/kiosk/share/kiosk/package.sh'
[1.570s] INFO:colcon.colcon_core.shell:Creating package script '/home/harry/aaa/install/kiosk/share/kiosk/package.bash'
[1.570s] INFO:colcon.colcon_core.shell:Creating package script '/home/harry/aaa/install/kiosk/share/kiosk/package.zsh'
[1.570s] Level 1:colcon.colcon_core.environment:create_file_with_runtime_dependencies(/home/harry/aaa/install/kiosk/share/colcon-core/packages/kiosk)
[1.886s] DEBUG:colcon.colcon_core.event_handler.log_command:Invoking command in '/home/harry/aaa/src/term_project': PYTHONPATH=/home/harry/aaa/build/term_project/prefix_override:/usr/lib/python3/dist-packages/colcon_core/task/python/colcon_distutils_commands:/home/harry/aaa/install/term_project/lib/python3.10/site-packages:${PYTHONPATH} /usr/bin/python3 -W ignore:setup.py install is deprecated -W ignore:easy_install command is deprecated setup.py egg_info --egg-base ../../build/term_project build --build-base /home/harry/aaa/build/term_project/build install --record /home/harry/aaa/build/term_project/install.log --single-version-externally-managed install_data
[2.168s] Level 1:colcon.colcon_core.environment:checking '/home/harry/aaa/install/term_project' for CMake module files
[2.168s] DEBUG:colcon.colcon_core.event_handler.log_command:Invoked command in '/home/harry/aaa/src/term_project' returned '0': PYTHONPATH=/home/harry/aaa/build/term_project/prefix_override:/usr/lib/python3/dist-packages/colcon_core/task/python/colcon_distutils_commands:/home/harry/aaa/install/term_project/lib/python3.10/site-packages:${PYTHONPATH} /usr/bin/python3 -W ignore:setup.py install is deprecated -W ignore:easy_install command is deprecated setup.py egg_info --egg-base ../../build/term_project build --build-base /home/harry/aaa/build/term_project/build install --record /home/harry/aaa/build/term_project/install.log --single-version-externally-managed install_data
[2.168s] Level 1:colcon.colcon_core.environment:checking '/home/harry/aaa/install/term_project' for CMake config files
[2.169s] Level 1:colcon.colcon_core.environment:checking '/home/harry/aaa/install/term_project/lib'
[2.169s] Level 1:colcon.colcon_core.environment:checking '/home/harry/aaa/install/term_project/bin'
[2.169s] Level 1:colcon.colcon_core.environment:checking '/home/harry/aaa/install/term_project/lib/pkgconfig/term_project.pc'
[2.169s] Level 1:colcon.colcon_core.environment:checking '/home/harry/aaa/install/term_project/lib/python3.10/site-packages'
[2.169s] Level 1:colcon.colcon_core.shell:create_environment_hook('term_project', 'pythonpath')
[2.169s] INFO:colcon.colcon_core.shell:Creating environment hook '/home/harry/aaa/install/term_project/share/term_project/hook/pythonpath.ps1'
[2.170s] INFO:colcon.colcon_core.shell:Creating environment descriptor '/home/harry/aaa/install/term_project/share/term_project/hook/pythonpath.dsv'
[2.170s] INFO:colcon.colcon_core.shell:Creating environment hook '/home/harry/aaa/install/term_project/share/term_project/hook/pythonpath.sh'
[2.170s] Level 1:colcon.colcon_core.environment:checking '/home/harry/aaa/install/term_project/bin'
[2.170s] Level 1:colcon.colcon_core.environment:create_environment_scripts_only(term_project)
[2.171s] INFO:colcon.colcon_core.shell:Creating package script '/home/harry/aaa/install/term_project/share/term_project/package.ps1'
[2.171s] INFO:colcon.colcon_core.shell:Creating package descriptor '/home/harry/aaa/install/term_project/share/term_project/package.dsv'
[2.171s] INFO:colcon.colcon_core.shell:Creating package script '/home/harry/aaa/install/term_project/share/term_project/package.sh'
[2.172s] INFO:colcon.colcon_core.shell:Creating package script '/home/harry/aaa/install/term_project/share/term_project/package.bash'
[2.172s] INFO:colcon.colcon_core.shell:Creating package script '/home/harry/aaa/install/term_project/share/term_project/package.zsh'
[2.172s] Level 1:colcon.colcon_core.environment:create_file_with_runtime_dependencies(/home/harry/aaa/install/term_project/share/colcon-core/packages/term_project)
[2.173s] DEBUG:colcon.colcon_parallel_executor.executor.parallel:closing loop
[2.173s] DEBUG:colcon.colcon_parallel_executor.executor.parallel:loop closed
[2.173s] DEBUG:colcon.colcon_parallel_executor.executor.parallel:run_until_complete finished with '0'
[2.173s] DEBUG:colcon.colcon_core.event_reactor:joining thread
[2.182s] INFO:colcon.colcon_core.plugin_system:Skipping extension 'colcon_notification.desktop_notification.terminal_notifier': Not used on non-Darwin systems
[2.182s] INFO:colcon.colcon_core.plugin_system:Skipping extension 'colcon_notification.desktop_notification.win32': Not used on non-Windows systems
[2.182s] INFO:colcon.colcon_notification.desktop_notification:Sending desktop notification using 'notify2'
[2.192s] DEBUG:colcon.colcon_core.event_reactor:joined thread
[2.192s] INFO:colcon.colcon_core.shell:Creating prefix script '/home/harry/aaa/install/local_setup.ps1'
[2.193s] INFO:colcon.colcon_core.shell:Creating prefix util module '/home/harry/aaa/install/_local_setup_util_ps1.py'
[2.194s] INFO:colcon.colcon_core.shell:Creating prefix chain script '/home/harry/aaa/install/setup.ps1'
[2.195s] INFO:colcon.colcon_core.shell:Creating prefix script '/home/harry/aaa/install/local_setup.sh'
[2.196s] INFO:colcon.colcon_core.shell:Creating prefix util module '/home/harry/aaa/install/_local_setup_util_sh.py'
[2.197s] INFO:colcon.colcon_core.shell:Creating prefix chain script '/home/harry/aaa/install/setup.sh'
[2.198s] INFO:colcon.colcon_core.shell:Creating prefix script '/home/harry/aaa/install/local_setup.bash'
[2.198s] INFO:colcon.colcon_core.shell:Creating prefix chain script '/home/harry/aaa/install/setup.bash'
[2.199s] INFO:colcon.colcon_core.shell:Creating prefix script '/home/harry/aaa/install/local_setup.zsh'
[2.200s] INFO:colcon.colcon_core.shell:Creating prefix chain script '/home/harry/aaa/install/setup.zsh'
